<<<<<<< Updated upstream
This is pdfTeX, Version 3.14159265-2.6-1.40.15 (TeX Live 2014) (preloaded format=pdflatex 2014.6.29)  12 APR 2015 17:21
entering extended mode
 restricted \write18 enabled.
 file:line:error style messages enabled.
 %&-line parsing enabled.
**PianoDiProgetto_v.1.0.tex
(./PianoDiProgetto_v.1.0.tex
LaTeX2e <2014/05/01>
Babel <3.9k> and hyphenation patterns for 78 languages loaded.
(/usr/local/texlive/2014/texmf-dist/tex/latex/base/article.cls
Document Class: article 2007/10/19 v1.4h Standard LaTeX document class
(/usr/local/texlive/2014/texmf-dist/tex/latex/base/size12.clo
=======
This is pdfTeX, Version 3.1415926-2.5-1.40.14 (MiKTeX 2.9 64-bit) (preloaded format=pdflatex 2015.3.2)  12 APR 2015 17:51
entering extended mode
**PianoDiProgetto_v.1.0.tex

("E:\Docs\Università\Mega Fiup\3° Anno\SWE\SmartGit\RR\Esterni\Piano di Proge
tto\PianoDiProgetto_v.1.0.tex"
LaTeX2e <2011/06/27>
Babel <v3.8m> and hyphenation patterns for english, afrikaans, ancientgreek, ar
abic, armenian, assamese, basque, bengali, bokmal, bulgarian, catalan, coptic, 
croatian, czech, danish, dutch, esperanto, estonian, farsi, finnish, french, ga
lician, german, german-x-2013-05-26, greek, gujarati, hindi, hungarian, iceland
ic, indonesian, interlingua, irish, italian, kannada, kurmanji, latin, latvian,
 lithuanian, malayalam, marathi, mongolian, mongolianlmc, monogreek, ngerman, n
german-x-2013-05-26, nynorsk, oriya, panjabi, pinyin, polish, portuguese, roman
ian, russian, sanskrit, serbian, slovak, slovenian, spanish, swedish, swissgerm
an, tamil, telugu, turkish, turkmen, ukenglish, ukrainian, uppersorbian, usengl
ishmax, welsh, loaded.
("C:\Program Files\MiKTeX 2.9\tex\latex\base\article.cls"
Document Class: article 2007/10/19 v1.4h Standard LaTeX document class
("C:\Program Files\MiKTeX 2.9\tex\latex\base\size12.clo"
>>>>>>> Stashed changes
File: size12.clo 2007/10/19 v1.4h Standard LaTeX file (size option)
)
\c@part=\count79
\c@section=\count80
\c@subsection=\count81
\c@subsubsection=\count82
\c@paragraph=\count83
\c@subparagraph=\count84
\c@figure=\count85
\c@table=\count86
\abovecaptionskip=\skip41
\belowcaptionskip=\skip42
\bibindent=\dimen102
)
<<<<<<< Updated upstream
(../Template/format.sty
(/usr/local/texlive/2014/texmf-dist/tex/latex/base/inputenc.sty
Package: inputenc 2014/04/30 v1.2b Input encoding file
\inpenc@prehook=\toks14
\inpenc@posthook=\toks15

(/usr/local/texlive/2014/texmf-dist/tex/latex/base/utf8.def
=======
("E:\Docs\Università\Mega Fiup\3° Anno\SWE\SmartGit\RR\Template\format.sty"
("C:\Program Files\MiKTeX 2.9\tex\latex\base\inputenc.sty"
Package: inputenc 2008/03/30 v1.1d Input encoding file
\inpenc@prehook=\toks14
\inpenc@posthook=\toks15

("C:\Program Files\MiKTeX 2.9\tex\latex\base\utf8.def"
>>>>>>> Stashed changes
File: utf8.def 2008/04/05 v1.1m UTF-8 support for inputenc
Now handling font encoding OML ...
... no UTF-8 mapping file for font encoding OML
Now handling font encoding T1 ...
... processing UTF-8 mapping file for font encoding T1

<<<<<<< Updated upstream
(/usr/local/texlive/2014/texmf-dist/tex/latex/base/t1enc.dfu
=======
("C:\Program Files\MiKTeX 2.9\tex\latex\base\t1enc.dfu"
>>>>>>> Stashed changes
File: t1enc.dfu 2008/04/05 v1.1m UTF-8 support for inputenc
   defining Unicode char U+00A1 (decimal 161)
   defining Unicode char U+00A3 (decimal 163)
   defining Unicode char U+00AB (decimal 171)
   defining Unicode char U+00BB (decimal 187)
   defining Unicode char U+00BF (decimal 191)
   defining Unicode char U+00C0 (decimal 192)
   defining Unicode char U+00C1 (decimal 193)
   defining Unicode char U+00C2 (decimal 194)
   defining Unicode char U+00C3 (decimal 195)
   defining Unicode char U+00C4 (decimal 196)
   defining Unicode char U+00C5 (decimal 197)
   defining Unicode char U+00C6 (decimal 198)
   defining Unicode char U+00C7 (decimal 199)
   defining Unicode char U+00C8 (decimal 200)
   defining Unicode char U+00C9 (decimal 201)
   defining Unicode char U+00CA (decimal 202)
   defining Unicode char U+00CB (decimal 203)
   defining Unicode char U+00CC (decimal 204)
   defining Unicode char U+00CD (decimal 205)
   defining Unicode char U+00CE (decimal 206)
   defining Unicode char U+00CF (decimal 207)
   defining Unicode char U+00D0 (decimal 208)
   defining Unicode char U+00D1 (decimal 209)
   defining Unicode char U+00D2 (decimal 210)
   defining Unicode char U+00D3 (decimal 211)
   defining Unicode char U+00D4 (decimal 212)
   defining Unicode char U+00D5 (decimal 213)
   defining Unicode char U+00D6 (decimal 214)
   defining Unicode char U+00D8 (decimal 216)
   defining Unicode char U+00D9 (decimal 217)
   defining Unicode char U+00DA (decimal 218)
   defining Unicode char U+00DB (decimal 219)
   defining Unicode char U+00DC (decimal 220)
   defining Unicode char U+00DD (decimal 221)
   defining Unicode char U+00DE (decimal 222)
   defining Unicode char U+00DF (decimal 223)
   defining Unicode char U+00E0 (decimal 224)
   defining Unicode char U+00E1 (decimal 225)
   defining Unicode char U+00E2 (decimal 226)
   defining Unicode char U+00E3 (decimal 227)
   defining Unicode char U+00E4 (decimal 228)
   defining Unicode char U+00E5 (decimal 229)
   defining Unicode char U+00E6 (decimal 230)
   defining Unicode char U+00E7 (decimal 231)
   defining Unicode char U+00E8 (decimal 232)
   defining Unicode char U+00E9 (decimal 233)
   defining Unicode char U+00EA (decimal 234)
   defining Unicode char U+00EB (decimal 235)
   defining Unicode char U+00EC (decimal 236)
   defining Unicode char U+00ED (decimal 237)
   defining Unicode char U+00EE (decimal 238)
   defining Unicode char U+00EF (decimal 239)
   defining Unicode char U+00F0 (decimal 240)
   defining Unicode char U+00F1 (decimal 241)
   defining Unicode char U+00F2 (decimal 242)
   defining Unicode char U+00F3 (decimal 243)
   defining Unicode char U+00F4 (decimal 244)
   defining Unicode char U+00F5 (decimal 245)
   defining Unicode char U+00F6 (decimal 246)
   defining Unicode char U+00F8 (decimal 248)
   defining Unicode char U+00F9 (decimal 249)
   defining Unicode char U+00FA (decimal 250)
   defining Unicode char U+00FB (decimal 251)
   defining Unicode char U+00FC (decimal 252)
   defining Unicode char U+00FD (decimal 253)
   defining Unicode char U+00FE (decimal 254)
   defining Unicode char U+00FF (decimal 255)
   defining Unicode char U+0102 (decimal 258)
   defining Unicode char U+0103 (decimal 259)
   defining Unicode char U+0104 (decimal 260)
   defining Unicode char U+0105 (decimal 261)
   defining Unicode char U+0106 (decimal 262)
   defining Unicode char U+0107 (decimal 263)
   defining Unicode char U+010C (decimal 268)
   defining Unicode char U+010D (decimal 269)
   defining Unicode char U+010E (decimal 270)
   defining Unicode char U+010F (decimal 271)
   defining Unicode char U+0110 (decimal 272)
   defining Unicode char U+0111 (decimal 273)
   defining Unicode char U+0118 (decimal 280)
   defining Unicode char U+0119 (decimal 281)
   defining Unicode char U+011A (decimal 282)
   defining Unicode char U+011B (decimal 283)
   defining Unicode char U+011E (decimal 286)
   defining Unicode char U+011F (decimal 287)
   defining Unicode char U+0130 (decimal 304)
   defining Unicode char U+0131 (decimal 305)
   defining Unicode char U+0132 (decimal 306)
   defining Unicode char U+0133 (decimal 307)
   defining Unicode char U+0139 (decimal 313)
   defining Unicode char U+013A (decimal 314)
   defining Unicode char U+013D (decimal 317)
   defining Unicode char U+013E (decimal 318)
   defining Unicode char U+0141 (decimal 321)
   defining Unicode char U+0142 (decimal 322)
   defining Unicode char U+0143 (decimal 323)
   defining Unicode char U+0144 (decimal 324)
   defining Unicode char U+0147 (decimal 327)
   defining Unicode char U+0148 (decimal 328)
   defining Unicode char U+014A (decimal 330)
   defining Unicode char U+014B (decimal 331)
   defining Unicode char U+0150 (decimal 336)
   defining Unicode char U+0151 (decimal 337)
   defining Unicode char U+0152 (decimal 338)
   defining Unicode char U+0153 (decimal 339)
   defining Unicode char U+0154 (decimal 340)
   defining Unicode char U+0155 (decimal 341)
   defining Unicode char U+0158 (decimal 344)
   defining Unicode char U+0159 (decimal 345)
   defining Unicode char U+015A (decimal 346)
   defining Unicode char U+015B (decimal 347)
   defining Unicode char U+015E (decimal 350)
   defining Unicode char U+015F (decimal 351)
   defining Unicode char U+0160 (decimal 352)
   defining Unicode char U+0161 (decimal 353)
   defining Unicode char U+0162 (decimal 354)
   defining Unicode char U+0163 (decimal 355)
   defining Unicode char U+0164 (decimal 356)
   defining Unicode char U+0165 (decimal 357)
   defining Unicode char U+016E (decimal 366)
   defining Unicode char U+016F (decimal 367)
   defining Unicode char U+0170 (decimal 368)
   defining Unicode char U+0171 (decimal 369)
   defining Unicode char U+0178 (decimal 376)
   defining Unicode char U+0179 (decimal 377)
   defining Unicode char U+017A (decimal 378)
   defining Unicode char U+017B (decimal 379)
   defining Unicode char U+017C (decimal 380)
   defining Unicode char U+017D (decimal 381)
   defining Unicode char U+017E (decimal 382)
   defining Unicode char U+200C (decimal 8204)
   defining Unicode char U+2013 (decimal 8211)
   defining Unicode char U+2014 (decimal 8212)
   defining Unicode char U+2018 (decimal 8216)
   defining Unicode char U+2019 (decimal 8217)
   defining Unicode char U+201A (decimal 8218)
   defining Unicode char U+201C (decimal 8220)
   defining Unicode char U+201D (decimal 8221)
   defining Unicode char U+201E (decimal 8222)
   defining Unicode char U+2030 (decimal 8240)
   defining Unicode char U+2031 (decimal 8241)
   defining Unicode char U+2039 (decimal 8249)
   defining Unicode char U+203A (decimal 8250)
   defining Unicode char U+2423 (decimal 9251)
)
Now handling font encoding OT1 ...
... processing UTF-8 mapping file for font encoding OT1

<<<<<<< Updated upstream
(/usr/local/texlive/2014/texmf-dist/tex/latex/base/ot1enc.dfu
=======
("C:\Program Files\MiKTeX 2.9\tex\latex\base\ot1enc.dfu"
>>>>>>> Stashed changes
File: ot1enc.dfu 2008/04/05 v1.1m UTF-8 support for inputenc
   defining Unicode char U+00A1 (decimal 161)
   defining Unicode char U+00A3 (decimal 163)
   defining Unicode char U+00B8 (decimal 184)
   defining Unicode char U+00BF (decimal 191)
   defining Unicode char U+00C5 (decimal 197)
   defining Unicode char U+00C6 (decimal 198)
   defining Unicode char U+00D8 (decimal 216)
   defining Unicode char U+00DF (decimal 223)
   defining Unicode char U+00E6 (decimal 230)
   defining Unicode char U+00EC (decimal 236)
   defining Unicode char U+00ED (decimal 237)
   defining Unicode char U+00EE (decimal 238)
   defining Unicode char U+00EF (decimal 239)
   defining Unicode char U+00F8 (decimal 248)
   defining Unicode char U+0131 (decimal 305)
   defining Unicode char U+0141 (decimal 321)
   defining Unicode char U+0142 (decimal 322)
   defining Unicode char U+0152 (decimal 338)
   defining Unicode char U+0153 (decimal 339)
   defining Unicode char U+2013 (decimal 8211)
   defining Unicode char U+2014 (decimal 8212)
   defining Unicode char U+2018 (decimal 8216)
   defining Unicode char U+2019 (decimal 8217)
   defining Unicode char U+201C (decimal 8220)
   defining Unicode char U+201D (decimal 8221)
)
Now handling font encoding OMS ...
... processing UTF-8 mapping file for font encoding OMS

<<<<<<< Updated upstream
(/usr/local/texlive/2014/texmf-dist/tex/latex/base/omsenc.dfu
=======
("C:\Program Files\MiKTeX 2.9\tex\latex\base\omsenc.dfu"
>>>>>>> Stashed changes
File: omsenc.dfu 2008/04/05 v1.1m UTF-8 support for inputenc
   defining Unicode char U+00A7 (decimal 167)
   defining Unicode char U+00B6 (decimal 182)
   defining Unicode char U+00B7 (decimal 183)
   defining Unicode char U+2020 (decimal 8224)
   defining Unicode char U+2021 (decimal 8225)
   defining Unicode char U+2022 (decimal 8226)
)
Now handling font encoding OMX ...
... no UTF-8 mapping file for font encoding OMX
Now handling font encoding U ...
... no UTF-8 mapping file for font encoding U
   defining Unicode char U+00A9 (decimal 169)
   defining Unicode char U+00AA (decimal 170)
   defining Unicode char U+00AE (decimal 174)
   defining Unicode char U+00BA (decimal 186)
   defining Unicode char U+02C6 (decimal 710)
   defining Unicode char U+02DC (decimal 732)
   defining Unicode char U+200C (decimal 8204)
   defining Unicode char U+2026 (decimal 8230)
   defining Unicode char U+2122 (decimal 8482)
   defining Unicode char U+2423 (decimal 9251)
))
<<<<<<< Updated upstream
(/usr/local/texlive/2014/texmf-dist/tex/latex/geometry/geometry.sty
Package: geometry 2010/09/12 v5.6 Page Geometry

(/usr/local/texlive/2014/texmf-dist/tex/latex/graphics/keyval.sty
Package: keyval 2014/05/08 v1.15 key=value parser (DPC)
\KV@toks@=\toks16
)
(/usr/local/texlive/2014/texmf-dist/tex/generic/oberdiek/ifpdf.sty
Package: ifpdf 2011/01/30 v2.3 Provides the ifpdf switch (HO)
Package ifpdf Info: pdfTeX in PDF mode is detected.
)
(/usr/local/texlive/2014/texmf-dist/tex/generic/oberdiek/ifvtex.sty
Package: ifvtex 2010/03/01 v1.5 Detect VTeX and its facilities (HO)
Package ifvtex Info: VTeX not detected.
)
(/usr/local/texlive/2014/texmf-dist/tex/generic/ifxetex/ifxetex.sty
=======
("C:\Program Files\MiKTeX 2.9\tex\latex\geometry\geometry.sty"
Package: geometry 2010/09/12 v5.6 Page Geometry

("C:\Program Files\MiKTeX 2.9\tex\latex\graphics\keyval.sty"
Package: keyval 1999/03/16 v1.13 key=value parser (DPC)
\KV@toks@=\toks16
)
("C:\Program Files\MiKTeX 2.9\tex\generic\oberdiek\ifpdf.sty"
Package: ifpdf 2011/01/30 v2.3 Provides the ifpdf switch (HO)
Package ifpdf Info: pdfTeX in PDF mode is detected.
)
("C:\Program Files\MiKTeX 2.9\tex\generic\oberdiek\ifvtex.sty"
Package: ifvtex 2010/03/01 v1.5 Detect VTeX and its facilities (HO)
Package ifvtex Info: VTeX not detected.
)
("C:\Program Files\MiKTeX 2.9\tex\generic\ifxetex\ifxetex.sty"
>>>>>>> Stashed changes
Package: ifxetex 2010/09/12 v0.6 Provides ifxetex conditional
)
\Gm@cnth=\count87
\Gm@cntv=\count88
\c@Gm@tempcnt=\count89
\Gm@bindingoffset=\dimen103
\Gm@wd@mp=\dimen104
\Gm@odd@mp=\dimen105
\Gm@even@mp=\dimen106
\Gm@layoutwidth=\dimen107
\Gm@layoutheight=\dimen108
\Gm@layouthoffset=\dimen109
\Gm@layoutvoffset=\dimen110
\Gm@dimlist=\toks17
<<<<<<< Updated upstream
)
(/usr/local/texlive/2014/texmf-dist/tex/generic/babel/babel.sty
Package: babel 2014/03/24 3.9k The Babel package

(/usr/local/texlive/2014/texmf-dist/tex/generic/babel-italian/italian.ldf
Language: italian 2014/03/29 v1.3k Italian support from the babel system

(/usr/local/texlive/2014/texmf-dist/tex/generic/babel/babel.def
File: babel.def 2014/03/24 3.9k Babel common definitions
\babel@savecnt=\count90
\U@D=\dimen111
)
\it@lettering=\count91
\it@doublequoteactive=\count92
\it@ISOcompliance=\count93
\Virgola=\count94
))
(/usr/local/texlive/2014/texmf-dist/tex/latex/etoolbox/etoolbox.sty
Package: etoolbox 2011/01/03 v2.1 e-TeX tools for LaTeX

(/usr/local/texlive/2014/texmf-dist/tex/latex/etex-pkg/etex.sty
Package: etex 1998/03/26 v2.0 eTeX basic definition package (PEB)
\et@xins=\count95
)
\etb@tempcnta=\count96
)
(/usr/local/texlive/2014/texmf-dist/tex/latex/csquotes/csquotes.sty
Package: csquotes 2011/10/22 v5.1d context-sensitive quotations
\csq@reset=\count97
\csq@gtype=\count98
\csq@glevel=\count99
\csq@qlevel=\count100
\csq@maxlvl=\count101
\csq@tshold=\count102
\csq@ltx@everypar=\toks18

(/usr/local/texlive/2014/texmf-dist/tex/latex/csquotes/csquotes.def
=======

("C:\Program Files\MiKTeX 2.9\tex\latex\geometry\geometry.cfg"))
("C:\Program Files\MiKTeX 2.9\tex\generic\babel\babel.sty"
Package: babel 2008/07/08 v3.8m The Babel package

*************************************
* Local config file bblopts.cfg used
*
("C:\Program Files\MiKTeX 2.9\tex\latex\00miktex\bblopts.cfg"
File: bblopts.cfg 2006/07/31 v1.0 MiKTeX 'babel' configuration
)
("C:\Program Files\MiKTeX 2.9\tex\generic\babel\italian.ldf"
Language: italian 2008/03/14 v1.2t Italian support from the babel system

("C:\Program Files\MiKTeX 2.9\tex\generic\babel\babel.def"
File: babel.def 2008/07/08 v3.8m Babel common definitions
\babel@savecnt=\count90
\U@D=\dimen111
)
Package babel Info: Making " an active character on input line 94.
Now handling font encoding LGR ...
... processing UTF-8 mapping file for font encoding LGR

("C:\Program Files\MiKTeX 2.9\tex\latex\greek-inputenc\lgrenc.dfu"
File: lgrenc.dfu 2013/07/18 1.4.1 UTF-8 support for Greek
   defining Unicode char U+00A8 (decimal 168)
   defining Unicode char U+00AB (decimal 171)
   defining Unicode char U+00AF (decimal 175)
   defining Unicode char U+00B4 (decimal 180)
   defining Unicode char U+00B7 (decimal 183)
   defining Unicode char U+00BB (decimal 187)
   defining Unicode char U+0259 (decimal 601)
   defining Unicode char U+02D8 (decimal 728)
   defining Unicode char U+200C (decimal 8204)
   defining Unicode char U+2013 (decimal 8211)
   defining Unicode char U+2014 (decimal 8212)
   defining Unicode char U+2018 (decimal 8216)
   defining Unicode char U+2019 (decimal 8217)
   defining Unicode char U+201A (decimal 8218)
   defining Unicode char U+2030 (decimal 8240)
   defining Unicode char U+2039 (decimal 8249)
   defining Unicode char U+203A (decimal 8250)
   defining Unicode char U+20AC (decimal 8364)
   defining Unicode char U+0374 (decimal 884)
   defining Unicode char U+0375 (decimal 885)
   defining Unicode char U+037A (decimal 890)
   defining Unicode char U+037E (decimal 894)
   defining Unicode char U+0384 (decimal 900)
   defining Unicode char U+0385 (decimal 901)
   defining Unicode char U+0386 (decimal 902)
   defining Unicode char U+0387 (decimal 903)
   defining Unicode char U+0388 (decimal 904)
   defining Unicode char U+0389 (decimal 905)
   defining Unicode char U+038A (decimal 906)
   defining Unicode char U+038C (decimal 908)
   defining Unicode char U+038E (decimal 910)
   defining Unicode char U+038F (decimal 911)
   defining Unicode char U+0390 (decimal 912)
   defining Unicode char U+0391 (decimal 913)
   defining Unicode char U+0392 (decimal 914)
   defining Unicode char U+0393 (decimal 915)
   defining Unicode char U+0394 (decimal 916)
   defining Unicode char U+0395 (decimal 917)
   defining Unicode char U+0396 (decimal 918)
   defining Unicode char U+0397 (decimal 919)
   defining Unicode char U+0398 (decimal 920)
   defining Unicode char U+0399 (decimal 921)
   defining Unicode char U+039A (decimal 922)
   defining Unicode char U+039B (decimal 923)
   defining Unicode char U+039C (decimal 924)
   defining Unicode char U+039D (decimal 925)
   defining Unicode char U+039E (decimal 926)
   defining Unicode char U+039F (decimal 927)
   defining Unicode char U+03A0 (decimal 928)
   defining Unicode char U+03A1 (decimal 929)
   defining Unicode char U+03A3 (decimal 931)
   defining Unicode char U+03A4 (decimal 932)
   defining Unicode char U+03A5 (decimal 933)
   defining Unicode char U+03A6 (decimal 934)
   defining Unicode char U+03A7 (decimal 935)
   defining Unicode char U+03A8 (decimal 936)
   defining Unicode char U+03A9 (decimal 937)
   defining Unicode char U+03AA (decimal 938)
   defining Unicode char U+03AB (decimal 939)
   defining Unicode char U+03AC (decimal 940)
   defining Unicode char U+03AD (decimal 941)
   defining Unicode char U+03AE (decimal 942)
   defining Unicode char U+03AF (decimal 943)
   defining Unicode char U+03B0 (decimal 944)
   defining Unicode char U+03B1 (decimal 945)
   defining Unicode char U+03B2 (decimal 946)
   defining Unicode char U+03B3 (decimal 947)
   defining Unicode char U+03B4 (decimal 948)
   defining Unicode char U+03B5 (decimal 949)
   defining Unicode char U+03B6 (decimal 950)
   defining Unicode char U+03B7 (decimal 951)
   defining Unicode char U+03B8 (decimal 952)
   defining Unicode char U+03B9 (decimal 953)
   defining Unicode char U+03BA (decimal 954)
   defining Unicode char U+03BB (decimal 955)
   defining Unicode char U+03BC (decimal 956)
   defining Unicode char U+03BD (decimal 957)
   defining Unicode char U+03BE (decimal 958)
   defining Unicode char U+03BF (decimal 959)
   defining Unicode char U+03C0 (decimal 960)
   defining Unicode char U+03C1 (decimal 961)
   defining Unicode char U+03C2 (decimal 962)
   defining Unicode char U+03C3 (decimal 963)
   defining Unicode char U+03C4 (decimal 964)
   defining Unicode char U+03C5 (decimal 965)
   defining Unicode char U+03C6 (decimal 966)
   defining Unicode char U+03C7 (decimal 967)
   defining Unicode char U+03C8 (decimal 968)
   defining Unicode char U+03C9 (decimal 969)
   defining Unicode char U+03CA (decimal 970)
   defining Unicode char U+03CB (decimal 971)
   defining Unicode char U+03CC (decimal 972)
   defining Unicode char U+03CD (decimal 973)
   defining Unicode char U+03CE (decimal 974)
   defining Unicode char U+03D8 (decimal 984)
   defining Unicode char U+03D9 (decimal 985)
   defining Unicode char U+03DA (decimal 986)
   defining Unicode char U+03DB (decimal 987)
   defining Unicode char U+03DC (decimal 988)
   defining Unicode char U+03DD (decimal 989)
   defining Unicode char U+03DF (decimal 991)
   defining Unicode char U+03E0 (decimal 992)
   defining Unicode char U+03E1 (decimal 993)
   defining Unicode char U+1F00 (decimal 7936)
   defining Unicode char U+1F01 (decimal 7937)
   defining Unicode char U+1F02 (decimal 7938)
   defining Unicode char U+1F03 (decimal 7939)
   defining Unicode char U+1F04 (decimal 7940)
   defining Unicode char U+1F05 (decimal 7941)
   defining Unicode char U+1F06 (decimal 7942)
   defining Unicode char U+1F07 (decimal 7943)
   defining Unicode char U+1F08 (decimal 7944)
   defining Unicode char U+1F09 (decimal 7945)
   defining Unicode char U+1F0A (decimal 7946)
   defining Unicode char U+1F0B (decimal 7947)
   defining Unicode char U+1F0C (decimal 7948)
   defining Unicode char U+1F0D (decimal 7949)
   defining Unicode char U+1F0E (decimal 7950)
   defining Unicode char U+1F0F (decimal 7951)
   defining Unicode char U+1F10 (decimal 7952)
   defining Unicode char U+1F11 (decimal 7953)
   defining Unicode char U+1F12 (decimal 7954)
   defining Unicode char U+1F13 (decimal 7955)
   defining Unicode char U+1F14 (decimal 7956)
   defining Unicode char U+1F15 (decimal 7957)
   defining Unicode char U+1F18 (decimal 7960)
   defining Unicode char U+1F19 (decimal 7961)
   defining Unicode char U+1F1A (decimal 7962)
   defining Unicode char U+1F1B (decimal 7963)
   defining Unicode char U+1F1C (decimal 7964)
   defining Unicode char U+1F1D (decimal 7965)
   defining Unicode char U+1F20 (decimal 7968)
   defining Unicode char U+1F21 (decimal 7969)
   defining Unicode char U+1F22 (decimal 7970)
   defining Unicode char U+1F23 (decimal 7971)
   defining Unicode char U+1F24 (decimal 7972)
   defining Unicode char U+1F25 (decimal 7973)
   defining Unicode char U+1F26 (decimal 7974)
   defining Unicode char U+1F27 (decimal 7975)
   defining Unicode char U+1F28 (decimal 7976)
   defining Unicode char U+1F29 (decimal 7977)
   defining Unicode char U+1F2A (decimal 7978)
   defining Unicode char U+1F2B (decimal 7979)
   defining Unicode char U+1F2C (decimal 7980)
   defining Unicode char U+1F2D (decimal 7981)
   defining Unicode char U+1F2E (decimal 7982)
   defining Unicode char U+1F2F (decimal 7983)
   defining Unicode char U+1F30 (decimal 7984)
   defining Unicode char U+1F31 (decimal 7985)
   defining Unicode char U+1F32 (decimal 7986)
   defining Unicode char U+1F33 (decimal 7987)
   defining Unicode char U+1F34 (decimal 7988)
   defining Unicode char U+1F35 (decimal 7989)
   defining Unicode char U+1F36 (decimal 7990)
   defining Unicode char U+1F37 (decimal 7991)
   defining Unicode char U+1F38 (decimal 7992)
   defining Unicode char U+1F39 (decimal 7993)
   defining Unicode char U+1F3A (decimal 7994)
   defining Unicode char U+1F3B (decimal 7995)
   defining Unicode char U+1F3C (decimal 7996)
   defining Unicode char U+1F3D (decimal 7997)
   defining Unicode char U+1F3E (decimal 7998)
   defining Unicode char U+1F3F (decimal 7999)
   defining Unicode char U+1F40 (decimal 8000)
   defining Unicode char U+1F41 (decimal 8001)
   defining Unicode char U+1F42 (decimal 8002)
   defining Unicode char U+1F43 (decimal 8003)
   defining Unicode char U+1F44 (decimal 8004)
   defining Unicode char U+1F45 (decimal 8005)
   defining Unicode char U+1F48 (decimal 8008)
   defining Unicode char U+1F49 (decimal 8009)
   defining Unicode char U+1F4A (decimal 8010)
   defining Unicode char U+1F4B (decimal 8011)
   defining Unicode char U+1F4C (decimal 8012)
   defining Unicode char U+1F4D (decimal 8013)
   defining Unicode char U+1F50 (decimal 8016)
   defining Unicode char U+1F51 (decimal 8017)
   defining Unicode char U+1F52 (decimal 8018)
   defining Unicode char U+1F53 (decimal 8019)
   defining Unicode char U+1F54 (decimal 8020)
   defining Unicode char U+1F55 (decimal 8021)
   defining Unicode char U+1F56 (decimal 8022)
   defining Unicode char U+1F57 (decimal 8023)
   defining Unicode char U+1F59 (decimal 8025)
   defining Unicode char U+1F5B (decimal 8027)
   defining Unicode char U+1F5D (decimal 8029)
   defining Unicode char U+1F5F (decimal 8031)
   defining Unicode char U+1F60 (decimal 8032)
   defining Unicode char U+1F61 (decimal 8033)
   defining Unicode char U+1F62 (decimal 8034)
   defining Unicode char U+1F63 (decimal 8035)
   defining Unicode char U+1F64 (decimal 8036)
   defining Unicode char U+1F65 (decimal 8037)
   defining Unicode char U+1F66 (decimal 8038)
   defining Unicode char U+1F67 (decimal 8039)
   defining Unicode char U+1F68 (decimal 8040)
   defining Unicode char U+1F69 (decimal 8041)
   defining Unicode char U+1F6A (decimal 8042)
   defining Unicode char U+1F6B (decimal 8043)
   defining Unicode char U+1F6C (decimal 8044)
   defining Unicode char U+1F6D (decimal 8045)
   defining Unicode char U+1F6E (decimal 8046)
   defining Unicode char U+1F6F (decimal 8047)
   defining Unicode char U+1F70 (decimal 8048)
   defining Unicode char U+1F71 (decimal 8049)
   defining Unicode char U+1F72 (decimal 8050)
   defining Unicode char U+1F73 (decimal 8051)
   defining Unicode char U+1F74 (decimal 8052)
   defining Unicode char U+1F75 (decimal 8053)
   defining Unicode char U+1F76 (decimal 8054)
   defining Unicode char U+1F77 (decimal 8055)
   defining Unicode char U+1F78 (decimal 8056)
   defining Unicode char U+1F79 (decimal 8057)
   defining Unicode char U+1F7A (decimal 8058)
   defining Unicode char U+1F7B (decimal 8059)
   defining Unicode char U+1F7C (decimal 8060)
   defining Unicode char U+1F7D (decimal 8061)
   defining Unicode char U+1F80 (decimal 8064)
   defining Unicode char U+1F81 (decimal 8065)
   defining Unicode char U+1F82 (decimal 8066)
   defining Unicode char U+1F83 (decimal 8067)
   defining Unicode char U+1F84 (decimal 8068)
   defining Unicode char U+1F85 (decimal 8069)
   defining Unicode char U+1F86 (decimal 8070)
   defining Unicode char U+1F87 (decimal 8071)
   defining Unicode char U+1F88 (decimal 8072)
   defining Unicode char U+1F89 (decimal 8073)
   defining Unicode char U+1F8A (decimal 8074)
   defining Unicode char U+1F8B (decimal 8075)
   defining Unicode char U+1F8C (decimal 8076)
   defining Unicode char U+1F8D (decimal 8077)
   defining Unicode char U+1F8E (decimal 8078)
   defining Unicode char U+1F8F (decimal 8079)
   defining Unicode char U+1F90 (decimal 8080)
   defining Unicode char U+1F91 (decimal 8081)
   defining Unicode char U+1F92 (decimal 8082)
   defining Unicode char U+1F93 (decimal 8083)
   defining Unicode char U+1F94 (decimal 8084)
   defining Unicode char U+1F95 (decimal 8085)
   defining Unicode char U+1F96 (decimal 8086)
   defining Unicode char U+1F97 (decimal 8087)
   defining Unicode char U+1F98 (decimal 8088)
   defining Unicode char U+1F99 (decimal 8089)
   defining Unicode char U+1F9A (decimal 8090)
   defining Unicode char U+1F9B (decimal 8091)
   defining Unicode char U+1F9C (decimal 8092)
   defining Unicode char U+1F9D (decimal 8093)
   defining Unicode char U+1F9E (decimal 8094)
   defining Unicode char U+1F9F (decimal 8095)
   defining Unicode char U+1FA0 (decimal 8096)
   defining Unicode char U+1FA1 (decimal 8097)
   defining Unicode char U+1FA2 (decimal 8098)
   defining Unicode char U+1FA3 (decimal 8099)
   defining Unicode char U+1FA4 (decimal 8100)
   defining Unicode char U+1FA5 (decimal 8101)
   defining Unicode char U+1FA6 (decimal 8102)
   defining Unicode char U+1FA7 (decimal 8103)
   defining Unicode char U+1FA8 (decimal 8104)
   defining Unicode char U+1FA9 (decimal 8105)
   defining Unicode char U+1FAA (decimal 8106)
   defining Unicode char U+1FAB (decimal 8107)
   defining Unicode char U+1FAC (decimal 8108)
   defining Unicode char U+1FAD (decimal 8109)
   defining Unicode char U+1FAE (decimal 8110)
   defining Unicode char U+1FAF (decimal 8111)
   defining Unicode char U+1FB0 (decimal 8112)
   defining Unicode char U+1FB1 (decimal 8113)
   defining Unicode char U+1FB2 (decimal 8114)
   defining Unicode char U+1FB3 (decimal 8115)
   defining Unicode char U+1FB4 (decimal 8116)
   defining Unicode char U+1FB6 (decimal 8118)
   defining Unicode char U+1FB7 (decimal 8119)
   defining Unicode char U+1FB8 (decimal 8120)
   defining Unicode char U+1FB9 (decimal 8121)
   defining Unicode char U+1FBA (decimal 8122)
   defining Unicode char U+1FBB (decimal 8123)
   defining Unicode char U+1FBC (decimal 8124)
   defining Unicode char U+1FBD (decimal 8125)
   defining Unicode char U+1FBE (decimal 8126)
   defining Unicode char U+1FBF (decimal 8127)
   defining Unicode char U+1FC0 (decimal 8128)
   defining Unicode char U+1FC1 (decimal 8129)
   defining Unicode char U+1FC2 (decimal 8130)
   defining Unicode char U+1FC3 (decimal 8131)
   defining Unicode char U+1FC4 (decimal 8132)
   defining Unicode char U+1FC6 (decimal 8134)
   defining Unicode char U+1FC7 (decimal 8135)
   defining Unicode char U+1FC8 (decimal 8136)
   defining Unicode char U+1FC9 (decimal 8137)
   defining Unicode char U+1FCA (decimal 8138)
   defining Unicode char U+1FCB (decimal 8139)
   defining Unicode char U+1FCC (decimal 8140)
   defining Unicode char U+1FCD (decimal 8141)
   defining Unicode char U+1FCE (decimal 8142)
   defining Unicode char U+1FCF (decimal 8143)
   defining Unicode char U+1FD0 (decimal 8144)
   defining Unicode char U+1FD1 (decimal 8145)
   defining Unicode char U+1FD2 (decimal 8146)
   defining Unicode char U+1FD3 (decimal 8147)
   defining Unicode char U+1FD6 (decimal 8150)
   defining Unicode char U+1FD7 (decimal 8151)
   defining Unicode char U+1FD8 (decimal 8152)
   defining Unicode char U+1FD9 (decimal 8153)
   defining Unicode char U+1FDA (decimal 8154)
   defining Unicode char U+1FDB (decimal 8155)
   defining Unicode char U+1FDD (decimal 8157)
   defining Unicode char U+1FDE (decimal 8158)
   defining Unicode char U+1FDF (decimal 8159)
   defining Unicode char U+1FE0 (decimal 8160)
   defining Unicode char U+1FE1 (decimal 8161)
   defining Unicode char U+1FE2 (decimal 8162)
   defining Unicode char U+1FE3 (decimal 8163)
   defining Unicode char U+1FE4 (decimal 8164)
   defining Unicode char U+1FE5 (decimal 8165)
   defining Unicode char U+1FE6 (decimal 8166)
   defining Unicode char U+1FE7 (decimal 8167)
   defining Unicode char U+1FE8 (decimal 8168)
   defining Unicode char U+1FE9 (decimal 8169)
   defining Unicode char U+1FEA (decimal 8170)
   defining Unicode char U+1FEB (decimal 8171)
   defining Unicode char U+1FEC (decimal 8172)
   defining Unicode char U+1FED (decimal 8173)
   defining Unicode char U+1FEE (decimal 8174)
   defining Unicode char U+1FEF (decimal 8175)
   defining Unicode char U+1FF2 (decimal 8178)
   defining Unicode char U+1FF3 (decimal 8179)
   defining Unicode char U+1FF4 (decimal 8180)
   defining Unicode char U+1FF6 (decimal 8182)
   defining Unicode char U+1FF7 (decimal 8183)
   defining Unicode char U+1FF8 (decimal 8184)
   defining Unicode char U+1FF9 (decimal 8185)
   defining Unicode char U+1FFA (decimal 8186)
   defining Unicode char U+1FFB (decimal 8187)
   defining Unicode char U+1FFC (decimal 8188)
   defining Unicode char U+1FFD (decimal 8189)
   defining Unicode char U+1FFE (decimal 8190)
   defining Unicode char U+2013 (decimal 8211)
   defining Unicode char U+2014 (decimal 8212)
   defining Unicode char U+2018 (decimal 8216)
   defining Unicode char U+2019 (decimal 8217)
   defining Unicode char U+2030 (decimal 8240)
   defining Unicode char U+20AC (decimal 8364)
   defining Unicode char U+2126 (decimal 8486)
   defining Unicode char U+10144 (decimal 65860)
   defining Unicode char U+10145 (decimal 65861)
   defining Unicode char U+10146 (decimal 65862)
   defining Unicode char U+10147 (decimal 65863)
)))
("C:\Program Files\MiKTeX 2.9\tex\latex\csquotes\csquotes.sty"
Package: csquotes 2011/10/22 v5.1d context-sensitive quotations

("C:\Program Files\MiKTeX 2.9\tex\latex\etoolbox\etoolbox.sty"
Package: etoolbox 2011/01/03 v2.1 e-TeX tools for LaTeX

("C:\Program Files\MiKTeX 2.9\tex\latex\misc\etex.sty"
Package: etex 1998/03/26 v2.0 eTeX basic definition package (PEB)
\et@xins=\count91
)
\etb@tempcnta=\count92
)
\csq@reset=\count93
\csq@gtype=\count94
\csq@glevel=\count95
\csq@qlevel=\count96
\csq@maxlvl=\count97
\csq@tshold=\count98
\csq@ltx@everypar=\toks18

("C:\Program Files\MiKTeX 2.9\tex\latex\csquotes\csquotes.def"
>>>>>>> Stashed changes
File: csquotes.def 2011/10/22 v5.1d csquotes generic definitions
)
Package csquotes Info: Trying to load configuration file 'csquotes.cfg'...
Package csquotes Info: ... configuration file loaded successfully.

<<<<<<< Updated upstream
(/usr/local/texlive/2014/texmf-dist/tex/latex/csquotes/csquotes.cfg
=======
("C:\Program Files\MiKTeX 2.9\tex\latex\csquotes\csquotes.cfg"
>>>>>>> Stashed changes
File: csquotes.cfg 
)
Package csquotes Info: Option 'babel' depreciated.
(csquotes)             Using 'autostyle'.
Package csquotes Info: Enabling multilingual quotes.
)
<<<<<<< Updated upstream
(/usr/local/texlive/2014/texmf-dist/tex/latex/base/fontenc.sty
Package: fontenc 2005/09/27 v1.99g Standard LaTeX package

(/usr/local/texlive/2014/texmf-dist/tex/latex/base/t1enc.def
File: t1enc.def 2005/09/27 v1.99g Standard LaTeX file
LaTeX Font Info:    Redeclaring font encoding T1 on input line 43.
))
(/usr/local/texlive/2014/texmf-dist/tex/latex/tools/tabularx.sty
Package: tabularx 2014/05/13 v2.10 `tabularx' package (DPC)

(/usr/local/texlive/2014/texmf-dist/tex/latex/tools/array.sty
=======
("C:\Program Files\MiKTeX 2.9\tex\latex\base\fontenc.sty"
Package: fontenc 2005/09/27 v1.99g Standard LaTeX package

("C:\Program Files\MiKTeX 2.9\tex\latex\base\t1enc.def"
File: t1enc.def 2005/09/27 v1.99g Standard LaTeX file
LaTeX Font Info:    Redeclaring font encoding T1 on input line 43.
))
("C:\Program Files\MiKTeX 2.9\tex\latex\tools\tabularx.sty"
Package: tabularx 1999/01/07 v2.07 `tabularx' package (DPC)

("C:\Program Files\MiKTeX 2.9\tex\latex\tools\array.sty"
>>>>>>> Stashed changes
Package: array 2008/09/09 v2.4c Tabular extension package (FMi)
\col@sep=\dimen112
\extrarowheight=\dimen113
\NC@list=\toks19
\extratabsurround=\skip43
\backup@length=\skip44
)
\TX@col@width=\dimen114
\TX@old@table=\dimen115
\TX@old@col=\dimen116
\TX@target=\dimen117
\TX@delta=\dimen118
<<<<<<< Updated upstream
\TX@cols=\count103
\TX@ftn=\toks20
)
(/usr/local/texlive/2014/texmf-dist/tex/latex/url/url.sty
\Urlmuskip=\muskip10
Package: url 2013/09/16  ver 3.4  Verb mode for urls, etc.
)
(/usr/local/texlive/2014/texmf-dist/tex/latex/graphics/graphicx.sty
Package: graphicx 2014/04/25 v1.0g Enhanced LaTeX Graphics (DPC,SPQR)

(/usr/local/texlive/2014/texmf-dist/tex/latex/graphics/graphics.sty
Package: graphics 2009/02/05 v1.0o Standard LaTeX Graphics (DPC,SPQR)

(/usr/local/texlive/2014/texmf-dist/tex/latex/graphics/trig.sty
Package: trig 1999/03/16 v1.09 sin cos tan (DPC)
)
(/usr/local/texlive/2014/texmf-dist/tex/latex/latexconfig/graphics.cfg
File: graphics.cfg 2010/04/23 v1.9 graphics configuration of TeX Live
)
Package graphics Info: Driver file: pdftex.def on input line 91.

(/usr/local/texlive/2014/texmf-dist/tex/latex/pdftex-def/pdftex.def
File: pdftex.def 2011/05/27 v0.06d Graphics/color for pdfTeX

(/usr/local/texlive/2014/texmf-dist/tex/generic/oberdiek/infwarerr.sty
Package: infwarerr 2010/04/08 v1.3 Providing info/warning/error messages (HO)
)
(/usr/local/texlive/2014/texmf-dist/tex/generic/oberdiek/ltxcmds.sty
Package: ltxcmds 2011/11/09 v1.22 LaTeX kernel commands for general use (HO)
)
\Gread@gobject=\count104
=======
\TX@cols=\count99
\TX@ftn=\toks20
)
("C:\Program Files\MiKTeX 2.9\tex\latex\url\url.sty"
\Urlmuskip=\muskip10
Package: url 2013/09/16  ver 3.4  Verb mode for urls, etc.
)
("C:\Program Files\MiKTeX 2.9\tex\latex\graphics\graphicx.sty"
Package: graphicx 1999/02/16 v1.0f Enhanced LaTeX Graphics (DPC,SPQR)

("C:\Program Files\MiKTeX 2.9\tex\latex\graphics\graphics.sty"
Package: graphics 2009/02/05 v1.0o Standard LaTeX Graphics (DPC,SPQR)

("C:\Program Files\MiKTeX 2.9\tex\latex\graphics\trig.sty"
Package: trig 1999/03/16 v1.09 sin cos tan (DPC)
)
("C:\Program Files\MiKTeX 2.9\tex\latex\00miktex\graphics.cfg"
File: graphics.cfg 2007/01/18 v1.5 graphics configuration of teTeX/TeXLive
)
Package graphics Info: Driver file: pdftex.def on input line 91.

("C:\Program Files\MiKTeX 2.9\tex\latex\pdftex-def\pdftex.def"
File: pdftex.def 2011/05/27 v0.06d Graphics/color for pdfTeX

("C:\Program Files\MiKTeX 2.9\tex\generic\oberdiek\infwarerr.sty"
Package: infwarerr 2010/04/08 v1.3 Providing info/warning/error messages (HO)
)
("C:\Program Files\MiKTeX 2.9\tex\generic\oberdiek\ltxcmds.sty"
Package: ltxcmds 2011/11/09 v1.22 LaTeX kernel commands for general use (HO)
)
\Gread@gobject=\count100
>>>>>>> Stashed changes
))
\Gin@req@height=\dimen119
\Gin@req@width=\dimen120
)
<<<<<<< Updated upstream
(/usr/local/texlive/2014/texmf-dist/tex/latex/hyperref/hyperref.sty
Package: hyperref 2012/11/06 v6.83m Hypertext links for LaTeX

(/usr/local/texlive/2014/texmf-dist/tex/generic/oberdiek/hobsub-hyperref.sty
Package: hobsub-hyperref 2012/05/28 v1.13 Bundle oberdiek, subset hyperref (HO)


(/usr/local/texlive/2014/texmf-dist/tex/generic/oberdiek/hobsub-generic.sty
Package: hobsub-generic 2012/05/28 v1.13 Bundle oberdiek, subset generic (HO)
Package: hobsub 2012/05/28 v1.13 Construct package bundles (HO)
=======
("C:\Program Files\MiKTeX 2.9\tex\latex\hyperref\hyperref.sty"
Package: hyperref 2012/11/06 v6.83m Hypertext links for LaTeX

("C:\Program Files\MiKTeX 2.9\tex\generic\oberdiek\hobsub-hyperref.sty"
Package: hobsub-hyperref 2012/04/25 v1.12 Bundle oberdiek, subset hyperref (HO)


("C:\Program Files\MiKTeX 2.9\tex\generic\oberdiek\hobsub-generic.sty"
Package: hobsub-generic 2012/04/25 v1.12 Bundle oberdiek, subset generic (HO)
Package: hobsub 2012/04/25 v1.12 Construct package bundles (HO)
>>>>>>> Stashed changes
Package hobsub Info: Skipping package `infwarerr' (already loaded).
Package hobsub Info: Skipping package `ltxcmds' (already loaded).
Package: ifluatex 2010/03/01 v1.3 Provides the ifluatex switch (HO)
Package ifluatex Info: LuaTeX not detected.
Package hobsub Info: Skipping package `ifvtex' (already loaded).
Package: intcalc 2007/09/27 v1.1 Expandable calculations with integers (HO)
Package hobsub Info: Skipping package `ifpdf' (already loaded).
Package: etexcmds 2011/02/16 v1.5 Avoid name clashes with e-TeX commands (HO)
Package etexcmds Info: Could not find \expanded.
(etexcmds)             That can mean that you are not using pdfTeX 1.50 or
(etexcmds)             that some package has redefined \expanded.
(etexcmds)             In the latter case, load this package earlier.
Package: kvsetkeys 2012/04/25 v1.16 Key value parser (HO)
Package: kvdefinekeys 2011/04/07 v1.3 Define keys (HO)
Package: pdftexcmds 2011/11/29 v0.20 Utility functions of pdfTeX for LuaTeX (HO
)
Package pdftexcmds Info: LuaTeX not detected.
Package pdftexcmds Info: \pdf@primitive is available.
Package pdftexcmds Info: \pdf@ifprimitive is available.
Package pdftexcmds Info: \pdfdraftmode found.
Package: pdfescape 2011/11/25 v1.13 Implements pdfTeX's escape features (HO)
Package: bigintcalc 2012/04/08 v1.3 Expandable calculations on big integers (HO
)
Package: bitset 2011/01/30 v1.1 Handle bit-vector datatype (HO)
Package: uniquecounter 2011/01/30 v1.2 Provide unlimited unique counter (HO)
)
Package hobsub Info: Skipping package `hobsub' (already loaded).
Package: letltxmacro 2010/09/02 v1.4 Let assignment for LaTeX macros (HO)
Package: hopatch 2011/06/24 v1.1 Wrapper for package hooks (HO)
Package: xcolor-patch 2011/01/30 xcolor patch
Package: atveryend 2011/06/30 v1.8 Hooks at the very end of document (HO)
Package: atbegshi 2011/10/05 v1.16 At begin shipout hook (HO)
Package: refcount 2011/10/16 v3.4 Data extraction from label references (HO)
Package: hycolor 2011/01/30 v1.7 Color options for hyperref/bookmark (HO)
)
<<<<<<< Updated upstream
(/usr/local/texlive/2014/texmf-dist/tex/latex/oberdiek/auxhook.sty
Package: auxhook 2011/03/04 v1.3 Hooks for auxiliary files (HO)
)
(/usr/local/texlive/2014/texmf-dist/tex/latex/oberdiek/kvoptions.sty
Package: kvoptions 2011/06/30 v3.11 Key value format for package options (HO)
)
\@linkdim=\dimen121
\Hy@linkcounter=\count105
\Hy@pagecounter=\count106

(/usr/local/texlive/2014/texmf-dist/tex/latex/hyperref/pd1enc.def
=======
("C:\Program Files\MiKTeX 2.9\tex\latex\oberdiek\auxhook.sty"
Package: auxhook 2011/03/04 v1.3 Hooks for auxiliary files (HO)
)
("C:\Program Files\MiKTeX 2.9\tex\latex\oberdiek\kvoptions.sty"
Package: kvoptions 2011/06/30 v3.11 Key value format for package options (HO)
)
\@linkdim=\dimen121
\Hy@linkcounter=\count101
\Hy@pagecounter=\count102

("C:\Program Files\MiKTeX 2.9\tex\latex\hyperref\pd1enc.def"
>>>>>>> Stashed changes
File: pd1enc.def 2012/11/06 v6.83m Hyperref: PDFDocEncoding definition (HO)
Now handling font encoding PD1 ...
... no UTF-8 mapping file for font encoding PD1
)
<<<<<<< Updated upstream
\Hy@SavedSpaceFactor=\count107

(/usr/local/texlive/2014/texmf-dist/tex/latex/latexconfig/hyperref.cfg
=======
\Hy@SavedSpaceFactor=\count103

("C:\Program Files\MiKTeX 2.9\tex\latex\00miktex\hyperref.cfg"
>>>>>>> Stashed changes
File: hyperref.cfg 2002/06/06 v1.2 hyperref configuration of TeXLive
)
Package hyperref Info: Option `colorlinks' set `true' on input line 4319.
Package hyperref Info: Hyper figures OFF on input line 4443.
Package hyperref Info: Link nesting OFF on input line 4448.
Package hyperref Info: Hyper index ON on input line 4451.
Package hyperref Info: Plain pages OFF on input line 4458.
Package hyperref Info: Backreferencing OFF on input line 4463.
Package hyperref Info: Implicit mode ON; LaTeX internals redefined.
Package hyperref Info: Bookmarks ON on input line 4688.
<<<<<<< Updated upstream
\c@Hy@tempcnt=\count108
LaTeX Info: Redefining \url on input line 5041.
\XeTeXLinkMargin=\dimen122
\Fld@menulength=\count109
=======
\c@Hy@tempcnt=\count104
LaTeX Info: Redefining \url on input line 5041.
\XeTeXLinkMargin=\dimen122
\Fld@menulength=\count105
>>>>>>> Stashed changes
\Field@Width=\dimen123
\Fld@charsize=\dimen124
Package hyperref Info: Hyper figures OFF on input line 6295.
Package hyperref Info: Link nesting OFF on input line 6300.
Package hyperref Info: Hyper index ON on input line 6303.
Package hyperref Info: backreferencing OFF on input line 6310.
Package hyperref Info: Link coloring ON on input line 6313.
Package hyperref Info: Link coloring with OCG OFF on input line 6320.
Package hyperref Info: PDF/A mode OFF on input line 6325.
LaTeX Info: Redefining \ref on input line 6365.
LaTeX Info: Redefining \pageref on input line 6369.
<<<<<<< Updated upstream
\Hy@abspage=\count110
\c@Item=\count111
\c@Hfootnote=\count112
=======
\Hy@abspage=\count106
\c@Item=\count107
\c@Hfootnote=\count108
>>>>>>> Stashed changes
)

Package hyperref Message: Driver (autodetected): hpdftex.

<<<<<<< Updated upstream
(/usr/local/texlive/2014/texmf-dist/tex/latex/hyperref/hpdftex.def
File: hpdftex.def 2012/11/06 v6.83m Hyperref driver for pdfTeX
\Fld@listcount=\count113
\c@bookmark@seq@number=\count114

(/usr/local/texlive/2014/texmf-dist/tex/latex/oberdiek/rerunfilecheck.sty
=======
("C:\Program Files\MiKTeX 2.9\tex\latex\hyperref\hpdftex.def"
File: hpdftex.def 2012/11/06 v6.83m Hyperref driver for pdfTeX
\Fld@listcount=\count109
\c@bookmark@seq@number=\count110

("C:\Program Files\MiKTeX 2.9\tex\latex\oberdiek\rerunfilecheck.sty"
>>>>>>> Stashed changes
Package: rerunfilecheck 2011/04/15 v1.7 Rerun checks for auxiliary files (HO)
Package uniquecounter Info: New unique counter `rerunfilecheck' on input line 2
82.
)
\Hy@SectionHShift=\skip45
)
<<<<<<< Updated upstream
(/usr/local/texlive/2014/texmf-dist/tex/latex/lastpage/lastpage.sty
Package: lastpage 2013/01/28 v1.2l Refers to last page's name (HMM; JPG)
)
(/usr/local/texlive/2014/texmf-dist/tex/latex/fancyhdr/fancyhdr.sty
=======
("C:\Program Files\MiKTeX 2.9\tex\latex\lastpage\lastpage.sty"
Package: lastpage 2013/01/28 v1.2l Refers to last page's name (HMM; JPG)
)
("C:\Program Files\MiKTeX 2.9\tex\latex\fancyhdr\fancyhdr.sty"
>>>>>>> Stashed changes
\fancy@headwidth=\skip46
\f@ncyO@elh=\skip47
\f@ncyO@erh=\skip48
\f@ncyO@olh=\skip49
\f@ncyO@orh=\skip50
\f@ncyO@elf=\skip51
\f@ncyO@erf=\skip52
\f@ncyO@olf=\skip53
\f@ncyO@orf=\skip54
)
<<<<<<< Updated upstream
(/usr/local/texlive/2014/texmf-dist/tex/latex/listings/listings.sty
\lst@mode=\count115
\lst@gtempboxa=\box26
\lst@token=\toks21
\lst@length=\count116
\lst@currlwidth=\dimen125
\lst@column=\count117
\lst@pos=\count118
\lst@lostspace=\dimen126
\lst@width=\dimen127
\lst@newlines=\count119
\lst@lineno=\count120
\lst@maxwidth=\dimen128

(/usr/local/texlive/2014/texmf-dist/tex/latex/listings/lstmisc.sty
File: lstmisc.sty 2014/03/04 1.5c (Carsten Heinz)
\c@lstnumber=\count121
\lst@skipnumbers=\count122
\lst@framebox=\box27
)
(/usr/local/texlive/2014/texmf-dist/tex/latex/listings/listings.cfg
File: listings.cfg 2014/03/04 1.5c listings configuration
=======
("C:\Program Files\MiKTeX 2.9\tex\latex\listings\listings.sty"
\lst@mode=\count111
\lst@gtempboxa=\box26
\lst@token=\toks21
\lst@length=\count112
\lst@currlwidth=\dimen125
\lst@column=\count113
\lst@pos=\count114
\lst@lostspace=\dimen126
\lst@width=\dimen127
\lst@newlines=\count115
\lst@lineno=\count116
\lst@maxwidth=\dimen128

("C:\Program Files\MiKTeX 2.9\tex\latex\listings\lstmisc.sty"
File: lstmisc.sty 2013/08/26 1.5b (Carsten Heinz)
\c@lstnumber=\count117
\lst@skipnumbers=\count118
\lst@framebox=\box27
)
("C:\Program Files\MiKTeX 2.9\tex\latex\listings\listings.cfg"
File: listings.cfg 2013/08/26 1.5b listings configuration
>>>>>>> Stashed changes
))
Package: listings 2014/03/04 1.5c (Carsten Heinz)

<<<<<<< Updated upstream
(/usr/local/texlive/2014/texmf-dist/tex/latex/graphics/color.sty
Package: color 2014/04/23 v1.1a Standard LaTeX Color (DPC)

(/usr/local/texlive/2014/texmf-dist/tex/latex/latexconfig/color.cfg
=======
("C:\Program Files\MiKTeX 2.9\tex\latex\graphics\color.sty"
Package: color 2005/11/14 v1.0j Standard LaTeX Color (DPC)

("C:\Program Files\MiKTeX 2.9\tex\latex\00miktex\color.cfg"
>>>>>>> Stashed changes
File: color.cfg 2007/01/18 v1.5 color configuration of teTeX/TeXLive
)
Package color Info: Driver file: pdftex.def on input line 137.
)
<<<<<<< Updated upstream
(/usr/local/texlive/2014/texmf-dist/tex/latex/xcolor/xcolor.sty
Package: xcolor 2007/01/21 v2.11 LaTeX color extensions (UK)

(/usr/local/texlive/2014/texmf-dist/tex/latex/latexconfig/color.cfg
=======
("C:\Program Files\MiKTeX 2.9\tex\latex\xcolor\xcolor.sty"
Package: xcolor 2007/01/21 v2.11 LaTeX color extensions (UK)

("C:\Program Files\MiKTeX 2.9\tex\latex\00miktex\color.cfg"
>>>>>>> Stashed changes
File: color.cfg 2007/01/18 v1.5 color configuration of teTeX/TeXLive
)
Package xcolor Info: Driver file: pdftex.def on input line 225.

<<<<<<< Updated upstream
(/usr/local/texlive/2014/texmf-dist/tex/latex/colortbl/colortbl.sty
=======
("C:\Program Files\MiKTeX 2.9\tex\latex\colortbl\colortbl.sty"
>>>>>>> Stashed changes
Package: colortbl 2012/02/13 v1.0a Color table columns (DPC)
\everycr=\toks22
\minrowclearance=\skip55
)
LaTeX Info: Redefining \color on input line 702.
<<<<<<< Updated upstream
\rownum=\count123
=======
\rownum=\count119
>>>>>>> Stashed changes
Package xcolor Info: Model `cmy' substituted by `cmy0' on input line 1337.
Package xcolor Info: Model `hsb' substituted by `rgb' on input line 1341.
Package xcolor Info: Model `RGB' extended on input line 1353.
Package xcolor Info: Model `HTML' substituted by `rgb' on input line 1355.
Package xcolor Info: Model `Hsb' substituted by `hsb' on input line 1356.
Package xcolor Info: Model `tHsb' substituted by `hsb' on input line 1357.
Package xcolor Info: Model `HSB' substituted by `hsb' on input line 1358.
Package xcolor Info: Model `Gray' substituted by `gray' on input line 1359.
Package xcolor Info: Model `wave' substituted by `hsb' on input line 1360.
)
<<<<<<< Updated upstream
(/usr/local/texlive/2014/texmf-dist/tex/latex/booktabs/booktabs.sty
=======
("C:\Program Files\MiKTeX 2.9\tex\latex\booktabs\booktabs.sty"
>>>>>>> Stashed changes
Package: booktabs 2005/04/14 v1.61803 publication quality tables
\heavyrulewidth=\dimen129
\lightrulewidth=\dimen130
\cmidrulewidth=\dimen131
\belowrulesep=\dimen132
\belowbottomsep=\dimen133
\aboverulesep=\dimen134
\abovetopsep=\dimen135
\cmidrulesep=\dimen136
\cmidrulekern=\dimen137
\defaultaddspace=\dimen138
<<<<<<< Updated upstream
\@cmidla=\count124
\@cmidlb=\count125
\@aboverulesep=\dimen139
\@belowrulesep=\dimen140
\@thisruleclass=\count126
\@lastruleclass=\count127
\@thisrulewidth=\dimen141
)
(/usr/local/texlive/2014/texmf-dist/tex/latex/base/makeidx.sty
Package: makeidx 2000/03/29 v1.0m Standard LaTeX package
)
(/usr/local/texlive/2014/texmf-dist/tex/latex/tools/longtable.sty
=======
\@cmidla=\count120
\@cmidlb=\count121
\@aboverulesep=\dimen139
\@belowrulesep=\dimen140
\@thisruleclass=\count122
\@lastruleclass=\count123
\@thisrulewidth=\dimen141
)
("C:\Program Files\MiKTeX 2.9\tex\latex\base\makeidx.sty"
Package: makeidx 2000/03/29 v1.0m Standard LaTeX package
)
("C:\Program Files\MiKTeX 2.9\tex\latex\tools\longtable.sty"
>>>>>>> Stashed changes
Package: longtable 2004/02/01 v4.11 Multi-page Table package (DPC)
\LTleft=\skip56
\LTright=\skip57
\LTpre=\skip58
\LTpost=\skip59
<<<<<<< Updated upstream
\LTchunksize=\count128
=======
\LTchunksize=\count124
>>>>>>> Stashed changes
\LTcapwidth=\dimen142
\LT@head=\box28
\LT@firsthead=\box29
\LT@foot=\box30
\LT@lastfoot=\box31
<<<<<<< Updated upstream
\LT@cols=\count129
\LT@rows=\count130
\c@LT@tables=\count131
\c@LT@chunks=\count132
\LT@p@ftn=\toks23
)
(/usr/local/texlive/2014/texmf-dist/tex/latex/multirow/multirow.sty
\bigstrutjot=\dimen143
)
(/usr/local/texlive/2014/texmf-dist/tex/latex/tabu/tabu.sty
Package: tabu 2011/02/26 v2.8 - flexible LaTeX tabulars (FC)

(/usr/local/texlive/2014/texmf-dist/tex/latex/varwidth/varwidth.sty
Package: varwidth 2009/03/30 ver 0.92;  Variable-width minipages
\@vwid@box=\box32
\sift@deathcycles=\count133
\@vwid@loff=\dimen144
\@vwid@roff=\dimen145
)
\c@taburow=\count134
\tabu@nbcols=\count135
\tabu@cnt=\count136
\tabu@Xcol=\count137
\tabu@alloc=\count138
\tabu@nested=\count139
=======
\LT@cols=\count125
\LT@rows=\count126
\c@LT@tables=\count127
\c@LT@chunks=\count128
\LT@p@ftn=\toks23
)
("C:\Program Files\MiKTeX 2.9\tex\latex\multirow\multirow.sty"
\bigstrutjot=\dimen143
)
("C:\Program Files\MiKTeX 2.9\tex\latex\tabu\tabu.sty"
Package: tabu 2011/02/26 v2.8 - flexible LaTeX tabulars (FC)

("C:\Program Files\MiKTeX 2.9\tex\latex\ltxmisc\varwidth.sty"
Package: varwidth 2009/03/30 ver 0.92;  Variable-width minipages
\@vwid@box=\box32
\sift@deathcycles=\count129
\@vwid@loff=\dimen144
\@vwid@roff=\dimen145
)
\c@taburow=\count130
\tabu@nbcols=\count131
\tabu@cnt=\count132
\tabu@Xcol=\count133
\tabu@alloc=\count134
\tabu@nested=\count135
>>>>>>> Stashed changes
\tabu@target=\dimen146
\tabu@spreadtarget=\dimen147
\tabu@naturalX=\dimen148
\tabucolX=\dimen149
\tabu@Xsum=\dimen150
\extrarowdepth=\dimen151
\abovetabulinesep=\dimen152
\belowtabulinesep=\dimen153
\tabustrutrule=\dimen154
\tabu@thebody=\toks24
\tabu@footnotes=\toks25
\tabu@box=\box33
\tabu@arstrutbox=\box34
\tabu@hleads=\box35
\tabu@vleads=\box36
\tabu@cellskip=\skip60
)
<<<<<<< Updated upstream
(/usr/local/texlive/2014/texmf-dist/tex/latex/tools/xr.sty
Package: xr 1994/05/28 v5.02 eXternal References (DPC)
)
(/usr/local/texlive/2014/texmf-dist/tex/latex/titlesec/titlesec.sty
=======
("C:\Program Files\MiKTeX 2.9\tex\latex\tools\xr.sty"
Package: xr 1994/05/28 v5.02 eXternal References (DPC)
)
("C:\Program Files\MiKTeX 2.9\tex\latex\titlesec\titlesec.sty"
>>>>>>> Stashed changes
Package: titlesec 2011/12/15 v2.10.0 Sectioning titles
\ttl@box=\box37
\beforetitleunit=\skip61
\aftertitleunit=\skip62
\ttl@plus=\dimen155
\ttl@minus=\dimen156
\ttl@toksa=\toks26
\titlewidth=\dimen157
\titlewidthlast=\dimen158
\titlewidthfirst=\dimen159
)
<<<<<<< Updated upstream
(/usr/local/texlive/2014/texmf-dist/tex/latex/oberdiek/bookmark.sty
Package: bookmark 2011/12/02 v1.24 PDF bookmarks (HO)

(/usr/local/texlive/2014/texmf-dist/tex/latex/oberdiek/bkm-pdftex.def
File: bkm-pdftex.def 2011/12/02 v1.24 bookmark driver for pdfTeX (HO)
\BKM@id=\count140
))
(/usr/local/texlive/2014/texmf-dist/tex/latex/float/float.sty
Package: float 2001/11/08 v1.3d Float enhancements (AL)
\c@float@type=\count141
=======
("C:\Program Files\MiKTeX 2.9\tex\latex\oberdiek\bookmark.sty"
Package: bookmark 2011/12/02 v1.24 PDF bookmarks (HO)

("C:\Program Files\MiKTeX 2.9\tex\latex\oberdiek\bkm-pdftex.def"
File: bkm-pdftex.def 2011/12/02 v1.24 bookmark driver for pdfTeX (HO)
\BKM@id=\count136
))
("C:\Program Files\MiKTeX 2.9\tex\latex\float\float.sty"
Package: float 2001/11/08 v1.3d Float enhancements (AL)
\c@float@type=\count137
>>>>>>> Stashed changes
\float@exts=\toks27
\float@box=\box38
\@float@everytoks=\toks28
\@floatcapt=\box39
)
<<<<<<< Updated upstream
(/usr/local/texlive/2014/texmf-dist/tex/latex/subfig/subfig.sty
Package: subfig 2005/06/28 ver: 1.3 subfig package

(/usr/local/texlive/2014/texmf-dist/tex/latex/caption/caption.sty
Package: caption 2013/05/02 v3.3-89 Customizing captions (AR)

(/usr/local/texlive/2014/texmf-dist/tex/latex/caption/caption3.sty
=======
("C:\Program Files\MiKTeX 2.9\tex\latex\subfig\subfig.sty"
Package: subfig 2005/06/28 ver: 1.3 subfig package

("C:\Program Files\MiKTeX 2.9\tex\latex\caption\caption.sty"
Package: caption 2013/05/02 v3.3-89 Customizing captions (AR)

("C:\Program Files\MiKTeX 2.9\tex\latex\caption\caption3.sty"
>>>>>>> Stashed changes
Package: caption3 2013/05/02 v1.6-88 caption3 kernel (AR)
Package caption3 Info: TeX engine: e-TeX on input line 57.
\captionmargin=\dimen160
\captionmargin@=\dimen161
\captionwidth=\dimen162
\caption@tempdima=\dimen163
\caption@indent=\dimen164
\caption@parindent=\dimen165
\caption@hangindent=\dimen166
)
<<<<<<< Updated upstream
\c@ContinuedFloat=\count142
=======
\c@ContinuedFloat=\count138
>>>>>>> Stashed changes
Package caption Info: float package is loaded.
Package caption Info: hyperref package is loaded.
Package caption Info: listings package is loaded.
Package caption Info: longtable package is loaded.

<<<<<<< Updated upstream
(/usr/local/texlive/2014/texmf-dist/tex/latex/caption/ltcaption.sty
Package: ltcaption 2013/02/03 v1.3-62 longtable captions (AR)
))
\c@KVtest=\count143
=======
("C:\Program Files\MiKTeX 2.9\tex\latex\caption\ltcaption.sty"
Package: ltcaption 2013/02/03 v1.3-62 longtable captions (AR)
))
\c@KVtest=\count139
>>>>>>> Stashed changes
\sf@farskip=\skip63
\sf@captopadj=\dimen167
\sf@capskip=\skip64
\sf@nearskip=\skip65
<<<<<<< Updated upstream
\c@subfigure=\count144
\c@subfigure@save=\count145
\c@lofdepth=\count146
\c@subtable=\count147
\c@subtable@save=\count148
\c@lotdepth=\count149
\sf@top=\skip66
\sf@bottom=\skip67
)
(/usr/local/texlive/2014/texmf-dist/tex/latex/yfonts/yfonts.sty
=======
\c@subfigure=\count140
\c@subfigure@save=\count141
\c@lofdepth=\count142
\c@subtable=\count143
\c@subtable@save=\count144
\c@lotdepth=\count145
\sf@top=\skip66
\sf@bottom=\skip67
)
("C:\Program Files\MiKTeX 2.9\tex\latex\yfonts\yfonts.sty"
>>>>>>> Stashed changes
Package: yfonts 2003/01/08 v1.3 (WaS)
Now handling font encoding LY ...
... no UTF-8 mapping file for font encoding LY
Now handling font encoding LYG ...
... no UTF-8 mapping file for font encoding LYG
)
<<<<<<< Updated upstream
(/usr/local/texlive/2014/texmf-dist/tex/latex/eurosym/eurosym.sty
Package: eurosym 1998/08/06 v1.1 European currency symbol ``Euro''
\@eurobox=\box40
)
(/usr/local/texlive/2014/texmf-dist/tex/latex/listings/lstlang1.sty
File: lstlang1.sty 2014/03/04 1.5c listings language file
)
Package hyperref Info: Option `colorlinks' set `true' on input line 112.
\c@subsubsubsection=\count150
=======
("C:\Program Files\MiKTeX 2.9\tex\latex\eurosym\eurosym.sty"
Package: eurosym 1998/08/06 v1.1 European currency symbol ``Euro''
\@eurobox=\box40
)
("C:\Program Files\MiKTeX 2.9\tex\latex\listings\lstlang1.sty"
File: lstlang1.sty 2013/08/26 1.5b listings language file
)
Package hyperref Info: Option `colorlinks' set `true' on input line 112.
\c@subsubsubsection=\count146
>>>>>>> Stashed changes
)
Package csquotes Info: Checking for multilingual support...
Package csquotes Info: ... found 'babel' package.

("E:\Docs\Università\Mega Fiup\3° Anno\SWE\SmartGit\RR\Esterni\Piano di Proge
tto\PianoDiProgetto_v.1.0.aux")
LaTeX Font Info:    Checking defaults for OML/cmm/m/it on input line 30.
LaTeX Font Info:    ... okay on input line 30.
LaTeX Font Info:    Checking defaults for T1/cmr/m/n on input line 30.
LaTeX Font Info:    ... okay on input line 30.
LaTeX Font Info:    Checking defaults for OT1/cmr/m/n on input line 30.
LaTeX Font Info:    ... okay on input line 30.
LaTeX Font Info:    Checking defaults for OMS/cmsy/m/n on input line 30.
LaTeX Font Info:    ... okay on input line 30.
LaTeX Font Info:    Checking defaults for OMX/cmex/m/n on input line 30.
LaTeX Font Info:    ... okay on input line 30.
LaTeX Font Info:    Checking defaults for U/cmr/m/n on input line 30.
LaTeX Font Info:    ... okay on input line 30.
LaTeX Font Info:    Checking defaults for LGR/cmr/m/n on input line 30.
LaTeX Font Info:    Try loading font information for LGR+cmr on input line 30.

("C:\Program Files\MiKTeX 2.9\tex\latex\cbfonts-fd\lgrcmr.fd"
File: lgrcmr.fd 2013/09/01 v1.0 Greek European Computer Regular
)
LaTeX Font Info:    ... okay on input line 30.
LaTeX Font Info:    Checking defaults for PD1/pdf/m/n on input line 30.
LaTeX Font Info:    ... okay on input line 30.
LaTeX Font Info:    Checking defaults for LY/yfrak/m/n on input line 30.
LaTeX Font Info:    ... okay on input line 30.
LaTeX Font Info:    Checking defaults for LYG/ygoth/m/n on input line 30.
LaTeX Font Info:    ... okay on input line 30.

*geometry* driver: auto-detecting
*geometry* detected driver: pdftex
*geometry* verbose mode - [ preamble ] result:
* driver: pdftex
* paper: a4paper
* layout: <same size as paper>
* layoutoffset:(h,v)=(0.0pt,0.0pt)
* modes: 
* h-part:(L,W,R)=(56.9055pt, 483.69687pt, 56.9055pt)
* v-part:(T,H,B)=(56.9055pt, 674.33032pt, 113.81102pt)
* \paperwidth=597.50787pt
* \paperheight=845.04684pt
* \textwidth=483.69687pt
* \textheight=674.33032pt
* \oddsidemargin=-15.36449pt
* \evensidemargin=-15.36449pt
* \topmargin=-52.36449pt
* \headheight=71.13188pt
* \headsep=25.0pt
* \topskip=12.0pt
* \footskip=30.0pt
* \marginparwidth=35.0pt
* \marginparsep=10.0pt
* \columnsep=10.0pt
* \skip\footins=10.8pt plus 4.0pt minus 2.0pt
* \hoffset=0.0pt
* \voffset=0.0pt
* \mag=1000
* \@twocolumnfalse
* \@twosidefalse
* \@mparswitchfalse
* \@reversemarginfalse
* (1in=72.27pt=25.4mm, 1cm=28.453pt)

<<<<<<< Updated upstream
LaTeX Info: Redefining \it@ocap on input line 30.
LaTeX Info: Redefining \it@ccap on input line 30.
(/usr/local/texlive/2014/texmf-dist/tex/context/base/supp-pdf.mkii
[Loading MPS to PDF converter (version 2006.09.02).]
\scratchcounter=\count151
\scratchdimen=\dimen168
\scratchbox=\box41
\nofMPsegments=\count152
\nofMParguments=\count153
\everyMPshowfont=\toks29
\MPscratchCnt=\count154
\MPscratchDim=\dimen169
\MPnumerator=\count155
\makeMPintoPDFobject=\count156
\everyMPtoPDFconversion=\toks30
) (/usr/local/texlive/2014/texmf-dist/tex/latex/oberdiek/epstopdf-base.sty
Package: epstopdf-base 2010/02/09 v2.5 Base part for package epstopdf

(/usr/local/texlive/2014/texmf-dist/tex/latex/oberdiek/grfext.sty
Package: grfext 2010/08/19 v1.1 Manage graphics extensions (HO)
)
Package grfext Info: Graphics extension search list:
(grfext)             [.png,.pdf,.jpg,.mps,.jpeg,.jbig2,.jb2,.PNG,.PDF,.JPG,.JPE
G,.JBIG2,.JB2,.eps]
(grfext)             \AppendGraphicsExtensions on input line 452.

(/usr/local/texlive/2014/texmf-dist/tex/latex/latexconfig/epstopdf-sys.cfg
File: epstopdf-sys.cfg 2010/07/13 v1.3 Configuration of (r)epstopdf for TeX Liv
e
))
\AtBeginShipoutBox=\box42
Package hyperref Info: Link coloring ON on input line 30.

(/usr/local/texlive/2014/texmf-dist/tex/latex/hyperref/nameref.sty
Package: nameref 2012/10/27 v2.43 Cross-referencing by name of section

(/usr/local/texlive/2014/texmf-dist/tex/generic/oberdiek/gettitlestring.sty
Package: gettitlestring 2010/12/03 v1.4 Cleanup title references (HO)
)
\c@section@level=\count157
=======
("C:\Program Files\MiKTeX 2.9\tex\context\base\supp-pdf.mkii"
[Loading MPS to PDF converter (version 2006.09.02).]
\scratchcounter=\count147
\scratchdimen=\dimen168
\scratchbox=\box41
\nofMPsegments=\count148
\nofMParguments=\count149
\everyMPshowfont=\toks29
\MPscratchCnt=\count150
\MPscratchDim=\dimen169
\MPnumerator=\count151
\makeMPintoPDFobject=\count152
\everyMPtoPDFconversion=\toks30
)
\AtBeginShipoutBox=\box42
Package hyperref Info: Link coloring ON on input line 30.
 ("C:\Program Files\MiKTeX 2.9\tex\latex\hyperref\nameref.sty"
Package: nameref 2012/10/27 v2.43 Cross-referencing by name of section

("C:\Program Files\MiKTeX 2.9\tex\generic\oberdiek\gettitlestring.sty"
Package: gettitlestring 2010/12/03 v1.4 Cleanup title references (HO)
)
\c@section@level=\count153
>>>>>>> Stashed changes
)
LaTeX Info: Redefining \ref on input line 30.
LaTeX Info: Redefining \pageref on input line 30.
LaTeX Info: Redefining \nameref on input line 30.
Package lastpage Info: Please have a look at the pageslts package at
(lastpage)             http://www.ctan.org/tex-archive/ 
(lastpage)             macros/latex/contrib/pageslts/ 
(lastpage)             or
(lastpage)             http://www.ctan.org/tex-archive/ 
(lastpage)             install/macros/latex/contrib/pageslts.tds.zip
(lastpage)             ! on input line 30.
<<<<<<< Updated upstream
\c@lstlisting=\count158
=======
\c@lstlisting=\count154
>>>>>>> Stashed changes
Package caption Info: Begin \AtBeginDocument code.
Package caption Info: subfig package v1.3 is loaded.
Package caption Info: End \AtBeginDocument code.

("E:\Docs\Università\Mega Fiup\3° Anno\SWE\SmartGit\RR\Template\firstpage.tex
" <../../logo.jpg, id=3, 572.1375pt x 572.1375pt>
File: ../../logo.jpg Graphic file (type jpg)
 <use ../../logo.jpg>
Package pdftex.def Info: ../../logo.jpg used on input line 22.
(pdftex.def)             Requested size: 227.62pt x 227.62pt.
LaTeX Font Info:    External font `cmex10' loaded for size
(Font)              <12> on input line 29.
LaTeX Font Info:    External font `cmex10' loaded for size
(Font)              <8> on input line 29.
LaTeX Font Info:    External font `cmex10' loaded for size
(Font)              <6> on input line 29.
 [1

<<<<<<< Updated upstream
{/usr/local/texlive/2014/texmf-var/fonts/map/pdftex/updmap/pdftex.map} <../../l
ogo.jpg>]) (../Template/sommario.tex)
=======
{C:/ProgramData/MiKTeX/2.9/pdftex/config/pdftex.map} <E:/Docs/Università/Mega 
Fiup/3° Anno/SWE/SmartGit/RR/logo.jpg>])
("E:\Docs\Università\Mega Fiup\3° Anno\SWE\SmartGit\RR\Template\sommario.tex"
)
>>>>>>> Stashed changes
File: ../../logo.jpg Graphic file (type jpg)

<use ../../logo.jpg>
Package pdftex.def Info: ../../logo.jpg used on input line 34.
(pdftex.def)             Requested size: 56.90282pt x 56.90282pt.
pdfTeX warning (ext4): destination with the same identifier (name{page.1}) has 
been already used, duplicate ignored
<to be read again> 
                   \relax 
l.34 	\newpage
               [1]
("E:\Docs\Università\Mega Fiup\3° Anno\SWE\SmartGit\RR\Esterni\Piano di Proge
tto\parti\registroMod.tex"
Underfull \hbox (badness 10000) in paragraph at lines 1--3

 []


Overfull \hbox (1.84283pt too wide) in paragraph at lines 12--12
[]\T1/cmr/bx/n/12 Versione| 
 []


Underfull \vbox (badness 10000) detected at line 12
 []

File: ../../logo.jpg Graphic file (type jpg)
<use ../../logo.jpg>
Package pdftex.def Info: ../../logo.jpg used on input line 14.
(pdftex.def)             Requested size: 56.90282pt x 56.90282pt.
 [2]
Underfull \hbox (badness 10000) in paragraph at lines 15--17

 []


Underfull \hbox (badness 10000) in paragraph at lines 15--17

 []

)
File: ../../logo.jpg Graphic file (type jpg)
 <use ../../logo.jpg>
Package pdftex.def Info: ../../logo.jpg used on input line 36.
(pdftex.def)             Requested size: 56.90282pt x 56.90282pt.
 [3]
("E:\Docs\Università\Mega Fiup\3° Anno\SWE\SmartGit\RR\Esterni\Piano di Proge
tto\PianoDiProgetto_v.1.0.toc")
\tf@toc=\write3
File: ../../logo.jpg Graphic file (type jpg)
 <use ../../logo.jpg>
Package pdftex.def Info: ../../logo.jpg used on input line 38.
(pdftex.def)             Requested size: 56.90282pt x 56.90282pt.
 [4]
("E:\Docs\Università\Mega Fiup\3° Anno\SWE\SmartGit\RR\Esterni\Piano di Proge
tto\PianoDiProgetto_v.1.0.lof")
\tf@lof=\write4

("E:\Docs\Università\Mega Fiup\3° Anno\SWE\SmartGit\RR\Esterni\Piano di Proge
tto\PianoDiProgetto_v.1.0.lot"
File: ../../logo.jpg Graphic file (type jpg)
<<<<<<< Updated upstream

<use ../../logo.jpg>
Package pdftex.def Info: ../../logo.jpg used on input line 19.
=======
 <use ../../logo.jpg>
Package pdftex.def Info: ../../logo.jpg used on input line 21.
>>>>>>> Stashed changes
(pdftex.def)             Requested size: 56.90282pt x 56.90282pt.
 [5])
\tf@lot=\write5
File: ../../logo.jpg Graphic file (type jpg)
 <use ../../logo.jpg>
Package pdftex.def Info: ../../logo.jpg used on input line 41.
(pdftex.def)             Requested size: 56.90282pt x 56.90282pt.

[6]
("E:\Docs\Università\Mega Fiup\3° Anno\SWE\SmartGit\RR\Esterni\Piano di Proge
tto\parti\introduzione.tex"
LaTeX Font Info:    Try loading font information for OMS+cmr on input line 11.

<<<<<<< Updated upstream
(/usr/local/texlive/2014/texmf-dist/tex/latex/base/omscmr.fd
=======
("C:\Program Files\MiKTeX 2.9\tex\latex\base\omscmr.fd"
>>>>>>> Stashed changes
File: omscmr.fd 1999/05/25 v2.5h Standard LaTeX font definitions
)
LaTeX Font Info:    Font shape `OMS/cmr/m/n' in size <12> not available
(Font)              Font shape `OMS/cmsy/m/n' tried instead on input line 11.
LaTeX Font Info:    Try loading font information for T1+cmtt on input line 11.

<<<<<<< Updated upstream
(/usr/local/texlive/2014/texmf-dist/tex/latex/base/t1cmtt.fd
=======
("C:\Program Files\MiKTeX 2.9\tex\latex\base\t1cmtt.fd"
>>>>>>> Stashed changes
File: t1cmtt.fd 1999/05/25 v2.5h Standard LaTeX font definitions
)
Underfull \hbox (badness 10000) in paragraph at lines 20--21

 []

)
File: ../../logo.jpg Graphic file (type jpg)
 <use ../../logo.jpg>
Package pdftex.def Info: ../../logo.jpg used on input line 43.
(pdftex.def)             Requested size: 56.90282pt x 56.90282pt.
 [7]
("E:\Docs\Università\Mega Fiup\3° Anno\SWE\SmartGit\RR\Esterni\Piano di Proge
tto\parti\organigramma.tex"
Overfull \hbox (12.89584pt too wide) in paragraph at lines 57--57
[]|\T1/cmr/m/n/12 Matricola| 
 []


Overfull \hbox (4.74232pt too wide) in paragraph at lines 59--59
[]|\T1/cmr/m/n/12 1024566| 
 []


Overfull \hbox (117.05786pt too wide) in paragraph at lines 59--60
[]|\T1/cmr/m/n/12 matteo.busetto.92@gmail.com| 
 []


Overfull \hbox (4.74232pt too wide) in paragraph at lines 60--60
[]|\T1/cmr/m/n/12 1030325| 
 []


Overfull \hbox (76.00815pt too wide) in paragraph at lines 60--61
[]|\T1/cmr/m/n/12 manuelfossa@live.com| 
 []


Overfull \hbox (4.74232pt too wide) in paragraph at lines 61--61
[]|\T1/cmr/m/n/12 1008028| 
 []


Overfull \hbox (102.96126pt too wide) in paragraph at lines 61--62
[]|\T1/cmr/m/n/12 pietro.gabelli@hotmail.com| 
 []


Overfull \hbox (4.74232pt too wide) in paragraph at lines 62--62
[]|\T1/cmr/m/n/12 1026836| 
 []


Overfull \hbox (69.67776pt too wide) in paragraph at lines 62--63
[]|\T1/cmr/m/n/12 petruc91@gmail.com| 
 []


Overfull \hbox (4.74232pt too wide) in paragraph at lines 63--63
[]|\T1/cmr/m/n/12 1049517| 
 []


Overfull \hbox (92.84569pt too wide) in paragraph at lines 63--64
[]|\T1/cmr/m/n/12 tollotpietro@outlook.com| 
 []


Overfull \hbox (4.74232pt too wide) in paragraph at lines 64--64
[]|\T1/cmr/m/n/12 1054730| 
 []


Overfull \hbox (103.28763pt too wide) in paragraph at lines 64--65
[]|\T1/cmr/m/n/12 uomoermeneutico@libero.it| 
 []

)
File: ../../logo.jpg Graphic file (type jpg)
 <use ../../logo.jpg>
Package pdftex.def Info: ../../logo.jpg used on input line 45.
(pdftex.def)             Requested size: 56.90282pt x 56.90282pt.
 [8]
("E:\Docs\Università\Mega Fiup\3° Anno\SWE\SmartGit\RR\Esterni\Piano di Proge
tto\parti\analisiRischi.tex"
File: ../../logo.jpg Graphic file (type jpg)
 <use ../../logo.jpg>
Package pdftex.def Info: ../../logo.jpg used on input line 61.
(pdftex.def)             Requested size: 56.90282pt x 56.90282pt.
 [9]
File: ../../logo.jpg Graphic file (type jpg)
 <use ../../logo.jpg>
Package pdftex.def Info: ../../logo.jpg used on input line 61.
(pdftex.def)             Requested size: 56.90282pt x 56.90282pt.

[10])
File: ../../logo.jpg Graphic file (type jpg)
 <use ../../logo.jpg>
Package pdftex.def Info: ../../logo.jpg used on input line 47.
(pdftex.def)             Requested size: 56.90282pt x 56.90282pt.
 [11]
("E:\Docs\Università\Mega Fiup\3° Anno\SWE\SmartGit\RR\Esterni\Piano di Proge
tto\parti\cicloVita.tex")
File: ../../logo.jpg Graphic file (type jpg)
 <use ../../logo.jpg>
Package pdftex.def Info: ../../logo.jpg used on input line 49.
(pdftex.def)             Requested size: 56.90282pt x 56.90282pt.
 [12]
("E:\Docs\Università\Mega Fiup\3° Anno\SWE\SmartGit\RR\Esterni\Piano di Proge
tto\parti\scadenze.tex")
File: ../../logo.jpg Graphic file (type jpg)
 <use ../../logo.jpg>
Package pdftex.def Info: ../../logo.jpg used on input line 51.
(pdftex.def)             Requested size: 56.90282pt x 56.90282pt.
 [13]
("E:\Docs\Università\Mega Fiup\3° Anno\SWE\SmartGit\RR\Esterni\Piano di Proge
tto\parti\pianificazione.tex"
File: ../../logo.jpg Graphic file (type jpg)
 <use ../../logo.jpg>
Package pdftex.def Info: ../../logo.jpg used on input line 15.
(pdftex.def)             Requested size: 56.90282pt x 56.90282pt.
 [14]
Underfull \hbox (badness 10000) in paragraph at lines 17--18

 []

File: ../../logo.jpg Graphic file (type jpg)
<use ../../logo.jpg>
Package pdftex.def Info: ../../logo.jpg used on input line 30.
(pdftex.def)             Requested size: 56.90282pt x 56.90282pt.
<<<<<<< Updated upstream
 [12]
<./images/pianoRequisiti.jpg, id=285, 1171.37625pt x 875.27pt>
=======
 [15]
<./images/pianoRequisiti.jpg, id=302, 1171.37625pt x 875.27pt>
>>>>>>> Stashed changes
File: ./images/pianoRequisiti.jpg Graphic file (type jpg)

<use ./images/pianoRequisiti.jpg>
Package pdftex.def Info: ./images/pianoRequisiti.jpg used on input line 33.
(pdftex.def)             Requested size: 538.83961pt x 402.62909pt.

Overfull \hbox (55.14275pt too wide) in paragraph at lines 33--35
[][]
 []

File: ../../logo.jpg Graphic file (type jpg)
<use ../../logo.jpg>
Package pdftex.def Info: ../../logo.jpg used on input line 38.
(pdftex.def)             Requested size: 56.90282pt x 56.90282pt.
 [16 <E:/Docs/Università/Mega Fiup/3° Anno/SWE/SmartGit/RR/Esterni/Piano di P
rogetto/images/pianoRequisiti.jpg>]
File: ../../logo.jpg Graphic file (type jpg)
 <use ../../logo.jpg>
Package pdftex.def Info: ../../logo.jpg used on input line 103.
(pdftex.def)             Requested size: 56.90282pt x 56.90282pt.

[17]
File: ../../logo.jpg Graphic file (type jpg)
 <use ../../logo.jpg>
Package pdftex.def Info: ../../logo.jpg used on input line 106.
(pdftex.def)             Requested size: 56.90282pt x 56.90282pt.
 [18]
Underfull \hbox (badness 10000) in paragraph at lines 108--109

 []

File: ../../logo.jpg Graphic file (type jpg)
<use ../../logo.jpg>
Package pdftex.def Info: ../../logo.jpg used on input line 116.
(pdftex.def)             Requested size: 56.90282pt x 56.90282pt.
<<<<<<< Updated upstream
 [16]
<./images/pianoProgettazione.jpg, id=316, 1005.7575pt x 612.2875pt>
=======
 [19]
<./images/pianoProgettazione.jpg, id=333, 1005.7575pt x 612.2875pt>
>>>>>>> Stashed changes
File: ./images/pianoProgettazione.jpg Graphic file (type jpg)

<use ./images/pianoProgettazione.jpg>
Package pdftex.def Info: ./images/pianoProgettazione.jpg used on input line 119
.
(pdftex.def)             Requested size: 522.99692pt x 318.39133pt.

Overfull \hbox (39.30005pt too wide) in paragraph at lines 119--121
[][]
 []

File: ../../logo.jpg Graphic file (type jpg)
<use ../../logo.jpg>
Package pdftex.def Info: ../../logo.jpg used on input line 124.
(pdftex.def)             Requested size: 56.90282pt x 56.90282pt.
 [20 <E:/Docs/Università/Mega Fiup/3° Anno/SWE/SmartGit/RR/Esterni/Piano di P
rogetto/images/pianoProgettazione.jpg>]
File: ../../logo.jpg Graphic file (type jpg)

<use ../../logo.jpg>
Package pdftex.def Info: ../../logo.jpg used on input line 173.
(pdftex.def)             Requested size: 56.90282pt x 56.90282pt.
<<<<<<< Updated upstream
 [18]
<./images/wbsProgettazione.jpg, id=333, 1868.9825pt x 273.02pt>
File: ./images/wbsProgettazione.jpg Graphic file (type jpg)

<use ./images/wbsProgettazione.jpg>
Package pdftex.def Info: ./images/wbsProgettazione.jpg used on input line 176.
(pdftex.def)             Requested size: 560.69908pt x 81.90663pt.

Overfull \hbox (22.7072pt too wide) in paragraph at lines 176--178
[]  []
 []

=======
 [21]
>>>>>>> Stashed changes
File: ../../logo.jpg Graphic file (type jpg)
<use ../../logo.jpg>
Package pdftex.def Info: ../../logo.jpg used on input line 182.
(pdftex.def)             Requested size: 56.90282pt x 56.90282pt.
<<<<<<< Updated upstream
 [19 <./images/wbsProgettazione.jpg>]
Underfull \hbox (badness 10000) in paragraph at lines 184--185
=======
 [22]
Underfull \hbox (badness 10000) in paragraph at lines 177--178
>>>>>>> Stashed changes

 []

File: ../../logo.jpg Graphic file (type jpg)
<use ../../logo.jpg>
Package pdftex.def Info: ../../logo.jpg used on input line 195.
(pdftex.def)             Requested size: 56.90282pt x 56.90282pt.
<<<<<<< Updated upstream
 [20]
<./images/pianoCodifica.jpg, id=349, 1271.75125pt x 759.83875pt>
=======
 [23]
<./images/pianoCodifica.jpg, id=363, 1271.75125pt x 759.83875pt>
>>>>>>> Stashed changes
File: ./images/pianoCodifica.jpg Graphic file (type jpg)

<use ./images/pianoCodifica.jpg>
Package pdftex.def Info: ./images/pianoCodifica.jpg used on input line 198.
(pdftex.def)             Requested size: 597.72318pt x 357.12425pt.

Overfull \hbox (59.7313pt too wide) in paragraph at lines 198--200
[]  []
 []

File: ../../logo.jpg Graphic file (type jpg)
<use ../../logo.jpg>
Package pdftex.def Info: ../../logo.jpg used on input line 203.
(pdftex.def)             Requested size: 56.90282pt x 56.90282pt.
 [24 <E:/Docs/Università/Mega Fiup/3° Anno/SWE/SmartGit/RR/Esterni/Piano di P
rogetto/images/pianoCodifica.jpg>]
File: ../../logo.jpg Graphic file (type jpg)
 <use ../../logo.jpg>
Package pdftex.def Info: ../../logo.jpg used on input line 266.
(pdftex.def)             Requested size: 56.90282pt x 56.90282pt.

[25]
File: ../../logo.jpg Graphic file (type jpg)
 <use ../../logo.jpg>
Package pdftex.def Info: ../../logo.jpg used on input line 268.
(pdftex.def)             Requested size: 56.90282pt x 56.90282pt.
<<<<<<< Updated upstream
 [23]
<./images/wbsCodifica.jpg, id=372, 2634.84375pt x 372.39125pt>
File: ./images/wbsCodifica.jpg Graphic file (type jpg)

<use ./images/wbsCodifica.jpg>
Package pdftex.def Info: ./images/wbsCodifica.jpg used on input line 271.
(pdftex.def)             Requested size: 553.33353pt x 78.20447pt.

Overfull \hbox (15.34164pt too wide) in paragraph at lines 271--273
[]  []
 []

File: ../../logo.jpg Graphic file (type jpg)
<use ../../logo.jpg>
Package pdftex.def Info: ../../logo.jpg used on input line 278.
(pdftex.def)             Requested size: 56.90282pt x 56.90282pt.
 [24 <./images/wbsCodifica.jpg>]
=======
 [26]
>>>>>>> Stashed changes
File: ../../logo.jpg Graphic file (type jpg)
 <use ../../logo.jpg>
Package pdftex.def Info: ../../logo.jpg used on input line 289.
(pdftex.def)             Requested size: 56.90282pt x 56.90282pt.
<<<<<<< Updated upstream

[25] <./images/pianoAccettazione.jpg, id=389, 1014.79124pt x 549.05125pt>
=======
 [27]
<./images/pianoAccettazione.jpg, id=394, 1014.79124pt x 549.05125pt>
>>>>>>> Stashed changes
File: ./images/pianoAccettazione.jpg Graphic file (type jpg)

<use ./images/pianoAccettazione.jpg>
Package pdftex.def Info: ./images/pianoAccettazione.jpg used on input line 292.

(pdftex.def)             Requested size: 507.39438pt x 274.52495pt.

Overfull \hbox (23.69751pt too wide) in paragraph at lines 292--294
[][]
 []

File: ../../logo.jpg Graphic file (type jpg)
<use ../../logo.jpg>
Package pdftex.def Info: ../../logo.jpg used on input line 297.
(pdftex.def)             Requested size: 56.90282pt x 56.90282pt.
<<<<<<< Updated upstream
 [26 <./images/pianoAccettazione.jpg>]
=======
 [28 <E:/Docs/Università/Mega Fiup/3° Anno/SWE/SmartGit/RR/Esterni/Piano di P
rogetto/images/pianoAccettazione.jpg>])
>>>>>>> Stashed changes
File: ../../logo.jpg Graphic file (type jpg)

<use ../../logo.jpg>
Package pdftex.def Info: ../../logo.jpg used on input line 340.
(pdftex.def)             Requested size: 56.90282pt x 56.90282pt.
 [27]
<./images/wbsAccettazione.jpg, id=405, 1718.42pt x 276.03125pt>
File: ./images/wbsAccettazione.jpg Graphic file (type jpg)

<use ./images/wbsAccettazione.jpg>
Package pdftex.def Info: ./images/wbsAccettazione.jpg used on input line 343.
(pdftex.def)             Requested size: 584.25508pt x 93.84938pt.

Overfull \hbox (46.2632pt too wide) in paragraph at lines 343--345
[]  []
 []

)
File: ../../logo.jpg Graphic file (type jpg)
 <use ../../logo.jpg>
Package pdftex.def Info: ../../logo.jpg used on input line 53.
(pdftex.def)             Requested size: 56.90282pt x 56.90282pt.
<<<<<<< Updated upstream
 [28 <./images/wbsAccettazione.jpg>]
(./parti/sudCompiti.tex
=======
 [29]
("E:\Docs\Università\Mega Fiup\3° Anno\SWE\SmartGit\RR\Esterni\Piano di Proge
tto\parti\sudCompiti.tex"
>>>>>>> Stashed changes
Underfull \hbox (badness 10000) in paragraph at lines 40--40
[]|\T1/cmr/m/n/12 Pietro
 []


Underfull \hbox (badness 10000) in paragraph at lines 40--40
[]|\T1/cmr/m/n/12 Giovanni
 []


Underfull \hbox (badness 10000) in paragraph at lines 40--40
[]|\T1/cmr/m/n/12 Manuel
 []


Underfull \hbox (badness 10000) in paragraph at lines 40--40
[]|\T1/cmr/m/n/12 Matteo
 []


Underfull \hbox (badness 10000) in paragraph at lines 40--40
[]|\T1/cmr/m/n/12 Mauro
 []


Underfull \hbox (badness 10000) in paragraph at lines 40--41
[]|\T1/cmr/m/n/12 Pietro
 []

<<<<<<< Updated upstream
<./images/sudAnalisi.jpg, id=414, 424.7067pt x 325.9377pt>
=======
<./images/sudAnalisi.jpg, id=410, 424.7067pt x 325.9377pt>
>>>>>>> Stashed changes
File: ./images/sudAnalisi.jpg Graphic file (type jpg)

<use ./images/sudAnalisi.jpg>
Package pdftex.def Info: ./images/sudAnalisi.jpg used on input line 54.
(pdftex.def)             Requested size: 361.00238pt x 277.04834pt.
File: ../../logo.jpg Graphic file (type jpg)
 <use ../../logo.jpg>
Package pdftex.def Info: ../../logo.jpg used on input line 58.
(pdftex.def)             Requested size: 56.90282pt x 56.90282pt.
<<<<<<< Updated upstream
 [29]
=======
 [30]
>>>>>>> Stashed changes
Underfull \hbox (badness 10000) in paragraph at lines 65--65
[]|\T1/cmr/m/n/12 Pietro
 []


Underfull \hbox (badness 10000) in paragraph at lines 65--65
[]|\T1/cmr/m/n/12 Giovanni
 []


Underfull \hbox (badness 10000) in paragraph at lines 65--65
[]|\T1/cmr/m/n/12 Manuel
 []


Underfull \hbox (badness 10000) in paragraph at lines 65--65
[]|\T1/cmr/m/n/12 Matteo
 []


Underfull \hbox (badness 10000) in paragraph at lines 65--65
[]|\T1/cmr/m/n/12 Mauro
 []


Underfull \hbox (badness 10000) in paragraph at lines 65--66
[]|\T1/cmr/m/n/12 Pietro
 []

<<<<<<< Updated upstream
<./images/sudProgettazione.jpg, id=424, 456.7464pt x 350.2686pt>
=======
<./images/sudProgettazione.jpg, id=420, 456.7464pt x 350.2686pt>
>>>>>>> Stashed changes
File: ./images/sudProgettazione.jpg Graphic file (type jpg)

<use ./images/sudProgettazione.jpg>
Package pdftex.def Info: ./images/sudProgettazione.jpg used on input line 80.
(pdftex.def)             Requested size: 388.23627pt x 297.72972pt.
File: ../../logo.jpg Graphic file (type jpg)
 <use ../../logo.jpg>
Package pdftex.def Info: ../../logo.jpg used on input line 84.
(pdftex.def)             Requested size: 56.90282pt x 56.90282pt.
<<<<<<< Updated upstream
 [30 <./images/sudAnalisi.jpg>]
=======
 [31 <E:/Docs/Università/Mega Fiup/3° Anno/SWE/SmartGit/RR/Esterni/Piano di P
rogetto/images/sudAnalisi.jpg>]
>>>>>>> Stashed changes
Underfull \hbox (badness 10000) in paragraph at lines 92--92
[]|\T1/cmr/m/n/12 Pietro
 []


Underfull \hbox (badness 10000) in paragraph at lines 92--92
[]|\T1/cmr/m/n/12 Giovanni
 []


Underfull \hbox (badness 10000) in paragraph at lines 92--92
[]|\T1/cmr/m/n/12 Manuel
 []


Underfull \hbox (badness 10000) in paragraph at lines 92--92
[]|\T1/cmr/m/n/12 Matteo
 []


Underfull \hbox (badness 10000) in paragraph at lines 92--92
[]|\T1/cmr/m/n/12 Mauro
 []


Underfull \hbox (badness 10000) in paragraph at lines 92--93
[]|\T1/cmr/m/n/12 Pietro
 []

<<<<<<< Updated upstream
<./images/sudCodifica.jpg, id=434, 456.5055pt x 377.2494pt>
=======
<./images/sudCodifica.jpg, id=429, 456.5055pt x 377.2494pt>
>>>>>>> Stashed changes
File: ./images/sudCodifica.jpg Graphic file (type jpg)

<use ./images/sudCodifica.jpg>
Package pdftex.def Info: ./images/sudCodifica.jpg used on input line 108.
(pdftex.def)             Requested size: 388.0315pt x 320.6635pt.
File: ../../logo.jpg Graphic file (type jpg)
 <use ../../logo.jpg>
Package pdftex.def Info: ../../logo.jpg used on input line 113.
(pdftex.def)             Requested size: 56.90282pt x 56.90282pt.
<<<<<<< Updated upstream
 [31 <./images/sudProgettazione.jpg>]
=======
 [32 <E:/Docs/Università/Mega Fiup/3° Anno/SWE/SmartGit/RR/Esterni/Piano di P
rogetto/images/sudProgettazione.jpg>]
>>>>>>> Stashed changes
Underfull \hbox (badness 10000) in paragraph at lines 120--120
[]|\T1/cmr/m/n/12 Pietro
 []


Underfull \hbox (badness 10000) in paragraph at lines 120--120
[]|\T1/cmr/m/n/12 Giovanni
 []


Underfull \hbox (badness 10000) in paragraph at lines 120--120
[]|\T1/cmr/m/n/12 Manuel
 []


Underfull \hbox (badness 10000) in paragraph at lines 120--120
[]|\T1/cmr/m/n/12 Matteo
 []


Underfull \hbox (badness 10000) in paragraph at lines 120--120
[]|\T1/cmr/m/n/12 Mauro
 []


Underfull \hbox (badness 10000) in paragraph at lines 120--121
[]|\T1/cmr/m/n/12 Pietro
 []

<<<<<<< Updated upstream
<./images/sudAccettazione.jpg, id=443, 456.9873pt x 344.0052pt>
=======
<./images/sudAccettazione.jpg, id=438, 456.9873pt x 344.0052pt>
>>>>>>> Stashed changes
File: ./images/sudAccettazione.jpg Graphic file (type jpg)

<use ./images/sudAccettazione.jpg>
Package pdftex.def Info: ./images/sudAccettazione.jpg used on input line 136.
(pdftex.def)             Requested size: 388.44104pt x 292.40579pt.
File: ../../logo.jpg Graphic file (type jpg)
 <use ../../logo.jpg>
Package pdftex.def Info: ../../logo.jpg used on input line 140.
(pdftex.def)             Requested size: 56.90282pt x 56.90282pt.
<<<<<<< Updated upstream
 [32 <./images/sudCodifica.jpg>]
=======
 [33 <E:/Docs/Università/Mega Fiup/3° Anno/SWE/SmartGit/RR/Esterni/Piano di P
rogetto/images/sudCodifica.jpg>]
>>>>>>> Stashed changes
Underfull \hbox (badness 10000) in paragraph at lines 148--148
[]|\T1/cmr/m/n/12 Pietro
 []


Underfull \hbox (badness 10000) in paragraph at lines 148--148
[]|\T1/cmr/m/n/12 Giovanni
 []


Underfull \hbox (badness 10000) in paragraph at lines 148--148
[]|\T1/cmr/m/n/12 Manuel
 []


Underfull \hbox (badness 10000) in paragraph at lines 148--148
[]|\T1/cmr/m/n/12 Matteo
 []


Underfull \hbox (badness 10000) in paragraph at lines 148--148
[]|\T1/cmr/m/n/12 Mauro
 []


Underfull \hbox (badness 10000) in paragraph at lines 148--149
[]|\T1/cmr/m/n/12 Pietro
 []

<<<<<<< Updated upstream
<./images/sudTotale.jpg, id=452, 476.5002pt x 385.9218pt>
=======
<./images/sudTotale.jpg, id=447, 476.5002pt x 385.9218pt>
>>>>>>> Stashed changes
File: ./images/sudTotale.jpg Graphic file (type jpg)

<use ./images/sudTotale.jpg>
Package pdftex.def Info: ./images/sudTotale.jpg used on input line 163.
(pdftex.def)             Requested size: 405.02707pt x 328.03508pt.
File: ../../logo.jpg Graphic file (type jpg)
 <use ../../logo.jpg>
Package pdftex.def Info: ../../logo.jpg used on input line 167.
(pdftex.def)             Requested size: 56.90282pt x 56.90282pt.
<<<<<<< Updated upstream
 [33 <./images/sudAccettazione.jpg>]
=======
 [34 <E:/Docs/Università/Mega Fiup/3° Anno/SWE/SmartGit/RR/Esterni/Piano di P
rogetto/images/sudAccettazione.jpg>]
>>>>>>> Stashed changes
Underfull \hbox (badness 10000) in paragraph at lines 174--174
[]|\T1/cmr/m/n/12 Pietro
 []


Underfull \hbox (badness 10000) in paragraph at lines 174--174
[]|\T1/cmr/m/n/12 Giovanni
 []


Underfull \hbox (badness 10000) in paragraph at lines 174--174
[]|\T1/cmr/m/n/12 Manuel
 []


Underfull \hbox (badness 10000) in paragraph at lines 174--174
[]|\T1/cmr/m/n/12 Matteo
 []


Underfull \hbox (badness 10000) in paragraph at lines 174--174
[]|\T1/cmr/m/n/12 Mauro
 []


Underfull \hbox (badness 10000) in paragraph at lines 174--175
[]|\T1/cmr/m/n/12 Pietro
 []

<<<<<<< Updated upstream
<./images/sudTotaleRend.jpg, id=461, 452.892pt x 367.6134pt>
=======
<./images/sudTotaleRend.jpg, id=456, 452.892pt x 367.6134pt>
>>>>>>> Stashed changes
File: ./images/sudTotaleRend.jpg Graphic file (type jpg)

<use ./images/sudTotaleRend.jpg>
Package pdftex.def Info: ./images/sudTotaleRend.jpg used on input line 188.
(pdftex.def)             Requested size: 384.96pt x 312.47285pt.
)
File: ../../logo.jpg Graphic file (type jpg)
 <use ../../logo.jpg>
Package pdftex.def Info: ../../logo.jpg used on input line 55.
(pdftex.def)             Requested size: 56.90282pt x 56.90282pt.
<<<<<<< Updated upstream
 [34 <./images/sudTotale.jpg>]
=======
 [35 <E:/Docs/Università/Mega Fiup/3° Anno/SWE/SmartGit/RR/Esterni/Piano di P
rogetto/images/sudTotale.jpg>]
>>>>>>> Stashed changes
File: ../../logo.jpg Graphic file (type jpg)
 <use ../../logo.jpg>
Package pdftex.def Info: ../../logo.jpg used on input line 55.
(pdftex.def)             Requested size: 56.90282pt x 56.90282pt.
<<<<<<< Updated upstream
 [35 <./images/sudTotaleRend.jpg>]
(./parti/prospettoEconomico.tex
<./images/anreqore.pdf, id=478, 370.38374pt x 198.7425pt>
=======
 [36 <E:/Docs/Università/Mega Fiup/3° Anno/SWE/SmartGit/RR/Esterni/Piano di P
rogetto/images/sudTotaleRend.jpg>]
("E:\Docs\Università\Mega Fiup\3° Anno\SWE\SmartGit\RR\Esterni\Piano di Proge
tto\parti\prospettoEconomico.tex"
<./images/anreqore.pdf, id=474, 370.38374pt x 198.7425pt>
>>>>>>> Stashed changes
File: ./images/anreqore.pdf Graphic file (type pdf)

<use ./images/anreqore.pdf>
Package pdftex.def Info: ./images/anreqore.pdf used on input line 25.
(pdftex.def)             Requested size: 277.78711pt x 149.0565pt.

<<<<<<< Updated upstream
<./images/anreqcosti.pdf, id=479, 370.38374pt x 198.7425pt>
=======
<./images/anreqcosti.pdf, id=475, 370.38374pt x 198.7425pt>
>>>>>>> Stashed changes
File: ./images/anreqcosti.pdf Graphic file (type pdf)

<use ./images/anreqcosti.pdf>
Package pdftex.def Info: ./images/anreqcosti.pdf used on input line 30.
(pdftex.def)             Requested size: 277.78711pt x 149.0565pt.
File: ../../logo.jpg Graphic file (type jpg)
 <use ../../logo.jpg>
Package pdftex.def Info: ../../logo.jpg used on input line 54.
(pdftex.def)             Requested size: 56.90282pt x 56.90282pt.
<<<<<<< Updated upstream
 [36 <./images/anreqore.pdf, page is rotated 90 degrees> <./images/anreqcosti.p
df, page is rotated 90 degrees>] <./images/proggore.pdf, id=500, 370.38374pt x 
=======
 [37 <E:/Docs/Università/Mega Fiup/3° Anno/SWE/SmartGit/RR/Esterni/Piano di P
rogetto/images/anreqore.pdf, page is rotated 90 degrees> <E:/Docs/Università/M
ega Fiup/3° Anno/SWE/SmartGit/RR/Esterni/Piano di Progetto/images/anreqcosti.p
df, page is rotated 90 degrees>] <./images/proggore.pdf, id=495, 370.38374pt x 
>>>>>>> Stashed changes
213.79875pt>
File: ./images/proggore.pdf Graphic file (type pdf)

<use ./images/proggore.pdf>
Package pdftex.def Info: ./images/proggore.pdf used on input line 57.
(pdftex.def)             Requested size: 277.78711pt x 160.34866pt.

<<<<<<< Updated upstream
<./images/proggcosti.pdf, id=501, 370.38374pt x 213.79875pt>
=======
<./images/proggcosti.pdf, id=496, 370.38374pt x 213.79875pt>
>>>>>>> Stashed changes
File: ./images/proggcosti.pdf Graphic file (type pdf)

<use ./images/proggcosti.pdf>
Package pdftex.def Info: ./images/proggcosti.pdf used on input line 62.
(pdftex.def)             Requested size: 277.78711pt x 160.34866pt.
File: ../../logo.jpg Graphic file (type jpg)
 <use ../../logo.jpg>
Package pdftex.def Info: ../../logo.jpg used on input line 87.
(pdftex.def)             Requested size: 56.90282pt x 56.90282pt.
<<<<<<< Updated upstream
 [37 <./images/proggore.pdf, page is rotated 90 degrees> <./images/proggcosti.p
df, page is rotated 90 degrees>] <./images/codore.pdf, id=522, 370.38374pt x 21
=======
 [38 <E:/Docs/Università/Mega Fiup/3° Anno/SWE/SmartGit/RR/Esterni/Piano di P
rogetto/images/proggore.pdf, page is rotated 90 degrees> <E:/Docs/Università/M
ega Fiup/3° Anno/SWE/SmartGit/RR/Esterni/Piano di Progetto/images/proggcosti.p
df, page is rotated 90 degrees>] <./images/codore.pdf, id=516, 370.38374pt x 21
>>>>>>> Stashed changes
3.79875pt>
File: ./images/codore.pdf Graphic file (type pdf)

<use ./images/codore.pdf>
Package pdftex.def Info: ./images/codore.pdf used on input line 89.
(pdftex.def)             Requested size: 277.78711pt x 160.34866pt.

<<<<<<< Updated upstream
<./images/codcosti.pdf, id=523, 370.38374pt x 213.79875pt>
=======
<./images/codcosti.pdf, id=517, 370.38374pt x 213.79875pt>
>>>>>>> Stashed changes
File: ./images/codcosti.pdf Graphic file (type pdf)

<use ./images/codcosti.pdf>
Package pdftex.def Info: ./images/codcosti.pdf used on input line 94.
(pdftex.def)             Requested size: 277.78711pt x 160.34866pt.
File: ../../logo.jpg Graphic file (type jpg)
 <use ../../logo.jpg>
Package pdftex.def Info: ../../logo.jpg used on input line 119.
(pdftex.def)             Requested size: 56.90282pt x 56.90282pt.
<<<<<<< Updated upstream
 [38 <./images/codore.pdf, page is rotated 90 degrees> <./images/codcosti.pdf, 
page is rotated 90 degrees>]
<./images/verore.pdf, id=543, 370.38374pt x 213.79875pt>
=======
 [39 <E:/Docs/Università/Mega Fiup/3° Anno/SWE/SmartGit/RR/Esterni/Piano di P
rogetto/images/codore.pdf, page is rotated 90 degrees> <E:/Docs/Università/Meg
a Fiup/3° Anno/SWE/SmartGit/RR/Esterni/Piano di Progetto/images/codcosti.pdf, 
page is rotated 90 degrees>]
<./images/verore.pdf, id=537, 370.38374pt x 213.79875pt>
>>>>>>> Stashed changes
File: ./images/verore.pdf Graphic file (type pdf)

<use ./images/verore.pdf>
Package pdftex.def Info: ./images/verore.pdf used on input line 121.
(pdftex.def)             Requested size: 314.82765pt x 181.72978pt.

<<<<<<< Updated upstream
<./images/vercosti.pdf, id=544, 370.38374pt x 213.79875pt>
=======
<./images/vercosti.pdf, id=538, 370.38374pt x 213.79875pt>
>>>>>>> Stashed changes
File: ./images/vercosti.pdf Graphic file (type pdf)

<use ./images/vercosti.pdf>
Package pdftex.def Info: ./images/vercosti.pdf used on input line 126.
(pdftex.def)             Requested size: 314.82765pt x 181.72978pt.
File: ../../logo.jpg Graphic file (type jpg)
 <use ../../logo.jpg>
Package pdftex.def Info: ../../logo.jpg used on input line 151.
(pdftex.def)             Requested size: 56.90282pt x 56.90282pt.
<<<<<<< Updated upstream
 [39 <./images/verore.pdf, page is rotated 90 degrees> <./images/vercosti.pdf, 
page is rotated 90 degrees>]
<./images/tottotore.pdf, id=564, 370.38374pt x 213.79875pt>
=======
 [40 <E:/Docs/Università/Mega Fiup/3° Anno/SWE/SmartGit/RR/Esterni/Piano di P
rogetto/images/verore.pdf, page is rotated 90 degrees> <E:/Docs/Università/Meg
a Fiup/3° Anno/SWE/SmartGit/RR/Esterni/Piano di Progetto/images/vercosti.pdf, 
page is rotated 90 degrees>]
<./images/tottotore.pdf, id=558, 370.38374pt x 213.79875pt>
>>>>>>> Stashed changes
File: ./images/tottotore.pdf Graphic file (type pdf)

<use ./images/tottotore.pdf>
Package pdftex.def Info: ./images/tottotore.pdf used on input line 154.
(pdftex.def)             Requested size: 314.82765pt x 181.72978pt.

<<<<<<< Updated upstream
<./images/tottotcosti.pdf, id=565, 370.38374pt x 213.79875pt>
=======
<./images/tottotcosti.pdf, id=559, 370.38374pt x 213.79875pt>
>>>>>>> Stashed changes
File: ./images/tottotcosti.pdf Graphic file (type pdf)

<use ./images/tottotcosti.pdf>
Package pdftex.def Info: ./images/tottotcosti.pdf used on input line 159.
(pdftex.def)             Requested size: 314.82765pt x 181.72978pt.
File: ../../logo.jpg Graphic file (type jpg)
 <use ../../logo.jpg>
Package pdftex.def Info: ../../logo.jpg used on input line 164.
(pdftex.def)             Requested size: 56.90282pt x 56.90282pt.
<<<<<<< Updated upstream
 [40 <./images/tottotore.pdf, page is rotated 90 degrees>]
<./images/totparore.pdf, id=579, 370.38374pt x 213.79875pt>
=======
 [41 <E:/Docs/Università/Mega Fiup/3° Anno/SWE/SmartGit/RR/Esterni/Piano di P
rogetto/images/tottotore.pdf, page is rotated 90 degrees>]
<./images/totparore.pdf, id=573, 370.38374pt x 213.79875pt>
>>>>>>> Stashed changes
File: ./images/totparore.pdf Graphic file (type pdf)

<use ./images/totparore.pdf>
Package pdftex.def Info: ./images/totparore.pdf used on input line 186.
(pdftex.def)             Requested size: 314.82765pt x 181.72978pt.

<<<<<<< Updated upstream
<./images/totparcosti.pdf, id=580, 370.38374pt x 213.79875pt>
=======
<./images/totparcosti.pdf, id=574, 370.38374pt x 213.79875pt>
>>>>>>> Stashed changes
File: ./images/totparcosti.pdf Graphic file (type pdf)

<use ./images/totparcosti.pdf>
Package pdftex.def Info: ./images/totparcosti.pdf used on input line 191.
(pdftex.def)             Requested size: 314.82765pt x 181.72978pt.
) 
AED: lastpage setting LastPage
File: ../../logo.jpg Graphic file (type jpg)
<use ../../logo.jpg>
Package pdftex.def Info: ../../logo.jpg used on input line 57.
(pdftex.def)             Requested size: 56.90282pt x 56.90282pt.
<<<<<<< Updated upstream
 [41 <./images/tottotcosti.pdf, page is rotated 90 degrees> <./images/totparore
=======
 [42 <E:/Docs/Università/Mega Fiup/3° Anno/SWE/SmartGit/RR/Esterni/Piano di P
rogetto/images/tottotcosti.pdf, page is rotated 90 degrees> <E:/Docs/Universit
/Mega Fiup/3° Anno/SWE/SmartGit/RR/Esterni/Piano di Progetto/images/totparore
>>>>>>> Stashed changes
.pdf, page is rotated 90 degrees>]
File: ../../logo.jpg Graphic file (type jpg)
 <use ../../logo.jpg>
Package pdftex.def Info: ../../logo.jpg used on input line 57.
(pdftex.def)             Requested size: 56.90282pt x 56.90282pt.

<<<<<<< Updated upstream
[42 <./images/totparcosti.pdf, page is rotated 90 degrees>]
=======
[43 <E:/Docs/Università/Mega Fiup/3° Anno/SWE/SmartGit/RR/Esterni/Piano di Pr
ogetto/images/totparcosti.pdf, page is rotated 90 degrees>]
>>>>>>> Stashed changes
Package atveryend Info: Empty hook `BeforeClearDocument' on input line 57.
Package atveryend Info: Empty hook `AfterLastShipout' on input line 57.

("E:\Docs\Università\Mega Fiup\3° Anno\SWE\SmartGit\RR\Esterni\Piano di Proge
tto\PianoDiProgetto_v.1.0.aux")
Package atveryend Info: Executing hook `AtVeryEndDocument' on input line 57.
Package atveryend Info: Empty hook `AtEndAfterFileList' on input line 57.
 )
(\end occurred inside a group at level 1)

### simple group (level 1) entered at line 1 ({)
### bottom level 
Here is how much of TeX's memory you used:
<<<<<<< Updated upstream
 12582 strings out of 493117
 184955 string characters out of 6135433
 340039 words of memory out of 5000000
 15656 multiletter control sequences out of 15000+600000
 14430 words of font info for 35 fonts, out of 8000000 for 9000
 1141 hyphenation exceptions out of 8191
 51i,16n,50p,836b,608s stack positions out of 5000i,500n,10000p,200000b,80000s
{/usr/local/texlive/2014/texmf-dist/fonts/enc/dvips/cm-super/cm
-super-t1.enc}</usr/local/texlive/2014/texmf-dist/fonts/type1/public/amsfonts/c
m/cmsy10.pfb></usr/local/texlive/2014/texmf-dist/fonts/type1/public/eurosym/fey
mr10.pfb></usr/local/texlive/2014/texmf-dist/fonts/type1/public/cm-super/sfbx12
00.pfb></usr/local/texlive/2014/texmf-dist/fonts/type1/public/cm-super/sfbx1440
.pfb></usr/local/texlive/2014/texmf-dist/fonts/type1/public/cm-super/sfbx1728.p
fb></usr/local/texlive/2014/texmf-dist/fonts/type1/public/cm-super/sfbx2488.pfb
></usr/local/texlive/2014/texmf-dist/fonts/type1/public/cm-super/sfrm0600.pfb><
/usr/local/texlive/2014/texmf-dist/fonts/type1/public/cm-super/sfrm1200.pfb></u
sr/local/texlive/2014/texmf-dist/fonts/type1/public/cm-super/sfti1200.pfb></usr
/local/texlive/2014/texmf-dist/fonts/type1/public/cm-super/sftt1200.pfb>
Output written on PianoDiProgetto_v.1.0.pdf (43 pages, 2196392 bytes).
PDF statistics:
 791 PDF objects out of 1000 (max. 8388607)
 665 compressed objects within 7 object streams
 129 named destinations out of 1000 (max. 500000)
 427 words of extra memory for PDF output out of 10000 (max. 10000000)
=======
 12766 strings out of 493921
 186898 string characters out of 3147280
 351976 words of memory out of 3000000
 15668 multiletter control sequences out of 15000+200000
 14430 words of font info for 35 fonts, out of 3000000 for 9000
 841 hyphenation exceptions out of 8191
 51i,16n,50p,989b,608s stack positions out of 5000i,500n,10000p,200000b,50000s
{C:/Program Files/MiKTeX 2.9/fonts/enc/dvips/cm-super/cm-super-
t1.enc}<C:/Program Files/MiKTeX 2.9/fonts/type1/public/amsfonts/cm/cmsy10.pfb><
C:/Program Files/MiKTeX 2.9/fonts/type1/public/eurosym/feymr10.pfb><C:/Program 
Files/MiKTeX 2.9/fonts/type1/public/cm-super/sfbx1200.pfb><C:/Program Files/MiK
TeX 2.9/fonts/type1/public/cm-super/sfbx1440.pfb><C:/Program Files/MiKTeX 2.9/f
onts/type1/public/cm-super/sfbx1728.pfb><C:/Program Files/MiKTeX 2.9/fonts/type
1/public/cm-super/sfbx2488.pfb><C:/Program Files/MiKTeX 2.9/fonts/type1/public/
cm-super/sfrm0600.pfb><C:/Program Files/MiKTeX 2.9/fonts/type1/public/cm-super/
sfrm1200.pfb><C:/Program Files/MiKTeX 2.9/fonts/type1/public/cm-super/sfti1200.
pfb><C:/Program Files/MiKTeX 2.9/fonts/type1/public/cm-super/sftt1200.pfb>
Output written on PianoDiProgetto_v.1.0.pdf (44 pages, 2114137 bytes).
PDF statistics:
 785 PDF objects out of 1000 (max. 8388607)
 129 named destinations out of 1000 (max. 500000)
 420 words of extra memory for PDF output out of 10000 (max. 10000000)
>>>>>>> Stashed changes

