This is pdfTeX, Version 3.14159265-2.6-1.40.16 (TeX Live 2015) (preloaded format=pdflatex 2015.8.19)  21 AUG 2015 18:28
entering extended mode
 restricted \write18 enabled.
 file:line:error style messages enabled.
 %&-line parsing enabled.
**DefinizioneDelProdotto_v.1.0.0.tex
(./DefinizioneDelProdotto_v.1.0.0.tex
LaTeX2e <2015/01/01>
Babel <3.9l> and hyphenation patterns for 79 languages loaded.
(/usr/local/texlive/2015/texmf-dist/tex/latex/base/article.cls
Document Class: article 2014/09/29 v1.4h Standard LaTeX document class
(/usr/local/texlive/2015/texmf-dist/tex/latex/base/size12.clo
File: size12.clo 2014/09/29 v1.4h Standard LaTeX file (size option)
)
\c@part=\count79
\c@section=\count80
\c@subsection=\count81
\c@subsubsection=\count82
\c@paragraph=\count83
\c@subparagraph=\count84
\c@figure=\count85
\c@table=\count86
\abovecaptionskip=\skip41
\belowcaptionskip=\skip42
\bibindent=\dimen102
)
(../../Template/format.sty
(/usr/local/texlive/2015/texmf-dist/tex/latex/base/inputenc.sty
Package: inputenc 2015/03/17 v1.2c Input encoding file
\inpenc@prehook=\toks14
\inpenc@posthook=\toks15

(/usr/local/texlive/2015/texmf-dist/tex/latex/base/utf8.def
File: utf8.def 2014/09/29 v1.1m UTF-8 support for inputenc
Now handling font encoding OML ...
... no UTF-8 mapping file for font encoding OML
Now handling font encoding T1 ...
... processing UTF-8 mapping file for font encoding T1

(/usr/local/texlive/2015/texmf-dist/tex/latex/base/t1enc.dfu
File: t1enc.dfu 2014/09/29 v1.1m UTF-8 support for inputenc
   defining Unicode char U+00A1 (decimal 161)
   defining Unicode char U+00A3 (decimal 163)
   defining Unicode char U+00AB (decimal 171)
   defining Unicode char U+00BB (decimal 187)
   defining Unicode char U+00BF (decimal 191)
   defining Unicode char U+00C0 (decimal 192)
   defining Unicode char U+00C1 (decimal 193)
   defining Unicode char U+00C2 (decimal 194)
   defining Unicode char U+00C3 (decimal 195)
   defining Unicode char U+00C4 (decimal 196)
   defining Unicode char U+00C5 (decimal 197)
   defining Unicode char U+00C6 (decimal 198)
   defining Unicode char U+00C7 (decimal 199)
   defining Unicode char U+00C8 (decimal 200)
   defining Unicode char U+00C9 (decimal 201)
   defining Unicode char U+00CA (decimal 202)
   defining Unicode char U+00CB (decimal 203)
   defining Unicode char U+00CC (decimal 204)
   defining Unicode char U+00CD (decimal 205)
   defining Unicode char U+00CE (decimal 206)
   defining Unicode char U+00CF (decimal 207)
   defining Unicode char U+00D0 (decimal 208)
   defining Unicode char U+00D1 (decimal 209)
   defining Unicode char U+00D2 (decimal 210)
   defining Unicode char U+00D3 (decimal 211)
   defining Unicode char U+00D4 (decimal 212)
   defining Unicode char U+00D5 (decimal 213)
   defining Unicode char U+00D6 (decimal 214)
   defining Unicode char U+00D8 (decimal 216)
   defining Unicode char U+00D9 (decimal 217)
   defining Unicode char U+00DA (decimal 218)
   defining Unicode char U+00DB (decimal 219)
   defining Unicode char U+00DC (decimal 220)
   defining Unicode char U+00DD (decimal 221)
   defining Unicode char U+00DE (decimal 222)
   defining Unicode char U+00DF (decimal 223)
   defining Unicode char U+00E0 (decimal 224)
   defining Unicode char U+00E1 (decimal 225)
   defining Unicode char U+00E2 (decimal 226)
   defining Unicode char U+00E3 (decimal 227)
   defining Unicode char U+00E4 (decimal 228)
   defining Unicode char U+00E5 (decimal 229)
   defining Unicode char U+00E6 (decimal 230)
   defining Unicode char U+00E7 (decimal 231)
   defining Unicode char U+00E8 (decimal 232)
   defining Unicode char U+00E9 (decimal 233)
   defining Unicode char U+00EA (decimal 234)
   defining Unicode char U+00EB (decimal 235)
   defining Unicode char U+00EC (decimal 236)
   defining Unicode char U+00ED (decimal 237)
   defining Unicode char U+00EE (decimal 238)
   defining Unicode char U+00EF (decimal 239)
   defining Unicode char U+00F0 (decimal 240)
   defining Unicode char U+00F1 (decimal 241)
   defining Unicode char U+00F2 (decimal 242)
   defining Unicode char U+00F3 (decimal 243)
   defining Unicode char U+00F4 (decimal 244)
   defining Unicode char U+00F5 (decimal 245)
   defining Unicode char U+00F6 (decimal 246)
   defining Unicode char U+00F8 (decimal 248)
   defining Unicode char U+00F9 (decimal 249)
   defining Unicode char U+00FA (decimal 250)
   defining Unicode char U+00FB (decimal 251)
   defining Unicode char U+00FC (decimal 252)
   defining Unicode char U+00FD (decimal 253)
   defining Unicode char U+00FE (decimal 254)
   defining Unicode char U+00FF (decimal 255)
   defining Unicode char U+0102 (decimal 258)
   defining Unicode char U+0103 (decimal 259)
   defining Unicode char U+0104 (decimal 260)
   defining Unicode char U+0105 (decimal 261)
   defining Unicode char U+0106 (decimal 262)
   defining Unicode char U+0107 (decimal 263)
   defining Unicode char U+010C (decimal 268)
   defining Unicode char U+010D (decimal 269)
   defining Unicode char U+010E (decimal 270)
   defining Unicode char U+010F (decimal 271)
   defining Unicode char U+0110 (decimal 272)
   defining Unicode char U+0111 (decimal 273)
   defining Unicode char U+0118 (decimal 280)
   defining Unicode char U+0119 (decimal 281)
   defining Unicode char U+011A (decimal 282)
   defining Unicode char U+011B (decimal 283)
   defining Unicode char U+011E (decimal 286)
   defining Unicode char U+011F (decimal 287)
   defining Unicode char U+0130 (decimal 304)
   defining Unicode char U+0131 (decimal 305)
   defining Unicode char U+0132 (decimal 306)
   defining Unicode char U+0133 (decimal 307)
   defining Unicode char U+0139 (decimal 313)
   defining Unicode char U+013A (decimal 314)
   defining Unicode char U+013D (decimal 317)
   defining Unicode char U+013E (decimal 318)
   defining Unicode char U+0141 (decimal 321)
   defining Unicode char U+0142 (decimal 322)
   defining Unicode char U+0143 (decimal 323)
   defining Unicode char U+0144 (decimal 324)
   defining Unicode char U+0147 (decimal 327)
   defining Unicode char U+0148 (decimal 328)
   defining Unicode char U+014A (decimal 330)
   defining Unicode char U+014B (decimal 331)
   defining Unicode char U+0150 (decimal 336)
   defining Unicode char U+0151 (decimal 337)
   defining Unicode char U+0152 (decimal 338)
   defining Unicode char U+0153 (decimal 339)
   defining Unicode char U+0154 (decimal 340)
   defining Unicode char U+0155 (decimal 341)
   defining Unicode char U+0158 (decimal 344)
   defining Unicode char U+0159 (decimal 345)
   defining Unicode char U+015A (decimal 346)
   defining Unicode char U+015B (decimal 347)
   defining Unicode char U+015E (decimal 350)
   defining Unicode char U+015F (decimal 351)
   defining Unicode char U+0160 (decimal 352)
   defining Unicode char U+0161 (decimal 353)
   defining Unicode char U+0162 (decimal 354)
   defining Unicode char U+0163 (decimal 355)
   defining Unicode char U+0164 (decimal 356)
   defining Unicode char U+0165 (decimal 357)
   defining Unicode char U+016E (decimal 366)
   defining Unicode char U+016F (decimal 367)
   defining Unicode char U+0170 (decimal 368)
   defining Unicode char U+0171 (decimal 369)
   defining Unicode char U+0178 (decimal 376)
   defining Unicode char U+0179 (decimal 377)
   defining Unicode char U+017A (decimal 378)
   defining Unicode char U+017B (decimal 379)
   defining Unicode char U+017C (decimal 380)
   defining Unicode char U+017D (decimal 381)
   defining Unicode char U+017E (decimal 382)
   defining Unicode char U+200C (decimal 8204)
   defining Unicode char U+2013 (decimal 8211)
   defining Unicode char U+2014 (decimal 8212)
   defining Unicode char U+2018 (decimal 8216)
   defining Unicode char U+2019 (decimal 8217)
   defining Unicode char U+201A (decimal 8218)
   defining Unicode char U+201C (decimal 8220)
   defining Unicode char U+201D (decimal 8221)
   defining Unicode char U+201E (decimal 8222)
   defining Unicode char U+2030 (decimal 8240)
   defining Unicode char U+2031 (decimal 8241)
   defining Unicode char U+2039 (decimal 8249)
   defining Unicode char U+203A (decimal 8250)
   defining Unicode char U+2423 (decimal 9251)
)
Now handling font encoding OT1 ...
... processing UTF-8 mapping file for font encoding OT1

(/usr/local/texlive/2015/texmf-dist/tex/latex/base/ot1enc.dfu
File: ot1enc.dfu 2014/09/29 v1.1m UTF-8 support for inputenc
   defining Unicode char U+00A1 (decimal 161)
   defining Unicode char U+00A3 (decimal 163)
   defining Unicode char U+00B8 (decimal 184)
   defining Unicode char U+00BF (decimal 191)
   defining Unicode char U+00C5 (decimal 197)
   defining Unicode char U+00C6 (decimal 198)
   defining Unicode char U+00D8 (decimal 216)
   defining Unicode char U+00DF (decimal 223)
   defining Unicode char U+00E6 (decimal 230)
   defining Unicode char U+00EC (decimal 236)
   defining Unicode char U+00ED (decimal 237)
   defining Unicode char U+00EE (decimal 238)
   defining Unicode char U+00EF (decimal 239)
   defining Unicode char U+00F8 (decimal 248)
   defining Unicode char U+0131 (decimal 305)
   defining Unicode char U+0141 (decimal 321)
   defining Unicode char U+0142 (decimal 322)
   defining Unicode char U+0152 (decimal 338)
   defining Unicode char U+0153 (decimal 339)
   defining Unicode char U+2013 (decimal 8211)
   defining Unicode char U+2014 (decimal 8212)
   defining Unicode char U+2018 (decimal 8216)
   defining Unicode char U+2019 (decimal 8217)
   defining Unicode char U+201C (decimal 8220)
   defining Unicode char U+201D (decimal 8221)
)
Now handling font encoding OMS ...
... processing UTF-8 mapping file for font encoding OMS

(/usr/local/texlive/2015/texmf-dist/tex/latex/base/omsenc.dfu
File: omsenc.dfu 2014/09/29 v1.1m UTF-8 support for inputenc
   defining Unicode char U+00A7 (decimal 167)
   defining Unicode char U+00B6 (decimal 182)
   defining Unicode char U+00B7 (decimal 183)
   defining Unicode char U+2020 (decimal 8224)
   defining Unicode char U+2021 (decimal 8225)
   defining Unicode char U+2022 (decimal 8226)
)
Now handling font encoding OMX ...
... no UTF-8 mapping file for font encoding OMX
Now handling font encoding U ...
... no UTF-8 mapping file for font encoding U
   defining Unicode char U+00A9 (decimal 169)
   defining Unicode char U+00AA (decimal 170)
   defining Unicode char U+00AE (decimal 174)
   defining Unicode char U+00BA (decimal 186)
   defining Unicode char U+02C6 (decimal 710)
   defining Unicode char U+02DC (decimal 732)
   defining Unicode char U+200C (decimal 8204)
   defining Unicode char U+2026 (decimal 8230)
   defining Unicode char U+2122 (decimal 8482)
   defining Unicode char U+2423 (decimal 9251)
))
(/usr/local/texlive/2015/texmf-dist/tex/latex/geometry/geometry.sty
Package: geometry 2010/09/12 v5.6 Page Geometry

(/usr/local/texlive/2015/texmf-dist/tex/latex/graphics/keyval.sty
Package: keyval 2014/10/28 v1.15 key=value parser (DPC)
\KV@toks@=\toks16
)
(/usr/local/texlive/2015/texmf-dist/tex/generic/oberdiek/ifpdf.sty
Package: ifpdf 2011/01/30 v2.3 Provides the ifpdf switch (HO)
Package ifpdf Info: pdfTeX in PDF mode is detected.
)
(/usr/local/texlive/2015/texmf-dist/tex/generic/oberdiek/ifvtex.sty
Package: ifvtex 2010/03/01 v1.5 Detect VTeX and its facilities (HO)
Package ifvtex Info: VTeX not detected.
)
(/usr/local/texlive/2015/texmf-dist/tex/generic/ifxetex/ifxetex.sty
Package: ifxetex 2010/09/12 v0.6 Provides ifxetex conditional
)
\Gm@cnth=\count87
\Gm@cntv=\count88
\c@Gm@tempcnt=\count89
\Gm@bindingoffset=\dimen103
\Gm@wd@mp=\dimen104
\Gm@odd@mp=\dimen105
\Gm@even@mp=\dimen106
\Gm@layoutwidth=\dimen107
\Gm@layoutheight=\dimen108
\Gm@layouthoffset=\dimen109
\Gm@layoutvoffset=\dimen110
\Gm@dimlist=\toks17
)
(/usr/local/texlive/2015/texmf-dist/tex/generic/babel/babel.sty
Package: babel 2014/09/25 3.9l The Babel package

(/usr/local/texlive/2015/texmf-dist/tex/generic/babel-italian/italian.ldf
Language: italian 2015/03/26 v1.3n Italian support from the babel system

(/usr/local/texlive/2015/texmf-dist/tex/generic/babel/babel.def
File: babel.def 2014/09/25 3.9l Babel common definitions
\babel@savecnt=\count90
\U@D=\dimen111
)
\it@lettering=\count91
\it@doublequoteactive=\count92
\it@ISOcompliance=\count93
))
(/usr/local/texlive/2015/texmf-dist/tex/latex/etoolbox/etoolbox.sty
Package: etoolbox 2015/05/04 v2.2 e-TeX tools for LaTeX (JAW)
\etb@tempcnta=\count94
)
(/usr/local/texlive/2015/texmf-dist/tex/latex/csquotes/csquotes.sty
Package: csquotes 2015/04/15 v5.1e context-sensitive quotations (JAW)
\csq@reset=\count95
\csq@gtype=\count96
\csq@glevel=\count97
\csq@qlevel=\count98
\csq@maxlvl=\count99
\csq@tshold=\count100
\csq@ltx@everypar=\toks18

(/usr/local/texlive/2015/texmf-dist/tex/latex/csquotes/csquotes.def
File: csquotes.def 2015/04/15 v5.1e csquotes generic definitions (JAW)
)
Package csquotes Info: Trying to load configuration file 'csquotes.cfg'...
Package csquotes Info: ... configuration file loaded successfully.

(/usr/local/texlive/2015/texmf-dist/tex/latex/csquotes/csquotes.cfg
File: csquotes.cfg 
)
Package csquotes Info: Option 'babel' depreciated.
(csquotes)             Using 'autostyle'.
Package csquotes Info: Enabling multilingual quotes.
)
(/usr/local/texlive/2015/texmf-dist/tex/latex/base/fontenc.sty
Package: fontenc 2005/09/27 v1.99g Standard LaTeX package

(/usr/local/texlive/2015/texmf-dist/tex/latex/base/t1enc.def
File: t1enc.def 2005/09/27 v1.99g Standard LaTeX file
LaTeX Font Info:    Redeclaring font encoding T1 on input line 48.
))
(/usr/local/texlive/2015/texmf-dist/tex/latex/tools/tabularx.sty
Package: tabularx 2014/10/28 v2.10 `tabularx' package (DPC)

(/usr/local/texlive/2015/texmf-dist/tex/latex/tools/array.sty
Package: array 2014/10/28 v2.4c Tabular extension package (FMi)
\col@sep=\dimen112
\extrarowheight=\dimen113
\NC@list=\toks19
\extratabsurround=\skip43
\backup@length=\skip44
)
\TX@col@width=\dimen114
\TX@old@table=\dimen115
\TX@old@col=\dimen116
\TX@target=\dimen117
\TX@delta=\dimen118
\TX@cols=\count101
\TX@ftn=\toks20
)
(/usr/local/texlive/2015/texmf-dist/tex/latex/url/url.sty
\Urlmuskip=\muskip10
Package: url 2013/09/16  ver 3.4  Verb mode for urls, etc.
)
(/usr/local/texlive/2015/texmf-dist/tex/latex/graphics/graphicx.sty
Package: graphicx 2014/10/28 v1.0g Enhanced LaTeX Graphics (DPC,SPQR)

(/usr/local/texlive/2015/texmf-dist/tex/latex/graphics/graphics.sty
Package: graphics 2014/10/28 v1.0p Standard LaTeX Graphics (DPC,SPQR)

(/usr/local/texlive/2015/texmf-dist/tex/latex/graphics/trig.sty
Package: trig 1999/03/16 v1.09 sin cos tan (DPC)
)
(/usr/local/texlive/2015/texmf-dist/tex/latex/latexconfig/graphics.cfg
File: graphics.cfg 2010/04/23 v1.9 graphics configuration of TeX Live
)
Package graphics Info: Driver file: pdftex.def on input line 94.

(/usr/local/texlive/2015/texmf-dist/tex/latex/pdftex-def/pdftex.def
File: pdftex.def 2011/05/27 v0.06d Graphics/color for pdfTeX

(/usr/local/texlive/2015/texmf-dist/tex/generic/oberdiek/infwarerr.sty
Package: infwarerr 2010/04/08 v1.3 Providing info/warning/error messages (HO)
)
(/usr/local/texlive/2015/texmf-dist/tex/generic/oberdiek/ltxcmds.sty
Package: ltxcmds 2011/11/09 v1.22 LaTeX kernel commands for general use (HO)
)
\Gread@gobject=\count102
))
\Gin@req@height=\dimen119
\Gin@req@width=\dimen120
)
(/usr/local/texlive/2015/texmf-dist/tex/latex/hyperref/hyperref.sty
Package: hyperref 2012/11/06 v6.83m Hypertext links for LaTeX

(/usr/local/texlive/2015/texmf-dist/tex/generic/oberdiek/hobsub-hyperref.sty
Package: hobsub-hyperref 2012/05/28 v1.13 Bundle oberdiek, subset hyperref (HO)


(/usr/local/texlive/2015/texmf-dist/tex/generic/oberdiek/hobsub-generic.sty
Package: hobsub-generic 2012/05/28 v1.13 Bundle oberdiek, subset generic (HO)
Package: hobsub 2012/05/28 v1.13 Construct package bundles (HO)
Package hobsub Info: Skipping package `infwarerr' (already loaded).
Package hobsub Info: Skipping package `ltxcmds' (already loaded).
Package: ifluatex 2010/03/01 v1.3 Provides the ifluatex switch (HO)
Package ifluatex Info: LuaTeX not detected.
Package hobsub Info: Skipping package `ifvtex' (already loaded).
Package: intcalc 2007/09/27 v1.1 Expandable calculations with integers (HO)
Package hobsub Info: Skipping package `ifpdf' (already loaded).
Package: etexcmds 2011/02/16 v1.5 Avoid name clashes with e-TeX commands (HO)
Package etexcmds Info: Could not find \expanded.
(etexcmds)             That can mean that you are not using pdfTeX 1.50 or
(etexcmds)             that some package has redefined \expanded.
(etexcmds)             In the latter case, load this package earlier.
Package: kvsetkeys 2012/04/25 v1.16 Key value parser (HO)
Package: kvdefinekeys 2011/04/07 v1.3 Define keys (HO)
Package: pdftexcmds 2011/11/29 v0.20 Utility functions of pdfTeX for LuaTeX (HO
)
Package pdftexcmds Info: LuaTeX not detected.
Package pdftexcmds Info: \pdf@primitive is available.
Package pdftexcmds Info: \pdf@ifprimitive is available.
Package pdftexcmds Info: \pdfdraftmode found.
Package: pdfescape 2011/11/25 v1.13 Implements pdfTeX's escape features (HO)
Package: bigintcalc 2012/04/08 v1.3 Expandable calculations on big integers (HO
)
Package: bitset 2011/01/30 v1.1 Handle bit-vector datatype (HO)
Package: uniquecounter 2011/01/30 v1.2 Provide unlimited unique counter (HO)
)
Package hobsub Info: Skipping package `hobsub' (already loaded).
Package: letltxmacro 2010/09/02 v1.4 Let assignment for LaTeX macros (HO)
Package: hopatch 2012/05/28 v1.2 Wrapper for package hooks (HO)
Package: xcolor-patch 2011/01/30 xcolor patch
Package: atveryend 2011/06/30 v1.8 Hooks at the very end of document (HO)
Package: atbegshi 2011/10/05 v1.16 At begin shipout hook (HO)
Package: refcount 2011/10/16 v3.4 Data extraction from label references (HO)
Package: hycolor 2011/01/30 v1.7 Color options for hyperref/bookmark (HO)
)
(/usr/local/texlive/2015/texmf-dist/tex/latex/oberdiek/auxhook.sty
Package: auxhook 2011/03/04 v1.3 Hooks for auxiliary files (HO)
)
(/usr/local/texlive/2015/texmf-dist/tex/latex/oberdiek/kvoptions.sty
Package: kvoptions 2011/06/30 v3.11 Key value format for package options (HO)
)
\@linkdim=\dimen121
\Hy@linkcounter=\count103
\Hy@pagecounter=\count104

(/usr/local/texlive/2015/texmf-dist/tex/latex/hyperref/pd1enc.def
File: pd1enc.def 2012/11/06 v6.83m Hyperref: PDFDocEncoding definition (HO)
Now handling font encoding PD1 ...
... no UTF-8 mapping file for font encoding PD1
)
\Hy@SavedSpaceFactor=\count105

(/usr/local/texlive/2015/texmf-dist/tex/latex/latexconfig/hyperref.cfg
File: hyperref.cfg 2002/06/06 v1.2 hyperref configuration of TeXLive
)
Package hyperref Info: Option `colorlinks' set `true' on input line 4319.
Package hyperref Info: Hyper figures OFF on input line 4443.
Package hyperref Info: Link nesting OFF on input line 4448.
Package hyperref Info: Hyper index ON on input line 4451.
Package hyperref Info: Plain pages OFF on input line 4458.
Package hyperref Info: Backreferencing OFF on input line 4463.
Package hyperref Info: Implicit mode ON; LaTeX internals redefined.
Package hyperref Info: Bookmarks ON on input line 4688.
\c@Hy@tempcnt=\count106
LaTeX Info: Redefining \url on input line 5041.
\XeTeXLinkMargin=\dimen122
\Fld@menulength=\count107
\Field@Width=\dimen123
\Fld@charsize=\dimen124
Package hyperref Info: Hyper figures OFF on input line 6295.
Package hyperref Info: Link nesting OFF on input line 6300.
Package hyperref Info: Hyper index ON on input line 6303.
Package hyperref Info: backreferencing OFF on input line 6310.
Package hyperref Info: Link coloring ON on input line 6313.
Package hyperref Info: Link coloring with OCG OFF on input line 6320.
Package hyperref Info: PDF/A mode OFF on input line 6325.
LaTeX Info: Redefining \ref on input line 6365.
LaTeX Info: Redefining \pageref on input line 6369.
\Hy@abspage=\count108
\c@Item=\count109
\c@Hfootnote=\count110
)

Package hyperref Message: Driver (autodetected): hpdftex.

(/usr/local/texlive/2015/texmf-dist/tex/latex/hyperref/hpdftex.def
File: hpdftex.def 2012/11/06 v6.83m Hyperref driver for pdfTeX
\Fld@listcount=\count111
\c@bookmark@seq@number=\count112

(/usr/local/texlive/2015/texmf-dist/tex/latex/oberdiek/rerunfilecheck.sty
Package: rerunfilecheck 2011/04/15 v1.7 Rerun checks for auxiliary files (HO)
Package uniquecounter Info: New unique counter `rerunfilecheck' on input line 2
82.
)
\Hy@SectionHShift=\skip45
)
(/usr/local/texlive/2015/texmf-dist/tex/latex/lastpage/lastpage.sty
Package: lastpage 2015/03/29 v1.2m Refers to last page's name (HMM; JPG)
)
(/usr/local/texlive/2015/texmf-dist/tex/latex/fancyhdr/fancyhdr.sty
\fancy@headwidth=\skip46
\f@ncyO@elh=\skip47
\f@ncyO@erh=\skip48
\f@ncyO@olh=\skip49
\f@ncyO@orh=\skip50
\f@ncyO@elf=\skip51
\f@ncyO@erf=\skip52
\f@ncyO@olf=\skip53
\f@ncyO@orf=\skip54
)
(/usr/local/texlive/2015/texmf-dist/tex/latex/listings/listings.sty
\lst@mode=\count113
\lst@gtempboxa=\box26
\lst@token=\toks21
\lst@length=\count114
\lst@currlwidth=\dimen125
\lst@column=\count115
\lst@pos=\count116
\lst@lostspace=\dimen126
\lst@width=\dimen127
\lst@newlines=\count117
\lst@lineno=\count118
\lst@maxwidth=\dimen128

(/usr/local/texlive/2015/texmf-dist/tex/latex/listings/lstmisc.sty
File: lstmisc.sty 2014/09/06 1.5e (Carsten Heinz)
\c@lstnumber=\count119
\lst@skipnumbers=\count120
\lst@framebox=\box27
)
(/usr/local/texlive/2015/texmf-dist/tex/latex/listings/listings.cfg
File: listings.cfg 2014/09/06 1.5e listings configuration
))
Package: listings 2014/09/06 1.5e (Carsten Heinz)

(/usr/local/texlive/2015/texmf-dist/tex/latex/graphics/color.sty
Package: color 2014/10/28 v1.1a Standard LaTeX Color (DPC)

(/usr/local/texlive/2015/texmf-dist/tex/latex/latexconfig/color.cfg
File: color.cfg 2007/01/18 v1.5 color configuration of teTeX/TeXLive
)
Package color Info: Driver file: pdftex.def on input line 142.
)
(/usr/local/texlive/2015/texmf-dist/tex/latex/xcolor/xcolor.sty
Package: xcolor 2007/01/21 v2.11 LaTeX color extensions (UK)

(/usr/local/texlive/2015/texmf-dist/tex/latex/latexconfig/color.cfg
File: color.cfg 2007/01/18 v1.5 color configuration of teTeX/TeXLive
)
Package xcolor Info: Driver file: pdftex.def on input line 225.

(/usr/local/texlive/2015/texmf-dist/tex/latex/colortbl/colortbl.sty
Package: colortbl 2012/02/13 v1.0a Color table columns (DPC)
\everycr=\toks22
\minrowclearance=\skip55
)
LaTeX Info: Redefining \color on input line 702.
\rownum=\count121
Package xcolor Info: Model `cmy' substituted by `cmy0' on input line 1337.
Package xcolor Info: Model `hsb' substituted by `rgb' on input line 1341.
Package xcolor Info: Model `RGB' extended on input line 1353.
Package xcolor Info: Model `HTML' substituted by `rgb' on input line 1355.
Package xcolor Info: Model `Hsb' substituted by `hsb' on input line 1356.
Package xcolor Info: Model `tHsb' substituted by `hsb' on input line 1357.
Package xcolor Info: Model `HSB' substituted by `hsb' on input line 1358.
Package xcolor Info: Model `Gray' substituted by `gray' on input line 1359.
Package xcolor Info: Model `wave' substituted by `hsb' on input line 1360.
)
(/usr/local/texlive/2015/texmf-dist/tex/latex/booktabs/booktabs.sty
Package: booktabs 2005/04/14 v1.61803 publication quality tables
\heavyrulewidth=\dimen129
\lightrulewidth=\dimen130
\cmidrulewidth=\dimen131
\belowrulesep=\dimen132
\belowbottomsep=\dimen133
\aboverulesep=\dimen134
\abovetopsep=\dimen135
\cmidrulesep=\dimen136
\cmidrulekern=\dimen137
\defaultaddspace=\dimen138
\@cmidla=\count122
\@cmidlb=\count123
\@aboverulesep=\dimen139
\@belowrulesep=\dimen140
\@thisruleclass=\count124
\@lastruleclass=\count125
\@thisrulewidth=\dimen141
)
(/usr/local/texlive/2015/texmf-dist/tex/latex/base/makeidx.sty
Package: makeidx 2014/09/29 v1.0m Standard LaTeX package
)
(/usr/local/texlive/2015/texmf-dist/tex/latex/tools/longtable.sty
Package: longtable 2014/10/28 v4.11 Multi-page Table package (DPC)
\LTleft=\skip56
\LTright=\skip57
\LTpre=\skip58
\LTpost=\skip59
\LTchunksize=\count126
\LTcapwidth=\dimen142
\LT@head=\box28
\LT@firsthead=\box29
\LT@foot=\box30
\LT@lastfoot=\box31
\LT@cols=\count127
\LT@rows=\count128
\c@LT@tables=\count129
\c@LT@chunks=\count130
\LT@p@ftn=\toks23
)
(/usr/local/texlive/2015/texmf-dist/tex/latex/multirow/multirow.sty
\bigstrutjot=\dimen143
)
(/usr/local/texlive/2015/texmf-dist/tex/latex/tabu/tabu.sty
Package: tabu 2011/02/26 v2.8 - flexible LaTeX tabulars (FC)

(/usr/local/texlive/2015/texmf-dist/tex/latex/varwidth/varwidth.sty
Package: varwidth 2009/03/30 ver 0.92;  Variable-width minipages
\@vwid@box=\box32
\sift@deathcycles=\count131
\@vwid@loff=\dimen144
\@vwid@roff=\dimen145
)
\c@taburow=\count132
\tabu@nbcols=\count133
\tabu@cnt=\count134
\tabu@Xcol=\count135
\tabu@alloc=\count136
\tabu@nested=\count137
\tabu@target=\dimen146
\tabu@spreadtarget=\dimen147
\tabu@naturalX=\dimen148
\tabucolX=\dimen149
\tabu@Xsum=\dimen150
\extrarowdepth=\dimen151
\abovetabulinesep=\dimen152
\belowtabulinesep=\dimen153
\tabustrutrule=\dimen154
\tabu@thebody=\toks24
\tabu@footnotes=\toks25
\tabu@box=\box33
\tabu@arstrutbox=\box34
\tabu@hleads=\box35
\tabu@vleads=\box36
\tabu@cellskip=\skip60
)
(/usr/local/texlive/2015/texmf-dist/tex/latex/tools/xr.sty
Package: xr 1994/05/28 v5.02 eXternal References (DPC)
)
(/usr/local/texlive/2015/texmf-dist/tex/latex/titlesec/titlesec.sty
Package: titlesec 2011/12/15 v2.10.0 Sectioning titles
\ttl@box=\box37
\beforetitleunit=\skip61
\aftertitleunit=\skip62
\ttl@plus=\dimen155
\ttl@minus=\dimen156
\ttl@toksa=\toks26
\titlewidth=\dimen157
\titlewidthlast=\dimen158
\titlewidthfirst=\dimen159
)
(/usr/local/texlive/2015/texmf-dist/tex/latex/oberdiek/bookmark.sty
Package: bookmark 2011/12/02 v1.24 PDF bookmarks (HO)

(/usr/local/texlive/2015/texmf-dist/tex/latex/oberdiek/bkm-pdftex.def
File: bkm-pdftex.def 2011/12/02 v1.24 bookmark driver for pdfTeX (HO)
\BKM@id=\count138
))
(/usr/local/texlive/2015/texmf-dist/tex/latex/float/float.sty
Package: float 2001/11/08 v1.3d Float enhancements (AL)
\c@float@type=\count139
\float@exts=\toks27
\float@box=\box38
\@float@everytoks=\toks28
\@floatcapt=\box39
)
(/usr/local/texlive/2015/texmf-dist/tex/latex/subfig/subfig.sty
Package: subfig 2005/06/28 ver: 1.3 subfig package

(/usr/local/texlive/2015/texmf-dist/tex/latex/caption/caption.sty
Package: caption 2013/05/02 v3.3-89 Customizing captions (AR)

(/usr/local/texlive/2015/texmf-dist/tex/latex/caption/caption3.sty
Package: caption3 2013/05/02 v1.6-88 caption3 kernel (AR)
Package caption3 Info: TeX engine: e-TeX on input line 57.
\captionmargin=\dimen160
\captionmargin@=\dimen161
\captionwidth=\dimen162
\caption@tempdima=\dimen163
\caption@indent=\dimen164
\caption@parindent=\dimen165
\caption@hangindent=\dimen166
)
\c@ContinuedFloat=\count140
Package caption Info: float package is loaded.
Package caption Info: hyperref package is loaded.
Package caption Info: listings package is loaded.
Package caption Info: longtable package is loaded.

(/usr/local/texlive/2015/texmf-dist/tex/latex/caption/ltcaption.sty
Package: ltcaption 2013/02/03 v1.3-62 longtable captions (AR)
))
\c@KVtest=\count141
\sf@farskip=\skip63
\sf@captopadj=\dimen167
\sf@capskip=\skip64
\sf@nearskip=\skip65
\c@subfigure=\count142
\c@subfigure@save=\count143
\c@lofdepth=\count144
\c@subtable=\count145
\c@subtable@save=\count146
\c@lotdepth=\count147
\sf@top=\skip66
\sf@bottom=\skip67
)
(/usr/local/texlive/2015/texmf-dist/tex/latex/yfonts/yfonts.sty
Package: yfonts 2003/01/08 v1.3 (WaS)
Now handling font encoding LY ...
... no UTF-8 mapping file for font encoding LY
Now handling font encoding LYG ...
... no UTF-8 mapping file for font encoding LYG
)
(/usr/local/texlive/2015/texmf-dist/tex/latex/eurosym/eurosym.sty
Package: eurosym 1998/08/06 v1.1 European currency symbol ``Euro''
\@eurobox=\box40
)
(/usr/local/texlive/2015/texmf-dist/tex/latex/oberdiek/pdflscape.sty
Package: pdflscape 2008/08/11 v0.10 Display of landscape pages in PDF (HO)

(/usr/local/texlive/2015/texmf-dist/tex/latex/graphics/lscape.sty
Package: lscape 2000/10/22 v3.01 Landscape Pages (DPC)
)
Package pdflscape Info: Auto-detected driver: pdftex on input line 80.
)
(/usr/local/texlive/2015/texmf-dist/tex/latex/mathtools/mathtools.sty
Package: mathtools 2015/05/11 v1.16 mathematical typesetting tools

(/usr/local/texlive/2015/texmf-dist/tex/latex/tools/calc.sty
Package: calc 2014/10/28 v4.3 Infix arithmetic (KKT,FJ)
\calc@Acount=\count148
\calc@Bcount=\count149
\calc@Adimen=\dimen168
\calc@Bdimen=\dimen169
\calc@Askip=\skip68
\calc@Bskip=\skip69
LaTeX Info: Redefining \setlength on input line 80.
LaTeX Info: Redefining \addtolength on input line 81.
\calc@Ccount=\count150
\calc@Cskip=\skip70
)
(/usr/local/texlive/2015/texmf-dist/tex/latex/mathtools/mhsetup.sty
Package: mhsetup 2010/01/21 v1.2a programming setup (MH)
)
(/usr/local/texlive/2015/texmf-dist/tex/latex/amsmath/amsmath.sty
Package: amsmath 2013/01/14 v2.14 AMS math features
\@mathmargin=\skip71

For additional information on amsmath, use the `?' option.
(/usr/local/texlive/2015/texmf-dist/tex/latex/amsmath/amstext.sty
Package: amstext 2000/06/29 v2.01

(/usr/local/texlive/2015/texmf-dist/tex/latex/amsmath/amsgen.sty
File: amsgen.sty 1999/11/30 v2.0
\@emptytoks=\toks29
\ex@=\dimen170
))
(/usr/local/texlive/2015/texmf-dist/tex/latex/amsmath/amsbsy.sty
Package: amsbsy 1999/11/29 v1.2d
\pmbraise@=\dimen171
)
(/usr/local/texlive/2015/texmf-dist/tex/latex/amsmath/amsopn.sty
Package: amsopn 1999/12/14 v2.01 operator names
)
\inf@bad=\count151
LaTeX Info: Redefining \frac on input line 210.
\uproot@=\count152
\leftroot@=\count153
LaTeX Info: Redefining \overline on input line 306.
\classnum@=\count154
\DOTSCASE@=\count155
LaTeX Info: Redefining \ldots on input line 378.
LaTeX Info: Redefining \dots on input line 381.
LaTeX Info: Redefining \cdots on input line 466.
\Mathstrutbox@=\box41
\strutbox@=\box42
\big@size=\dimen172
LaTeX Font Info:    Redeclaring font encoding OML on input line 566.
LaTeX Font Info:    Redeclaring font encoding OMS on input line 567.
\macc@depth=\count156
\c@MaxMatrixCols=\count157
\dotsspace@=\muskip11
\c@parentequation=\count158
\dspbrk@lvl=\count159
\tag@help=\toks30
\row@=\count160
\column@=\count161
\maxfields@=\count162
\andhelp@=\toks31
\eqnshift@=\dimen173
\alignsep@=\dimen174
\tagshift@=\dimen175
\tagwidth@=\dimen176
\totwidth@=\dimen177
\lineht@=\dimen178
\@envbody=\toks32
\multlinegap=\skip72
\multlinetaggap=\skip73
\mathdisplay@stack=\toks33
LaTeX Info: Redefining \[ on input line 2665.
LaTeX Info: Redefining \] on input line 2666.
)
LaTeX Info: Thecontrolsequence`\('isalreadyrobust on input line 129.
LaTeX Info: Thecontrolsequence`\)'isalreadyrobust on input line 129.
LaTeX Info: Thecontrolsequence`\['isalreadyrobust on input line 129.
LaTeX Info: Thecontrolsequence`\]'isalreadyrobust on input line 129.
\g_MT_multlinerow_int=\count163
\l_MT_multwidth_dim=\dimen179
\origjot=\skip74
\l_MT_shortvdotswithinadjustabove_dim=\dimen180
\l_MT_shortvdotswithinadjustbelow_dim=\dimen181
\l_MT_above_intertext_sep=\dimen182
\l_MT_below_intertext_sep=\dimen183
\l_MT_above_shortintertext_sep=\dimen184
\l_MT_below_shortintertext_sep=\dimen185
)
(/usr/local/texlive/2015/texmf-dist/tex/latex/appendix/appendix.sty
Package: appendix 2009/09/02 v1.2b extra appendix facilities
\c@@pps=\count164
\c@@ppsavesec=\count165
\c@@ppsaveapp=\count166
)
(/usr/local/texlive/2015/texmf-dist/tex/latex/listings/lstlang1.sty
File: lstlang1.sty 2014/09/06 1.5e listings language file
)
Package hyperref Info: Option `colorlinks' set `true' on input line 128.
\c@subsubsubsection=\count167

(/usr/local/texlive/2015/texmf-dist/tex/latex/listings/lstlang1.sty
File: lstlang1.sty 2014/09/06 1.5e listings language file
)
(/usr/local/texlive/2015/texmf-dist/tex/latex/listings/lstlang1.sty
File: lstlang1.sty 2014/09/06 1.5e listings language file
)
(/usr/local/texlive/2015/texmf-dist/tex/latex/listings/lstmisc.sty
File: lstmisc.sty 2014/09/06 1.5e (Carsten Heinz)
))
Package csquotes Info: Checking for multilingual support...
Package csquotes Info: ... found 'babel' package.

(./DefinizioneDelProdotto_v.1.0.0.aux

LaTeX Warning: Label `NewChoicePathCommand' multiply defined.


LaTeX Warning: Label `fig:nodeAPI' multiply defined.


LaTeX Warning: Label `fig:nodeAPI' multiply defined.


LaTeX Warning: Label `fig:nodeAPI' multiply defined.


LaTeX Warning: Label `fig:nodeAPI' multiply defined.


LaTeX Warning: Label `fig:nodeAPI' multiply defined.

)
\openout1 = `DefinizioneDelProdotto_v.1.0.0.aux'.

LaTeX Font Info:    Checking defaults for OML/cmm/m/it on input line 33.
LaTeX Font Info:    ... okay on input line 33.
LaTeX Font Info:    Checking defaults for T1/cmr/m/n on input line 33.
LaTeX Font Info:    ... okay on input line 33.
LaTeX Font Info:    Checking defaults for OT1/cmr/m/n on input line 33.
LaTeX Font Info:    ... okay on input line 33.
LaTeX Font Info:    Checking defaults for OMS/cmsy/m/n on input line 33.
LaTeX Font Info:    ... okay on input line 33.
LaTeX Font Info:    Checking defaults for OMX/cmex/m/n on input line 33.
LaTeX Font Info:    ... okay on input line 33.
LaTeX Font Info:    Checking defaults for U/cmr/m/n on input line 33.
LaTeX Font Info:    ... okay on input line 33.
LaTeX Font Info:    Checking defaults for PD1/pdf/m/n on input line 33.
LaTeX Font Info:    ... okay on input line 33.
LaTeX Font Info:    Checking defaults for LY/yfrak/m/n on input line 33.
LaTeX Font Info:    ... okay on input line 33.
LaTeX Font Info:    Checking defaults for LYG/ygoth/m/n on input line 33.
LaTeX Font Info:    ... okay on input line 33.

*geometry* driver: auto-detecting
*geometry* detected driver: pdftex
*geometry* verbose mode - [ preamble ] result:
* driver: pdftex
* paper: a4paper
* layout: <same size as paper>
* layoutoffset:(h,v)=(0.0pt,0.0pt)
* modes: 
* h-part:(L,W,R)=(56.9055pt, 483.69687pt, 56.9055pt)
* v-part:(T,H,B)=(56.9055pt, 674.33032pt, 113.81102pt)
* \paperwidth=597.50787pt
* \paperheight=845.04684pt
* \textwidth=483.69687pt
* \textheight=674.33032pt
* \oddsidemargin=-15.36449pt
* \evensidemargin=-15.36449pt
* \topmargin=-52.36449pt
* \headheight=71.13188pt
* \headsep=25.0pt
* \topskip=12.0pt
* \footskip=30.0pt
* \marginparwidth=35.0pt
* \marginparsep=10.0pt
* \columnsep=10.0pt
* \skip\footins=10.8pt plus 4.0pt minus 2.0pt
* \hoffset=0.0pt
* \voffset=0.0pt
* \mag=1000
* \@twocolumnfalse
* \@twosidefalse
* \@mparswitchfalse
* \@reversemarginfalse
* (1in=72.27pt=25.4mm, 1cm=28.453pt)

LaTeX Info: Redefining \it@ocap on input line 33.
LaTeX Info: Redefining \it@ccap on input line 33.
(/usr/local/texlive/2015/texmf-dist/tex/context/base/supp-pdf.mkii
[Loading MPS to PDF converter (version 2006.09.02).]
\scratchcounter=\count168
\scratchdimen=\dimen186
\scratchbox=\box43
\nofMPsegments=\count169
\nofMParguments=\count170
\everyMPshowfont=\toks34
\MPscratchCnt=\count171
\MPscratchDim=\dimen187
\MPnumerator=\count172
\makeMPintoPDFobject=\count173
\everyMPtoPDFconversion=\toks35
) (/usr/local/texlive/2015/texmf-dist/tex/latex/oberdiek/epstopdf-base.sty
Package: epstopdf-base 2010/02/09 v2.5 Base part for package epstopdf

(/usr/local/texlive/2015/texmf-dist/tex/latex/oberdiek/grfext.sty
Package: grfext 2010/08/19 v1.1 Manage graphics extensions (HO)
)
Package grfext Info: Graphics extension search list:
(grfext)             [.png,.pdf,.jpg,.mps,.jpeg,.jbig2,.jb2,.PNG,.PDF,.JPG,.JPE
G,.JBIG2,.JB2,.eps]
(grfext)             \AppendGraphicsExtensions on input line 452.

(/usr/local/texlive/2015/texmf-dist/tex/latex/latexconfig/epstopdf-sys.cfg
File: epstopdf-sys.cfg 2010/07/13 v1.3 Configuration of (r)epstopdf for TeX Liv
e
))
\AtBeginShipoutBox=\box44
Package hyperref Info: Link coloring ON on input line 33.

(/usr/local/texlive/2015/texmf-dist/tex/latex/hyperref/nameref.sty
Package: nameref 2012/10/27 v2.43 Cross-referencing by name of section

(/usr/local/texlive/2015/texmf-dist/tex/generic/oberdiek/gettitlestring.sty
Package: gettitlestring 2010/12/03 v1.4 Cleanup title references (HO)
)
\c@section@level=\count174
)
LaTeX Info: Redefining \ref on input line 33.
LaTeX Info: Redefining \pageref on input line 33.
LaTeX Info: Redefining \nameref on input line 33.
Package lastpage Info: Please have a look at the pageslts package at
(lastpage)             https://www.ctan.org/pkg/pageslts
(lastpage)             ! on input line 33.
\c@lstlisting=\count175
Package caption Info: Begin \AtBeginDocument code.
Package caption Info: subfig package v1.3 is loaded.
Package caption Info: End \AtBeginDocument code.

(../../Template/firstpage.tex <../../logo.jpg, id=4, 572.1375pt x 572.1375pt>
File: ../../logo.jpg Graphic file (type jpg)

<use ../../logo.jpg>
Package pdftex.def Info: ../../logo.jpg used on input line 22.
(pdftex.def)             Requested size: 227.62pt x 227.62pt.

Overfull \hbox (7.0195pt too wide) in paragraph at lines 29--46
 [] 
 []

[1

{/usr/local/texlive/2015/texmf-var/fonts/map/pdftex/updmap/pdftex.map} <../../l
ogo.jpg>]) (../../Template/sommario.tex)
File: ../../logo.jpg Graphic file (type jpg)
 <use ../../logo.jpg>
Package pdftex.def Info: ../../logo.jpg used on input line 37.
(pdftex.def)             Requested size: 56.90282pt x 56.90282pt.
pdfTeX warning (ext4): destination with the same identifier (name{page.1}) has 
been already used, duplicate ignored
<to be read again> 
                   \relax 
l.37 	\newpage
               [1] (./parti/registroMod.tex
Underfull \hbox (badness 10000) in paragraph at lines 1--3

 []


Underfull \vbox (badness 10000) detected at line 60
 []

File: ../../logo.jpg Graphic file (type jpg)
<use ../../logo.jpg>
Package pdftex.def Info: ../../logo.jpg used on input line 68.
(pdftex.def)             Requested size: 56.90282pt x 56.90282pt.
 [2]
File: ../../logo.jpg Graphic file (type jpg)
 <use ../../logo.jpg>
Package pdftex.def Info: ../../logo.jpg used on input line 70.
(pdftex.def)             Requested size: 56.90282pt x 56.90282pt.
 [3]
Underfull \hbox (badness 10000) in paragraph at lines 71--73

 []


Underfull \hbox (badness 10000) in paragraph at lines 71--73

 []

)
File: ../../logo.jpg Graphic file (type jpg)
 <use ../../logo.jpg>
Package pdftex.def Info: ../../logo.jpg used on input line 39.
(pdftex.def)             Requested size: 56.90282pt x 56.90282pt.
 [4] (./DefinizioneDelProdotto_v.1.0.0.toc
File: ../../logo.jpg Graphic file (type jpg)

<use ../../logo.jpg>
Package pdftex.def Info: ../../logo.jpg used on input line 44.
(pdftex.def)             Requested size: 56.90282pt x 56.90282pt.
 [5]
File: ../../logo.jpg Graphic file (type jpg)
 <use ../../logo.jpg>
Package pdftex.def Info: ../../logo.jpg used on input line 89.
(pdftex.def)             Requested size: 56.90282pt x 56.90282pt.
 [6])
\tf@toc=\write3
\openout3 = `DefinizioneDelProdotto_v.1.0.0.toc'.

File: ../../logo.jpg Graphic file (type jpg)
 <use ../../logo.jpg>
Package pdftex.def Info: ../../logo.jpg used on input line 41.
(pdftex.def)             Requested size: 56.90282pt x 56.90282pt.

[7] (./DefinizioneDelProdotto_v.1.0.0.lof)
\tf@lof=\write4
\openout4 = `DefinizioneDelProdotto_v.1.0.0.lof'.


(./DefinizioneDelProdotto_v.1.0.0.lot)
\tf@lot=\write5
\openout5 = `DefinizioneDelProdotto_v.1.0.0.lot'.

File: ../../logo.jpg Graphic file (type jpg)
 <use ../../logo.jpg>
Package pdftex.def Info: ../../logo.jpg used on input line 44.
(pdftex.def)             Requested size: 56.90282pt x 56.90282pt.
 [8]
(./parti/introduzione.tex
LaTeX Font Info:    Try loading font information for OMS+cmr on input line 12.

(/usr/local/texlive/2015/texmf-dist/tex/latex/base/omscmr.fd
File: omscmr.fd 2014/09/29 v2.5h Standard LaTeX font definitions
)
LaTeX Font Info:    Font shape `OMS/cmr/m/n' in size <12> not available
(Font)              Font shape `OMS/cmsy/m/n' tried instead on input line 12.
LaTeX Font Info:    Try loading font information for T1+cmtt on input line 12.

(/usr/local/texlive/2015/texmf-dist/tex/latex/base/t1cmtt.fd
File: t1cmtt.fd 2014/09/29 v2.5h Standard LaTeX font definitions
)
Underfull \hbox (badness 10000) in paragraph at lines 22--23

 []

)
File: ../../logo.jpg Graphic file (type jpg)
 <use ../../logo.jpg>
Package pdftex.def Info: ../../logo.jpg used on input line 46.
(pdftex.def)             Requested size: 56.90282pt x 56.90282pt.
 [9] (./parti/descrizioneGenerale.tex

Package hyperref Warning: Token not allowed in a PDF string (PDFDocEncoding):
(hyperref)                removing `math shift' on input line 8.


Package hyperref Warning: Token not allowed in a PDF string (PDFDocEncoding):
(hyperref)                removing `subscript' on input line 8.


Package hyperref Warning: Token not allowed in a PDF string (PDFDocEncoding):
(hyperref)                removing `math shift' on input line 8.

File: ../../logo.jpg Graphic file (type jpg)
<use ../../logo.jpg>
Package pdftex.def Info: ../../logo.jpg used on input line 29.
(pdftex.def)             Requested size: 56.90282pt x 56.90282pt.
 [10])
File: ../../logo.jpg Graphic file (type jpg)
 <use ../../logo.jpg>
Package pdftex.def Info: ../../logo.jpg used on input line 48.
(pdftex.def)             Requested size: 56.90282pt x 56.90282pt.
 [11]
(./parti/standardProgetto.tex
Overfull \hbox (28.81946pt too wide) in paragraph at lines 3--4
\T1/cmr/m/n/12 Gli stan-dard di pro-get-ta-zio-ne ar-chi-tet-tu-ra-le so-no de-
fi-ni-ti nel do-cu-men-to [][]Spe-ci-fi-ca-Tec-ni-ca_v.2.0.0.pdf[][]. 
 []


Overfull \hbox (14.7953pt too wide) in paragraph at lines 14--15
\T1/cmr/m/n/12 Le re-go-le ti-po-gra-fi-che re-la-ti-ve ai no-mi del-le en-ti-t
à so-no de-fi-ni-te nel-le [][]Nor-me-Di-Pro-get-to_v.3.0.0.pdf[][]. 
 []

)
File: ../../logo.jpg Graphic file (type jpg)
 <use ../../logo.jpg>
Package pdftex.def Info: ../../logo.jpg used on input line 50.
(pdftex.def)             Requested size: 56.90282pt x 56.90282pt.
 [12] (./parti/specificaClassi.tex) (./parti/node.tex
<./images/nodeAPI.pdf, id=346, 541.99957pt x 475.24512pt>
File: ./images/nodeAPI.pdf Graphic file (type pdf)

<use ./images/nodeAPI.pdf>
Package pdftex.def Info: ./images/nodeAPI.pdf used on input line 13.
(pdftex.def)             Requested size: 433.60023pt x 380.1966pt.
File: ../../logo.jpg Graphic file (type jpg)
 <use ../../logo.jpg>
Package pdftex.def Info: ../../logo.jpg used on input line 24.
(pdftex.def)             Requested size: 56.90282pt x 56.90282pt.
 [13 <./images/nodeAPI.pdf>]
File: ../../logo.jpg Graphic file (type jpg)

<use ../../logo.jpg>
Package pdftex.def Info: ../../logo.jpg used on input line 78.
(pdftex.def)             Requested size: 56.90282pt x 56.90282pt.
 [14]
Overfull \hbox (22.10219pt too wide) in paragraph at lines 104--105
[]\T1/cmr/bx/n/12 POST \T1/cmr/m/n/12 /pri-va-te/a-pi/-pre-sen-ta-tion-s/-new/[
newPresentationName]/[oldPresentationName] 
 []

File: ../../logo.jpg Graphic file (type jpg)
<use ../../logo.jpg>
Package pdftex.def Info: ../../logo.jpg used on input line 135.
(pdftex.def)             Requested size: 56.90282pt x 56.90282pt.
 [15]
Overfull \hbox (11.83244pt too wide) in paragraph at lines 159--160
[]\T1/cmr/bx/n/12 DELETE \T1/cmr/m/n/12 /pri-va-te/a-pi/-pre-sen-ta-tion-s/[pre
sentationName]/delete/[type/[id_element]] 
 []

File: ../../logo.jpg Graphic file (type jpg)
<use ../../logo.jpg>
Package pdftex.def Info: ../../logo.jpg used on input line 196.
(pdftex.def)             Requested size: 56.90282pt x 56.90282pt.
 [16]
Overfull \hbox (52.16814pt too wide) in paragraph at lines 221--222
[]\T1/cmr/bx/n/12 descrizione: \T1/cmr/m/n/12 eli-mi-na il fi-le im-ma-gi-ne [i
ma-ge-na-me] dal-la car-tel-la /u-ser-s/[username]/images 
 []

File: ../../logo.jpg Graphic file (type jpg)
<use ../../logo.jpg>
Package pdftex.def Info: ../../logo.jpg used on input line 257.
(pdftex.def)             Requested size: 56.90282pt x 56.90282pt.
 [17]
Overfull \hbox (26.71599pt too wide) in paragraph at lines 257--258
[]\T1/cmr/bx/n/12 descrizione: \T1/cmr/m/n/12 eli-mi-na il fi-le au-dio [au-dio
-na-me] dal-la car-tel-la /u-ser-s/[username]/audios 
 []


Overfull \hbox (23.7792pt too wide) in paragraph at lines 293--294
[]\T1/cmr/bx/n/12 descrizione: \T1/cmr/m/n/12 eli-mi-na il fi-le vi-deo [vi-deo
-na-me] dal-la car-tel-la /u-ser-s/[username]/videos 
 []

)
File: ../../logo.jpg Graphic file (type jpg)
 <use ../../logo.jpg>
Package pdftex.def Info: ../../logo.jpg used on input line 54.
(pdftex.def)             Requested size: 56.90282pt x 56.90282pt.
 [18] (./parti/model.tex (./parti/modelSSE-IER.tex
Underfull \hbox (badness 10000) in paragraph at lines 2--1

 []


Underfull \hbox (badness 10000) in paragraph at lines 2--1

 []

File: ../../logo.jpg Graphic file (type jpg)
<use ../../logo.jpg>
Package pdftex.def Info: ../../logo.jpg used on input line 36.
(pdftex.def)             Requested size: 56.90282pt x 56.90282pt.
 [19]
File: ../../logo.jpg Graphic file (type jpg)
 <use ../../logo.jpg>
Package pdftex.def Info: ../../logo.jpg used on input line 81.
(pdftex.def)             Requested size: 56.90282pt x 56.90282pt.
 [20]
File: ../../logo.jpg Graphic file (type jpg)
 <use ../../logo.jpg>
Package pdftex.def Info: ../../logo.jpg used on input line 125.
(pdftex.def)             Requested size: 56.90282pt x 56.90282pt.

[21]
File: ../../logo.jpg Graphic file (type jpg)
 <use ../../logo.jpg>
Package pdftex.def Info: ../../logo.jpg used on input line 183.
(pdftex.def)             Requested size: 56.90282pt x 56.90282pt.
 [22]
File: ../../logo.jpg Graphic file (type jpg)
 <use ../../logo.jpg>
Package pdftex.def Info: ../../logo.jpg used on input line 238.
(pdftex.def)             Requested size: 56.90282pt x 56.90282pt.
 [23]
File: ../../logo.jpg Graphic file (type jpg)
 <use ../../logo.jpg>
Package pdftex.def Info: ../../logo.jpg used on input line 295.
(pdftex.def)             Requested size: 56.90282pt x 56.90282pt.

[24]
File: ../../logo.jpg Graphic file (type jpg)
 <use ../../logo.jpg>
Package pdftex.def Info: ../../logo.jpg used on input line 336.
(pdftex.def)             Requested size: 56.90282pt x 56.90282pt.
 [25]
File: ../../logo.jpg Graphic file (type jpg)
 <use ../../logo.jpg>
Package pdftex.def Info: ../../logo.jpg used on input line 383.
(pdftex.def)             Requested size: 56.90282pt x 56.90282pt.
 [26]
File: ../../logo.jpg Graphic file (type jpg)
 <use ../../logo.jpg>
Package pdftex.def Info: ../../logo.jpg used on input line 422.
(pdftex.def)             Requested size: 56.90282pt x 56.90282pt.

[27]
File: ../../logo.jpg Graphic file (type jpg)
 <use ../../logo.jpg>
Package pdftex.def Info: ../../logo.jpg used on input line 462.
(pdftex.def)             Requested size: 56.90282pt x 56.90282pt.
 [28]
File: ../../logo.jpg Graphic file (type jpg)
 <use ../../logo.jpg>
Package pdftex.def Info: ../../logo.jpg used on input line 492.
(pdftex.def)             Requested size: 56.90282pt x 56.90282pt.
 [29]
File: ../../logo.jpg Graphic file (type jpg)
 <use ../../logo.jpg>
Package pdftex.def Info: ../../logo.jpg used on input line 524.
(pdftex.def)             Requested size: 56.90282pt x 56.90282pt.

[30]
Overfull \hbox (10.43257pt too wide) in paragraph at lines 529--530
[]\T1/cmr/bx/n/12 Descrizione\T1/cmr/m/n/12 : ag-giun-ge il fra-me spec.id nel 
per-cor-so prin-ci-pa-le nel-la po-si-zio-ne spec.pos. 
 []

)
File: ../../logo.jpg Graphic file (type jpg)
 <use ../../logo.jpg>
Package pdftex.def Info: ../../logo.jpg used on input line 6.
(pdftex.def)             Requested size: 56.90282pt x 56.90282pt.
 [31] (./parti/modelCommand.tex
File: ../../logo.jpg Graphic file (type jpg)
 <use ../../logo.jpg>
Package pdftex.def Info: ../../logo.jpg used on input line 48.
(pdftex.def)             Requested size: 56.90282pt x 56.90282pt.

[32]
File: ../../logo.jpg Graphic file (type jpg)
 <use ../../logo.jpg>
Package pdftex.def Info: ../../logo.jpg used on input line 98.
(pdftex.def)             Requested size: 56.90282pt x 56.90282pt.
 [33]
Underfull \hbox (badness 10000) in paragraph at lines 100--101

 []

File: ../../logo.jpg Graphic file (type jpg)
<use ../../logo.jpg>
Package pdftex.def Info: ../../logo.jpg used on input line 143.
(pdftex.def)             Requested size: 56.90282pt x 56.90282pt.
 [34]
File: ../../logo.jpg Graphic file (type jpg)
 <use ../../logo.jpg>
Package pdftex.def Info: ../../logo.jpg used on input line 182.
(pdftex.def)             Requested size: 56.90282pt x 56.90282pt.
 [35]
Overfull \hbox (46.41223pt too wide) in paragraph at lines 198--205
[]\T1/cmr/m/n/12 Model::SlideShow::SlideShowActions::Command::AbstractCommand::
-ConcreteTextInsertCommand. 
 []

File: ../../logo.jpg Graphic file (type jpg)
<use ../../logo.jpg>
Package pdftex.def Info: ../../logo.jpg used on input line 220.
(pdftex.def)             Requested size: 56.90282pt x 56.90282pt.
 [36]
Overfull \hbox (55.05734pt too wide) in paragraph at lines 229--235
[]\T1/cmr/m/n/12 Model::SlideShow::SlideShowActions::Command::AbstractCommand::
-ConcreteFrameInsertCommand. 
 []


Underfull \hbox (badness 10000) in paragraph at lines 229--235

 []


Overfull \hbox (53.91318pt too wide) in paragraph at lines 261--267
[]\T1/cmr/m/n/12 Model::SlideShow::SlideShowActions::Command::AbstractCommand::
-ConcreteImageInsertCommand. 
 []


Underfull \hbox (badness 10000) in paragraph at lines 261--267

 []

File: ../../logo.jpg Graphic file (type jpg)
<use ../../logo.jpg>
Package pdftex.def Info: ../../logo.jpg used on input line 267.
(pdftex.def)             Requested size: 56.90282pt x 56.90282pt.
 [37]
Overfull \hbox (47.14122pt too wide) in paragraph at lines 293--299
[]\T1/cmr/m/n/12 Model::SlideShow::SlideShowActions::Command::AbstractCommand::
-ConcreteSVGInsertCommand. 
 []


Underfull \hbox (badness 10000) in paragraph at lines 293--299

 []

File: ../../logo.jpg Graphic file (type jpg)
<use ../../logo.jpg>
Package pdftex.def Info: ../../logo.jpg used on input line 310.
(pdftex.def)             Requested size: 56.90282pt x 56.90282pt.
 [38]
Overfull \hbox (53.91316pt too wide) in paragraph at lines 325--332
[]\T1/cmr/m/n/12 Model::SlideShow::SlideShowActions::Command::AbstractCommand::
-ConcreteAudioInsertCommand. 
 []


Overfull \hbox (51.62901pt too wide) in paragraph at lines 356--362
[]\T1/cmr/m/n/12 Model::SlideShow::SlideShowActions::Command::AbstractCommand::
-ConcreteVideoInsertCommand. 
 []


Underfull \hbox (badness 10000) in paragraph at lines 356--362

 []

File: ../../logo.jpg Graphic file (type jpg)
<use ../../logo.jpg>
Package pdftex.def Info: ../../logo.jpg used on input line 362.
(pdftex.def)             Requested size: 56.90282pt x 56.90282pt.
 [39]
Overfull \hbox (84.09883pt too wide) in paragraph at lines 388--395
[]\T1/cmr/m/n/12 Model::SlideShow::SlideShowActions::Command::AbstractCommand::
-ConcreteBackgroundInsertCommand. 
 []

File: ../../logo.jpg Graphic file (type jpg)
<use ../../logo.jpg>
Package pdftex.def Info: ../../logo.jpg used on input line 401.
(pdftex.def)             Requested size: 56.90282pt x 56.90282pt.
 [40]
Overfull \hbox (131.11975pt too wide) in paragraph at lines 434--435
[]\T1/cmr/bx/n/12 Descrizione\T1/cmr/m/n/12 : vie-ne in-vo-ca-to il me-to-do In
-ser-tE-di-tRe-mo-ve::insertBackground(SlideShowElement::Background)
 []


Overfull \hbox (56.95412pt too wide) in paragraph at lines 441--448
[]\T1/cmr/m/n/12 Model::SlideShow::SlideShowActions::Command::AbstractCommand::
-ConcreteTextRemoveCommand. 
 []

File: ../../logo.jpg Graphic file (type jpg)
<use ../../logo.jpg>
Package pdftex.def Info: ../../logo.jpg used on input line 448.
(pdftex.def)             Requested size: 56.90282pt x 56.90282pt.
 [41]
Overfull \hbox (65.59923pt too wide) in paragraph at lines 482--489
[]\T1/cmr/m/n/12 Model::SlideShow::SlideShowActions::Command::AbstractCommand::
-ConcreteFrameRemoveCommand. 
 []

File: ../../logo.jpg Graphic file (type jpg)
<use ../../logo.jpg>
Package pdftex.def Info: ../../logo.jpg used on input line 489.
(pdftex.def)             Requested size: 56.90282pt x 56.90282pt.
 [42]
Overfull \hbox (64.45506pt too wide) in paragraph at lines 523--530
[]\T1/cmr/m/n/12 Model::SlideShow::SlideShowActions::Command::AbstractCommand::
-ConcreteImageRemoveCommand. 
 []

File: ../../logo.jpg Graphic file (type jpg)
<use ../../logo.jpg>
Package pdftex.def Info: ../../logo.jpg used on input line 530.
(pdftex.def)             Requested size: 56.90282pt x 56.90282pt.
 [43]
Overfull \hbox (57.6831pt too wide) in paragraph at lines 564--571
[]\T1/cmr/m/n/12 Model::SlideShow::SlideShowActions::Command::AbstractCommand::
-ConcreteSVGRemoveCommand. 
 []

File: ../../logo.jpg Graphic file (type jpg)
<use ../../logo.jpg>
Package pdftex.def Info: ../../logo.jpg used on input line 571.
(pdftex.def)             Requested size: 56.90282pt x 56.90282pt.
 [44]
Overfull \hbox (64.45505pt too wide) in paragraph at lines 605--612
[]\T1/cmr/m/n/12 Model::SlideShow::SlideShowActions::Command::AbstractCommand::
-ConcreteAudioRemoveCommand. 
 []

File: ../../logo.jpg Graphic file (type jpg)
<use ../../logo.jpg>
Package pdftex.def Info: ../../logo.jpg used on input line 612.
(pdftex.def)             Requested size: 56.90282pt x 56.90282pt.
 [45]
Overfull \hbox (62.1709pt too wide) in paragraph at lines 646--653
[]\T1/cmr/m/n/12 Model::SlideShow::SlideShowActions::Command::AbstractCommand::
-ConcreteVideoRemoveCommand. 
 []

File: ../../logo.jpg Graphic file (type jpg)
<use ../../logo.jpg>
Package pdftex.def Info: ../../logo.jpg used on input line 653.
(pdftex.def)             Requested size: 56.90282pt x 56.90282pt.
 [46]
Overfull \hbox (57.18039pt too wide) in paragraph at lines 687--694
[]\T1/cmr/m/n/12 Model::SlideShow::SlideShowActions::Command::AbstractCommand::
-ConcreteEditPositionCommand. 
 []

File: ../../logo.jpg Graphic file (type jpg)
<use ../../logo.jpg>
Package pdftex.def Info: ../../logo.jpg used on input line 694.
(pdftex.def)             Requested size: 56.90282pt x 56.90282pt.
 [47]
File: ../../logo.jpg Graphic file (type jpg)
 <use ../../logo.jpg>
Package pdftex.def Info: ../../logo.jpg used on input line 741.
(pdftex.def)             Requested size: 56.90282pt x 56.90282pt.
 [48]
Overfull \hbox (9.93509pt too wide) in paragraph at lines 746--747
\T1/cmr/m/n/12 me pa-ra-me-tro il cam-po da-ti old-Po-si-tion. In-vo-ca il me-t
o-do muo-viE-le-men-to(oldPosition)
 []


Overfull \hbox (60.70454pt too wide) in paragraph at lines 753--760
[]\T1/cmr/m/n/12 Model::SlideShow::SlideShowActions::Command::AbstractCommand::
-ConcreteEditRotationCommand. 
 []

File: ../../logo.jpg Graphic file (type jpg)
<use ../../logo.jpg>
Package pdftex.def Info: ../../logo.jpg used on input line 792.
(pdftex.def)             Requested size: 56.90282pt x 56.90282pt.
 [49]
Overfull \hbox (13.39403pt too wide) in paragraph at lines 806--807
\T1/cmr/m/n/12 me pa-ra-me-tro il cam-po da-ti ol-dRo-ta-tion. In-vo-ca il me-t
o-do ruo-taE-le-men-to(oldRotation)
 []


Overfull \hbox (35.74399pt too wide) in paragraph at lines 813--820
[]\T1/cmr/m/n/12 Model::SlideShow::SlideShowActions::Command::AbstractCommand::
-ConcreteEditSizeCommand. 
 []

File: ../../logo.jpg Graphic file (type jpg)
<use ../../logo.jpg>
Package pdftex.def Info: ../../logo.jpg used on input line 835.
(pdftex.def)             Requested size: 56.90282pt x 56.90282pt.
 [50]
Overfull \hbox (56.6278pt too wide) in paragraph at lines 879--886
[]\T1/cmr/m/n/12 Model::SlideShow::SlideShowActions::Command::AbstractCommand::
-ConcreteEditContentCommand. 
 []

File: ../../logo.jpg Graphic file (type jpg)
<use ../../logo.jpg>
Package pdftex.def Info: ../../logo.jpg used on input line 886.
(pdftex.def)             Requested size: 56.90282pt x 56.90282pt.
 [51]
File: ../../logo.jpg Graphic file (type jpg)
 <use ../../logo.jpg>
Package pdftex.def Info: ../../logo.jpg used on input line 930.
(pdftex.def)             Requested size: 56.90282pt x 56.90282pt.
 [52]
Overfull \hbox (76.6937pt too wide) in paragraph at lines 939--946
[]\T1/cmr/m/n/12 Model::SlideShow::SlideShowActions::Command::AbstractCommand::
-ConcreteEditBackgroundCommand. 
 []

File: ../../logo.jpg Graphic file (type jpg)
<use ../../logo.jpg>
Package pdftex.def Info: ../../logo.jpg used on input line 982.
(pdftex.def)             Requested size: 56.90282pt x 56.90282pt.
 [53]
Overfull \hbox (43.57541pt too wide) in paragraph at lines 1005--1012
[]\T1/cmr/m/n/12 Model::SlideShow::SlideShowActions::Command::AbstractCommand::
-ConcreteEditColorCommand. 
 []

File: ../../logo.jpg Graphic file (type jpg)
<use ../../logo.jpg>
Package pdftex.def Info: ../../logo.jpg used on input line 1023.
(pdftex.def)             Requested size: 56.90282pt x 56.90282pt.
 [54]
Overfull \hbox (38.84184pt too wide) in paragraph at lines 1065--1072
[]\T1/cmr/m/n/12 Model::SlideShow::SlideShowActions::Command::AbstractCommand::
-ConcreteEditFontCommand. 
 []

File: ../../logo.jpg Graphic file (type jpg)
<use ../../logo.jpg>
Package pdftex.def Info: ../../logo.jpg used on input line 1073.
(pdftex.def)             Requested size: 56.90282pt x 56.90282pt.
 [55]
File: ../../logo.jpg Graphic file (type jpg)
 <use ../../logo.jpg>
Package pdftex.def Info: ../../logo.jpg used on input line 1119.
(pdftex.def)             Requested size: 56.90282pt x 56.90282pt.
 [56]
Overfull \hbox (38.84184pt too wide) in paragraph at lines 1125--1132
[]\T1/cmr/m/n/12 Model::SlideShow::SlideShowActions::Command::AbstractCommand::
-ConcreteEditFontCommand. 
 []

File: ../../logo.jpg Graphic file (type jpg)
<use ../../logo.jpg>
Package pdftex.def Info: ../../logo.jpg used on input line 1173.
(pdftex.def)             Requested size: 56.90282pt x 56.90282pt.
 [57]
Overfull \hbox (54.66574pt too wide) in paragraph at lines 1185--1192
[]\T1/cmr/m/n/12 Model::SlideShow::SlideShowActions::Command::AbstractCommand::
-ConcretePortaAvantiCommand. 
 []

File: ../../logo.jpg Graphic file (type jpg)
<use ../../logo.jpg>
Package pdftex.def Info: ../../logo.jpg used on input line 1225.
(pdftex.def)             Requested size: 56.90282pt x 56.90282pt.
 [58]
Overfull \hbox (54.1784pt too wide) in paragraph at lines 1240--1247
[]\T1/cmr/m/n/12 Model::SlideShow::SlideShowActions::Command::AbstractCommand::
-ConcretePortaDietroCommand. 
 []

File: ../../logo.jpg Graphic file (type jpg)
<use ../../logo.jpg>
Package pdftex.def Info: ../../logo.jpg used on input line 1275.
(pdftex.def)             Requested size: 56.90282pt x 56.90282pt.
 [59]
Overfull \hbox (75.87169pt too wide) in paragraph at lines 1295--1301
[]\T1/cmr/m/n/12 Model::SlideShow::SlideShowActions::Command::AbstractCommand::
-concreteAddToMainPathCommand. 
 []


Underfull \hbox (badness 10000) in paragraph at lines 1295--1301

 []


Overfull \hbox (0.82245pt too wide) in paragraph at lines 1314--1315
[]\T1/cmr/bx/n/12 Descrizione\T1/cmr/m/n/12 : in-vo-ca il me-to-do In-ser-tE-di
-tRe-mo-ve::addFrameToMainPath(spec) pas-
 []

File: ../../logo.jpg Graphic file (type jpg)
<use ../../logo.jpg>
Package pdftex.def Info: ../../logo.jpg used on input line 1318.
(pdftex.def)             Requested size: 56.90282pt x 56.90282pt.
 [60]
Overfull \hbox (5.97816pt too wide) in paragraph at lines 1320--1321
[]\T1/cmr/bx/n/12 Descrizione\T1/cmr/m/n/12 : in-vo-ca il me-to-do In-ser-tE-di
-tRe-mo-ve::removeFrameToMainPath(id) pas-
 []


Overfull \hbox (108.17628pt too wide) in paragraph at lines 1327--1334
[]\T1/cmr/m/n/12 Model::SlideShow::SlideShowActions::Command::AbstractCommand::
-concreteRemoveFromMainPathCommand. 
 []

File: ../../logo.jpg Graphic file (type jpg)
<use ../../logo.jpg>
Package pdftex.def Info: ../../logo.jpg used on input line 1367.
(pdftex.def)             Requested size: 56.90282pt x 56.90282pt.
 [61]
Overfull \hbox (8.09706pt too wide) in paragraph at lines 1368--1369
[]\T1/cmr/bx/n/12 Descrizione\T1/cmr/m/n/12 : in-vo-ca il me-to-do In-ser-tE-di
-tRe-mo-ve::removeFrameFromMainPath(spec)
 []


Overfull \hbox (27.81274pt too wide) in paragraph at lines 1374--1375
\T1/cmr/m/n/12 san-do co-me pa-ra-me-tro l'og-get-to ol-d-Fra-me. In-vo-ca il m
e-to-do ag-giun-gi-Main-Path(oldFrame)
 []


Overfull \hbox (74.89696pt too wide) in paragraph at lines 1381--1388
[]\T1/cmr/m/n/12 Model::SlideShow::SlideShowActions::Command::AbstractCommand::
-ConcreteNewChoicePathCommand. 
 []

File: ../../logo.jpg Graphic file (type jpg)
<use ../../logo.jpg>
Package pdftex.def Info: ../../logo.jpg used on input line 1408.
(pdftex.def)             Requested size: 56.90282pt x 56.90282pt.
 [62]
Overfull \hbox (74.89696pt too wide) in paragraph at lines 1420--1427
[]\T1/cmr/m/n/12 Model::SlideShow::SlideShowActions::Command::AbstractCommand::
-ConcreteNewChoicePathCommand. 
 []

File: ../../logo.jpg Graphic file (type jpg)
<use ../../logo.jpg>
Package pdftex.def Info: ../../logo.jpg used on input line 1454.
(pdftex.def)             Requested size: 56.90282pt x 56.90282pt.
 [63]
Overfull \hbox (84.85149pt too wide) in paragraph at lines 1461--1468
[]\T1/cmr/m/n/12 Model::SlideShow::SlideShowActions::Command::AbstractCommand::
-ConcreteDeleteChoicePathCommand. 
 []


Overfull \hbox (119.60129pt too wide) in paragraph at lines 1502--1509
[]\T1/cmr/m/n/12 Model::SlideShow::SlideShowActions::Command::AbstractCommand::
-ConcreteRemoveFromChoicePathCommand. 
 []

File: ../../logo.jpg Graphic file (type jpg)
<use ../../logo.jpg>
Package pdftex.def Info: ../../logo.jpg used on input line 1509.
(pdftex.def)             Requested size: 56.90282pt x 56.90282pt.
 [64]
Overfull \hbox (19.52203pt too wide) in paragraph at lines 1529--1530
[]\T1/cmr/bx/n/12 Descrizione\T1/cmr/m/n/12 : in-vo-ca il me-to-do In-ser-tE-di
-tRe-mo-ve::removeFrameFromChoicePath(spec).
 []


Overfull \hbox (87.29669pt too wide) in paragraph at lines 1543--1549
[]\T1/cmr/m/n/12 Model::SlideShow::SlideShowActions::Command::AbstractCommand::
-ConcreteAddToChoicePathCommand. 
 []


Underfull \hbox (badness 10000) in paragraph at lines 1543--1549

 []

File: ../../logo.jpg Graphic file (type jpg)
<use ../../logo.jpg>
Package pdftex.def Info: ../../logo.jpg used on input line 1549.
(pdftex.def)             Requested size: 56.90282pt x 56.90282pt.
 [65]
Overfull \hbox (16.25896pt too wide) in paragraph at lines 1568--1569
[]\T1/cmr/bx/n/12 Descrizione\T1/cmr/m/n/12 : in-vo-ca il me-to-do In-ser-tE-di
-tRe-mo-ve::removeFrameFromChoicePath(spec)
 []


Overfull \hbox (79.1348pt too wide) in paragraph at lines 1576--1582
[]\T1/cmr/m/n/12 Model::SlideShow::SlideShowActions::Command::AbstractCommand::
-ConcreteAddToMainPathCommand. 
 []


Underfull \hbox (badness 10000) in paragraph at lines 1576--1582

 []

File: ../../logo.jpg Graphic file (type jpg)
<use ../../logo.jpg>
Package pdftex.def Info: ../../logo.jpg used on input line 1593.
(pdftex.def)             Requested size: 56.90282pt x 56.90282pt.
 [66]
Overfull \hbox (8.09706pt too wide) in paragraph at lines 1601--1602
[]\T1/cmr/bx/n/12 Descrizione\T1/cmr/m/n/12 : in-vo-ca il me-to-do In-ser-tE-di
-tRe-mo-ve::removeFrameFromMainPath(spec)
 []


Overfull \hbox (111.43939pt too wide) in paragraph at lines 1609--1615
[]\T1/cmr/m/n/12 Model::SlideShow::SlideShowActions::Command::AbstractCommand::
-ConcreteRemoveFromMainPathCommand. 
 []


Underfull \hbox (badness 10000) in paragraph at lines 1609--1615

 []


Overfull \hbox (11.36014pt too wide) in paragraph at lines 1628--1629
[]\T1/cmr/bx/n/12 Descrizione\T1/cmr/m/n/12 : in-vo-ca il me-to-do In-ser-tE-di
-tRe-mo-ve::removeFrameFromMainPath(spec).
 []

File: ../../logo.jpg Graphic file (type jpg)
<use ../../logo.jpg>
Package pdftex.def Info: ../../logo.jpg used on input line 1635.
(pdftex.def)             Requested size: 56.90282pt x 56.90282pt.
 [67])
File: ../../logo.jpg Graphic file (type jpg)
 <use ../../logo.jpg>
Package pdftex.def Info: ../../logo.jpg used on input line 8.
(pdftex.def)             Requested size: 56.90282pt x 56.90282pt.
 [68] (./parti/loader.tex
<./images/Loader.pdf, id=805, 241.31706pt x 130.29198pt>
File: ./images/Loader.pdf Graphic file (type pdf)

<use ./images/Loader.pdf>
Package pdftex.def Info: ./images/Loader.pdf used on input line 6.
(pdftex.def)             Requested size: 193.05391pt x 104.2337pt.
File: ../../logo.jpg Graphic file (type jpg)
 <use ../../logo.jpg>
Package pdftex.def Info: ../../logo.jpg used on input line 45.
(pdftex.def)             Requested size: 56.90282pt x 56.90282pt.
 [69 <./images/Loader.pdf>])
File: ../../logo.jpg Graphic file (type jpg)

<use ../../logo.jpg>
Package pdftex.def Info: ../../logo.jpg used on input line 10.
(pdftex.def)             Requested size: 56.90282pt x 56.90282pt.
 [70] (./parti/accessControll.tex
<./images/Registration.pdf, id=834, 261.92174pt x 95.90741pt>
File: ./images/Registration.pdf Graphic file (type pdf)

<use ./images/Registration.pdf>
Package pdftex.def Info: ./images/Registration.pdf used on input line 6.
(pdftex.def)             Requested size: 209.53767pt x 76.72601pt.

<./images/Authentication.pdf, id=835, 406.91264pt x 151.34593pt>
File: ./images/Authentication.pdf Graphic file (type pdf)

<use ./images/Authentication.pdf>
Package pdftex.def Info: ./images/Authentication.pdf used on input line 42.
(pdftex.def)             Requested size: 325.53055pt x 121.07689pt.
File: ../../logo.jpg Graphic file (type jpg)
 <use ../../logo.jpg>
Package pdftex.def Info: ../../logo.jpg used on input line 49.
(pdftex.def)             Requested size: 56.90282pt x 56.90282pt.
 [71 <./images/Registration.pdf> <./images/Authentication.pdf>])
File: ../../logo.jpg Graphic file (type jpg)
 <use ../../logo.jpg>
Package pdftex.def Info: ../../logo.jpg used on input line 12.
(pdftex.def)             Requested size: 56.90282pt x 56.90282pt.
 [72]
(./parti/mongoRelation.tex
<./images/mongoRelation.pdf, id=885, 387.72961pt x 151.06969pt>
File: ./images/mongoRelation.pdf Graphic file (type pdf)

<use ./images/mongoRelation.pdf>
Package pdftex.def Info: ./images/mongoRelation.pdf used on input line 6.
(pdftex.def)             Requested size: 310.18411pt x 120.8559pt.

Overfull \hbox (13.76387pt too wide) in paragraph at lines 30--31
\T1/cmr/m/n/12 "/pri-va-te/a-pi/-pre-sen-ta-tion-s/-new/[nameOldPresentation]/[
nameNewPresentation] PO-
 []

File: ../../logo.jpg Graphic file (type jpg)
<use ../../logo.jpg>
Package pdftex.def Info: ../../logo.jpg used on input line 39.
(pdftex.def)             Requested size: 56.90282pt x 56.90282pt.
 [73 <./images/mongoRelation.pdf>]
Overfull \hbox (1.862pt too wide) in paragraph at lines 62--63
[]\T1/cmr/bx/n/12 deleteElement(namePresentation: string, ty-peO-bj : string, i
dE-le-ment : string,
 []


Overfull \hbox (14.0207pt too wide) in paragraph at lines 65--66
\T1/cmr/m/n/12 "/pri-va-te/a-pi/-pre-sen-ta-tion-s/[namePresentation]/[typeObj]
/[idElement] DE-LE-TE" per
 []


Overfull \hbox (4.14409pt too wide) in paragraph at lines 72--73
\T1/cmr/m/n/12 "/pri-va-te/a-pi/-pre-sen-ta-tion-s/[namePresentation]/element P
O-ST" per in-se-ri-re un nuo-
 []

File: ../../logo.jpg Graphic file (type jpg)
<use ../../logo.jpg>
Package pdftex.def Info: ../../logo.jpg used on input line 79.
(pdftex.def)             Requested size: 56.90282pt x 56.90282pt.
 [74])
File: ../../logo.jpg Graphic file (type jpg)
 <use ../../logo.jpg>
Package pdftex.def Info: ../../logo.jpg used on input line 14.
(pdftex.def)             Requested size: 56.90282pt x 56.90282pt.
 [75]
(./parti/fileServerRelation.tex
<./images/fileServerRelation.pdf, id=921, 279.7969pt x 167.86284pt>
File: ./images/fileServerRelation.pdf Graphic file (type pdf)

<use ./images/fileServerRelation.pdf>
Package pdftex.def Info: ./images/fileServerRelation.pdf used on input line 6.
(pdftex.def)             Requested size: 223.83781pt x 134.29044pt.
File: ../../logo.jpg Graphic file (type jpg)
 <use ../../logo.jpg>
Package pdftex.def Info: ../../logo.jpg used on input line 44.
(pdftex.def)             Requested size: 56.90282pt x 56.90282pt.
 [76 <./images/fileServerRelation.pdf>]))
File: ../../logo.jpg Graphic file (type jpg)
 <use ../../logo.jpg>
Package pdftex.def Info: ../../logo.jpg used on input line 56.
(pdftex.def)             Requested size: 56.90282pt x 56.90282pt.
 [77] (./parti/controller.tex
Underfull \hbox (badness 10000) in paragraph at lines 3--6

 []

File: ../../logo.jpg Graphic file (type jpg)
<use ../../logo.jpg>
Package pdftex.def Info: ../../logo.jpg used on input line 39.
(pdftex.def)             Requested size: 56.90282pt x 56.90282pt.
 [78]
File: ../../logo.jpg Graphic file (type jpg)
 <use ../../logo.jpg>
Package pdftex.def Info: ../../logo.jpg used on input line 79.
(pdftex.def)             Requested size: 56.90282pt x 56.90282pt.
 [79]
File: ../../logo.jpg Graphic file (type jpg)
 <use ../../logo.jpg>
Package pdftex.def Info: ../../logo.jpg used on input line 115.
(pdftex.def)             Requested size: 56.90282pt x 56.90282pt.

[80]
Overfull \hbox (58.80844pt too wide) in paragraph at lines 145--146
[]\T1/cmr/bx/n/12 Descrizione\T1/cmr/m/n/12 : me-to-do che in-via una ri-chie-s
ta XM-LHtt-pRe-que-st a \T1/cmr/m/it/12 [hostname]-/private/api/files/-
 []

File: ../../logo.jpg Graphic file (type jpg)
<use ../../logo.jpg>
Package pdftex.def Info: ../../logo.jpg used on input line 157.
(pdftex.def)             Requested size: 56.90282pt x 56.90282pt.
 [81]
File: ../../logo.jpg Graphic file (type jpg)
 <use ../../logo.jpg>
Package pdftex.def Info: ../../logo.jpg used on input line 200.
(pdftex.def)             Requested size: 56.90282pt x 56.90282pt.
 [82]
Underfull \hbox (badness 10000) in paragraph at lines 230--231

 []

File: ../../logo.jpg Graphic file (type jpg)
<use ../../logo.jpg>
Package pdftex.def Info: ../../logo.jpg used on input line 244.
(pdftex.def)             Requested size: 56.90282pt x 56.90282pt.
 [83]
File: ../../logo.jpg Graphic file (type jpg)
 <use ../../logo.jpg>
Package pdftex.def Info: ../../logo.jpg used on input line 283.
(pdftex.def)             Requested size: 56.90282pt x 56.90282pt.
 [84]
File: ../../logo.jpg Graphic file (type jpg)
 <use ../../logo.jpg>
Package pdftex.def Info: ../../logo.jpg used on input line 321.
(pdftex.def)             Requested size: 56.90282pt x 56.90282pt.

[85]
File: ../../logo.jpg Graphic file (type jpg)
 <use ../../logo.jpg>
Package pdftex.def Info: ../../logo.jpg used on input line 360.
(pdftex.def)             Requested size: 56.90282pt x 56.90282pt.
 [86]
Underfull \hbox (badness 10000) in paragraph at lines 396--397

 []

File: ../../logo.jpg Graphic file (type jpg)
<use ../../logo.jpg>
Package pdftex.def Info: ../../logo.jpg used on input line 398.
(pdftex.def)             Requested size: 56.90282pt x 56.90282pt.
 [87]
File: ../../logo.jpg Graphic file (type jpg)
 <use ../../logo.jpg>
Package pdftex.def Info: ../../logo.jpg used on input line 441.
(pdftex.def)             Requested size: 56.90282pt x 56.90282pt.
 [88]
Underfull \hbox (badness 10000) in paragraph at lines 448--449

 []

File: ../../logo.jpg Graphic file (type jpg)
<use ../../logo.jpg>
Package pdftex.def Info: ../../logo.jpg used on input line 480.
(pdftex.def)             Requested size: 56.90282pt x 56.90282pt.
 [89]
File: ../../logo.jpg Graphic file (type jpg)
 <use ../../logo.jpg>
Package pdftex.def Info: ../../logo.jpg used on input line 514.
(pdftex.def)             Requested size: 56.90282pt x 56.90282pt.
 [90]
Underfull \hbox (badness 10000) in paragraph at lines 515--516

 []

File: ../../logo.jpg Graphic file (type jpg)
<use ../../logo.jpg>
Package pdftex.def Info: ../../logo.jpg used on input line 553.
(pdftex.def)             Requested size: 56.90282pt x 56.90282pt.
 [91]
Underfull \hbox (badness 10000) in paragraph at lines 585--589

 []

File: ../../logo.jpg Graphic file (type jpg)
<use ../../logo.jpg>
Package pdftex.def Info: ../../logo.jpg used on input line 589.
(pdftex.def)             Requested size: 56.90282pt x 56.90282pt.
 [92]
File: ../../logo.jpg Graphic file (type jpg)
 <use ../../logo.jpg>
Package pdftex.def Info: ../../logo.jpg used on input line 623.
(pdftex.def)             Requested size: 56.90282pt x 56.90282pt.
 [93]
Underfull \hbox (badness 10000) in paragraph at lines 637--638

 []

File: ../../logo.jpg Graphic file (type jpg)
<use ../../logo.jpg>
Package pdftex.def Info: ../../logo.jpg used on input line 662.
(pdftex.def)             Requested size: 56.90282pt x 56.90282pt.
 [94]
File: ../../logo.jpg Graphic file (type jpg)
 <use ../../logo.jpg>
Package pdftex.def Info: ../../logo.jpg used on input line 695.
(pdftex.def)             Requested size: 56.90282pt x 56.90282pt.
 [95]
File: ../../logo.jpg Graphic file (type jpg)
 <use ../../logo.jpg>
Package pdftex.def Info: ../../logo.jpg used on input line 713.
(pdftex.def)             Requested size: 56.90282pt x 56.90282pt.

[96]
File: ../../logo.jpg Graphic file (type jpg)
 <use ../../logo.jpg>
Package pdftex.def Info: ../../logo.jpg used on input line 747.
(pdftex.def)             Requested size: 56.90282pt x 56.90282pt.
 [97]
File: ../../logo.jpg Graphic file (type jpg)
 <use ../../logo.jpg>
Package pdftex.def Info: ../../logo.jpg used on input line 779.
(pdftex.def)             Requested size: 56.90282pt x 56.90282pt.
 [98]
File: ../../logo.jpg Graphic file (type jpg)
 <use ../../logo.jpg>
Package pdftex.def Info: ../../logo.jpg used on input line 809.
(pdftex.def)             Requested size: 56.90282pt x 56.90282pt.

[99]
File: ../../logo.jpg Graphic file (type jpg)
 <use ../../logo.jpg>
Package pdftex.def Info: ../../logo.jpg used on input line 839.
(pdftex.def)             Requested size: 56.90282pt x 56.90282pt.
 [100]
File: ../../logo.jpg Graphic file (type jpg)
 <use ../../logo.jpg>
Package pdftex.def Info: ../../logo.jpg used on input line 859.
(pdftex.def)             Requested size: 56.90282pt x 56.90282pt.
 [101]
File: ../../logo.jpg Graphic file (type jpg)

<use ../../logo.jpg>
Package pdftex.def Info: ../../logo.jpg used on input line 886.
(pdftex.def)             Requested size: 56.90282pt x 56.90282pt.
 [102])
File: ../../logo.jpg Graphic file (type jpg)
 <use ../../logo.jpg>
Package pdftex.def Info: ../../logo.jpg used on input line 58.
(pdftex.def)             Requested size: 56.90282pt x 56.90282pt.
 [103] (./parti/view.tex
File: ../../logo.jpg Graphic file (type jpg)

<use ../../logo.jpg>
Package pdftex.def Info: ../../logo.jpg used on input line 37.
(pdftex.def)             Requested size: 56.90282pt x 56.90282pt.
 [104]
Overfull \hbox (116.61049pt too wide) in paragraph at lines 62--63
[]\T1/cmr/m/n/12 bottoneNuovaPresentazione(): bot-to-ne che ri-chia-ma il me-to
-do di Con-trol-ler::HomeController::createSlideShow(); 
 []


Overfull \hbox (49.98233pt too wide) in paragraph at lines 63--64
[]\T1/cmr/m/n/12 bottoneElimina(): bot-to-ne che ri-chia-ma il me-to-do di Con-
trol-ler::HomeController::deleteSlideShow()
 []


Overfull \hbox (66.95041pt too wide) in paragraph at lines 64--65
[]\T1/cmr/m/n/12 bottoneRinomina(): bot-to-ne che ri-chia-ma il me-to-do di Con
-trol-ler::HomeController::renameSlideShow()
 []


Overfull \hbox (14.31467pt too wide) in paragraph at lines 65--66
[]\T1/cmr/m/n/12 bottoneEsegui(): bot-to-ne che ri-chia-ma il me-to-do di Con-t
rol-ler::HomeController::goExecute()
 []

File: ../../logo.jpg Graphic file (type jpg)
<use ../../logo.jpg>
Package pdftex.def Info: ../../logo.jpg used on input line 74.
(pdftex.def)             Requested size: 56.90282pt x 56.90282pt.
 [105]
Overfull \hbox (105.38956pt too wide) in paragraph at lines 79--80
[]\T1/cmr/m/n/12 bottoneCambiaPassword(): bot-to-ne che ri-chia-ma il me-to-do 
di Con-trol-ler::ProfileController::changePassword().
 []


Underfull \hbox (badness 10000) in paragraph at lines 83--87

 []


Underfull \hbox (badness 10000) in paragraph at lines 105--106

 []

File: ../../logo.jpg Graphic file (type jpg)
<use ../../logo.jpg>
Package pdftex.def Info: ../../logo.jpg used on input line 110.
(pdftex.def)             Requested size: 56.90282pt x 56.90282pt.
 [106]
Overfull \hbox (15.03252pt too wide) in paragraph at lines 122--123
[]\T1/cmr/m/n/12 bottoneEseguiPresentazione(): bot-to-ne che ri-chia-ma Con-tro
l-ler::EditController::goExecute()
 []

File: ../../logo.jpg Graphic file (type jpg)
<use ../../logo.jpg>
Package pdftex.def Info: ../../logo.jpg used on input line 135.
(pdftex.def)             Requested size: 56.90282pt x 56.90282pt.
 [107]
File: ../../logo.jpg Graphic file (type jpg)
 <use ../../logo.jpg>
Package pdftex.def Info: ../../logo.jpg used on input line 150.
(pdftex.def)             Requested size: 56.90282pt x 56.90282pt.
 [108])
File: ../../logo.jpg Graphic file (type jpg)
 <use ../../logo.jpg>
Package pdftex.def Info: ../../logo.jpg used on input line 60.
(pdftex.def)             Requested size: 56.90282pt x 56.90282pt.

[109] (./parti/diagrammiDiSequenza.tex) (./parti/tracciamento.tex
Underfull \hbox (badness 10000) in paragraph at lines 33--34
[]|\T1/cmr/m/n/12 ConcreteEditContentCommand, Con-cre-teE-dit-Back-groun-d-Com-

 []


Underfull \vbox (badness 10000) detected at line 48
 []


Underfull \hbox (badness 1546) in paragraph at lines 99--100
\T1/cmr/m/n/12 Com-mand, Con-cre-te-Vi-deo-Re-mo-ve-Com-mand, Con-cre-teAu-dio-
Re-
 []

File: ../../logo.jpg Graphic file (type jpg)
<use ../../logo.jpg>
Package pdftex.def Info: ../../logo.jpg used on input line 128.
(pdftex.def)             Requested size: 56.90282pt x 56.90282pt.
 [110]
Underfull \hbox (badness 3942) in paragraph at lines 151--152
[]|\T1/cmr/m/n/12 RF 61.1.1
 []


Underfull \hbox (badness 3942) in paragraph at lines 153--154
[]|\T1/cmr/m/n/12 RF 61.1.4
 []


Underfull \hbox (badness 10000) in paragraph at lines 163--163
[]|\T1/cmr/m/n/12 RF
 []


Underfull \hbox (badness 10000) in paragraph at lines 165--165
[]|\T1/cmr/m/n/12 RF
 []


Underfull \hbox (badness 10000) in paragraph at lines 167--167
[]|\T1/cmr/m/n/12 RF
 []

File: ../../logo.jpg Graphic file (type jpg)
<use ../../logo.jpg>
Package pdftex.def Info: ../../logo.jpg used on input line 168.
(pdftex.def)             Requested size: 56.90282pt x 56.90282pt.
 [111]
Underfull \hbox (badness 10000) in paragraph at lines 169--169
[]|\T1/cmr/m/n/12 RF
 []


Underfull \hbox (badness 10000) in paragraph at lines 181--181
[]|\T1/cmr/m/n/12 RF
 []


Underfull \hbox (badness 10000) in paragraph at lines 183--183
[]|\T1/cmr/m/n/12 RF
 []


Underfull \hbox (badness 10000) in paragraph at lines 185--185
[]|\T1/cmr/m/n/12 RF
 []


Underfull \hbox (badness 10000) in paragraph at lines 187--187
[]|\T1/cmr/m/n/12 RF
 []


Underfull \hbox (badness 10000) in paragraph at lines 219--219
[]|\T1/cmr/m/n/12 RF
 []


Underfull \hbox (badness 10000) in paragraph at lines 221--221
[]|\T1/cmr/m/n/12 RF
 []


Underfull \hbox (badness 10000) in paragraph at lines 223--223
[]|\T1/cmr/m/n/12 RF
 []


Underfull \hbox (badness 10000) in paragraph at lines 225--225
[]|\T1/cmr/m/n/12 RF
 []


Underfull \hbox (badness 10000) in paragraph at lines 227--227
[]|\T1/cmr/m/n/12 RF
 []


Underfull \hbox (badness 10000) in paragraph at lines 229--229
[]|\T1/cmr/m/n/12 RF
 []


Overfull \hbox (3.13533pt too wide) in paragraph at lines 229--229
\T1/cmr/m/n/12 70.10.1.4.10| 
 []


Underfull \hbox (badness 10000) in paragraph at lines 231--231
[]|\T1/cmr/m/n/12 RF
 []


Overfull \hbox (3.13533pt too wide) in paragraph at lines 231--231
\T1/cmr/m/n/12 70.10.1.4.13| 
 []


Underfull \hbox (badness 10000) in paragraph at lines 233--233
[]|\T1/cmr/m/n/12 RF
 []


Underfull \hbox (badness 10000) in paragraph at lines 239--239
[]|\T1/cmr/m/n/12 RF
 []


Underfull \hbox (badness 10000) in paragraph at lines 241--241
[]|\T1/cmr/m/n/12 RF
 []


Underfull \hbox (badness 10000) in paragraph at lines 243--243
[]|\T1/cmr/m/n/12 RF
 []


Underfull \hbox (badness 10000) in paragraph at lines 245--245
[]|\T1/cmr/m/n/12 RF
 []

File: ../../logo.jpg Graphic file (type jpg)
<use ../../logo.jpg>
Package pdftex.def Info: ../../logo.jpg used on input line 248.
(pdftex.def)             Requested size: 56.90282pt x 56.90282pt.
 [112]
File: ../../logo.jpg Graphic file (type jpg)
 <use ../../logo.jpg>
Package pdftex.def Info: ../../logo.jpg used on input line 255.
(pdftex.def)             Requested size: 56.90282pt x 56.90282pt.
 [113]
Underfull \vbox (badness 10000) detected at line 281
 []

File: ../../logo.jpg Graphic file (type jpg)
<use ../../logo.jpg>
Package pdftex.def Info: ../../logo.jpg used on input line 281.
(pdftex.def)             Requested size: 56.90282pt x 56.90282pt.
 [114])
File: ../../logo.jpg Graphic file (type jpg)
 <use ../../logo.jpg>
Package pdftex.def Info: ../../logo.jpg used on input line 64.
(pdftex.def)             Requested size: 56.90282pt x 56.90282pt.
 [115] (./parti/schemiFile.tex) 
AED: lastpage setting LastPage
Package atveryend Info: Empty hook `BeforeClearDocument' on input line 66.
Package atveryend Info: Empty hook `AfterLastShipout' on input line 66.
(./DefinizioneDelProdotto_v.1.0.0.aux)
Package atveryend Info: Executing hook `AtVeryEndDocument' on input line 66.
Package atveryend Info: Empty hook `AtEndAfterFileList' on input line 66.


LaTeX Warning: There were multiply-defined labels.

 )
(\end occurred inside a group at level 5)

### simple group (level 5) entered at line 1 ({)
### simple group (level 4) entered at line 1 ({)
### simple group (level 3) entered at line 1379 ({)
### simple group (level 2) entered at line 2 ({)
### simple group (level 1) entered at line 1 ({)
### bottom level 
Here is how much of TeX's memory you used:
 13921 strings out of 493089
 203585 string characters out of 6134842
 383019 words of memory out of 5000000
 16867 multiletter control sequences out of 15000+600000
 17891 words of font info for 44 fonts, out of 8000000 for 9000
 1141 hyphenation exceptions out of 8191
 51i,16n,60p,945b,974s stack positions out of 5000i,500n,10000p,200000b,80000s
{/usr/local/texlive/2015/texmf-dist/fonts/enc/dvips/cm-super/cm
-super-t1.enc}</usr/local/texlive/2015/texmf-dist/fonts/type1/public/amsfonts/c
m/cmsy10.pfb></usr/local/texlive/2015/texmf-dist/fonts/type1/public/cm-super/sf
bx1000.pfb></usr/local/texlive/2015/texmf-dist/fonts/type1/public/cm-super/sfbx
1200.pfb></usr/local/texlive/2015/texmf-dist/fonts/type1/public/cm-super/sfbx14
40.pfb></usr/local/texlive/2015/texmf-dist/fonts/type1/public/cm-super/sfbx1728
.pfb></usr/local/texlive/2015/texmf-dist/fonts/type1/public/cm-super/sfbx2488.p
fb></usr/local/texlive/2015/texmf-dist/fonts/type1/public/cm-super/sfrm0600.pfb
></usr/local/texlive/2015/texmf-dist/fonts/type1/public/cm-super/sfrm0800.pfb><
/usr/local/texlive/2015/texmf-dist/fonts/type1/public/cm-super/sfrm1200.pfb></u
sr/local/texlive/2015/texmf-dist/fonts/type1/public/cm-super/sfti1200.pfb></usr
/local/texlive/2015/texmf-dist/fonts/type1/public/cm-super/sftt1200.pfb>
Output written on DefinizioneDelProdotto_v.1.0.0.pdf (116 pages, 581132 bytes).

PDF statistics:
 1621 PDF objects out of 1728 (max. 8388607)
 1444 compressed objects within 15 object streams
 231 named destinations out of 1000 (max. 500000)
 836 words of extra memory for PDF output out of 10000 (max. 10000000)

