\BOOKMARK [1][-]{section.1}{Ambiente di lavoro}{}% 1
\BOOKMARK [2][-]{subsection.1.1}{Sistemi Operativi}{section.1}% 2
\BOOKMARK [2][-]{subsection.1.2}{Coordinamento}{section.1}% 3
\BOOKMARK [3][-]{subsubsection.1.2.1}{Software di gestione del progetto}{subsection.1.2}% 4
\BOOKMARK [3][-]{subsubsection.1.2.2}{Versionamento}{subsection.1.2}% 5
\BOOKMARK [3][-]{subsubsection.1.2.3}{Software di Integrazione Continua}{subsection.1.2}% 6
\BOOKMARK [3][-]{subsubsection.1.2.4}{Condivisione dei file}{subsection.1.2}% 7
\BOOKMARK [4][-]{subsubsubsection.1.1.2.1.2.4.1}{Google Drive}{subsubsection.1.2.4}% 8
\BOOKMARK [3][-]{subsubsection.1.2.5}{Google Calendar}{subsection.1.2}% 9
\BOOKMARK [2][-]{subsection.1.3}{Strumenti per i documenti}{section.1}% 10
\BOOKMARK [3][-]{subsubsection.1.3.1}{LATEX}{subsection.1.3}% 11
\BOOKMARK [3][-]{subsubsection.1.3.2}{Controllo ortografico}{subsection.1.3}% 12
\BOOKMARK [3][-]{subsubsection.1.3.3}{Grafici UML}{subsection.1.3}% 13
\BOOKMARK [3][-]{subsubsection.1.3.4}{Ambiente di verifica}{subsection.1.3}% 14
\BOOKMARK [3][-]{subsubsection.1.3.5}{Fogli di calcolo}{subsection.1.3}% 15
\BOOKMARK [3][-]{subsubsection.1.3.6}{Codice}{subsection.1.3}% 16
\BOOKMARK [4][-]{subsubsubsection.1.1.3.1.3.6.1}{Analisi Statica}{subsubsection.1.3.6}% 17
\BOOKMARK [4][-]{subsubsubsection.1.1.3.1.3.6.2}{Analisi Dinamica}{subsubsection.1.3.6}% 18
\BOOKMARK [4][-]{subsubsubsection.1.1.3.1.3.6.3}{Validazione}{subsubsection.1.3.6}% 19
\BOOKMARK [1][-]{section.2}{Protocollo per lo sviluppo dell\220applicazione}{}% 20
\BOOKMARK [2][-]{subsection.2.1}{Creare un nuovo progetto}{section.2}% 21
\BOOKMARK [2][-]{subsection.2.2}{Creazione ticket}{section.2}% 22
\BOOKMARK [3][-]{subsubsection.2.2.1}{Ticket di pianificazione}{subsection.2.2}% 23
\BOOKMARK [3][-]{subsubsection.2.2.2}{Ticket di realizzazione e controllo}{subsection.2.2}% 24
\BOOKMARK [3][-]{subsubsection.2.2.3}{Ticket di verifica}{subsection.2.2}% 25
\BOOKMARK [3][-]{subsubsection.2.2.4}{Dipendenze temporali}{subsection.2.2}% 26
\BOOKMARK [2][-]{subsection.2.3}{Aggiornamento ticket}{section.2}% 27
\BOOKMARK [3][-]{subsubsection.2.3.1}{Ticket di pianificazione}{subsection.2.3}% 28
\BOOKMARK [3][-]{subsubsection.2.3.2}{Ticket di realizzazione e controllo}{subsection.2.3}% 29
\BOOKMARK [3][-]{subsubsection.2.3.3}{Ticket di verifica}{subsection.2.3}% 30
\BOOKMARK [2][-]{subsection.2.4}{Consigli di utilizzo}{section.2}% 31
\BOOKMARK [3][-]{subsubsection.2.4.1}{Pagina personale}{subsection.2.4}% 32
\BOOKMARK [3][-]{subsubsection.2.4.2}{Visualizzare segnalazioni}{subsection.2.4}% 33
