\BOOKMARK [1][-]{section.1}{Introduzione}{}% 1
\BOOKMARK [2][-]{subsection.1.1}{Scopo del documento}{section.1}% 2
\BOOKMARK [2][-]{subsection.1.2}{Scopo del Prodotto}{section.1}% 3
\BOOKMARK [2][-]{subsection.1.3}{Glossario}{section.1}% 4
\BOOKMARK [2][-]{subsection.1.4}{Riferimenti}{section.1}% 5
\BOOKMARK [3][-]{subsubsection.1.4.1}{Normativi}{subsection.1.4}% 6
\BOOKMARK [3][-]{subsubsection.1.4.2}{Informativi}{subsection.1.4}% 7
\BOOKMARK [1][-]{section.2}{Obiettivi di qualit\340}{}% 8
\BOOKMARK [2][-]{subsection.2.1}{Qualit\340 di processo}{section.2}% 9
\BOOKMARK [2][-]{subsection.2.2}{Qualit\340 di prodotto}{section.2}% 10
\BOOKMARK [3][-]{subsubsection.2.2.1}{Funzionalit\340}{subsection.2.2}% 11
\BOOKMARK [3][-]{subsubsection.2.2.2}{Affidabilit\340}{subsection.2.2}% 12
\BOOKMARK [3][-]{subsubsection.2.2.3}{Efficienza}{subsection.2.2}% 13
\BOOKMARK [3][-]{subsubsection.2.2.4}{Usabilit\340}{subsection.2.2}% 14
\BOOKMARK [3][-]{subsubsection.2.2.5}{Manutenibilit\340}{subsection.2.2}% 15
\BOOKMARK [3][-]{subsubsection.2.2.6}{Portabilit\340}{subsection.2.2}% 16
\BOOKMARK [2][-]{subsection.2.3}{Procedure di controllo di qualit\340 di processo}{section.2}% 17
\BOOKMARK [1][-]{section.3}{Visione generale delle strategie di verifica}{}% 18
\BOOKMARK [2][-]{subsection.3.1}{Organizzazione}{section.3}% 19
\BOOKMARK [2][-]{subsection.3.2}{Pianificazione strategica e temporale}{section.3}% 20
\BOOKMARK [2][-]{subsection.3.3}{Responsabilit\340}{section.3}% 21
\BOOKMARK [1][-]{section.4}{Risorse}{}% 22
\BOOKMARK [2][-]{subsection.4.1}{Risorse Necessarie:}{section.4}% 23
\BOOKMARK [3][-]{subsubsection.4.1.1}{Risorse umane}{subsection.4.1}% 24
\BOOKMARK [3][-]{subsubsection.4.1.2}{Risorse Hardware}{subsection.4.1}% 25
\BOOKMARK [3][-]{subsubsection.4.1.3}{Risorse software}{subsection.4.1}% 26
\BOOKMARK [2][-]{subsection.4.2}{Risorse disponibili}{section.4}% 27
\BOOKMARK [3][-]{subsubsection.4.2.1}{Risorse software}{subsection.4.2}% 28
\BOOKMARK [1][-]{section.5}{Gestione amministrativa della revisione}{}% 29
\BOOKMARK [2][-]{subsection.5.1}{Comunicazione e risoluzione di anomalie}{section.5}% 30
\BOOKMARK [2][-]{subsection.5.2}{Strumenti,tecniche e metodi}{section.5}% 31
\BOOKMARK [3][-]{subsubsection.5.2.1}{Strumenti}{subsection.5.2}% 32
\BOOKMARK [3][-]{subsubsection.5.2.2}{Tecniche}{subsection.5.2}% 33
\BOOKMARK [3][-]{subsubsection.5.2.3}{Metodi}{subsection.5.2}% 34
\BOOKMARK [3][-]{subsubsection.5.2.4}{Metriche}{subsection.5.2}% 35
\BOOKMARK [1][-]{section.6}{Gestione amministrativa della revisione}{}% 36
\BOOKMARK [2][-]{subsection.6.1}{Comunicazione e risoluzione di anomalie}{section.6}% 37
