This is pdfTeX, Version 3.1415926-2.5-1.40.14 (TeX Live 2013/Debian) (format=pdflatex 2015.3.12)  30 MAR 2015 15:04
entering extended mode
 restricted \write18 enabled.
 %&-line parsing enabled.
**"Piano di Qualifica.tex"
(./Piano di Qualifica.tex
LaTeX2e <2011/06/27>
Babel <3.9h> and hyphenation patterns for 78 languages loaded.
(/usr/share/texlive/texmf-dist/tex/latex/base/article.cls
Document Class: article 2007/10/19 v1.4h Standard LaTeX document class
(/usr/share/texlive/texmf-dist/tex/latex/base/size10.clo
File: size10.clo 2007/10/19 v1.4h Standard LaTeX file (size option)
)
\c@part=\count79
\c@section=\count80
\c@subsection=\count81
\c@subsubsection=\count82
\c@paragraph=\count83
\c@subparagraph=\count84
\c@figure=\count85
\c@table=\count86
\abovecaptionskip=\skip41
\belowcaptionskip=\skip42
\bibindent=\dimen102
)
(/usr/share/texlive/texmf-dist/tex/latex/base/fontenc.sty
Package: fontenc 2005/09/27 v1.99g Standard LaTeX package

(/usr/share/texlive/texmf-dist/tex/latex/base/t1enc.def
File: t1enc.def 2005/09/27 v1.99g Standard LaTeX file
LaTeX Font Info:    Redeclaring font encoding T1 on input line 43.
))
(/usr/share/texlive/texmf-dist/tex/latex/base/inputenc.sty
Package: inputenc 2008/03/30 v1.1d Input encoding file
\inpenc@prehook=\toks14
\inpenc@posthook=\toks15

(/usr/share/texmf/tex/latex/html/latin9.def
File: latin1.def 1998/03/05 v0.97 Input encoding file(test version: still liabl
e to change)
))
(/usr/share/texlive/texmf-dist/tex/latex/url/url.sty
\Urlmuskip=\muskip10
Package: url 2013/09/16  ver 3.4  Verb mode for urls, etc.
)
(/usr/share/texlive/texmf-dist/tex/latex/fragments/subscript.sty)
(/usr/share/texlive/texmf-dist/tex/generic/babel/babel.sty
Package: babel 2013/12/03 3.9h The Babel package

(/usr/share/texlive/texmf-dist/tex/generic/babel-english/english.ldf
Language: english 2012/08/20 v3.3p English support from the babel system

(/usr/share/texlive/texmf-dist/tex/generic/babel/babel.def
File: babel.def 2013/12/03 3.9h Babel common definitions
\babel@savecnt=\count87
\U@D=\dimen103
)
\l@canadian = a dialect from \language\l@american 
\l@australian = a dialect from \language\l@british 
\l@newzealand = a dialect from \language\l@british 
))
(./Piano di Qualifica.aux)
\openout1 = `"Piano di Qualifica.aux"'.

LaTeX Font Info:    Checking defaults for OML/cmm/m/it on input line 9.
LaTeX Font Info:    ... okay on input line 9.
LaTeX Font Info:    Checking defaults for T1/cmr/m/n on input line 9.
LaTeX Font Info:    ... okay on input line 9.
LaTeX Font Info:    Checking defaults for OT1/cmr/m/n on input line 9.
LaTeX Font Info:    ... okay on input line 9.
LaTeX Font Info:    Checking defaults for OMS/cmsy/m/n on input line 9.
LaTeX Font Info:    ... okay on input line 9.
LaTeX Font Info:    Checking defaults for OMX/cmex/m/n on input line 9.
LaTeX Font Info:    ... okay on input line 9.
LaTeX Font Info:    Checking defaults for U/cmr/m/n on input line 9.
LaTeX Font Info:    ... okay on input line 9.
LaTeX Font Info:    External font `cmex10' loaded for size
(Font)              <7> on input line 13.
LaTeX Font Info:    External font `cmex10' loaded for size
(Font)              <5> on input line 13.
LaTeX Font Info:    Try loading font information for OMS+cmr on input line 50.

(/usr/share/texlive/texmf-dist/tex/latex/base/omscmr.fd
File: omscmr.fd 1999/05/25 v2.5h Standard LaTeX font definitions
)
LaTeX Font Info:    Font shape `OMS/cmr/m/n' in size <10> not available
(Font)              Font shape `OMS/cmsy/m/n' tried instead on input line 50.
LaTeX Font Info:    Try loading font information for T1+cmtt on input line 52.

(/usr/share/texlive/texmf-dist/tex/latex/base/t1cmtt.fd
File: t1cmtt.fd 1999/05/25 v2.5h Standard LaTeX font definitions
)
Overfull \hbox (2.39352pt too wide) in paragraph at lines 66--71
\T1/cmtt/m/n/10 wikipedia . org / wiki / ISO / IEC _ 9126$ $http : / / www2 . c
nipa . gov . it / site /
 []

[1

{/var/lib/texmf/fonts/map/pdftex/updmap/pdftex.map}]
Overfull \hbox (14.49902pt too wide) in paragraph at lines 71--73
[]\T1/cmr/m/n/10 ISO/IEC$[]$12207:2008: Soft-ware Life Cy-cle Pro-cesses $\T1/c
mtt/m/n/10 http : / / en . wikipedia .
 []


Overfull \hbox (1.39267pt too wide) in paragraph at lines 73--77
\T1/cmr/m/n/10 and Eval-u-a-tion (SQuaRE) ^^U Eval-u-a-tion pro-cess $\T1/cmtt/
m/n/10 http : / / www2 . cnipa . gov .
 []


Overfull \hbox (12.86053pt too wide) in paragraph at lines 77--80
[]\T1/cmr/m/n/10 ISO/IEC$[]$15504:1998: In-for-ma-tion Tec-nol-ogy ^^U Pro-cess
 As-sess-ment, conosci-
 []


Overfull \hbox (28.80374pt too wide) in paragraph at lines 77--80
\T1/cmr/m/n/10 na-tion) $\T1/cmtt/m/n/10 http : / / www2 . cnipa . gov . it / s
ite / _contentfiles / 00310300 / 310320 _
 []

[2] [3] [4] [5] (./Piano di Qualifica.aux) ) 
Here is how much of TeX's memory you used:
 988 strings out of 493304
 11833 string characters out of 6139871
 70834 words of memory out of 5000000
 4482 multiletter control sequences out of 15000+600000
 13039 words of font info for 27 fonts, out of 8000000 for 9000
 957 hyphenation exceptions out of 8191
 24i,4n,23p,553b,242s stack positions out of 5000i,500n,10000p,200000b,80000s
 </home/petrucci/.texmf-var/fonts/p
k/ljfour/jknappen/ec/ecbx0900.600pk> </home/petrucci/.texmf-var/fonts/pk/ljfour
/jknappen/ec/ecsl1000.600pk> </home/petrucci/.texmf-var/fonts/pk/ljfour/jknappe
n/ec/ectt1000.600pk> </home/petrucci/.texmf-var/fonts/pk/ljfour/jknappen/ec/ecb
i0700.600pk> </home/petrucci/.texmf-var/fonts/pk/ljfour/jknappen/ec/ecbx1200.60
0pk> </home/petrucci/.texmf-var/fonts/pk/ljfour/jknappen/ec/ecbx1440.600pk> </h
ome/petrucci/.texmf-var/fonts/pk/ljfour/jknappen/ec/ecbx1000.600pk> </home/petr
ucci/.texmf-var/fonts/pk/ljfour/jknappen/ec/ecti1000.600pk> </home/petrucci/.te
xmf-var/fonts/pk/ljfour/jknappen/ec/ecrm1000.600pk> </home/petrucci/.texmf-var/
fonts/pk/ljfour/jknappen/ec/ecbx0700.600pk></usr/share/texlive/texmf-dist/fonts
/type1/public/amsfonts/cm/cmsy10.pfb>
Output written on "Piano di Qualifica.pdf" (5 pages, 102878 bytes).
PDF statistics:
 367 PDF objects out of 1000 (max. 8388607)
 55 compressed objects within 1 object stream
 0 named destinations out of 1000 (max. 500000)
 1 words of extra memory for PDF output out of 10000 (max. 10000000)

