This is pdfTeX, Version 3.1415926-2.5-1.40.14 (TeX Live 2013/Debian) (format=pdflatex 2015.3.30)  10 APR 2015 10:02
entering extended mode
 restricted \write18 enabled.
 %&-line parsing enabled.
**AnalisiDeiRequisiti_v.1.0.tex
(./AnalisiDeiRequisiti_v.1.0.tex
LaTeX2e <2011/06/27>
Babel <3.9h> and hyphenation patterns for 3 languages loaded.
(/usr/share/texlive/texmf-dist/tex/latex/base/article.cls
Document Class: article 2007/10/19 v1.4h Standard LaTeX document class
(/usr/share/texlive/texmf-dist/tex/latex/base/size12.clo
File: size12.clo 2007/10/19 v1.4h Standard LaTeX file (size option)
)
\c@part=\count79
\c@section=\count80
\c@subsection=\count81
\c@subsubsection=\count82
\c@paragraph=\count83
\c@subparagraph=\count84
\c@figure=\count85
\c@table=\count86
\abovecaptionskip=\skip41
\belowcaptionskip=\skip42
\bibindent=\dimen102
)
(../Template/format.sty
(/usr/share/texlive/texmf-dist/tex/latex/base/inputenc.sty
Package: inputenc 2008/03/30 v1.1d Input encoding file
\inpenc@prehook=\toks14
\inpenc@posthook=\toks15

(/usr/share/texlive/texmf-dist/tex/latex/base/utf8.def
File: utf8.def 2008/04/05 v1.1m UTF-8 support for inputenc
Now handling font encoding OML ...
... no UTF-8 mapping file for font encoding OML
Now handling font encoding T1 ...
... processing UTF-8 mapping file for font encoding T1

(/usr/share/texlive/texmf-dist/tex/latex/base/t1enc.dfu
File: t1enc.dfu 2008/04/05 v1.1m UTF-8 support for inputenc
   defining Unicode char U+00A1 (decimal 161)
   defining Unicode char U+00A3 (decimal 163)
   defining Unicode char U+00AB (decimal 171)
   defining Unicode char U+00BB (decimal 187)
   defining Unicode char U+00BF (decimal 191)
   defining Unicode char U+00C0 (decimal 192)
   defining Unicode char U+00C1 (decimal 193)
   defining Unicode char U+00C2 (decimal 194)
   defining Unicode char U+00C3 (decimal 195)
   defining Unicode char U+00C4 (decimal 196)
   defining Unicode char U+00C5 (decimal 197)
   defining Unicode char U+00C6 (decimal 198)
   defining Unicode char U+00C7 (decimal 199)
   defining Unicode char U+00C8 (decimal 200)
   defining Unicode char U+00C9 (decimal 201)
   defining Unicode char U+00CA (decimal 202)
   defining Unicode char U+00CB (decimal 203)
   defining Unicode char U+00CC (decimal 204)
   defining Unicode char U+00CD (decimal 205)
   defining Unicode char U+00CE (decimal 206)
   defining Unicode char U+00CF (decimal 207)
   defining Unicode char U+00D0 (decimal 208)
   defining Unicode char U+00D1 (decimal 209)
   defining Unicode char U+00D2 (decimal 210)
   defining Unicode char U+00D3 (decimal 211)
   defining Unicode char U+00D4 (decimal 212)
   defining Unicode char U+00D5 (decimal 213)
   defining Unicode char U+00D6 (decimal 214)
   defining Unicode char U+00D8 (decimal 216)
   defining Unicode char U+00D9 (decimal 217)
   defining Unicode char U+00DA (decimal 218)
   defining Unicode char U+00DB (decimal 219)
   defining Unicode char U+00DC (decimal 220)
   defining Unicode char U+00DD (decimal 221)
   defining Unicode char U+00DE (decimal 222)
   defining Unicode char U+00DF (decimal 223)
   defining Unicode char U+00E0 (decimal 224)
   defining Unicode char U+00E1 (decimal 225)
   defining Unicode char U+00E2 (decimal 226)
   defining Unicode char U+00E3 (decimal 227)
   defining Unicode char U+00E4 (decimal 228)
   defining Unicode char U+00E5 (decimal 229)
   defining Unicode char U+00E6 (decimal 230)
   defining Unicode char U+00E7 (decimal 231)
   defining Unicode char U+00E8 (decimal 232)
   defining Unicode char U+00E9 (decimal 233)
   defining Unicode char U+00EA (decimal 234)
   defining Unicode char U+00EB (decimal 235)
   defining Unicode char U+00EC (decimal 236)
   defining Unicode char U+00ED (decimal 237)
   defining Unicode char U+00EE (decimal 238)
   defining Unicode char U+00EF (decimal 239)
   defining Unicode char U+00F0 (decimal 240)
   defining Unicode char U+00F1 (decimal 241)
   defining Unicode char U+00F2 (decimal 242)
   defining Unicode char U+00F3 (decimal 243)
   defining Unicode char U+00F4 (decimal 244)
   defining Unicode char U+00F5 (decimal 245)
   defining Unicode char U+00F6 (decimal 246)
   defining Unicode char U+00F8 (decimal 248)
   defining Unicode char U+00F9 (decimal 249)
   defining Unicode char U+00FA (decimal 250)
   defining Unicode char U+00FB (decimal 251)
   defining Unicode char U+00FC (decimal 252)
   defining Unicode char U+00FD (decimal 253)
   defining Unicode char U+00FE (decimal 254)
   defining Unicode char U+00FF (decimal 255)
   defining Unicode char U+0102 (decimal 258)
   defining Unicode char U+0103 (decimal 259)
   defining Unicode char U+0104 (decimal 260)
   defining Unicode char U+0105 (decimal 261)
   defining Unicode char U+0106 (decimal 262)
   defining Unicode char U+0107 (decimal 263)
   defining Unicode char U+010C (decimal 268)
   defining Unicode char U+010D (decimal 269)
   defining Unicode char U+010E (decimal 270)
   defining Unicode char U+010F (decimal 271)
   defining Unicode char U+0110 (decimal 272)
   defining Unicode char U+0111 (decimal 273)
   defining Unicode char U+0118 (decimal 280)
   defining Unicode char U+0119 (decimal 281)
   defining Unicode char U+011A (decimal 282)
   defining Unicode char U+011B (decimal 283)
   defining Unicode char U+011E (decimal 286)
   defining Unicode char U+011F (decimal 287)
   defining Unicode char U+0130 (decimal 304)
   defining Unicode char U+0131 (decimal 305)
   defining Unicode char U+0132 (decimal 306)
   defining Unicode char U+0133 (decimal 307)
   defining Unicode char U+0139 (decimal 313)
   defining Unicode char U+013A (decimal 314)
   defining Unicode char U+013D (decimal 317)
   defining Unicode char U+013E (decimal 318)
   defining Unicode char U+0141 (decimal 321)
   defining Unicode char U+0142 (decimal 322)
   defining Unicode char U+0143 (decimal 323)
   defining Unicode char U+0144 (decimal 324)
   defining Unicode char U+0147 (decimal 327)
   defining Unicode char U+0148 (decimal 328)
   defining Unicode char U+014A (decimal 330)
   defining Unicode char U+014B (decimal 331)
   defining Unicode char U+0150 (decimal 336)
   defining Unicode char U+0151 (decimal 337)
   defining Unicode char U+0152 (decimal 338)
   defining Unicode char U+0153 (decimal 339)
   defining Unicode char U+0154 (decimal 340)
   defining Unicode char U+0155 (decimal 341)
   defining Unicode char U+0158 (decimal 344)
   defining Unicode char U+0159 (decimal 345)
   defining Unicode char U+015A (decimal 346)
   defining Unicode char U+015B (decimal 347)
   defining Unicode char U+015E (decimal 350)
   defining Unicode char U+015F (decimal 351)
   defining Unicode char U+0160 (decimal 352)
   defining Unicode char U+0161 (decimal 353)
   defining Unicode char U+0162 (decimal 354)
   defining Unicode char U+0163 (decimal 355)
   defining Unicode char U+0164 (decimal 356)
   defining Unicode char U+0165 (decimal 357)
   defining Unicode char U+016E (decimal 366)
   defining Unicode char U+016F (decimal 367)
   defining Unicode char U+0170 (decimal 368)
   defining Unicode char U+0171 (decimal 369)
   defining Unicode char U+0178 (decimal 376)
   defining Unicode char U+0179 (decimal 377)
   defining Unicode char U+017A (decimal 378)
   defining Unicode char U+017B (decimal 379)
   defining Unicode char U+017C (decimal 380)
   defining Unicode char U+017D (decimal 381)
   defining Unicode char U+017E (decimal 382)
   defining Unicode char U+200C (decimal 8204)
   defining Unicode char U+2013 (decimal 8211)
   defining Unicode char U+2014 (decimal 8212)
   defining Unicode char U+2018 (decimal 8216)
   defining Unicode char U+2019 (decimal 8217)
   defining Unicode char U+201A (decimal 8218)
   defining Unicode char U+201C (decimal 8220)
   defining Unicode char U+201D (decimal 8221)
   defining Unicode char U+201E (decimal 8222)
   defining Unicode char U+2030 (decimal 8240)
   defining Unicode char U+2031 (decimal 8241)
   defining Unicode char U+2039 (decimal 8249)
   defining Unicode char U+203A (decimal 8250)
   defining Unicode char U+2423 (decimal 9251)
)
Now handling font encoding OT1 ...
... processing UTF-8 mapping file for font encoding OT1

(/usr/share/texlive/texmf-dist/tex/latex/base/ot1enc.dfu
File: ot1enc.dfu 2008/04/05 v1.1m UTF-8 support for inputenc
   defining Unicode char U+00A1 (decimal 161)
   defining Unicode char U+00A3 (decimal 163)
   defining Unicode char U+00B8 (decimal 184)
   defining Unicode char U+00BF (decimal 191)
   defining Unicode char U+00C5 (decimal 197)
   defining Unicode char U+00C6 (decimal 198)
   defining Unicode char U+00D8 (decimal 216)
   defining Unicode char U+00DF (decimal 223)
   defining Unicode char U+00E6 (decimal 230)
   defining Unicode char U+00EC (decimal 236)
   defining Unicode char U+00ED (decimal 237)
   defining Unicode char U+00EE (decimal 238)
   defining Unicode char U+00EF (decimal 239)
   defining Unicode char U+00F8 (decimal 248)
   defining Unicode char U+0131 (decimal 305)
   defining Unicode char U+0141 (decimal 321)
   defining Unicode char U+0142 (decimal 322)
   defining Unicode char U+0152 (decimal 338)
   defining Unicode char U+0153 (decimal 339)
   defining Unicode char U+2013 (decimal 8211)
   defining Unicode char U+2014 (decimal 8212)
   defining Unicode char U+2018 (decimal 8216)
   defining Unicode char U+2019 (decimal 8217)
   defining Unicode char U+201C (decimal 8220)
   defining Unicode char U+201D (decimal 8221)
)
Now handling font encoding OMS ...
... processing UTF-8 mapping file for font encoding OMS

(/usr/share/texlive/texmf-dist/tex/latex/base/omsenc.dfu
File: omsenc.dfu 2008/04/05 v1.1m UTF-8 support for inputenc
   defining Unicode char U+00A7 (decimal 167)
   defining Unicode char U+00B6 (decimal 182)
   defining Unicode char U+00B7 (decimal 183)
   defining Unicode char U+2020 (decimal 8224)
   defining Unicode char U+2021 (decimal 8225)
   defining Unicode char U+2022 (decimal 8226)
)
Now handling font encoding OMX ...
... no UTF-8 mapping file for font encoding OMX
Now handling font encoding U ...
... no UTF-8 mapping file for font encoding U
   defining Unicode char U+00A9 (decimal 169)
   defining Unicode char U+00AA (decimal 170)
   defining Unicode char U+00AE (decimal 174)
   defining Unicode char U+00BA (decimal 186)
   defining Unicode char U+02C6 (decimal 710)
   defining Unicode char U+02DC (decimal 732)
   defining Unicode char U+200C (decimal 8204)
   defining Unicode char U+2026 (decimal 8230)
   defining Unicode char U+2122 (decimal 8482)
   defining Unicode char U+2423 (decimal 9251)
))
(/usr/share/texlive/texmf-dist/tex/latex/geometry/geometry.sty
Package: geometry 2010/09/12 v5.6 Page Geometry

(/usr/share/texlive/texmf-dist/tex/latex/graphics/keyval.sty
Package: keyval 1999/03/16 v1.13 key=value parser (DPC)
\KV@toks@=\toks16
)
(/usr/share/texlive/texmf-dist/tex/generic/oberdiek/ifpdf.sty
Package: ifpdf 2011/01/30 v2.3 Provides the ifpdf switch (HO)
Package ifpdf Info: pdfTeX in PDF mode is detected.
)
(/usr/share/texlive/texmf-dist/tex/generic/oberdiek/ifvtex.sty
Package: ifvtex 2010/03/01 v1.5 Detect VTeX and its facilities (HO)
Package ifvtex Info: VTeX not detected.
)
(/usr/share/texlive/texmf-dist/tex/generic/ifxetex/ifxetex.sty
Package: ifxetex 2010/09/12 v0.6 Provides ifxetex conditional
)
\Gm@cnth=\count87
\Gm@cntv=\count88
\c@Gm@tempcnt=\count89
\Gm@bindingoffset=\dimen103
\Gm@wd@mp=\dimen104
\Gm@odd@mp=\dimen105
\Gm@even@mp=\dimen106
\Gm@layoutwidth=\dimen107
\Gm@layoutheight=\dimen108
\Gm@layouthoffset=\dimen109
\Gm@layoutvoffset=\dimen110
\Gm@dimlist=\toks17
)
(/usr/share/texlive/texmf-dist/tex/generic/babel/babel.sty
Package: babel 2013/12/03 3.9h The Babel package

(/usr/share/texlive/texmf-dist/tex/generic/babel-italian/italian.ldf
Language: italian 2013/11/22 v1.3f Italian support from the babel system

(/usr/share/texlive/texmf-dist/tex/generic/babel/babel.def
File: babel.def 2013/12/03 3.9h Babel common definitions
\babel@savecnt=\count90
\U@D=\dimen111
)
\it@lettering=\count91
Package babel Info: Making " an active character on input line 98.
\Virgola=\count92
))
(/usr/share/texlive/texmf-dist/tex/latex/etoolbox/etoolbox.sty
Package: etoolbox 2011/01/03 v2.1 e-TeX tools for LaTeX

(/usr/share/texlive/texmf-dist/tex/latex/etex-pkg/etex.sty
Package: etex 1998/03/26 v2.0 eTeX basic definition package (PEB)
\et@xins=\count93
)
\etb@tempcnta=\count94
)
(/usr/share/texlive/texmf-dist/tex/latex/csquotes/csquotes.sty
Package: csquotes 2011/10/22 v5.1d context-sensitive quotations
\csq@reset=\count95
\csq@gtype=\count96
\csq@glevel=\count97
\csq@qlevel=\count98
\csq@maxlvl=\count99
\csq@tshold=\count100
\csq@ltx@everypar=\toks18

(/usr/share/texlive/texmf-dist/tex/latex/csquotes/csquotes.def
File: csquotes.def 2011/10/22 v5.1d csquotes generic definitions
)
Package csquotes Info: Trying to load configuration file 'csquotes.cfg'...
Package csquotes Info: ... configuration file loaded successfully.

(/usr/share/texlive/texmf-dist/tex/latex/csquotes/csquotes.cfg
File: csquotes.cfg 
)
Package csquotes Info: Option 'babel' depreciated.
(csquotes)             Using 'autostyle'.
Package csquotes Info: Enabling multilingual quotes.
)
(/usr/share/texlive/texmf-dist/tex/latex/base/fontenc.sty
Package: fontenc 2005/09/27 v1.99g Standard LaTeX package

(/usr/share/texlive/texmf-dist/tex/latex/base/t1enc.def
File: t1enc.def 2005/09/27 v1.99g Standard LaTeX file
LaTeX Font Info:    Redeclaring font encoding T1 on input line 43.
))
(/usr/share/texlive/texmf-dist/tex/latex/tools/tabularx.sty
Package: tabularx 1999/01/07 v2.07 `tabularx' package (DPC)

(/usr/share/texlive/texmf-dist/tex/latex/tools/array.sty
Package: array 2008/09/09 v2.4c Tabular extension package (FMi)
\col@sep=\dimen112
\extrarowheight=\dimen113
\NC@list=\toks19
\extratabsurround=\skip43
\backup@length=\skip44
)
\TX@col@width=\dimen114
\TX@old@table=\dimen115
\TX@old@col=\dimen116
\TX@target=\dimen117
\TX@delta=\dimen118
\TX@cols=\count101
\TX@ftn=\toks20
)
(/usr/share/texlive/texmf-dist/tex/latex/url/url.sty
\Urlmuskip=\muskip10
Package: url 2013/09/16  ver 3.4  Verb mode for urls, etc.
)
(/usr/share/texlive/texmf-dist/tex/latex/graphics/graphicx.sty
Package: graphicx 1999/02/16 v1.0f Enhanced LaTeX Graphics (DPC,SPQR)

(/usr/share/texlive/texmf-dist/tex/latex/graphics/graphics.sty
Package: graphics 2009/02/05 v1.0o Standard LaTeX Graphics (DPC,SPQR)

(/usr/share/texlive/texmf-dist/tex/latex/graphics/trig.sty
Package: trig 1999/03/16 v1.09 sin cos tan (DPC)
)
(/usr/share/texlive/texmf-dist/tex/latex/latexconfig/graphics.cfg
File: graphics.cfg 2010/04/23 v1.9 graphics configuration of TeX Live
)
Package graphics Info: Driver file: pdftex.def on input line 91.

(/usr/share/texlive/texmf-dist/tex/latex/pdftex-def/pdftex.def
File: pdftex.def 2011/05/27 v0.06d Graphics/color for pdfTeX

(/usr/share/texlive/texmf-dist/tex/generic/oberdiek/infwarerr.sty
Package: infwarerr 2010/04/08 v1.3 Providing info/warning/error messages (HO)
)
(/usr/share/texlive/texmf-dist/tex/generic/oberdiek/ltxcmds.sty
Package: ltxcmds 2011/11/09 v1.22 LaTeX kernel commands for general use (HO)
)
\Gread@gobject=\count102
))
\Gin@req@height=\dimen119
\Gin@req@width=\dimen120
)
(/usr/share/texlive/texmf-dist/tex/latex/hyperref/hyperref.sty
Package: hyperref 2012/11/06 v6.83m Hypertext links for LaTeX

(/usr/share/texlive/texmf-dist/tex/generic/oberdiek/hobsub-hyperref.sty
Package: hobsub-hyperref 2012/05/28 v1.13 Bundle oberdiek, subset hyperref (HO)


(/usr/share/texlive/texmf-dist/tex/generic/oberdiek/hobsub-generic.sty
Package: hobsub-generic 2012/05/28 v1.13 Bundle oberdiek, subset generic (HO)
Package: hobsub 2012/05/28 v1.13 Construct package bundles (HO)
Package hobsub Info: Skipping package `infwarerr' (already loaded).
Package hobsub Info: Skipping package `ltxcmds' (already loaded).
Package: ifluatex 2010/03/01 v1.3 Provides the ifluatex switch (HO)
Package ifluatex Info: LuaTeX not detected.
Package hobsub Info: Skipping package `ifvtex' (already loaded).
Package: intcalc 2007/09/27 v1.1 Expandable calculations with integers (HO)
Package hobsub Info: Skipping package `ifpdf' (already loaded).
Package: etexcmds 2011/02/16 v1.5 Avoid name clashes with e-TeX commands (HO)
Package etexcmds Info: Could not find \expanded.
(etexcmds)             That can mean that you are not using pdfTeX 1.50 or
(etexcmds)             that some package has redefined \expanded.
(etexcmds)             In the latter case, load this package earlier.
Package: kvsetkeys 2012/04/25 v1.16 Key value parser (HO)
Package: kvdefinekeys 2011/04/07 v1.3 Define keys (HO)
Package: pdftexcmds 2011/11/29 v0.20 Utility functions of pdfTeX for LuaTeX (HO
)
Package pdftexcmds Info: LuaTeX not detected.
Package pdftexcmds Info: \pdf@primitive is available.
Package pdftexcmds Info: \pdf@ifprimitive is available.
Package pdftexcmds Info: \pdfdraftmode found.
Package: pdfescape 2011/11/25 v1.13 Implements pdfTeX's escape features (HO)
Package: bigintcalc 2012/04/08 v1.3 Expandable calculations on big integers (HO
)
Package: bitset 2011/01/30 v1.1 Handle bit-vector datatype (HO)
Package: uniquecounter 2011/01/30 v1.2 Provide unlimited unique counter (HO)
)
Package hobsub Info: Skipping package `hobsub' (already loaded).
Package: letltxmacro 2010/09/02 v1.4 Let assignment for LaTeX macros (HO)
Package: hopatch 2012/05/28 v1.2 Wrapper for package hooks (HO)
Package: xcolor-patch 2011/01/30 xcolor patch
Package: atveryend 2011/06/30 v1.8 Hooks at the very end of document (HO)
Package: atbegshi 2011/10/05 v1.16 At begin shipout hook (HO)
Package: refcount 2011/10/16 v3.4 Data extraction from label references (HO)
Package: hycolor 2011/01/30 v1.7 Color options for hyperref/bookmark (HO)
)
(/usr/share/texlive/texmf-dist/tex/latex/oberdiek/auxhook.sty
Package: auxhook 2011/03/04 v1.3 Hooks for auxiliary files (HO)
)
(/usr/share/texlive/texmf-dist/tex/latex/oberdiek/kvoptions.sty
Package: kvoptions 2011/06/30 v3.11 Key value format for package options (HO)
)
\@linkdim=\dimen121
\Hy@linkcounter=\count103
\Hy@pagecounter=\count104

(/usr/share/texlive/texmf-dist/tex/latex/hyperref/pd1enc.def
File: pd1enc.def 2012/11/06 v6.83m Hyperref: PDFDocEncoding definition (HO)
Now handling font encoding PD1 ...
... no UTF-8 mapping file for font encoding PD1
)
\Hy@SavedSpaceFactor=\count105

(/usr/share/texlive/texmf-dist/tex/latex/latexconfig/hyperref.cfg
File: hyperref.cfg 2002/06/06 v1.2 hyperref configuration of TeXLive
)
Package hyperref Info: Option `colorlinks' set `true' on input line 4319.
Package hyperref Info: Hyper figures OFF on input line 4443.
Package hyperref Info: Link nesting OFF on input line 4448.
Package hyperref Info: Hyper index ON on input line 4451.
Package hyperref Info: Plain pages OFF on input line 4458.
Package hyperref Info: Backreferencing OFF on input line 4463.
Package hyperref Info: Implicit mode ON; LaTeX internals redefined.
Package hyperref Info: Bookmarks ON on input line 4688.
\c@Hy@tempcnt=\count106
LaTeX Info: Redefining \url on input line 5041.
\XeTeXLinkMargin=\dimen122
\Fld@menulength=\count107
\Field@Width=\dimen123
\Fld@charsize=\dimen124
Package hyperref Info: Hyper figures OFF on input line 6295.
Package hyperref Info: Link nesting OFF on input line 6300.
Package hyperref Info: Hyper index ON on input line 6303.
Package hyperref Info: backreferencing OFF on input line 6310.
Package hyperref Info: Link coloring ON on input line 6313.
Package hyperref Info: Link coloring with OCG OFF on input line 6320.
Package hyperref Info: PDF/A mode OFF on input line 6325.
LaTeX Info: Redefining \ref on input line 6365.
LaTeX Info: Redefining \pageref on input line 6369.
\Hy@abspage=\count108
\c@Item=\count109
\c@Hfootnote=\count110
)

Package hyperref Message: Driver (autodetected): hpdftex.

(/usr/share/texlive/texmf-dist/tex/latex/hyperref/hpdftex.def
File: hpdftex.def 2012/11/06 v6.83m Hyperref driver for pdfTeX
\Fld@listcount=\count111
\c@bookmark@seq@number=\count112

(/usr/share/texlive/texmf-dist/tex/latex/oberdiek/rerunfilecheck.sty
Package: rerunfilecheck 2011/04/15 v1.7 Rerun checks for auxiliary files (HO)
Package uniquecounter Info: New unique counter `rerunfilecheck' on input line 2
82.
)
\Hy@SectionHShift=\skip45
)
(/usr/share/texlive/texmf-dist/tex/latex/lastpage/lastpage.sty
Package: lastpage 2013/01/28 v1.2l Refers to last page's name (HMM; JPG)
)
(/usr/share/texlive/texmf-dist/tex/latex/fancyhdr/fancyhdr.sty
\fancy@headwidth=\skip46
\f@ncyO@elh=\skip47
\f@ncyO@erh=\skip48
\f@ncyO@olh=\skip49
\f@ncyO@orh=\skip50
\f@ncyO@elf=\skip51
\f@ncyO@erf=\skip52
\f@ncyO@olf=\skip53
\f@ncyO@orf=\skip54
)
(/usr/share/texlive/texmf-dist/tex/latex/listings/listings.sty
\lst@mode=\count113
\lst@gtempboxa=\box26
\lst@token=\toks21
\lst@length=\count114
\lst@currlwidth=\dimen125
\lst@column=\count115
\lst@pos=\count116
\lst@lostspace=\dimen126
\lst@width=\dimen127
\lst@newlines=\count117
\lst@lineno=\count118
\lst@maxwidth=\dimen128

(/usr/share/texlive/texmf-dist/tex/latex/listings/lstmisc.sty
File: lstmisc.sty 2013/08/26 1.5b (Carsten Heinz)
\c@lstnumber=\count119
\lst@skipnumbers=\count120
\lst@framebox=\box27
)
(/usr/share/texlive/texmf-dist/tex/latex/listings/listings.cfg
File: listings.cfg 2013/08/26 1.5b listings configuration
))
Package: listings 2013/08/26 1.5b (Carsten Heinz)

(/usr/share/texlive/texmf-dist/tex/latex/graphics/color.sty
Package: color 2005/11/14 v1.0j Standard LaTeX Color (DPC)

(/usr/share/texlive/texmf-dist/tex/latex/latexconfig/color.cfg
File: color.cfg 2007/01/18 v1.5 color configuration of teTeX/TeXLive
)
Package color Info: Driver file: pdftex.def on input line 130.
)
(/usr/share/texmf/tex/latex/xcolor/xcolor.sty
Package: xcolor 2007/01/21 v2.11 LaTeX color extensions (UK)

(/usr/share/texlive/texmf-dist/tex/latex/latexconfig/color.cfg
File: color.cfg 2007/01/18 v1.5 color configuration of teTeX/TeXLive
)
Package xcolor Info: Driver file: pdftex.def on input line 225.

(/usr/share/texlive/texmf-dist/tex/latex/colortbl/colortbl.sty
Package: colortbl 2012/02/13 v1.0a Color table columns (DPC)
\everycr=\toks22
\minrowclearance=\skip55
)
LaTeX Info: Redefining \color on input line 702.
\rownum=\count121
Package xcolor Info: Model `cmy' substituted by `cmy0' on input line 1337.
Package xcolor Info: Model `hsb' substituted by `rgb' on input line 1341.
Package xcolor Info: Model `RGB' extended on input line 1353.
Package xcolor Info: Model `HTML' substituted by `rgb' on input line 1355.
Package xcolor Info: Model `Hsb' substituted by `hsb' on input line 1356.
Package xcolor Info: Model `tHsb' substituted by `hsb' on input line 1357.
Package xcolor Info: Model `HSB' substituted by `hsb' on input line 1358.
Package xcolor Info: Model `Gray' substituted by `gray' on input line 1359.
Package xcolor Info: Model `wave' substituted by `hsb' on input line 1360.
)
(/usr/share/texlive/texmf-dist/tex/latex/booktabs/booktabs.sty
Package: booktabs 2005/04/14 v1.61803 publication quality tables
\heavyrulewidth=\dimen129
\lightrulewidth=\dimen130
\cmidrulewidth=\dimen131
\belowrulesep=\dimen132
\belowbottomsep=\dimen133
\aboverulesep=\dimen134
\abovetopsep=\dimen135
\cmidrulesep=\dimen136
\cmidrulekern=\dimen137
\defaultaddspace=\dimen138
\@cmidla=\count122
\@cmidlb=\count123
\@aboverulesep=\dimen139
\@belowrulesep=\dimen140
\@thisruleclass=\count124
\@lastruleclass=\count125
\@thisrulewidth=\dimen141
)
(/usr/share/texlive/texmf-dist/tex/latex/base/makeidx.sty
Package: makeidx 2000/03/29 v1.0m Standard LaTeX package
)
(/usr/share/texlive/texmf-dist/tex/latex/tools/longtable.sty
Package: longtable 2004/02/01 v4.11 Multi-page Table package (DPC)
\LTleft=\skip56
\LTright=\skip57
\LTpre=\skip58
\LTpost=\skip59
\LTchunksize=\count126
\LTcapwidth=\dimen142
\LT@head=\box28
\LT@firsthead=\box29
\LT@foot=\box30
\LT@lastfoot=\box31
\LT@cols=\count127
\LT@rows=\count128
\c@LT@tables=\count129
\c@LT@chunks=\count130
\LT@p@ftn=\toks23
)
(/usr/share/texlive/texmf-dist/tex/latex/multirow/multirow.sty
\bigstrutjot=\dimen143
)
(/usr/share/texlive/texmf-dist/tex/latex/tabu/tabu.sty
Package: tabu 2011/02/26 v2.8 - flexible LaTeX tabulars (FC)

(/usr/share/texlive/texmf-dist/tex/latex/varwidth/varwidth.sty
Package: varwidth 2009/03/30 ver 0.92;  Variable-width minipages
\@vwid@box=\box32
\sift@deathcycles=\count131
\@vwid@loff=\dimen144
\@vwid@roff=\dimen145
)
\c@taburow=\count132
\tabu@nbcols=\count133
\tabu@cnt=\count134
\tabu@Xcol=\count135
\tabu@alloc=\count136
\tabu@nested=\count137
\tabu@target=\dimen146
\tabu@spreadtarget=\dimen147
\tabu@naturalX=\dimen148
\tabucolX=\dimen149
\tabu@Xsum=\dimen150
\extrarowdepth=\dimen151
\abovetabulinesep=\dimen152
\belowtabulinesep=\dimen153
\tabustrutrule=\dimen154
\tabu@thebody=\toks24
\tabu@footnotes=\toks25
\tabu@box=\box33
\tabu@arstrutbox=\box34
\tabu@hleads=\box35
\tabu@vleads=\box36
\tabu@cellskip=\skip60
)
(/usr/share/texlive/texmf-dist/tex/latex/tools/xr.sty
Package: xr 1994/05/28 v5.02 eXternal References (DPC)
)
(/usr/share/texlive/texmf-dist/tex/latex/titlesec/titlesec.sty
Package: titlesec 2011/12/15 v2.10.0 Sectioning titles
\ttl@box=\box37
\beforetitleunit=\skip61
\aftertitleunit=\skip62
\ttl@plus=\dimen155
\ttl@minus=\dimen156
\ttl@toksa=\toks26
\titlewidth=\dimen157
\titlewidthlast=\dimen158
\titlewidthfirst=\dimen159
)
(/usr/share/texlive/texmf-dist/tex/latex/oberdiek/bookmark.sty
Package: bookmark 2011/12/02 v1.24 PDF bookmarks (HO)

(/usr/share/texlive/texmf-dist/tex/latex/oberdiek/bkm-pdftex.def
File: bkm-pdftex.def 2011/12/02 v1.24 bookmark driver for pdfTeX (HO)
\BKM@id=\count138
))
(/usr/share/texlive/texmf-dist/tex/latex/float/float.sty
Package: float 2001/11/08 v1.3d Float enhancements (AL)
\c@float@type=\count139
\float@exts=\toks27
\float@box=\box38
\@float@everytoks=\toks28
\@floatcapt=\box39
)
(/usr/share/texlive/texmf-dist/tex/latex/subfig/subfig.sty
Package: subfig 2005/06/28 ver: 1.3 subfig package

(/usr/share/texlive/texmf-dist/tex/latex/caption/caption.sty
Package: caption 2013/05/02 v3.3-89 Customizing captions (AR)

(/usr/share/texlive/texmf-dist/tex/latex/caption/caption3.sty
Package: caption3 2013/05/02 v1.6-88 caption3 kernel (AR)
Package caption3 Info: TeX engine: e-TeX on input line 57.
\captionmargin=\dimen160
\captionmargin@=\dimen161
\captionwidth=\dimen162
\caption@tempdima=\dimen163
\caption@indent=\dimen164
\caption@parindent=\dimen165
\caption@hangindent=\dimen166
)
\c@ContinuedFloat=\count140
Package caption Info: float package is loaded.
Package caption Info: hyperref package is loaded.
Package caption Info: listings package is loaded.
Package caption Info: longtable package is loaded.

(/usr/share/texlive/texmf-dist/tex/latex/caption/ltcaption.sty
Package: ltcaption 2013/02/03 v1.3-62 longtable captions (AR)
))
\c@KVtest=\count141
\sf@farskip=\skip63
\sf@captopadj=\dimen167
\sf@capskip=\skip64
\sf@nearskip=\skip65
\c@subfigure=\count142
\c@subfigure@save=\count143
\c@lofdepth=\count144
\c@subtable=\count145
\c@subtable@save=\count146
\c@lotdepth=\count147
\sf@top=\skip66
\sf@bottom=\skip67
)
(/usr/share/texlive/texmf-dist/tex/latex/yfonts/yfonts.sty
Package: yfonts 2003/01/08 v1.3 (WaS)
Now handling font encoding LY ...
... no UTF-8 mapping file for font encoding LY
Now handling font encoding LYG ...
... no UTF-8 mapping file for font encoding LYG
)
(/usr/share/texlive/texmf-dist/tex/latex/listings/lstlang1.sty
File: lstlang1.sty 2013/08/26 1.5b listings language file
)
Package hyperref Info: Option `colorlinks' set `true' on input line 111.
\c@subsubsubsection=\count148
)
Package csquotes Info: Checking for multilingual support...
Package csquotes Info: ... found 'babel' package.

(./AnalisiDeiRequisiti_v.1.0.aux)
\openout1 = `AnalisiDeiRequisiti_v.1.0.aux'.

LaTeX Font Info:    Checking defaults for OML/cmm/m/it on input line 29.
LaTeX Font Info:    ... okay on input line 29.
LaTeX Font Info:    Checking defaults for T1/cmr/m/n on input line 29.
LaTeX Font Info:    ... okay on input line 29.
LaTeX Font Info:    Checking defaults for OT1/cmr/m/n on input line 29.
LaTeX Font Info:    ... okay on input line 29.
LaTeX Font Info:    Checking defaults for OMS/cmsy/m/n on input line 29.
LaTeX Font Info:    ... okay on input line 29.
LaTeX Font Info:    Checking defaults for OMX/cmex/m/n on input line 29.
LaTeX Font Info:    ... okay on input line 29.
LaTeX Font Info:    Checking defaults for U/cmr/m/n on input line 29.
LaTeX Font Info:    ... okay on input line 29.
LaTeX Font Info:    Checking defaults for PD1/pdf/m/n on input line 29.
LaTeX Font Info:    ... okay on input line 29.
LaTeX Font Info:    Checking defaults for LY/yfrak/m/n on input line 29.
LaTeX Font Info:    ... okay on input line 29.
LaTeX Font Info:    Checking defaults for LYG/ygoth/m/n on input line 29.
LaTeX Font Info:    ... okay on input line 29.

*geometry* driver: auto-detecting
*geometry* detected driver: pdftex
*geometry* verbose mode - [ preamble ] result:
* driver: pdftex
* paper: a4paper
* layout: <same size as paper>
* layoutoffset:(h,v)=(0.0pt,0.0pt)
* modes: 
* h-part:(L,W,R)=(56.9055pt, 483.69687pt, 56.9055pt)
* v-part:(T,H,B)=(56.9055pt, 674.33032pt, 113.81102pt)
* \paperwidth=597.50787pt
* \paperheight=845.04684pt
* \textwidth=483.69687pt
* \textheight=674.33032pt
* \oddsidemargin=-15.36449pt
* \evensidemargin=-15.36449pt
* \topmargin=-52.36449pt
* \headheight=71.13188pt
* \headsep=25.0pt
* \topskip=12.0pt
* \footskip=30.0pt
* \marginparwidth=35.0pt
* \marginparsep=10.0pt
* \columnsep=10.0pt
* \skip\footins=10.8pt plus 4.0pt minus 2.0pt
* \hoffset=0.0pt
* \voffset=0.0pt
* \mag=1000
* \@twocolumnfalse
* \@twosidefalse
* \@mparswitchfalse
* \@reversemarginfalse
* (1in=72.27pt=25.4mm, 1cm=28.453pt)

LaTeX Info: Redefining \it@ocap on input line 29.
LaTeX Info: Redefining \it@ccap on input line 29.
(/usr/share/texlive/texmf-dist/tex/context/base/supp-pdf.mkii
[Loading MPS to PDF converter (version 2006.09.02).]
\scratchcounter=\count149
\scratchdimen=\dimen168
\scratchbox=\box40
\nofMPsegments=\count150
\nofMParguments=\count151
\everyMPshowfont=\toks29
\MPscratchCnt=\count152
\MPscratchDim=\dimen169
\MPnumerator=\count153
\makeMPintoPDFobject=\count154
\everyMPtoPDFconversion=\toks30
) (/usr/share/texlive/texmf-dist/tex/latex/oberdiek/epstopdf-base.sty
Package: epstopdf-base 2010/02/09 v2.5 Base part for package epstopdf

(/usr/share/texlive/texmf-dist/tex/latex/oberdiek/grfext.sty
Package: grfext 2010/08/19 v1.1 Manage graphics extensions (HO)
)
Package grfext Info: Graphics extension search list:
(grfext)             [.png,.pdf,.jpg,.mps,.jpeg,.jbig2,.jb2,.PNG,.PDF,.JPG,.JPE
G,.JBIG2,.JB2,.eps]
(grfext)             \AppendGraphicsExtensions on input line 452.

(/usr/share/texlive/texmf-dist/tex/latex/latexconfig/epstopdf-sys.cfg
File: epstopdf-sys.cfg 2010/07/13 v1.3 Configuration of (r)epstopdf for TeX Liv
e
))
\AtBeginShipoutBox=\box41
Package hyperref Info: Link coloring ON on input line 29.

(/usr/share/texlive/texmf-dist/tex/latex/hyperref/nameref.sty
Package: nameref 2012/10/27 v2.43 Cross-referencing by name of section

(/usr/share/texlive/texmf-dist/tex/generic/oberdiek/gettitlestring.sty
Package: gettitlestring 2010/12/03 v1.4 Cleanup title references (HO)
)
\c@section@level=\count155
)
LaTeX Info: Redefining \ref on input line 29.
LaTeX Info: Redefining \pageref on input line 29.
LaTeX Info: Redefining \nameref on input line 29.
Package lastpage Info: Please have a look at the pageslts package at
(lastpage)             http://www.ctan.org/tex-archive/ 
(lastpage)             macros/latex/contrib/pageslts/ 
(lastpage)             or
(lastpage)             http://www.ctan.org/tex-archive/ 
(lastpage)             install/macros/latex/contrib/pageslts.tds.zip
(lastpage)             ! on input line 29.
\c@lstlisting=\count156
Package caption Info: Begin \AtBeginDocument code.
Package caption Info: subfig package v1.3 is loaded.
Package caption Info: End \AtBeginDocument code.

(../Template/firstpage.tex <../../logo.jpg, id=4, 572.1375pt x 572.1375pt>
File: ../../logo.jpg Graphic file (type jpg)

<use ../../logo.jpg>
Package pdftex.def Info: ../../logo.jpg used on input line 22.
(pdftex.def)             Requested size: 227.62pt x 227.62pt.
LaTeX Font Info:    External font `cmex10' loaded for size
(Font)              <12> on input line 29.
LaTeX Font Info:    External font `cmex10' loaded for size
(Font)              <8> on input line 29.
LaTeX Font Info:    External font `cmex10' loaded for size
(Font)              <6> on input line 29.
 [1

{/var/lib/texmf/fonts/map/pdftex/updmap/pdftex.map} <../../logo.jpg>]) (../Temp
late/sommario.tex)
File: ../../logo.jpg Graphic file (type jpg)
 <use ../../logo.jpg>
Package pdftex.def Info: ../../logo.jpg used on input line 33.
(pdftex.def)             Requested size: 56.90282pt x 56.90282pt.
pdfTeX warning (ext4): destination with the same identifier (name{page.1}) has 
been already used, duplicate ignored
<to be read again> 
                   \relax 
l.33 	\newpage
               [1] (./parti/registroMod.tex
Underfull \hbox (badness 10000) in paragraph at lines 1--3

 []


Overfull \hbox (1.84283pt too wide) in paragraph at lines 12--12
[]\T1/cmr/bx/n/12 Versione| 
 []


Underfull \vbox (badness 10000) detected at line 12
 []

File: ../../logo.jpg Graphic file (type jpg)
<use ../../logo.jpg>
Package pdftex.def Info: ../../logo.jpg used on input line 14.
(pdftex.def)             Requested size: 56.90282pt x 56.90282pt.
 [2]
Underfull \hbox (badness 10000) in paragraph at lines 15--17

 []


Underfull \hbox (badness 10000) in paragraph at lines 15--17

 []

)
File: ../../logo.jpg Graphic file (type jpg)
 <use ../../logo.jpg>
Package pdftex.def Info: ../../logo.jpg used on input line 35.
(pdftex.def)             Requested size: 56.90282pt x 56.90282pt.
 [3] (./AnalisiDeiRequisiti_v.1.0.toc
File: ../../logo.jpg Graphic file (type jpg)

<use ../../logo.jpg>
Package pdftex.def Info: ../../logo.jpg used on input line 47.
(pdftex.def)             Requested size: 56.90282pt x 56.90282pt.
 [4]
File: ../../logo.jpg Graphic file (type jpg)
 <use ../../logo.jpg>
Package pdftex.def Info: ../../logo.jpg used on input line 93.
(pdftex.def)             Requested size: 56.90282pt x 56.90282pt.
 [5]
File: ../../logo.jpg Graphic file (type jpg)
 <use ../../logo.jpg>
Package pdftex.def Info: ../../logo.jpg used on input line 139.
(pdftex.def)             Requested size: 56.90282pt x 56.90282pt.
 [6])
\tf@toc=\write3
\openout3 = `AnalisiDeiRequisiti_v.1.0.toc'.

File: ../../logo.jpg Graphic file (type jpg)

<use ../../logo.jpg>
Package pdftex.def Info: ../../logo.jpg used on input line 37.
(pdftex.def)             Requested size: 56.90282pt x 56.90282pt.
 [7] (./parti/casiduso.tex (./UC/UC1.tex
<./images/UC1.jpg, id=433, 963.6pt x 722.7pt>
File: ./images/UC1.jpg Graphic file (type jpg)
 <use ./images/UC1.jpg>
Package pdftex.def Info: ./images/UC1.jpg used on input line 5.
(pdftex.def)             Requested size: 578.16447pt x 433.62334pt.

Overfull \hbox (94.4676pt too wide) in paragraph at lines 5--6
 [][] 
 []

File: ../../logo.jpg Graphic file (type jpg)
<use ../../logo.jpg>
Package pdftex.def Info: ../../logo.jpg used on input line 15.
(pdftex.def)             Requested size: 56.90282pt x 56.90282pt.
 [8 <./images/UC1.jpg>]

LaTeX Warning: Hyper reference `uc1.5' on page 9 undefined on input line 18.


LaTeX Warning: Hyper reference `uc1.15' on page 9 undefined on input line 19.


LaTeX Warning: Hyper reference `uc1.17' on page 9 undefined on input line 23.

)
File: ../../logo.jpg Graphic file (type jpg)
 <use ../../logo.jpg>
Package pdftex.def Info: ../../logo.jpg used on input line 4.
(pdftex.def)             Requested size: 56.90282pt x 56.90282pt.
 [9] (./UC/UC1.2.tex
<./images/UC1.2.jpg, id=477, 444.66125pt x 287.0725pt>
File: ./images/UC1.2.jpg Graphic file (type jpg)

<use ./images/UC1.2.jpg>
Package pdftex.def Info: ./images/UC1.2.jpg used on input line 3.
(pdftex.def)             Requested size: 444.66016pt x 287.0718pt.

Overfull \hbox (3.1613pt too wide) in paragraph at lines 3--9
[] \T1/cmr/bx/n/12 At-to-ri\T1/cmr/m/n/12 :
 []


Underfull \hbox (badness 10000) in paragraph at lines 17--22

 []

File: ../../logo.jpg Graphic file (type jpg)
<use ../../logo.jpg>
Package pdftex.def Info: ../../logo.jpg used on input line 29.
(pdftex.def)             Requested size: 56.90282pt x 56.90282pt.
 [10 <./images/UC1.2.jpg>])
Underfull \hbox (badness 10000) in paragraph at lines 35--6

 []

File: ../../logo.jpg Graphic file (type jpg)
<use ../../logo.jpg>
Package pdftex.def Info: ../../logo.jpg used on input line 6.
(pdftex.def)             Requested size: 56.90282pt x 56.90282pt.
 [11] (./UC/UC1.3.tex
<./images/UC1.3.jpg, id=499, 407.5225pt x 222.8325pt>
File: ./images/UC1.3.jpg Graphic file (type jpg)
 <use ./images/UC1.3.jpg>
Package pdftex.def Info: ./images/UC1.3.jpg used on input line 5.
(pdftex.def)             Requested size: 305.64111pt x 167.12396pt.

<./images/UC1.3.1.jpg, id=502, 444.4605pt x 446.6286pt>
File: ./images/UC1.3.1.jpg Graphic file (type jpg)

<use ./images/UC1.3.1.jpg>
Package pdftex.def Info: ./images/UC1.3.1.jpg used on input line 21.
(pdftex.def)             Requested size: 333.34456pt x 334.97063pt.
File: ../../logo.jpg Graphic file (type jpg)
 <use ../../logo.jpg>
Package pdftex.def Info: ../../logo.jpg used on input line 23.
(pdftex.def)             Requested size: 56.90282pt x 56.90282pt.
 [12 <./images/UC1.3.jpg>]
File: ../../logo.jpg Graphic file (type jpg)

<use ../../logo.jpg>
Package pdftex.def Info: ../../logo.jpg used on input line 39.
(pdftex.def)             Requested size: 56.90282pt x 56.90282pt.
 [13 <./images/UC1.3.1.jpg (PNG copy)>]
<./images/UC1.3.1.1.jpg, id=541, 274.626pt x 178.5069pt>
File: ./images/UC1.3.1.1.jpg Graphic file (type jpg)

<use ./images/UC1.3.1.1.jpg>
Package pdftex.def Info: ./images/UC1.3.1.1.jpg used on input line 45.
(pdftex.def)             Requested size: 205.96898pt x 133.87982pt.
File: ../../logo.jpg Graphic file (type jpg)
 <use ../../logo.jpg>
Package pdftex.def Info: ../../logo.jpg used on input line 78.
(pdftex.def)             Requested size: 56.90282pt x 56.90282pt.
 [14 <./images/UC1.3.1.1.jpg (PNG copy)>]
File: ../../logo.jpg Graphic file (type jpg)
 <use ../../logo.jpg>
Package pdftex.def Info: ../../logo.jpg used on input line 114.
(pdftex.def)             Requested size: 56.90282pt x 56.90282pt.
 [15]
File: ../../logo.jpg Graphic file (type jpg)
 <use ../../logo.jpg>
Package pdftex.def Info: ../../logo.jpg used on input line 163.
(pdftex.def)             Requested size: 56.90282pt x 56.90282pt.
 [16]
File: ../../logo.jpg Graphic file (type jpg)

<use ../../logo.jpg>
Package pdftex.def Info: ../../logo.jpg used on input line 210.
(pdftex.def)             Requested size: 56.90282pt x 56.90282pt.
 [17]
File: ../../logo.jpg Graphic file (type jpg)
 <use ../../logo.jpg>
Package pdftex.def Info: ../../logo.jpg used on input line 259.
(pdftex.def)             Requested size: 56.90282pt x 56.90282pt.
 [18]
File: ../../logo.jpg Graphic file (type jpg)
 <use ../../logo.jpg>
Package pdftex.def Info: ../../logo.jpg used on input line 308.
(pdftex.def)             Requested size: 56.90282pt x 56.90282pt.

[19]
LaTeX Font Info:    Try loading font information for OMS+cmr on input line 315.

 (/usr/share/texlive/texmf-dist/tex/latex/base/omscmr.fd
File: omscmr.fd 1999/05/25 v2.5h Standard LaTeX font definitions
)
LaTeX Font Info:    Font shape `OMS/cmr/m/n' in size <12> not available
(Font)              Font shape `OMS/cmsy/m/n' tried instead on input line 315.

<./images/UC1.3.1.5.jpg, id=660, 258.0039pt x 206.6922pt>
File: ./images/UC1.3.1.5.jpg Graphic file (type jpg)

<use ./images/UC1.3.1.5.jpg>
Package pdftex.def Info: ./images/UC1.3.1.5.jpg used on input line 322.
(pdftex.def)             Requested size: 193.50244pt x 155.01875pt.

<./images/UC1.3.1.5.1.jpg, id=661, 302.8113pt x 307.1475pt>
File: ./images/UC1.3.1.5.1.jpg Graphic file (type jpg)

<use ./images/UC1.3.1.5.1.jpg>
Package pdftex.def Info: ./images/UC1.3.1.5.1.jpg used on input line 344.
(pdftex.def)             Requested size: 227.10791pt x 230.36005pt.
File: ../../logo.jpg Graphic file (type jpg)
 <use ../../logo.jpg>
Package pdftex.def Info: ../../logo.jpg used on input line 346.
(pdftex.def)             Requested size: 56.90282pt x 56.90282pt.
 [20 <./images/UC1.3.1.5.jpg (PNG copy)>]
File: ../../logo.jpg Graphic file (type jpg)
 <use ../../logo.jpg>
Package pdftex.def Info: ../../logo.jpg used on input line 373.
(pdftex.def)             Requested size: 56.90282pt x 56.90282pt.
 [21 <./images/UC1.3.1.5.1.jpg (PNG copy)>]
File: ../../logo.jpg Graphic file (type jpg)

<use ../../logo.jpg>
Package pdftex.def Info: ../../logo.jpg used on input line 421.
(pdftex.def)             Requested size: 56.90282pt x 56.90282pt.
 [22]
<./images/UC1.3.1.6.jpg, id=707, 313.6518pt x 278.9622pt>
File: ./images/UC1.3.1.6.jpg Graphic file (type jpg)

<use ./images/UC1.3.1.6.jpg>
Package pdftex.def Info: ./images/UC1.3.1.6.jpg used on input line 442.
(pdftex.def)             Requested size: 235.23825pt x 209.22113pt.
File: ../../logo.jpg Graphic file (type jpg)
 <use ../../logo.jpg>
Package pdftex.def Info: ../../logo.jpg used on input line 452.
(pdftex.def)             Requested size: 56.90282pt x 56.90282pt.
 [23 <./images/UC1.3.1.6.jpg (PNG copy)>]
File: ../../logo.jpg Graphic file (type jpg)
 <use ../../logo.jpg>
Package pdftex.def Info: ../../logo.jpg used on input line 494.
(pdftex.def)             Requested size: 56.90282pt x 56.90282pt.
 [24]
<./images/UC1.3.1.7.jpg, id=742, 220.4235pt x 206.6922pt>
File: ./images/UC1.3.1.7.jpg Graphic file (type jpg)

<use ./images/UC1.3.1.7.jpg>
Package pdftex.def Info: ./images/UC1.3.1.7.jpg used on input line 526.
(pdftex.def)             Requested size: 165.3172pt x 155.01875pt.
File: ../../logo.jpg Graphic file (type jpg)
 <use ../../logo.jpg>
Package pdftex.def Info: ../../logo.jpg used on input line 533.
(pdftex.def)             Requested size: 56.90282pt x 56.90282pt.
 [25 <./images/UC1.3.1.7.jpg (PNG copy)>] <./images/UC1.3.1.8.jpg, id=759, 299.
9205pt x 206.6922pt>
File: ./images/UC1.3.1.8.jpg Graphic file (type jpg)

<use ./images/UC1.3.1.8.jpg>
Package pdftex.def Info: ./images/UC1.3.1.8.jpg used on input line 566.
(pdftex.def)             Requested size: 224.9398pt x 155.01875pt.
File: ../../logo.jpg Graphic file (type jpg)
 <use ../../logo.jpg>
Package pdftex.def Info: ../../logo.jpg used on input line 573.
(pdftex.def)             Requested size: 56.90282pt x 56.90282pt.
 [26 <./images/UC1.3.1.8.jpg (PNG copy)>]
Underfull \hbox (badness 10000) in paragraph at lines 587--592

 []


Underfull \hbox (badness 10000) in paragraph at lines 594--599

 []


Underfull \hbox (badness 10000) in paragraph at lines 601--606

 []


Underfull \hbox (badness 10000) in paragraph at lines 608--613

 []

File: ../../logo.jpg Graphic file (type jpg)
<use ../../logo.jpg>
Package pdftex.def Info: ../../logo.jpg used on input line 613.
(pdftex.def)             Requested size: 56.90282pt x 56.90282pt.
 [27]
<./images/UC1.3.2.jpg, id=786, 566.115pt x 349.305pt>
File: ./images/UC1.3.2.jpg Graphic file (type jpg)

<use ./images/UC1.3.2.jpg>
Package pdftex.def Info: ./images/UC1.3.2.jpg used on input line 650.
(pdftex.def)             Requested size: 424.5852pt x 261.9781pt.
File: ../../logo.jpg Graphic file (type jpg)
 <use ../../logo.jpg>
Package pdftex.def Info: ../../logo.jpg used on input line 652.
(pdftex.def)             Requested size: 56.90282pt x 56.90282pt.
 [28]
<./images/UC1.3.2.1.jpg, id=802, 518.93875pt x 364.36125pt>
File: ./images/UC1.3.2.1.jpg Graphic file (type jpg)

<use ./images/UC1.3.2.1.jpg>
Package pdftex.def Info: ./images/UC1.3.2.1.jpg used on input line 670.
(pdftex.def)             Requested size: 389.20311pt x 273.27026pt.
File: ../../logo.jpg Graphic file (type jpg)
 <use ../../logo.jpg>
Package pdftex.def Info: ../../logo.jpg used on input line 672.
(pdftex.def)             Requested size: 56.90282pt x 56.90282pt.
 [29 <./images/UC1.3.2.jpg>]
File: ../../logo.jpg Graphic file (type jpg)

<use ../../logo.jpg>
Package pdftex.def Info: ../../logo.jpg used on input line 701.
(pdftex.def)             Requested size: 56.90282pt x 56.90282pt.
 [30 <./images/UC1.3.2.1.jpg>]
<./images/UC1.3.2.2.jpg, id=828, 537.00626pt x 395.4775pt>
File: ./images/UC1.3.2.2.jpg Graphic file (type jpg)

<use ./images/UC1.3.2.2.jpg>
Package pdftex.def Info: ./images/UC1.3.2.2.jpg used on input line 710.
(pdftex.def)             Requested size: 402.75371pt x 296.60739pt.
File: ../../logo.jpg Graphic file (type jpg)
 <use ../../logo.jpg>
Package pdftex.def Info: ../../logo.jpg used on input line 729.
(pdftex.def)             Requested size: 56.90282pt x 56.90282pt.
 [31 <./images/UC1.3.2.2.jpg>])
File: ../../logo.jpg Graphic file (type jpg)
 <use ../../logo.jpg>
Package pdftex.def Info: ../../logo.jpg used on input line 8.
(pdftex.def)             Requested size: 56.90282pt x 56.90282pt.
 [32] (./UC/UC1.6.tex
<./images/UC1.6.jpg, id=852, 630.10406pt x 711.4078pt>
File: ./images/UC1.6.jpg Graphic file (type jpg)

<use ./images/UC1.6.jpg>
Package pdftex.def Info: ./images/UC1.6.jpg used on input line 5.
(pdftex.def)             Requested size: 472.57689pt x 533.55455pt.
File: ../../logo.jpg Graphic file (type jpg)
 <use ../../logo.jpg>
Package pdftex.def Info: ../../logo.jpg used on input line 14.
(pdftex.def)             Requested size: 56.90282pt x 56.90282pt.
 [33 <./images/UC1.6.jpg (PNG copy)>] <./images/UC1.6.1.jpg, id=871, 459.96844p
t x 279.29344pt>
File: ./images/UC1.6.1.jpg Graphic file (type jpg)

<use ./images/UC1.6.1.jpg>
Package pdftex.def Info: ./images/UC1.6.1.jpg used on input line 30.
(pdftex.def)             Requested size: 344.97548pt x 209.46956pt.

<./images/UC1.6.2.jpg, id=872, 609.77812pt x 342.5297pt>
File: ./images/UC1.6.2.jpg Graphic file (type jpg)

<use ./images/UC1.6.2.jpg>
Package pdftex.def Info: ./images/UC1.6.2.jpg used on input line 45.
(pdftex.def)             Requested size: 457.33246pt x 256.89664pt.
File: ../../logo.jpg Graphic file (type jpg)
 <use ../../logo.jpg>
Package pdftex.def Info: ../../logo.jpg used on input line 47.
(pdftex.def)             Requested size: 56.90282pt x 56.90282pt.
 [34 <./images/UC1.6.1.jpg (PNG copy)>] <./images/UC1.6.3.jpg, id=893, 633.1153
1pt x 374.90062pt>
File: ./images/UC1.6.3.jpg Graphic file (type jpg)

<use ./images/UC1.6.3.jpg>
Package pdftex.def Info: ./images/UC1.6.3.jpg used on input line 61.
(pdftex.def)             Requested size: 474.83531pt x 281.17477pt.
File: ../../logo.jpg Graphic file (type jpg)
 <use ../../logo.jpg>
Package pdftex.def Info: ../../logo.jpg used on input line 63.
(pdftex.def)             Requested size: 56.90282pt x 56.90282pt.
 [35 <./images/UC1.6.2.jpg (PNG copy)>] <./images/UC1.6.4.jpg, id=905, 444.1593
8pt x 373.395pt>
File: ./images/UC1.6.4.jpg Graphic file (type jpg)

<use ./images/UC1.6.4.jpg>
Package pdftex.def Info: ./images/UC1.6.4.jpg used on input line 77.
(pdftex.def)             Requested size: 333.1187pt x 280.04556pt.
File: ../../logo.jpg Graphic file (type jpg)
 <use ../../logo.jpg>
Package pdftex.def Info: ../../logo.jpg used on input line 79.
(pdftex.def)             Requested size: 56.90282pt x 56.90282pt.
 [36 <./images/UC1.6.3.jpg (PNG copy)>] <./images/UC1.6.5.jpg, id=918, 560.0925
pt x 341.02406pt>
File: ./images/UC1.6.5.jpg Graphic file (type jpg)

<use ./images/UC1.6.5.jpg>
Package pdftex.def Info: ./images/UC1.6.5.jpg used on input line 93.
(pdftex.def)             Requested size: 420.06834pt x 255.76741pt.
File: ../../logo.jpg Graphic file (type jpg)
 <use ../../logo.jpg>
Package pdftex.def Info: ../../logo.jpg used on input line 95.
(pdftex.def)             Requested size: 56.90282pt x 56.90282pt.
 [37 <./images/UC1.6.4.jpg (PNG copy)>] <./images/UC1.6.5.2.jpg, id=930, 687.31
781pt x 386.94562pt>
File: ./images/UC1.6.5.2.jpg Graphic file (type jpg)

<use ./images/UC1.6.5.2.jpg>
Package pdftex.def Info: ./images/UC1.6.5.2.jpg used on input line 114.
(pdftex.def)             Requested size: 515.48709pt x 290.2085pt.

Overfull \hbox (31.79022pt too wide) in paragraph at lines 114--115
 [][] 
 []

File: ../../logo.jpg Graphic file (type jpg)
<use ../../logo.jpg>
Package pdftex.def Info: ../../logo.jpg used on input line 116.
(pdftex.def)             Requested size: 56.90282pt x 56.90282pt.
 [38 <./images/UC1.6.5.jpg (PNG copy)>]
<./images/UC1.6.6.jpg, id=942, 484.05844pt x 377.15906pt>
File: ./images/UC1.6.6.jpg Graphic file (type jpg)

<use ./images/UC1.6.6.jpg>
Package pdftex.def Info: ./images/UC1.6.6.jpg used on input line 137.
(pdftex.def)             Requested size: 363.04294pt x 282.8686pt.
File: ../../logo.jpg Graphic file (type jpg)
 <use ../../logo.jpg>
Package pdftex.def Info: ../../logo.jpg used on input line 139.
(pdftex.def)             Requested size: 56.90282pt x 56.90282pt.
 [39 <./images/UC1.6.5.2.jpg (PNG copy)>] <./images/UC1.6.7.jpg, id=956, 488.57
532pt x 416.30531pt>
File: ./images/UC1.6.7.jpg Graphic file (type jpg)

<use ./images/UC1.6.7.jpg>
Package pdftex.def Info: ./images/UC1.6.7.jpg used on input line 158.
(pdftex.def)             Requested size: 366.43059pt x 312.22821pt.
File: ../../logo.jpg Graphic file (type jpg)
 <use ../../logo.jpg>
Package pdftex.def Info: ../../logo.jpg used on input line 160.
(pdftex.def)             Requested size: 56.90282pt x 56.90282pt.
 [40 <./images/UC1.6.6.jpg (PNG copy)>] <./images/UC1.6.8.jpg, id=968, 584.9353
2pt x 336.50719pt>
File: ./images/UC1.6.8.jpg Graphic file (type jpg)

<use ./images/UC1.6.8.jpg>
Package pdftex.def Info: ./images/UC1.6.8.jpg used on input line 179.
(pdftex.def)             Requested size: 438.70041pt x 252.37976pt.
File: ../../logo.jpg Graphic file (type jpg)
 <use ../../logo.jpg>
Package pdftex.def Info: ../../logo.jpg used on input line 181.
(pdftex.def)             Requested size: 56.90282pt x 56.90282pt.
 [41 <./images/UC1.6.7.jpg (PNG copy)>] <./images/UC1.6.9.jpg, id=981, 517.935p
t x 328.22626pt>
File: ./images/UC1.6.9.jpg Graphic file (type jpg)

<use ./images/UC1.6.9.jpg>
Package pdftex.def Info: ./images/UC1.6.9.jpg used on input line 199.
(pdftex.def)             Requested size: 388.45029pt x 246.16908pt.
File: ../../logo.jpg Graphic file (type jpg)
 <use ../../logo.jpg>
Package pdftex.def Info: ../../logo.jpg used on input line 201.
(pdftex.def)             Requested size: 56.90282pt x 56.90282pt.
 [42 <./images/UC1.6.8.jpg (PNG copy)>]
File: ../../logo.jpg Graphic file (type jpg)
 <use ../../logo.jpg>
Package pdftex.def Info: ../../logo.jpg used on input line 225.
(pdftex.def)             Requested size: 56.90282pt x 56.90282pt.
 [43 <./images/UC1.6.9.jpg (PNG copy)>])
File: ../../logo.jpg Graphic file (type jpg)

<use ../../logo.jpg>
Package pdftex.def Info: ../../logo.jpg used on input line 10.
(pdftex.def)             Requested size: 56.90282pt x 56.90282pt.
 [44] (./UC/UC1.7.tex
<./images/UC1.7.jpg, id=1013, 523.9575pt x 317.185pt>
File: ./images/UC1.7.jpg Graphic file (type jpg)
 <use ./images/UC1.7.jpg>
Package pdftex.def Info: ./images/UC1.7.jpg used on input line 5.
(pdftex.def)             Requested size: 392.96716pt x 237.88815pt.

<./images/UC1.7.1.jpg, id=1019, 459.7175pt x 265.99374pt>
File: ./images/UC1.7.1.jpg Graphic file (type jpg)

<use ./images/UC1.7.1.jpg>
Package pdftex.def Info: ./images/UC1.7.1.jpg used on input line 24.
(pdftex.def)             Requested size: 344.78728pt x 199.49481pt.
File: ../../logo.jpg Graphic file (type jpg)
 <use ../../logo.jpg>
Package pdftex.def Info: ../../logo.jpg used on input line 26.
(pdftex.def)             Requested size: 56.90282pt x 56.90282pt.
 [45 <./images/UC1.7.jpg>]
<./images/UC1.7.1.1.jpg, id=1036, 473.77pt x 298.11375pt>
File: ./images/UC1.7.1.1.jpg Graphic file (type jpg)

<use ./images/UC1.7.1.1.jpg>
Package pdftex.def Info: ./images/UC1.7.1.1.jpg used on input line 45.
(pdftex.def)             Requested size: 355.32663pt x 223.58476pt.
File: ../../logo.jpg Graphic file (type jpg)
 <use ../../logo.jpg>
Package pdftex.def Info: ../../logo.jpg used on input line 47.
(pdftex.def)             Requested size: 56.90282pt x 56.90282pt.
 [46 <./images/UC1.7.1.jpg>]
Underfull \hbox (badness 10000) in paragraph at lines 60--65

 []


Underfull \hbox (badness 10000) in paragraph at lines 67--72

 []

File: ../../logo.jpg Graphic file (type jpg)
<use ../../logo.jpg>
Package pdftex.def Info: ../../logo.jpg used on input line 72.
(pdftex.def)             Requested size: 56.90282pt x 56.90282pt.
 [47 <./images/UC1.7.1.1.jpg>]
Underfull \hbox (badness 10000) in paragraph at lines 74--79

 []

<./images/UC1.7.1.2.jpg, id=1062, 486.81876pt x 296.10625pt>
File: ./images/UC1.7.1.2.jpg Graphic file (type jpg)

<use ./images/UC1.7.1.2.jpg>
Package pdftex.def Info: ./images/UC1.7.1.2.jpg used on input line 83.
(pdftex.def)             Requested size: 365.11317pt x 222.07913pt.

Underfull \hbox (badness 10000) in paragraph at lines 98--103

 []

File: ../../logo.jpg Graphic file (type jpg)
<use ../../logo.jpg>
Package pdftex.def Info: ../../logo.jpg used on input line 103.
(pdftex.def)             Requested size: 56.90282pt x 56.90282pt.
 [48 <./images/UC1.7.1.2.jpg>]
Underfull \hbox (badness 10000) in paragraph at lines 105--110

 []


Underfull \hbox (badness 10000) in paragraph at lines 112--117

 []


Underfull \hbox (badness 10000) in paragraph at lines 119--124

 []

<./images/UC1.7.2.jpg, id=1078, 484.81125pt x 288.07625pt>
File: ./images/UC1.7.2.jpg Graphic file (type jpg)

<use ./images/UC1.7.2.jpg>
Package pdftex.def Info: ./images/UC1.7.2.jpg used on input line 128.
(pdftex.def)             Requested size: 363.60754pt x 216.05664pt.
File: ../../logo.jpg Graphic file (type jpg)
 <use ../../logo.jpg>
Package pdftex.def Info: ../../logo.jpg used on input line 130.
(pdftex.def)             Requested size: 56.90282pt x 56.90282pt.
 [49]
Underfull \hbox (badness 10000) in paragraph at lines 148--153

 []


Underfull \hbox (badness 10000) in paragraph at lines 155--160

 []

File: ../../logo.jpg Graphic file (type jpg)
<use ../../logo.jpg>
Package pdftex.def Info: ../../logo.jpg used on input line 160.
(pdftex.def)             Requested size: 56.90282pt x 56.90282pt.
 [50 <./images/UC1.7.2.jpg>]
Underfull \hbox (badness 10000) in paragraph at lines 162--167

 []


Underfull \hbox (badness 10000) in paragraph at lines 169--174

 []

<./images/UC1.7.3.jpg, id=1102, 504.88625pt x 315.1775pt>
File: ./images/UC1.7.3.jpg Graphic file (type jpg)

<use ./images/UC1.7.3.jpg>
Package pdftex.def Info: ./images/UC1.7.3.jpg used on input line 178.
(pdftex.def)             Requested size: 378.66374pt x 236.38254pt.
File: ../../logo.jpg Graphic file (type jpg)
 <use ../../logo.jpg>
Package pdftex.def Info: ../../logo.jpg used on input line 185.
(pdftex.def)             Requested size: 56.90282pt x 56.90282pt.
 [51 <./images/UC1.7.3.jpg>]
Underfull \hbox (badness 10000) in paragraph at lines 199--204

 []


Underfull \hbox (badness 10000) in paragraph at lines 206--211

 []


Underfull \hbox (badness 10000) in paragraph at lines 213--218

 []


Underfull \hbox (badness 10000) in paragraph at lines 220--225

 []

File: ../../logo.jpg Graphic file (type jpg)
<use ../../logo.jpg>
Package pdftex.def Info: ../../logo.jpg used on input line 225.
(pdftex.def)             Requested size: 56.90282pt x 56.90282pt.
 [52]
Underfull \hbox (badness 10000) in paragraph at lines 227--232

 []

<./images/UC1.7.4.jpg, id=1129, 526.96875pt x 350.30875pt>
File: ./images/UC1.7.4.jpg Graphic file (type jpg)

<use ./images/UC1.7.4.jpg>
Package pdftex.def Info: ./images/UC1.7.4.jpg used on input line 236.
(pdftex.def)             Requested size: 395.22559pt x 262.73091pt.
File: ../../logo.jpg Graphic file (type jpg)
 <use ../../logo.jpg>
Package pdftex.def Info: ../../logo.jpg used on input line 243.
(pdftex.def)             Requested size: 56.90282pt x 56.90282pt.
 [53 <./images/UC1.7.4.jpg>]
Underfull \hbox (badness 10000) in paragraph at lines 257--262

 []


Underfull \hbox (badness 10000) in paragraph at lines 264--269

 []


Underfull \hbox (badness 10000) in paragraph at lines 271--276

 []

File: ../../logo.jpg Graphic file (type jpg)
<use ../../logo.jpg>
Package pdftex.def Info: ../../logo.jpg used on input line 276.
(pdftex.def)             Requested size: 56.90282pt x 56.90282pt.
 [54]
Underfull \hbox (badness 10000) in paragraph at lines 278--283

 []


Underfull \hbox (badness 10000) in paragraph at lines 285--290

 []

<./images/UC1.7.5.jpg, id=1156, 432.61626pt x 287.0725pt>
File: ./images/UC1.7.5.jpg Graphic file (type jpg)

<use ./images/UC1.7.5.jpg>
Package pdftex.def Info: ./images/UC1.7.5.jpg used on input line 294.
(pdftex.def)             Requested size: 324.4614pt x 215.30383pt.
File: ../../logo.jpg Graphic file (type jpg)
 <use ../../logo.jpg>
Package pdftex.def Info: ../../logo.jpg used on input line 301.
(pdftex.def)             Requested size: 56.90282pt x 56.90282pt.
 [55 <./images/UC1.7.5.jpg>]
Underfull \hbox (badness 10000) in paragraph at lines 314--319

 []


Underfull \hbox (badness 10000) in paragraph at lines 321--326

 []


Underfull \hbox (badness 10000) in paragraph at lines 328--333

 []


Underfull \hbox (badness 10000) in paragraph at lines 335--340

 []

File: ../../logo.jpg Graphic file (type jpg)
<use ../../logo.jpg>
Package pdftex.def Info: ../../logo.jpg used on input line 340.
(pdftex.def)             Requested size: 56.90282pt x 56.90282pt.
 [56]
<./images/UC1.7.6.jpg, id=1180, 480.79625pt x 410.53375pt>
File: ./images/UC1.7.6.jpg Graphic file (type jpg)

<use ./images/UC1.7.6.jpg>
Package pdftex.def Info: ./images/UC1.7.6.jpg used on input line 344.
(pdftex.def)             Requested size: 360.59628pt x 307.89955pt.
File: ../../logo.jpg Graphic file (type jpg)
 <use ../../logo.jpg>
Package pdftex.def Info: ../../logo.jpg used on input line 356.
(pdftex.def)             Requested size: 56.90282pt x 56.90282pt.
 [57 <./images/UC1.7.6.jpg>]
Underfull \hbox (badness 10000) in paragraph at lines 365--370

 []


Underfull \hbox (badness 10000) in paragraph at lines 372--377

 []


Underfull \hbox (badness 10000) in paragraph at lines 379--384

 []


Underfull \hbox (badness 10000) in paragraph at lines 386--391

 []

File: ../../logo.jpg Graphic file (type jpg)
<use ../../logo.jpg>
Package pdftex.def Info: ../../logo.jpg used on input line 391.
(pdftex.def)             Requested size: 56.90282pt x 56.90282pt.
 [58]
Underfull \hbox (badness 10000) in paragraph at lines 393--398

 []

<./images/UC1.7.7.jpg, id=1207, 456.70625pt x 287.0725pt>
File: ./images/UC1.7.7.jpg Graphic file (type jpg)

<use ./images/UC1.7.7.jpg>
Package pdftex.def Info: ./images/UC1.7.7.jpg used on input line 402.
(pdftex.def)             Requested size: 342.52884pt x 215.30383pt.
File: ../../logo.jpg Graphic file (type jpg)
 <use ../../logo.jpg>
Package pdftex.def Info: ../../logo.jpg used on input line 417.
(pdftex.def)             Requested size: 56.90282pt x 56.90282pt.
 [59 <./images/UC1.7.7.jpg>]
Underfull \hbox (badness 10000) in paragraph at lines 422--427

 []


Underfull \hbox (badness 10000) in paragraph at lines 429--434

 []


Underfull \hbox (badness 10000) in paragraph at lines 436--441

 []

)
Underfull \hbox (badness 10000) in paragraph at lines 443--12

 []

File: ../../logo.jpg Graphic file (type jpg)
<use ../../logo.jpg>
Package pdftex.def Info: ../../logo.jpg used on input line 12.
(pdftex.def)             Requested size: 56.90282pt x 56.90282pt.
 [60] (./UC/UC1.8.tex
<./images/UC1.8.jpg, id=1232, 461.725pt x 304.13625pt>
File: ./images/UC1.8.jpg Graphic file (type jpg)

<use ./images/UC1.8.jpg>
Package pdftex.def Info: ./images/UC1.8.jpg used on input line 5.
(pdftex.def)             Requested size: 346.29291pt x 228.10162pt.
File: ../../logo.jpg Graphic file (type jpg)
 <use ../../logo.jpg>
Package pdftex.def Info: ../../logo.jpg used on input line 32.
(pdftex.def)             Requested size: 56.90282pt x 56.90282pt.
 [61 <./images/UC1.8.jpg>])
File: ../../logo.jpg Graphic file (type jpg)

<use ../../logo.jpg>
Package pdftex.def Info: ../../logo.jpg used on input line 14.
(pdftex.def)             Requested size: 56.90282pt x 56.90282pt.
 [62] (./UC/UC1.9.tex
<./images/UC1.9.jpg, id=1260, 1055.945pt x 508.90125pt>
File: ./images/UC1.9.jpg Graphic file (type jpg)

<use ./images/UC1.9.jpg>
Package pdftex.def Info: ./images/UC1.9.jpg used on input line 5.
(pdftex.def)             Requested size: 527.9712pt x 254.45pt.

Overfull \hbox (44.27434pt too wide) in paragraph at lines 5--6
 [][] 
 []

<./images/UC1.9.1.jpg, id=1265, 479.7925pt x 353.32pt>
File: ./images/UC1.9.1.jpg Graphic file (type jpg)

<use ./images/UC1.9.1.jpg>
Package pdftex.def Info: ./images/UC1.9.1.jpg used on input line 29.
(pdftex.def)             Requested size: 359.84348pt x 264.98935pt.
File: ../../logo.jpg Graphic file (type jpg)
 <use ../../logo.jpg>
Package pdftex.def Info: ../../logo.jpg used on input line 31.
(pdftex.def)             Requested size: 56.90282pt x 56.90282pt.
 [63 <./images/UC1.9.jpg>]
Underfull \hbox (badness 10000) in paragraph at lines 47--52

 []


Underfull \hbox (badness 10000) in paragraph at lines 54--59

 []

File: ../../logo.jpg Graphic file (type jpg)
<use ../../logo.jpg>
Package pdftex.def Info: ../../logo.jpg used on input line 59.
(pdftex.def)             Requested size: 56.90282pt x 56.90282pt.
 [64 <./images/UC1.9.1.jpg>]
<./images/UC1.9.3.jpg, id=1289, 510.90875pt x 353.32pt>
File: ./images/UC1.9.3.jpg Graphic file (type jpg)

<use ./images/UC1.9.3.jpg>
Package pdftex.def Info: ./images/UC1.9.3.jpg used on input line 63.
(pdftex.def)             Requested size: 383.18062pt x 264.98935pt.

Underfull \hbox (badness 10000) in paragraph at lines 81--86

 []

File: ../../logo.jpg Graphic file (type jpg)
<use ../../logo.jpg>
Package pdftex.def Info: ../../logo.jpg used on input line 86.
(pdftex.def)             Requested size: 56.90282pt x 56.90282pt.
 [65 <./images/UC1.9.3.jpg>]
Underfull \hbox (badness 10000) in paragraph at lines 88--93

 []

<./images/UC1.9.5.jpg, id=1305, 522.95375pt x 347.2975pt>
File: ./images/UC1.9.5.jpg Graphic file (type jpg)

<use ./images/UC1.9.5.jpg>
Package pdftex.def Info: ./images/UC1.9.5.jpg used on input line 113.
(pdftex.def)             Requested size: 392.21434pt x 260.47247pt.
File: ../../logo.jpg Graphic file (type jpg)
 <use ../../logo.jpg>
Package pdftex.def Info: ../../logo.jpg used on input line 115.
(pdftex.def)             Requested size: 56.90282pt x 56.90282pt.
 [66]
Underfull \hbox (badness 10000) in paragraph at lines 128--133

 []


Underfull \hbox (badness 10000) in paragraph at lines 135--141

 []

File: ../../logo.jpg Graphic file (type jpg)
<use ../../logo.jpg>
Package pdftex.def Info: ../../logo.jpg used on input line 141.
(pdftex.def)             Requested size: 56.90282pt x 56.90282pt.
 [67 <./images/UC1.9.5.jpg>])
Underfull \hbox (badness 10000) in paragraph at lines 143--16

 []

File: ../../logo.jpg Graphic file (type jpg)
<use ../../logo.jpg>
Package pdftex.def Info: ../../logo.jpg used on input line 16.
(pdftex.def)             Requested size: 56.90282pt x 56.90282pt.
 [68] (./UC/UC1.10.tex
<./images/UC1.10.jpg, id=1336, 375.4025pt x 227.85126pt>
File: ./images/UC1.10.jpg Graphic file (type jpg)

<use ./images/UC1.10.jpg>
Package pdftex.def Info: ./images/UC1.10.jpg used on input line 5.
(pdftex.def)             Requested size: 281.55118pt x 170.88802pt.
File: ../../logo.jpg Graphic file (type jpg)
 <use ../../logo.jpg>
Package pdftex.def Info: ../../logo.jpg used on input line 41.
(pdftex.def)             Requested size: 56.90282pt x 56.90282pt.
 [69 <./images/UC1.10.jpg>])
File: ../../logo.jpg Graphic file (type jpg)

<use ../../logo.jpg>
Package pdftex.def Info: ../../logo.jpg used on input line 18.
(pdftex.def)             Requested size: 56.90282pt x 56.90282pt.
 [70] (./UC/UC1.11.tex
<./images/UC1.11.jpg, id=1361, 422.57875pt x 189.70876pt>
File: ./images/UC1.11.jpg Graphic file (type jpg)

<use ./images/UC1.11.jpg>
Package pdftex.def Info: ./images/UC1.11.jpg used on input line 5.
(pdftex.def)             Requested size: 316.93327pt x 142.2812pt.

Underfull \hbox (badness 10000) in paragraph at lines 23--28

 []

)
Underfull \hbox (badness 10000) in paragraph at lines 30--20

 []

File: ../../logo.jpg Graphic file (type jpg)
<use ../../logo.jpg>
Package pdftex.def Info: ../../logo.jpg used on input line 20.
(pdftex.def)             Requested size: 56.90282pt x 56.90282pt.
 [71 <./images/UC1.11.jpg>] (./UC/UC1.12.tex
<./images/UC1.12.jpg, id=1374, 438.63875pt x 311.1625pt>
File: ./images/UC1.12.jpg Graphic file (type jpg)

<use ./images/UC1.12.jpg>
Package pdftex.def Info: ./images/UC1.12.jpg used on input line 5.
(pdftex.def)             Requested size: 328.97824pt x 233.3713pt.

Underfull \hbox (badness 10000) in paragraph at lines 25--30

 []


Underfull \hbox (badness 10000) in paragraph at lines 32--37

 []

File: ../../logo.jpg Graphic file (type jpg)
<use ../../logo.jpg>
Package pdftex.def Info: ../../logo.jpg used on input line 37.
(pdftex.def)             Requested size: 56.90282pt x 56.90282pt.
 [72 <./images/UC1.12.jpg>]
Underfull \hbox (badness 10000) in paragraph at lines 39--44

 []

)
Underfull \hbox (badness 10000) in paragraph at lines 46--22

 []

File: ../../logo.jpg Graphic file (type jpg)
<use ../../logo.jpg>
Package pdftex.def Info: ../../logo.jpg used on input line 22.
(pdftex.def)             Requested size: 56.90282pt x 56.90282pt.
 [73] (./UC/UC1.13.tex)
File: ../../logo.jpg Graphic file (type jpg)
 <use ../../logo.jpg>
Package pdftex.def Info: ../../logo.jpg used on input line 26.
(pdftex.def)             Requested size: 56.90282pt x 56.90282pt.
 [74]
(./UC/UC1.16.tex <./images/UC1.16.jpg, id=1409, 482.80376pt x 342.27875pt>
File: ./images/UC1.16.jpg Graphic file (type jpg)

<use ./images/UC1.16.jpg>
Package pdftex.def Info: ./images/UC1.16.jpg used on input line 5.
(pdftex.def)             Requested size: 362.10193pt x 256.70842pt.

Underfull \hbox (badness 10000) in paragraph at lines 24--29

 []


Underfull \hbox (badness 10000) in paragraph at lines 31--36

 []

File: ../../logo.jpg Graphic file (type jpg)
<use ../../logo.jpg>
Package pdftex.def Info: ../../logo.jpg used on input line 36.
(pdftex.def)             Requested size: 56.90282pt x 56.90282pt.
 [75 <./images/UC1.16.jpg>])
Underfull \hbox (badness 10000) in paragraph at lines 38--28

 []

File: ../../logo.jpg Graphic file (type jpg)
<use ../../logo.jpg>
Package pdftex.def Info: ../../logo.jpg used on input line 28.
(pdftex.def)             Requested size: 56.90282pt x 56.90282pt.
 [76] (./UC/UC1.18.tex
<./images/UC1.18.jpg, id=1429, 665.48625pt x 314.17375pt>
File: ./images/UC1.18.jpg Graphic file (type jpg)

<use ./images/UC1.18.jpg>
Package pdftex.def Info: ./images/UC1.18.jpg used on input line 5.
(pdftex.def)             Requested size: 499.11346pt x 235.62973pt.

Overfull \hbox (15.4166pt too wide) in paragraph at lines 5--6
 [][] 
 []

<./images/UC1.18.1.jpg, id=1434, 527.9725pt x 350.30875pt>
File: ./images/UC1.18.1.jpg Graphic file (type jpg)

<use ./images/UC1.18.1.jpg>
Package pdftex.def Info: ./images/UC1.18.1.jpg used on input line 21.
(pdftex.def)             Requested size: 395.9784pt x 262.73091pt.
File: ../../logo.jpg Graphic file (type jpg)
 <use ../../logo.jpg>
Package pdftex.def Info: ../../logo.jpg used on input line 23.
(pdftex.def)             Requested size: 56.90282pt x 56.90282pt.
 [77 <./images/UC1.18.jpg>]
Underfull \hbox (badness 10000) in paragraph at lines 40--45

 []

File: ../../logo.jpg Graphic file (type jpg)
<use ../../logo.jpg>
Package pdftex.def Info: ../../logo.jpg used on input line 45.
(pdftex.def)             Requested size: 56.90282pt x 56.90282pt.
 [78 <./images/UC1.18.1.jpg>]
Underfull \hbox (badness 10000) in paragraph at lines 47--52

 []


Underfull \hbox (badness 10000) in paragraph at lines 54--59

 []


Underfull \hbox (badness 10000) in paragraph at lines 61--66

 []


Underfull \hbox (badness 10000) in paragraph at lines 68--73

 []

<./images/UC1.18.1.6.jpg, id=1468, 523.9575pt x 302.12875pt>
File: ./images/UC1.18.1.6.jpg Graphic file (type jpg)

<use ./images/UC1.18.1.6.jpg>
Package pdftex.def Info: ./images/UC1.18.1.6.jpg used on input line 77.
(pdftex.def)             Requested size: 392.96716pt x 226.596pt.
File: ../../logo.jpg Graphic file (type jpg)
 <use ../../logo.jpg>
Package pdftex.def Info: ../../logo.jpg used on input line 79.
(pdftex.def)             Requested size: 56.90282pt x 56.90282pt.
 [79]
Underfull \hbox (badness 10000) in paragraph at lines 92--97

 []


Underfull \hbox (badness 10000) in paragraph at lines 99--104

 []

File: ../../logo.jpg Graphic file (type jpg)
<use ../../logo.jpg>
Package pdftex.def Info: ../../logo.jpg used on input line 104.
(pdftex.def)             Requested size: 56.90282pt x 56.90282pt.
 [80 <./images/UC1.18.1.6.jpg>]
Underfull \hbox (badness 10000) in paragraph at lines 106--111

 []


Underfull \hbox (badness 10000) in paragraph at lines 113--118

 []


Underfull \hbox (badness 10000) in paragraph at lines 120--125

 []

<./images/UC1.18.2.jpg, id=1493, 494.84875pt x 303.1325pt>
File: ./images/UC1.18.2.jpg Graphic file (type jpg)

<use ./images/UC1.18.2.jpg>
Package pdftex.def Info: ./images/UC1.18.2.jpg used on input line 129.
(pdftex.def)             Requested size: 371.13565pt x 227.34882pt.
File: ../../logo.jpg Graphic file (type jpg)
 <use ../../logo.jpg>
Package pdftex.def Info: ../../logo.jpg used on input line 131.
(pdftex.def)             Requested size: 56.90282pt x 56.90282pt.
 [81]
Underfull \hbox (badness 10000) in paragraph at lines 147--152

 []


Underfull \hbox (badness 10000) in paragraph at lines 154--159

 []

File: ../../logo.jpg Graphic file (type jpg)
<use ../../logo.jpg>
Package pdftex.def Info: ../../logo.jpg used on input line 159.
(pdftex.def)             Requested size: 56.90282pt x 56.90282pt.
 [82 <./images/UC1.18.2.jpg>]
Underfull \hbox (badness 10000) in paragraph at lines 161--166

 []


Underfull \hbox (badness 10000) in paragraph at lines 168--173

 []


Underfull \hbox (badness 10000) in paragraph at lines 175--180

 []

<./images/UC1.18.2.6.jpg, id=1523, 550.055pt x 354.32375pt>
File: ./images/UC1.18.2.6.jpg Graphic file (type jpg)

<use ./images/UC1.18.2.6.jpg>
Package pdftex.def Info: ./images/UC1.18.2.6.jpg used on input line 184.
(pdftex.def)             Requested size: 412.54024pt x 265.74216pt.
File: ../../logo.jpg Graphic file (type jpg)
 <use ../../logo.jpg>
Package pdftex.def Info: ../../logo.jpg used on input line 192.
(pdftex.def)             Requested size: 56.90282pt x 56.90282pt.
 [83]
Underfull \hbox (badness 10000) in paragraph at lines 200--205

 []


Underfull \hbox (badness 10000) in paragraph at lines 207--212

 []


Underfull \hbox (badness 10000) in paragraph at lines 214--219

 []

File: ../../logo.jpg Graphic file (type jpg)
<use ../../logo.jpg>
Package pdftex.def Info: ../../logo.jpg used on input line 219.
(pdftex.def)             Requested size: 56.90282pt x 56.90282pt.
 [84 <./images/UC1.18.2.6.jpg>]
Underfull \hbox (badness 10000) in paragraph at lines 221--226

 []


Underfull \hbox (badness 10000) in paragraph at lines 228--233

 []


Underfull \hbox (badness 10000) in paragraph at lines 235--240

 []


Underfull \hbox (badness 10000) in paragraph at lines 242--247

 []

)
Underfull \hbox (badness 10000) in paragraph at lines 249--30

 []

File: ../../logo.jpg Graphic file (type jpg)
<use ../../logo.jpg>
Package pdftex.def Info: ../../logo.jpg used on input line 30.
(pdftex.def)             Requested size: 56.90282pt x 56.90282pt.
 [85]
File: ../../logo.jpg Graphic file (type jpg)
 <use ../../logo.jpg>
Package pdftex.def Info: ../../logo.jpg used on input line 30.
(pdftex.def)             Requested size: 56.90282pt x 56.90282pt.
 [86] (./UC/UC1.14.tex)
File: ../../logo.jpg Graphic file (type jpg)

<use ../../logo.jpg>
Package pdftex.def Info: ../../logo.jpg used on input line 32.
(pdftex.def)             Requested size: 56.90282pt x 56.90282pt.
 [87] (./UC/UC1.5.tex)) 
AED: lastpage setting LastPage
File: ../../logo.jpg Graphic file (type jpg)
<use ../../logo.jpg>
Package pdftex.def Info: ../../logo.jpg used on input line 40.
(pdftex.def)             Requested size: 56.90282pt x 56.90282pt.
 [88]
Package atveryend Info: Empty hook `BeforeClearDocument' on input line 40.
Package atveryend Info: Empty hook `AfterLastShipout' on input line 40.
 (./AnalisiDeiRequisiti_v.1.0.aux)
Package atveryend Info: Executing hook `AtVeryEndDocument' on input line 40.
Package atveryend Info: Empty hook `AtEndAfterFileList' on input line 40.


LaTeX Warning: There were undefined references.

 ) 
Here is how much of TeX's memory you used:
 13401 strings out of 495017
 191429 string characters out of 6181021
 332154 words of memory out of 5000000
 15696 multiletter control sequences out of 15000+600000
 14000 words of font info for 33 fonts, out of 8000000 for 9000
 14 hyphenation exceptions out of 8191
 51i,16n,50p,819b,858s stack positions out of 5000i,500n,10000p,200000b,80000s
{/usr/share/texmf/fonts/enc/dvips/cm-super/cm-super-t1.enc}</usr/share/texliv
e/texmf-dist/fonts/type1/public/amsfonts/cm/cmsy10.pfb></usr/share/texmf/fonts/
type1/public/cm-super/sfbx1200.pfb></usr/share/texmf/fonts/type1/public/cm-supe
r/sfbx1440.pfb></usr/share/texmf/fonts/type1/public/cm-super/sfbx1728.pfb></usr
/share/texmf/fonts/type1/public/cm-super/sfbx2488.pfb></usr/share/texmf/fonts/t
ype1/public/cm-super/sfrm0600.pfb></usr/share/texmf/fonts/type1/public/cm-super
/sfrm1200.pfb></usr/share/texmf/fonts/type1/public/cm-super/sfti1200.pfb>
Output written on AnalisiDeiRequisiti_v.1.0.pdf (89 pages, 2503240 bytes).
PDF statistics:
 2290 PDF objects out of 2487 (max. 8388607)
 2119 compressed objects within 22 object streams
 621 named destinations out of 1000 (max. 500000)
 1686 words of extra memory for PDF output out of 10000 (max. 10000000)

