This is pdfTeX, Version 3.14159265-2.6-1.40.15 (TeX Live 2014) (preloaded format=pdflatex 2014.6.29)  14 APR 2015 12:24
entering extended mode
 restricted \write18 enabled.
 file:line:error style messages enabled.
 %&-line parsing enabled.
**AnalisiDeiRequisiti_v.1.0.0.tex
(./AnalisiDeiRequisiti_v.1.0.0.tex
LaTeX2e <2014/05/01>
Babel <3.9k> and hyphenation patterns for 78 languages loaded.
(/usr/local/texlive/2014/texmf-dist/tex/latex/base/article.cls
Document Class: article 2007/10/19 v1.4h Standard LaTeX document class
(/usr/local/texlive/2014/texmf-dist/tex/latex/base/size12.clo
File: size12.clo 2007/10/19 v1.4h Standard LaTeX file (size option)
)
\c@part=\count79
\c@section=\count80
\c@subsection=\count81
\c@subsubsection=\count82
\c@paragraph=\count83
\c@subparagraph=\count84
\c@figure=\count85
\c@table=\count86
\abovecaptionskip=\skip41
\belowcaptionskip=\skip42
\bibindent=\dimen102
)
(../../Template/format.sty
(/usr/local/texlive/2014/texmf-dist/tex/latex/base/inputenc.sty
Package: inputenc 2014/04/30 v1.2b Input encoding file
\inpenc@prehook=\toks14
\inpenc@posthook=\toks15

(/usr/local/texlive/2014/texmf-dist/tex/latex/base/utf8.def
File: utf8.def 2008/04/05 v1.1m UTF-8 support for inputenc
Now handling font encoding OML ...
... no UTF-8 mapping file for font encoding OML
Now handling font encoding T1 ...
... processing UTF-8 mapping file for font encoding T1

(/usr/local/texlive/2014/texmf-dist/tex/latex/base/t1enc.dfu
File: t1enc.dfu 2008/04/05 v1.1m UTF-8 support for inputenc
   defining Unicode char U+00A1 (decimal 161)
   defining Unicode char U+00A3 (decimal 163)
   defining Unicode char U+00AB (decimal 171)
   defining Unicode char U+00BB (decimal 187)
   defining Unicode char U+00BF (decimal 191)
   defining Unicode char U+00C0 (decimal 192)
   defining Unicode char U+00C1 (decimal 193)
   defining Unicode char U+00C2 (decimal 194)
   defining Unicode char U+00C3 (decimal 195)
   defining Unicode char U+00C4 (decimal 196)
   defining Unicode char U+00C5 (decimal 197)
   defining Unicode char U+00C6 (decimal 198)
   defining Unicode char U+00C7 (decimal 199)
   defining Unicode char U+00C8 (decimal 200)
   defining Unicode char U+00C9 (decimal 201)
   defining Unicode char U+00CA (decimal 202)
   defining Unicode char U+00CB (decimal 203)
   defining Unicode char U+00CC (decimal 204)
   defining Unicode char U+00CD (decimal 205)
   defining Unicode char U+00CE (decimal 206)
   defining Unicode char U+00CF (decimal 207)
   defining Unicode char U+00D0 (decimal 208)
   defining Unicode char U+00D1 (decimal 209)
   defining Unicode char U+00D2 (decimal 210)
   defining Unicode char U+00D3 (decimal 211)
   defining Unicode char U+00D4 (decimal 212)
   defining Unicode char U+00D5 (decimal 213)
   defining Unicode char U+00D6 (decimal 214)
   defining Unicode char U+00D8 (decimal 216)
   defining Unicode char U+00D9 (decimal 217)
   defining Unicode char U+00DA (decimal 218)
   defining Unicode char U+00DB (decimal 219)
   defining Unicode char U+00DC (decimal 220)
   defining Unicode char U+00DD (decimal 221)
   defining Unicode char U+00DE (decimal 222)
   defining Unicode char U+00DF (decimal 223)
   defining Unicode char U+00E0 (decimal 224)
   defining Unicode char U+00E1 (decimal 225)
   defining Unicode char U+00E2 (decimal 226)
   defining Unicode char U+00E3 (decimal 227)
   defining Unicode char U+00E4 (decimal 228)
   defining Unicode char U+00E5 (decimal 229)
   defining Unicode char U+00E6 (decimal 230)
   defining Unicode char U+00E7 (decimal 231)
   defining Unicode char U+00E8 (decimal 232)
   defining Unicode char U+00E9 (decimal 233)
   defining Unicode char U+00EA (decimal 234)
   defining Unicode char U+00EB (decimal 235)
   defining Unicode char U+00EC (decimal 236)
   defining Unicode char U+00ED (decimal 237)
   defining Unicode char U+00EE (decimal 238)
   defining Unicode char U+00EF (decimal 239)
   defining Unicode char U+00F0 (decimal 240)
   defining Unicode char U+00F1 (decimal 241)
   defining Unicode char U+00F2 (decimal 242)
   defining Unicode char U+00F3 (decimal 243)
   defining Unicode char U+00F4 (decimal 244)
   defining Unicode char U+00F5 (decimal 245)
   defining Unicode char U+00F6 (decimal 246)
   defining Unicode char U+00F8 (decimal 248)
   defining Unicode char U+00F9 (decimal 249)
   defining Unicode char U+00FA (decimal 250)
   defining Unicode char U+00FB (decimal 251)
   defining Unicode char U+00FC (decimal 252)
   defining Unicode char U+00FD (decimal 253)
   defining Unicode char U+00FE (decimal 254)
   defining Unicode char U+00FF (decimal 255)
   defining Unicode char U+0102 (decimal 258)
   defining Unicode char U+0103 (decimal 259)
   defining Unicode char U+0104 (decimal 260)
   defining Unicode char U+0105 (decimal 261)
   defining Unicode char U+0106 (decimal 262)
   defining Unicode char U+0107 (decimal 263)
   defining Unicode char U+010C (decimal 268)
   defining Unicode char U+010D (decimal 269)
   defining Unicode char U+010E (decimal 270)
   defining Unicode char U+010F (decimal 271)
   defining Unicode char U+0110 (decimal 272)
   defining Unicode char U+0111 (decimal 273)
   defining Unicode char U+0118 (decimal 280)
   defining Unicode char U+0119 (decimal 281)
   defining Unicode char U+011A (decimal 282)
   defining Unicode char U+011B (decimal 283)
   defining Unicode char U+011E (decimal 286)
   defining Unicode char U+011F (decimal 287)
   defining Unicode char U+0130 (decimal 304)
   defining Unicode char U+0131 (decimal 305)
   defining Unicode char U+0132 (decimal 306)
   defining Unicode char U+0133 (decimal 307)
   defining Unicode char U+0139 (decimal 313)
   defining Unicode char U+013A (decimal 314)
   defining Unicode char U+013D (decimal 317)
   defining Unicode char U+013E (decimal 318)
   defining Unicode char U+0141 (decimal 321)
   defining Unicode char U+0142 (decimal 322)
   defining Unicode char U+0143 (decimal 323)
   defining Unicode char U+0144 (decimal 324)
   defining Unicode char U+0147 (decimal 327)
   defining Unicode char U+0148 (decimal 328)
   defining Unicode char U+014A (decimal 330)
   defining Unicode char U+014B (decimal 331)
   defining Unicode char U+0150 (decimal 336)
   defining Unicode char U+0151 (decimal 337)
   defining Unicode char U+0152 (decimal 338)
   defining Unicode char U+0153 (decimal 339)
   defining Unicode char U+0154 (decimal 340)
   defining Unicode char U+0155 (decimal 341)
   defining Unicode char U+0158 (decimal 344)
   defining Unicode char U+0159 (decimal 345)
   defining Unicode char U+015A (decimal 346)
   defining Unicode char U+015B (decimal 347)
   defining Unicode char U+015E (decimal 350)
   defining Unicode char U+015F (decimal 351)
   defining Unicode char U+0160 (decimal 352)
   defining Unicode char U+0161 (decimal 353)
   defining Unicode char U+0162 (decimal 354)
   defining Unicode char U+0163 (decimal 355)
   defining Unicode char U+0164 (decimal 356)
   defining Unicode char U+0165 (decimal 357)
   defining Unicode char U+016E (decimal 366)
   defining Unicode char U+016F (decimal 367)
   defining Unicode char U+0170 (decimal 368)
   defining Unicode char U+0171 (decimal 369)
   defining Unicode char U+0178 (decimal 376)
   defining Unicode char U+0179 (decimal 377)
   defining Unicode char U+017A (decimal 378)
   defining Unicode char U+017B (decimal 379)
   defining Unicode char U+017C (decimal 380)
   defining Unicode char U+017D (decimal 381)
   defining Unicode char U+017E (decimal 382)
   defining Unicode char U+200C (decimal 8204)
   defining Unicode char U+2013 (decimal 8211)
   defining Unicode char U+2014 (decimal 8212)
   defining Unicode char U+2018 (decimal 8216)
   defining Unicode char U+2019 (decimal 8217)
   defining Unicode char U+201A (decimal 8218)
   defining Unicode char U+201C (decimal 8220)
   defining Unicode char U+201D (decimal 8221)
   defining Unicode char U+201E (decimal 8222)
   defining Unicode char U+2030 (decimal 8240)
   defining Unicode char U+2031 (decimal 8241)
   defining Unicode char U+2039 (decimal 8249)
   defining Unicode char U+203A (decimal 8250)
   defining Unicode char U+2423 (decimal 9251)
)
Now handling font encoding OT1 ...
... processing UTF-8 mapping file for font encoding OT1

(/usr/local/texlive/2014/texmf-dist/tex/latex/base/ot1enc.dfu
File: ot1enc.dfu 2008/04/05 v1.1m UTF-8 support for inputenc
   defining Unicode char U+00A1 (decimal 161)
   defining Unicode char U+00A3 (decimal 163)
   defining Unicode char U+00B8 (decimal 184)
   defining Unicode char U+00BF (decimal 191)
   defining Unicode char U+00C5 (decimal 197)
   defining Unicode char U+00C6 (decimal 198)
   defining Unicode char U+00D8 (decimal 216)
   defining Unicode char U+00DF (decimal 223)
   defining Unicode char U+00E6 (decimal 230)
   defining Unicode char U+00EC (decimal 236)
   defining Unicode char U+00ED (decimal 237)
   defining Unicode char U+00EE (decimal 238)
   defining Unicode char U+00EF (decimal 239)
   defining Unicode char U+00F8 (decimal 248)
   defining Unicode char U+0131 (decimal 305)
   defining Unicode char U+0141 (decimal 321)
   defining Unicode char U+0142 (decimal 322)
   defining Unicode char U+0152 (decimal 338)
   defining Unicode char U+0153 (decimal 339)
   defining Unicode char U+2013 (decimal 8211)
   defining Unicode char U+2014 (decimal 8212)
   defining Unicode char U+2018 (decimal 8216)
   defining Unicode char U+2019 (decimal 8217)
   defining Unicode char U+201C (decimal 8220)
   defining Unicode char U+201D (decimal 8221)
)
Now handling font encoding OMS ...
... processing UTF-8 mapping file for font encoding OMS

(/usr/local/texlive/2014/texmf-dist/tex/latex/base/omsenc.dfu
File: omsenc.dfu 2008/04/05 v1.1m UTF-8 support for inputenc
   defining Unicode char U+00A7 (decimal 167)
   defining Unicode char U+00B6 (decimal 182)
   defining Unicode char U+00B7 (decimal 183)
   defining Unicode char U+2020 (decimal 8224)
   defining Unicode char U+2021 (decimal 8225)
   defining Unicode char U+2022 (decimal 8226)
)
Now handling font encoding OMX ...
... no UTF-8 mapping file for font encoding OMX
Now handling font encoding U ...
... no UTF-8 mapping file for font encoding U
   defining Unicode char U+00A9 (decimal 169)
   defining Unicode char U+00AA (decimal 170)
   defining Unicode char U+00AE (decimal 174)
   defining Unicode char U+00BA (decimal 186)
   defining Unicode char U+02C6 (decimal 710)
   defining Unicode char U+02DC (decimal 732)
   defining Unicode char U+200C (decimal 8204)
   defining Unicode char U+2026 (decimal 8230)
   defining Unicode char U+2122 (decimal 8482)
   defining Unicode char U+2423 (decimal 9251)
))
(/usr/local/texlive/2014/texmf-dist/tex/latex/geometry/geometry.sty
Package: geometry 2010/09/12 v5.6 Page Geometry

(/usr/local/texlive/2014/texmf-dist/tex/latex/graphics/keyval.sty
Package: keyval 2014/05/08 v1.15 key=value parser (DPC)
\KV@toks@=\toks16
)
(/usr/local/texlive/2014/texmf-dist/tex/generic/oberdiek/ifpdf.sty
Package: ifpdf 2011/01/30 v2.3 Provides the ifpdf switch (HO)
Package ifpdf Info: pdfTeX in PDF mode is detected.
)
(/usr/local/texlive/2014/texmf-dist/tex/generic/oberdiek/ifvtex.sty
Package: ifvtex 2010/03/01 v1.5 Detect VTeX and its facilities (HO)
Package ifvtex Info: VTeX not detected.
)
(/usr/local/texlive/2014/texmf-dist/tex/generic/ifxetex/ifxetex.sty
Package: ifxetex 2010/09/12 v0.6 Provides ifxetex conditional
)
\Gm@cnth=\count87
\Gm@cntv=\count88
\c@Gm@tempcnt=\count89
\Gm@bindingoffset=\dimen103
\Gm@wd@mp=\dimen104
\Gm@odd@mp=\dimen105
\Gm@even@mp=\dimen106
\Gm@layoutwidth=\dimen107
\Gm@layoutheight=\dimen108
\Gm@layouthoffset=\dimen109
\Gm@layoutvoffset=\dimen110
\Gm@dimlist=\toks17
)
(/usr/local/texlive/2014/texmf-dist/tex/generic/babel/babel.sty
Package: babel 2014/03/24 3.9k The Babel package

(/usr/local/texlive/2014/texmf-dist/tex/generic/babel-italian/italian.ldf
Language: italian 2014/03/29 v1.3k Italian support from the babel system

(/usr/local/texlive/2014/texmf-dist/tex/generic/babel/babel.def
File: babel.def 2014/03/24 3.9k Babel common definitions
\babel@savecnt=\count90
\U@D=\dimen111
)
\it@lettering=\count91
\it@doublequoteactive=\count92
\it@ISOcompliance=\count93
\Virgola=\count94
))
(/usr/local/texlive/2014/texmf-dist/tex/latex/etoolbox/etoolbox.sty
Package: etoolbox 2011/01/03 v2.1 e-TeX tools for LaTeX

(/usr/local/texlive/2014/texmf-dist/tex/latex/etex-pkg/etex.sty
Package: etex 1998/03/26 v2.0 eTeX basic definition package (PEB)
\et@xins=\count95
)
\etb@tempcnta=\count96
)
(/usr/local/texlive/2014/texmf-dist/tex/latex/csquotes/csquotes.sty
Package: csquotes 2011/10/22 v5.1d context-sensitive quotations
\csq@reset=\count97
\csq@gtype=\count98
\csq@glevel=\count99
\csq@qlevel=\count100
\csq@maxlvl=\count101
\csq@tshold=\count102
\csq@ltx@everypar=\toks18

(/usr/local/texlive/2014/texmf-dist/tex/latex/csquotes/csquotes.def
File: csquotes.def 2011/10/22 v5.1d csquotes generic definitions
)
Package csquotes Info: Trying to load configuration file 'csquotes.cfg'...
Package csquotes Info: ... configuration file loaded successfully.

(/usr/local/texlive/2014/texmf-dist/tex/latex/csquotes/csquotes.cfg
File: csquotes.cfg 
)
Package csquotes Info: Option 'babel' depreciated.
(csquotes)             Using 'autostyle'.
Package csquotes Info: Enabling multilingual quotes.
)
(/usr/local/texlive/2014/texmf-dist/tex/latex/base/fontenc.sty
Package: fontenc 2005/09/27 v1.99g Standard LaTeX package

(/usr/local/texlive/2014/texmf-dist/tex/latex/base/t1enc.def
File: t1enc.def 2005/09/27 v1.99g Standard LaTeX file
LaTeX Font Info:    Redeclaring font encoding T1 on input line 43.
))
(/usr/local/texlive/2014/texmf-dist/tex/latex/tools/tabularx.sty
Package: tabularx 2014/05/13 v2.10 `tabularx' package (DPC)

(/usr/local/texlive/2014/texmf-dist/tex/latex/tools/array.sty
Package: array 2008/09/09 v2.4c Tabular extension package (FMi)
\col@sep=\dimen112
\extrarowheight=\dimen113
\NC@list=\toks19
\extratabsurround=\skip43
\backup@length=\skip44
)
\TX@col@width=\dimen114
\TX@old@table=\dimen115
\TX@old@col=\dimen116
\TX@target=\dimen117
\TX@delta=\dimen118
\TX@cols=\count103
\TX@ftn=\toks20
)
(/usr/local/texlive/2014/texmf-dist/tex/latex/url/url.sty
\Urlmuskip=\muskip10
Package: url 2013/09/16  ver 3.4  Verb mode for urls, etc.
)
(/usr/local/texlive/2014/texmf-dist/tex/latex/graphics/graphicx.sty
Package: graphicx 2014/04/25 v1.0g Enhanced LaTeX Graphics (DPC,SPQR)

(/usr/local/texlive/2014/texmf-dist/tex/latex/graphics/graphics.sty
Package: graphics 2009/02/05 v1.0o Standard LaTeX Graphics (DPC,SPQR)

(/usr/local/texlive/2014/texmf-dist/tex/latex/graphics/trig.sty
Package: trig 1999/03/16 v1.09 sin cos tan (DPC)
)
(/usr/local/texlive/2014/texmf-dist/tex/latex/latexconfig/graphics.cfg
File: graphics.cfg 2010/04/23 v1.9 graphics configuration of TeX Live
)
Package graphics Info: Driver file: pdftex.def on input line 91.

(/usr/local/texlive/2014/texmf-dist/tex/latex/pdftex-def/pdftex.def
File: pdftex.def 2011/05/27 v0.06d Graphics/color for pdfTeX

(/usr/local/texlive/2014/texmf-dist/tex/generic/oberdiek/infwarerr.sty
Package: infwarerr 2010/04/08 v1.3 Providing info/warning/error messages (HO)
)
(/usr/local/texlive/2014/texmf-dist/tex/generic/oberdiek/ltxcmds.sty
Package: ltxcmds 2011/11/09 v1.22 LaTeX kernel commands for general use (HO)
)
\Gread@gobject=\count104
))
\Gin@req@height=\dimen119
\Gin@req@width=\dimen120
)
(/usr/local/texlive/2014/texmf-dist/tex/latex/hyperref/hyperref.sty
Package: hyperref 2012/11/06 v6.83m Hypertext links for LaTeX

(/usr/local/texlive/2014/texmf-dist/tex/generic/oberdiek/hobsub-hyperref.sty
Package: hobsub-hyperref 2012/05/28 v1.13 Bundle oberdiek, subset hyperref (HO)


(/usr/local/texlive/2014/texmf-dist/tex/generic/oberdiek/hobsub-generic.sty
Package: hobsub-generic 2012/05/28 v1.13 Bundle oberdiek, subset generic (HO)
Package: hobsub 2012/05/28 v1.13 Construct package bundles (HO)
Package hobsub Info: Skipping package `infwarerr' (already loaded).
Package hobsub Info: Skipping package `ltxcmds' (already loaded).
Package: ifluatex 2010/03/01 v1.3 Provides the ifluatex switch (HO)
Package ifluatex Info: LuaTeX not detected.
Package hobsub Info: Skipping package `ifvtex' (already loaded).
Package: intcalc 2007/09/27 v1.1 Expandable calculations with integers (HO)
Package hobsub Info: Skipping package `ifpdf' (already loaded).
Package: etexcmds 2011/02/16 v1.5 Avoid name clashes with e-TeX commands (HO)
Package etexcmds Info: Could not find \expanded.
(etexcmds)             That can mean that you are not using pdfTeX 1.50 or
(etexcmds)             that some package has redefined \expanded.
(etexcmds)             In the latter case, load this package earlier.
Package: kvsetkeys 2012/04/25 v1.16 Key value parser (HO)
Package: kvdefinekeys 2011/04/07 v1.3 Define keys (HO)
Package: pdftexcmds 2011/11/29 v0.20 Utility functions of pdfTeX for LuaTeX (HO
)
Package pdftexcmds Info: LuaTeX not detected.
Package pdftexcmds Info: \pdf@primitive is available.
Package pdftexcmds Info: \pdf@ifprimitive is available.
Package pdftexcmds Info: \pdfdraftmode found.
Package: pdfescape 2011/11/25 v1.13 Implements pdfTeX's escape features (HO)
Package: bigintcalc 2012/04/08 v1.3 Expandable calculations on big integers (HO
)
Package: bitset 2011/01/30 v1.1 Handle bit-vector datatype (HO)
Package: uniquecounter 2011/01/30 v1.2 Provide unlimited unique counter (HO)
)
Package hobsub Info: Skipping package `hobsub' (already loaded).
Package: letltxmacro 2010/09/02 v1.4 Let assignment for LaTeX macros (HO)
Package: hopatch 2012/05/28 v1.2 Wrapper for package hooks (HO)
Package: xcolor-patch 2011/01/30 xcolor patch
Package: atveryend 2011/06/30 v1.8 Hooks at the very end of document (HO)
Package: atbegshi 2011/10/05 v1.16 At begin shipout hook (HO)
Package: refcount 2011/10/16 v3.4 Data extraction from label references (HO)
Package: hycolor 2011/01/30 v1.7 Color options for hyperref/bookmark (HO)
)
(/usr/local/texlive/2014/texmf-dist/tex/latex/oberdiek/auxhook.sty
Package: auxhook 2011/03/04 v1.3 Hooks for auxiliary files (HO)
)
(/usr/local/texlive/2014/texmf-dist/tex/latex/oberdiek/kvoptions.sty
Package: kvoptions 2011/06/30 v3.11 Key value format for package options (HO)
)
\@linkdim=\dimen121
\Hy@linkcounter=\count105
\Hy@pagecounter=\count106

(/usr/local/texlive/2014/texmf-dist/tex/latex/hyperref/pd1enc.def
File: pd1enc.def 2012/11/06 v6.83m Hyperref: PDFDocEncoding definition (HO)
Now handling font encoding PD1 ...
... no UTF-8 mapping file for font encoding PD1
)
\Hy@SavedSpaceFactor=\count107

(/usr/local/texlive/2014/texmf-dist/tex/latex/latexconfig/hyperref.cfg
File: hyperref.cfg 2002/06/06 v1.2 hyperref configuration of TeXLive
)
Package hyperref Info: Option `colorlinks' set `true' on input line 4319.
Package hyperref Info: Hyper figures OFF on input line 4443.
Package hyperref Info: Link nesting OFF on input line 4448.
Package hyperref Info: Hyper index ON on input line 4451.
Package hyperref Info: Plain pages OFF on input line 4458.
Package hyperref Info: Backreferencing OFF on input line 4463.
Package hyperref Info: Implicit mode ON; LaTeX internals redefined.
Package hyperref Info: Bookmarks ON on input line 4688.
\c@Hy@tempcnt=\count108
LaTeX Info: Redefining \url on input line 5041.
\XeTeXLinkMargin=\dimen122
\Fld@menulength=\count109
\Field@Width=\dimen123
\Fld@charsize=\dimen124
Package hyperref Info: Hyper figures OFF on input line 6295.
Package hyperref Info: Link nesting OFF on input line 6300.
Package hyperref Info: Hyper index ON on input line 6303.
Package hyperref Info: backreferencing OFF on input line 6310.
Package hyperref Info: Link coloring ON on input line 6313.
Package hyperref Info: Link coloring with OCG OFF on input line 6320.
Package hyperref Info: PDF/A mode OFF on input line 6325.
LaTeX Info: Redefining \ref on input line 6365.
LaTeX Info: Redefining \pageref on input line 6369.
\Hy@abspage=\count110
\c@Item=\count111
\c@Hfootnote=\count112
)

Package hyperref Message: Driver (autodetected): hpdftex.

(/usr/local/texlive/2014/texmf-dist/tex/latex/hyperref/hpdftex.def
File: hpdftex.def 2012/11/06 v6.83m Hyperref driver for pdfTeX
\Fld@listcount=\count113
\c@bookmark@seq@number=\count114

(/usr/local/texlive/2014/texmf-dist/tex/latex/oberdiek/rerunfilecheck.sty
Package: rerunfilecheck 2011/04/15 v1.7 Rerun checks for auxiliary files (HO)
Package uniquecounter Info: New unique counter `rerunfilecheck' on input line 2
82.
)
\Hy@SectionHShift=\skip45
)
(/usr/local/texlive/2014/texmf-dist/tex/latex/lastpage/lastpage.sty
Package: lastpage 2013/01/28 v1.2l Refers to last page's name (HMM; JPG)
)
(/usr/local/texlive/2014/texmf-dist/tex/latex/fancyhdr/fancyhdr.sty
\fancy@headwidth=\skip46
\f@ncyO@elh=\skip47
\f@ncyO@erh=\skip48
\f@ncyO@olh=\skip49
\f@ncyO@orh=\skip50
\f@ncyO@elf=\skip51
\f@ncyO@erf=\skip52
\f@ncyO@olf=\skip53
\f@ncyO@orf=\skip54
)
(/usr/local/texlive/2014/texmf-dist/tex/latex/listings/listings.sty
\lst@mode=\count115
\lst@gtempboxa=\box26
\lst@token=\toks21
\lst@length=\count116
\lst@currlwidth=\dimen125
\lst@column=\count117
\lst@pos=\count118
\lst@lostspace=\dimen126
\lst@width=\dimen127
\lst@newlines=\count119
\lst@lineno=\count120
\lst@maxwidth=\dimen128

(/usr/local/texlive/2014/texmf-dist/tex/latex/listings/lstmisc.sty
File: lstmisc.sty 2014/03/04 1.5c (Carsten Heinz)
\c@lstnumber=\count121
\lst@skipnumbers=\count122
\lst@framebox=\box27
)
(/usr/local/texlive/2014/texmf-dist/tex/latex/listings/listings.cfg
File: listings.cfg 2014/03/04 1.5c listings configuration
))
Package: listings 2014/03/04 1.5c (Carsten Heinz)

(/usr/local/texlive/2014/texmf-dist/tex/latex/graphics/color.sty
Package: color 2014/04/23 v1.1a Standard LaTeX Color (DPC)

(/usr/local/texlive/2014/texmf-dist/tex/latex/latexconfig/color.cfg
File: color.cfg 2007/01/18 v1.5 color configuration of teTeX/TeXLive
)
Package color Info: Driver file: pdftex.def on input line 137.
)
(/usr/local/texlive/2014/texmf-dist/tex/latex/xcolor/xcolor.sty
Package: xcolor 2007/01/21 v2.11 LaTeX color extensions (UK)

(/usr/local/texlive/2014/texmf-dist/tex/latex/latexconfig/color.cfg
File: color.cfg 2007/01/18 v1.5 color configuration of teTeX/TeXLive
)
Package xcolor Info: Driver file: pdftex.def on input line 225.

(/usr/local/texlive/2014/texmf-dist/tex/latex/colortbl/colortbl.sty
Package: colortbl 2012/02/13 v1.0a Color table columns (DPC)
\everycr=\toks22
\minrowclearance=\skip55
)
LaTeX Info: Redefining \color on input line 702.
\rownum=\count123
Package xcolor Info: Model `cmy' substituted by `cmy0' on input line 1337.
Package xcolor Info: Model `hsb' substituted by `rgb' on input line 1341.
Package xcolor Info: Model `RGB' extended on input line 1353.
Package xcolor Info: Model `HTML' substituted by `rgb' on input line 1355.
Package xcolor Info: Model `Hsb' substituted by `hsb' on input line 1356.
Package xcolor Info: Model `tHsb' substituted by `hsb' on input line 1357.
Package xcolor Info: Model `HSB' substituted by `hsb' on input line 1358.
Package xcolor Info: Model `Gray' substituted by `gray' on input line 1359.
Package xcolor Info: Model `wave' substituted by `hsb' on input line 1360.
)
(/usr/local/texlive/2014/texmf-dist/tex/latex/booktabs/booktabs.sty
Package: booktabs 2005/04/14 v1.61803 publication quality tables
\heavyrulewidth=\dimen129
\lightrulewidth=\dimen130
\cmidrulewidth=\dimen131
\belowrulesep=\dimen132
\belowbottomsep=\dimen133
\aboverulesep=\dimen134
\abovetopsep=\dimen135
\cmidrulesep=\dimen136
\cmidrulekern=\dimen137
\defaultaddspace=\dimen138
\@cmidla=\count124
\@cmidlb=\count125
\@aboverulesep=\dimen139
\@belowrulesep=\dimen140
\@thisruleclass=\count126
\@lastruleclass=\count127
\@thisrulewidth=\dimen141
)
(/usr/local/texlive/2014/texmf-dist/tex/latex/base/makeidx.sty
Package: makeidx 2000/03/29 v1.0m Standard LaTeX package
)
(/usr/local/texlive/2014/texmf-dist/tex/latex/tools/longtable.sty
Package: longtable 2004/02/01 v4.11 Multi-page Table package (DPC)
\LTleft=\skip56
\LTright=\skip57
\LTpre=\skip58
\LTpost=\skip59
\LTchunksize=\count128
\LTcapwidth=\dimen142
\LT@head=\box28
\LT@firsthead=\box29
\LT@foot=\box30
\LT@lastfoot=\box31
\LT@cols=\count129
\LT@rows=\count130
\c@LT@tables=\count131
\c@LT@chunks=\count132
\LT@p@ftn=\toks23
)
(/usr/local/texlive/2014/texmf-dist/tex/latex/multirow/multirow.sty
\bigstrutjot=\dimen143
)
(/usr/local/texlive/2014/texmf-dist/tex/latex/tabu/tabu.sty
Package: tabu 2011/02/26 v2.8 - flexible LaTeX tabulars (FC)

(/usr/local/texlive/2014/texmf-dist/tex/latex/varwidth/varwidth.sty
Package: varwidth 2009/03/30 ver 0.92;  Variable-width minipages
\@vwid@box=\box32
\sift@deathcycles=\count133
\@vwid@loff=\dimen144
\@vwid@roff=\dimen145
)
\c@taburow=\count134
\tabu@nbcols=\count135
\tabu@cnt=\count136
\tabu@Xcol=\count137
\tabu@alloc=\count138
\tabu@nested=\count139
\tabu@target=\dimen146
\tabu@spreadtarget=\dimen147
\tabu@naturalX=\dimen148
\tabucolX=\dimen149
\tabu@Xsum=\dimen150
\extrarowdepth=\dimen151
\abovetabulinesep=\dimen152
\belowtabulinesep=\dimen153
\tabustrutrule=\dimen154
\tabu@thebody=\toks24
\tabu@footnotes=\toks25
\tabu@box=\box33
\tabu@arstrutbox=\box34
\tabu@hleads=\box35
\tabu@vleads=\box36
\tabu@cellskip=\skip60
)
(/usr/local/texlive/2014/texmf-dist/tex/latex/tools/xr.sty
Package: xr 1994/05/28 v5.02 eXternal References (DPC)
)
(/usr/local/texlive/2014/texmf-dist/tex/latex/titlesec/titlesec.sty
Package: titlesec 2011/12/15 v2.10.0 Sectioning titles
\ttl@box=\box37
\beforetitleunit=\skip61
\aftertitleunit=\skip62
\ttl@plus=\dimen155
\ttl@minus=\dimen156
\ttl@toksa=\toks26
\titlewidth=\dimen157
\titlewidthlast=\dimen158
\titlewidthfirst=\dimen159
)
(/usr/local/texlive/2014/texmf-dist/tex/latex/oberdiek/bookmark.sty
Package: bookmark 2011/12/02 v1.24 PDF bookmarks (HO)

(/usr/local/texlive/2014/texmf-dist/tex/latex/oberdiek/bkm-pdftex.def
File: bkm-pdftex.def 2011/12/02 v1.24 bookmark driver for pdfTeX (HO)
\BKM@id=\count140
))
(/usr/local/texlive/2014/texmf-dist/tex/latex/float/float.sty
Package: float 2001/11/08 v1.3d Float enhancements (AL)
\c@float@type=\count141
\float@exts=\toks27
\float@box=\box38
\@float@everytoks=\toks28
\@floatcapt=\box39
)
(/usr/local/texlive/2014/texmf-dist/tex/latex/subfig/subfig.sty
Package: subfig 2005/06/28 ver: 1.3 subfig package

(/usr/local/texlive/2014/texmf-dist/tex/latex/caption/caption.sty
Package: caption 2013/05/02 v3.3-89 Customizing captions (AR)

(/usr/local/texlive/2014/texmf-dist/tex/latex/caption/caption3.sty
Package: caption3 2013/05/02 v1.6-88 caption3 kernel (AR)
Package caption3 Info: TeX engine: e-TeX on input line 57.
\captionmargin=\dimen160
\captionmargin@=\dimen161
\captionwidth=\dimen162
\caption@tempdima=\dimen163
\caption@indent=\dimen164
\caption@parindent=\dimen165
\caption@hangindent=\dimen166
)
\c@ContinuedFloat=\count142
Package caption Info: float package is loaded.
Package caption Info: hyperref package is loaded.
Package caption Info: listings package is loaded.
Package caption Info: longtable package is loaded.

(/usr/local/texlive/2014/texmf-dist/tex/latex/caption/ltcaption.sty
Package: ltcaption 2013/02/03 v1.3-62 longtable captions (AR)
))
\c@KVtest=\count143
\sf@farskip=\skip63
\sf@captopadj=\dimen167
\sf@capskip=\skip64
\sf@nearskip=\skip65
\c@subfigure=\count144
\c@subfigure@save=\count145
\c@lofdepth=\count146
\c@subtable=\count147
\c@subtable@save=\count148
\c@lotdepth=\count149
\sf@top=\skip66
\sf@bottom=\skip67
)
(/usr/local/texlive/2014/texmf-dist/tex/latex/yfonts/yfonts.sty
Package: yfonts 2003/01/08 v1.3 (WaS)
Now handling font encoding LY ...
... no UTF-8 mapping file for font encoding LY
Now handling font encoding LYG ...
... no UTF-8 mapping file for font encoding LYG
)
(/usr/local/texlive/2014/texmf-dist/tex/latex/eurosym/eurosym.sty
Package: eurosym 1998/08/06 v1.1 European currency symbol ``Euro''
\@eurobox=\box40
)
(/usr/local/texlive/2014/texmf-dist/tex/latex/oberdiek/pdflscape.sty
Package: pdflscape 2008/08/11 v0.10 Display of landscape pages in PDF (HO)

(/usr/local/texlive/2014/texmf-dist/tex/latex/graphics/lscape.sty
Package: lscape 2000/10/22 v3.01 Landscape Pages (DPC)
)
Package pdflscape Info: Auto-detected driver: pdftex on input line 80.
)
(/usr/local/texlive/2014/texmf-dist/tex/latex/mh/mathtools.sty
Package: mathtools 2014/05/21 v1.14 mathematical typesetting tools

(/usr/local/texlive/2014/texmf-dist/tex/latex/tools/calc.sty
Package: calc 2007/08/22 v4.3 Infix arithmetic (KKT,FJ)
\calc@Acount=\count150
\calc@Bcount=\count151
\calc@Adimen=\dimen168
\calc@Bdimen=\dimen169
\calc@Askip=\skip68
\calc@Bskip=\skip69
LaTeX Info: Redefining \setlength on input line 75.
LaTeX Info: Redefining \addtolength on input line 76.
\calc@Ccount=\count152
\calc@Cskip=\skip70
)
(/usr/local/texlive/2014/texmf-dist/tex/latex/mh/mhsetup.sty
Package: mhsetup 2010/01/21 v1.2a programming setup (MH)
)
(/usr/local/texlive/2014/texmf-dist/tex/latex/amsmath/amsmath.sty
Package: amsmath 2013/01/14 v2.14 AMS math features
\@mathmargin=\skip71

For additional information on amsmath, use the `?' option.
(/usr/local/texlive/2014/texmf-dist/tex/latex/amsmath/amstext.sty
Package: amstext 2000/06/29 v2.01

(/usr/local/texlive/2014/texmf-dist/tex/latex/amsmath/amsgen.sty
File: amsgen.sty 1999/11/30 v2.0
\@emptytoks=\toks29
\ex@=\dimen170
))
(/usr/local/texlive/2014/texmf-dist/tex/latex/amsmath/amsbsy.sty
Package: amsbsy 1999/11/29 v1.2d
\pmbraise@=\dimen171
)
(/usr/local/texlive/2014/texmf-dist/tex/latex/amsmath/amsopn.sty
Package: amsopn 1999/12/14 v2.01 operator names
)
\inf@bad=\count153
LaTeX Info: Redefining \frac on input line 210.
\uproot@=\count154
\leftroot@=\count155
LaTeX Info: Redefining \overline on input line 306.
\classnum@=\count156
\DOTSCASE@=\count157
LaTeX Info: Redefining \ldots on input line 378.
LaTeX Info: Redefining \dots on input line 381.
LaTeX Info: Redefining \cdots on input line 466.
\Mathstrutbox@=\box41
\strutbox@=\box42
\big@size=\dimen172
LaTeX Font Info:    Redeclaring font encoding OML on input line 566.
LaTeX Font Info:    Redeclaring font encoding OMS on input line 567.
\macc@depth=\count158
\c@MaxMatrixCols=\count159
\dotsspace@=\muskip11
\c@parentequation=\count160
\dspbrk@lvl=\count161
\tag@help=\toks30
\row@=\count162
\column@=\count163
\maxfields@=\count164
\andhelp@=\toks31
\eqnshift@=\dimen173
\alignsep@=\dimen174
\tagshift@=\dimen175
\tagwidth@=\dimen176
\totwidth@=\dimen177
\lineht@=\dimen178
\@envbody=\toks32
\multlinegap=\skip72
\multlinetaggap=\skip73
\mathdisplay@stack=\toks33
LaTeX Info: Redefining \[ on input line 2665.
LaTeX Info: Redefining \] on input line 2666.
)
LaTeX Info: Thecontrolsequence`\['isalreadyrobust on input line 129.
LaTeX Info: Thecontrolsequence`\]'isalreadyrobust on input line 129.
\g_MT_multlinerow_int=\count165
\l_MT_multwidth_dim=\dimen179
\origjot=\skip74
\l_MT_shortvdotswithinadjustabove_dim=\dimen180
\l_MT_shortvdotswithinadjustbelow_dim=\dimen181
\l_MT_above_intertext_sep=\dimen182
\l_MT_below_intertext_sep=\dimen183
\l_MT_above_shortintertext_sep=\dimen184
\l_MT_below_shortintertext_sep=\dimen185
)
(/usr/local/texlive/2014/texmf-dist/tex/latex/listings/lstlang1.sty
File: lstlang1.sty 2014/03/04 1.5c listings language file
)
Package hyperref Info: Option `colorlinks' set `true' on input line 124.
\c@subsubsubsection=\count166
)
Package csquotes Info: Checking for multilingual support...
Package csquotes Info: ... found 'babel' package.

(./AnalisiDeiRequisiti_v.1.0.0.aux

LaTeX Warning: Label `fig:uc1' multiply defined.

)
\openout1 = `AnalisiDeiRequisiti_v.1.0.0.aux'.

LaTeX Font Info:    Checking defaults for OML/cmm/m/it on input line 29.
LaTeX Font Info:    ... okay on input line 29.
LaTeX Font Info:    Checking defaults for T1/cmr/m/n on input line 29.
LaTeX Font Info:    ... okay on input line 29.
LaTeX Font Info:    Checking defaults for OT1/cmr/m/n on input line 29.
LaTeX Font Info:    ... okay on input line 29.
LaTeX Font Info:    Checking defaults for OMS/cmsy/m/n on input line 29.
LaTeX Font Info:    ... okay on input line 29.
LaTeX Font Info:    Checking defaults for OMX/cmex/m/n on input line 29.
LaTeX Font Info:    ... okay on input line 29.
LaTeX Font Info:    Checking defaults for U/cmr/m/n on input line 29.
LaTeX Font Info:    ... okay on input line 29.
LaTeX Font Info:    Checking defaults for PD1/pdf/m/n on input line 29.
LaTeX Font Info:    ... okay on input line 29.
LaTeX Font Info:    Checking defaults for LY/yfrak/m/n on input line 29.
LaTeX Font Info:    ... okay on input line 29.
LaTeX Font Info:    Checking defaults for LYG/ygoth/m/n on input line 29.
LaTeX Font Info:    ... okay on input line 29.

*geometry* driver: auto-detecting
*geometry* detected driver: pdftex
*geometry* verbose mode - [ preamble ] result:
* driver: pdftex
* paper: a4paper
* layout: <same size as paper>
* layoutoffset:(h,v)=(0.0pt,0.0pt)
* modes: 
* h-part:(L,W,R)=(56.9055pt, 483.69687pt, 56.9055pt)
* v-part:(T,H,B)=(56.9055pt, 674.33032pt, 113.81102pt)
* \paperwidth=597.50787pt
* \paperheight=845.04684pt
* \textwidth=483.69687pt
* \textheight=674.33032pt
* \oddsidemargin=-15.36449pt
* \evensidemargin=-15.36449pt
* \topmargin=-52.36449pt
* \headheight=71.13188pt
* \headsep=25.0pt
* \topskip=12.0pt
* \footskip=30.0pt
* \marginparwidth=35.0pt
* \marginparsep=10.0pt
* \columnsep=10.0pt
* \skip\footins=10.8pt plus 4.0pt minus 2.0pt
* \hoffset=0.0pt
* \voffset=0.0pt
* \mag=1000
* \@twocolumnfalse
* \@twosidefalse
* \@mparswitchfalse
* \@reversemarginfalse
* (1in=72.27pt=25.4mm, 1cm=28.453pt)

LaTeX Info: Redefining \it@ocap on input line 29.
LaTeX Info: Redefining \it@ccap on input line 29.
(/usr/local/texlive/2014/texmf-dist/tex/context/base/supp-pdf.mkii
[Loading MPS to PDF converter (version 2006.09.02).]
\scratchcounter=\count167
\scratchdimen=\dimen186
\scratchbox=\box43
\nofMPsegments=\count168
\nofMParguments=\count169
\everyMPshowfont=\toks34
\MPscratchCnt=\count170
\MPscratchDim=\dimen187
\MPnumerator=\count171
\makeMPintoPDFobject=\count172
\everyMPtoPDFconversion=\toks35
) (/usr/local/texlive/2014/texmf-dist/tex/latex/oberdiek/epstopdf-base.sty
Package: epstopdf-base 2010/02/09 v2.5 Base part for package epstopdf

(/usr/local/texlive/2014/texmf-dist/tex/latex/oberdiek/grfext.sty
Package: grfext 2010/08/19 v1.1 Manage graphics extensions (HO)
)
Package grfext Info: Graphics extension search list:
(grfext)             [.png,.pdf,.jpg,.mps,.jpeg,.jbig2,.jb2,.PNG,.PDF,.JPG,.JPE
G,.JBIG2,.JB2,.eps]
(grfext)             \AppendGraphicsExtensions on input line 452.

(/usr/local/texlive/2014/texmf-dist/tex/latex/latexconfig/epstopdf-sys.cfg
File: epstopdf-sys.cfg 2010/07/13 v1.3 Configuration of (r)epstopdf for TeX Liv
e
))
\AtBeginShipoutBox=\box44
Package hyperref Info: Link coloring ON on input line 29.

(/usr/local/texlive/2014/texmf-dist/tex/latex/hyperref/nameref.sty
Package: nameref 2012/10/27 v2.43 Cross-referencing by name of section

(/usr/local/texlive/2014/texmf-dist/tex/generic/oberdiek/gettitlestring.sty
Package: gettitlestring 2010/12/03 v1.4 Cleanup title references (HO)
)
\c@section@level=\count173
)
LaTeX Info: Redefining \ref on input line 29.
LaTeX Info: Redefining \pageref on input line 29.
LaTeX Info: Redefining \nameref on input line 29.
Package lastpage Info: Please have a look at the pageslts package at
(lastpage)             http://www.ctan.org/tex-archive/ 
(lastpage)             macros/latex/contrib/pageslts/ 
(lastpage)             or
(lastpage)             http://www.ctan.org/tex-archive/ 
(lastpage)             install/macros/latex/contrib/pageslts.tds.zip
(lastpage)             ! on input line 29.
\c@lstlisting=\count174
Package caption Info: Begin \AtBeginDocument code.
Package caption Info: subfig package v1.3 is loaded.
Package caption Info: End \AtBeginDocument code.

(../../Template/firstpage.tex <../../logo.jpg, id=4, 572.1375pt x 572.1375pt>
File: ../../logo.jpg Graphic file (type jpg)

<use ../../logo.jpg>
Package pdftex.def Info: ../../logo.jpg used on input line 22.
(pdftex.def)             Requested size: 227.62pt x 227.62pt.
 [1

{/usr/local/texlive/2014/texmf-var/fonts/map/pdftex/updmap/pdftex.map} <../../l
ogo.jpg>]) (../../Template/sommario.tex)
File: ../../logo.jpg Graphic file (type jpg)

<use ../../logo.jpg>
Package pdftex.def Info: ../../logo.jpg used on input line 33.
(pdftex.def)             Requested size: 56.90282pt x 56.90282pt.
pdfTeX warning (ext4): destination with the same identifier (name{page.1}) has 
been already used, duplicate ignored
<to be read again> 
                   \relax 
l.33 	\newpage
               [1] (./parti/registroMod.tex
Underfull \hbox (badness 10000) in paragraph at lines 1--3

 []

File: ../../logo.jpg Graphic file (type jpg)
<use ../../logo.jpg>
Package pdftex.def Info: ../../logo.jpg used on input line 37.
(pdftex.def)             Requested size: 56.90282pt x 56.90282pt.
 [2]
Underfull \hbox (badness 10000) in paragraph at lines 38--40

 []


Underfull \hbox (badness 10000) in paragraph at lines 38--40

 []

)
File: ../../logo.jpg Graphic file (type jpg)
 <use ../../logo.jpg>
Package pdftex.def Info: ../../logo.jpg used on input line 35.
(pdftex.def)             Requested size: 56.90282pt x 56.90282pt.
 [3] (./AnalisiDeiRequisiti_v.1.0.0.toc
File: ../../logo.jpg Graphic file (type jpg)

<use ../../logo.jpg>
Package pdftex.def Info: ../../logo.jpg used on input line 46.
(pdftex.def)             Requested size: 56.90282pt x 56.90282pt.
 [4]
File: ../../logo.jpg Graphic file (type jpg)
 <use ../../logo.jpg>
Package pdftex.def Info: ../../logo.jpg used on input line 92.
(pdftex.def)             Requested size: 56.90282pt x 56.90282pt.
 [5]
File: ../../logo.jpg Graphic file (type jpg)
 <use ../../logo.jpg>
Package pdftex.def Info: ../../logo.jpg used on input line 138.
(pdftex.def)             Requested size: 56.90282pt x 56.90282pt.
 [6])
\tf@toc=\write3
\openout3 = `AnalisiDeiRequisiti_v.1.0.0.toc'.

File: ../../logo.jpg Graphic file (type jpg)

<use ../../logo.jpg>
Package pdftex.def Info: ../../logo.jpg used on input line 37.
(pdftex.def)             Requested size: 56.90282pt x 56.90282pt.
 [7] (./AnalisiDeiRequisiti_v.1.0.0.lof)
\tf@lof=\write4
\openout4 = `AnalisiDeiRequisiti_v.1.0.0.lof'.


(./AnalisiDeiRequisiti_v.1.0.0.lot)
\tf@lot=\write5
\openout5 = `AnalisiDeiRequisiti_v.1.0.0.lot'.

File: ../../logo.jpg Graphic file (type jpg)
 <use ../../logo.jpg>
Package pdftex.def Info: ../../logo.jpg used on input line 40.
(pdftex.def)             Requested size: 56.90282pt x 56.90282pt.
 [8]
(./parti/descrizioneGenerale.tex
LaTeX Font Info:    Try loading font information for OMS+cmr on input line 10.

(/usr/local/texlive/2014/texmf-dist/tex/latex/base/omscmr.fd
File: omscmr.fd 1999/05/25 v2.5h Standard LaTeX font definitions
)
LaTeX Font Info:    Font shape `OMS/cmr/m/n' in size <12> not available
(Font)              Font shape `OMS/cmsy/m/n' tried instead on input line 10.
)
File: ../../logo.jpg Graphic file (type jpg)

<use ../../logo.jpg>
Package pdftex.def Info: ../../logo.jpg used on input line 42.
(pdftex.def)             Requested size: 56.90282pt x 56.90282pt.
 [9] (./parti/casiduso.tex (./UC/GerarchiaUtenti.tex
<./images/GerarchiaUtenti.jpg, id=451, 302.12875pt x 261.97874pt>
File: ./images/GerarchiaUtenti.jpg Graphic file (type jpg)

<use ./images/GerarchiaUtenti.jpg>
Package pdftex.def Info: ./images/GerarchiaUtenti.jpg used on input line 6.
(pdftex.def)             Requested size: 302.128pt x 261.9781pt.
)
File: ../../logo.jpg Graphic file (type jpg)
 <use ../../logo.jpg>
Package pdftex.def Info: ../../logo.jpg used on input line 5.
(pdftex.def)             Requested size: 56.90282pt x 56.90282pt.
 [10 <./images/GerarchiaUtenti.jpg>] (./UC/UC1.tex
<./images/UC1.jpg, id=462, 780.9175pt x 683.55376pt>
File: ./images/UC1.jpg Graphic file (type jpg)
 <use ./images/UC1.jpg>
Package pdftex.def Info: ./images/UC1.jpg used on input line 5.
(pdftex.def)             Requested size: 468.55411pt x 410.13542pt.
File: ../../logo.jpg Graphic file (type jpg)

<use ../../logo.jpg>
Package pdftex.def Info: ../../logo.jpg used on input line 18.
(pdftex.def)             Requested size: 56.90282pt x 56.90282pt.
 [11 <./images/UC1.jpg>])
File: ../../logo.jpg Graphic file (type jpg)
 <use ../../logo.jpg>
Package pdftex.def Info: ../../logo.jpg used on input line 7.
(pdftex.def)             Requested size: 56.90282pt x 56.90282pt.
 [12]
(./UC/UC1.2.tex)
File: ../../logo.jpg Graphic file (type jpg)
 <use ../../logo.jpg>
Package pdftex.def Info: ../../logo.jpg used on input line 9.
(pdftex.def)             Requested size: 56.90282pt x 56.90282pt.
 [13] (./UC/UC1.3.tex
<./images/UC1.3.jpg, id=520, 351.3125pt x 218.8175pt>
File: ./images/UC1.3.jpg Graphic file (type jpg)
 <use ./images/UC1.3.jpg>
Package pdftex.def Info: ./images/UC1.3.jpg used on input line 5.
(pdftex.def)             Requested size: 263.48372pt x 164.11272pt.

<./images/UC1.3.1.jpg, id=523, 496.85625pt x 549.05125pt>
File: ./images/UC1.3.1.jpg Graphic file (type jpg)

<use ./images/UC1.3.1.jpg>
Package pdftex.def Info: ./images/UC1.3.1.jpg used on input line 23.
(pdftex.def)             Requested size: 372.64127pt x 411.78743pt.
File: ../../logo.jpg Graphic file (type jpg)
 <use ../../logo.jpg>
Package pdftex.def Info: ../../logo.jpg used on input line 27.
(pdftex.def)             Requested size: 56.90282pt x 56.90282pt.
 [14 <./images/UC1.3.jpg>]
File: ../../logo.jpg Graphic file (type jpg)

<use ../../logo.jpg>
Package pdftex.def Info: ../../logo.jpg used on input line 38.
(pdftex.def)             Requested size: 56.90282pt x 56.90282pt.
 [15 <./images/UC1.3.1.jpg>]

LaTeX Warning: Hyper reference `uc1.3.1.11' on page 16 undefined on input line 
42.

<./images/UC1.3.1.1.jpg, id=553, 304.13625pt x 222.8325pt>
File: ./images/UC1.3.1.1.jpg Graphic file (type jpg)

<use ./images/UC1.3.1.1.jpg>
Package pdftex.def Info: ./images/UC1.3.1.1.jpg used on input line 49.
(pdftex.def)             Requested size: 228.10162pt x 167.12396pt.
File: ../../logo.jpg Graphic file (type jpg)
 <use ../../logo.jpg>
Package pdftex.def Info: ../../logo.jpg used on input line 74.
(pdftex.def)             Requested size: 56.90282pt x 56.90282pt.
 [16 <./images/UC1.3.1.1.jpg>] <./images/UC1.3.1.3.jpg, id=570, 702.625pt x 782
.925pt>
File: ./images/UC1.3.1.3.jpg Graphic file (type jpg)

<use ./images/UC1.3.1.3.jpg>
Package pdftex.def Info: ./images/UC1.3.1.3.jpg used on input line 105.
(pdftex.def)             Requested size: 421.57825pt x 469.75862pt.
File: ../../logo.jpg Graphic file (type jpg)
 <use ../../logo.jpg>
Package pdftex.def Info: ../../logo.jpg used on input line 109.
(pdftex.def)             Requested size: 56.90282pt x 56.90282pt.
 [17]
File: ../../logo.jpg Graphic file (type jpg)
 <use ../../logo.jpg>
Package pdftex.def Info: ../../logo.jpg used on input line 116.
(pdftex.def)             Requested size: 56.90282pt x 56.90282pt.

[18 <./images/UC1.3.1.3.jpg>]
File: ../../logo.jpg Graphic file (type jpg)
 <use ../../logo.jpg>
Package pdftex.def Info: ../../logo.jpg used on input line 163.
(pdftex.def)             Requested size: 56.90282pt x 56.90282pt.
 [19]
File: ../../logo.jpg Graphic file (type jpg)
 <use ../../logo.jpg>
Package pdftex.def Info: ../../logo.jpg used on input line 211.
(pdftex.def)             Requested size: 56.90282pt x 56.90282pt.

[20]
File: ../../logo.jpg Graphic file (type jpg)
 <use ../../logo.jpg>
Package pdftex.def Info: ../../logo.jpg used on input line 259.
(pdftex.def)             Requested size: 56.90282pt x 56.90282pt.
 [21]
File: ../../logo.jpg Graphic file (type jpg)
 <use ../../logo.jpg>
Package pdftex.def Info: ../../logo.jpg used on input line 307.
(pdftex.def)             Requested size: 56.90282pt x 56.90282pt.
 [22]
<./images/UC1.3.1.5.jpg, id=680, 303.1325pt x 256.96pt>
File: ./images/UC1.3.1.5.jpg Graphic file (type jpg)

<use ./images/UC1.3.1.5.jpg>
Package pdftex.def Info: ./images/UC1.3.1.5.jpg used on input line 334.
(pdftex.def)             Requested size: 227.34882pt x 192.71951pt.
File: ../../logo.jpg Graphic file (type jpg)
 <use ../../logo.jpg>
Package pdftex.def Info: ../../logo.jpg used on input line 343.
(pdftex.def)             Requested size: 56.90282pt x 56.90282pt.
 [23 <./images/UC1.3.1.5.jpg>] <./images/UC1.3.1.5.1.jpg, id=697, 385.44pt x 29
3.095pt>
File: ./images/UC1.3.1.5.1.jpg Graphic file (type jpg)

<use ./images/UC1.3.1.5.1.jpg>
Package pdftex.def Info: ./images/UC1.3.1.5.1.jpg used on input line 358.
(pdftex.def)             Requested size: 289.07928pt x 219.8207pt.


LaTeX Warning: Hyper reference `uc1.3.1.5.1.3' on page 24 undefined on input li
ne 370.


Overfull \hbox (8.47466pt too wide) in paragraph at lines 370--371
[]\T1/cmr/m/n/12 L'utente de-fi-ni-sce un'a-rea nel pia-no del-la pre-sen-ta-zi
o-ne per ospi-ta-re lo sfon-do (UC 1.3.1.5.3); 
 []

File: ../../logo.jpg Graphic file (type jpg)
<use ../../logo.jpg>
Package pdftex.def Info: ../../logo.jpg used on input line 375.
(pdftex.def)             Requested size: 56.90282pt x 56.90282pt.
 [24 <./images/UC1.3.1.5.1.jpg>]
File: ../../logo.jpg Graphic file (type jpg)
 <use ../../logo.jpg>
Package pdftex.def Info: ../../logo.jpg used on input line 424.
(pdftex.def)             Requested size: 56.90282pt x 56.90282pt.

[25] <./images/UC1.3.1.6.jpg, id=733, 406.51875pt x 327.2225pt>
File: ./images/UC1.3.1.6.jpg Graphic file (type jpg)

<use ./images/UC1.3.1.6.jpg>
Package pdftex.def Info: ./images/UC1.3.1.6.jpg used on input line 458.
(pdftex.def)             Requested size: 304.8883pt x 245.41626pt.
File: ../../logo.jpg Graphic file (type jpg)
 <use ../../logo.jpg>
Package pdftex.def Info: ../../logo.jpg used on input line 462.
(pdftex.def)             Requested size: 56.90282pt x 56.90282pt.
 [26]
File: ../../logo.jpg Graphic file (type jpg)
 <use ../../logo.jpg>
Package pdftex.def Info: ../../logo.jpg used on input line 485.
(pdftex.def)             Requested size: 56.90282pt x 56.90282pt.

[27 <./images/UC1.3.1.6.jpg>]
File: ../../logo.jpg Graphic file (type jpg)
 <use ../../logo.jpg>
Package pdftex.def Info: ../../logo.jpg used on input line 533.
(pdftex.def)             Requested size: 56.90282pt x 56.90282pt.
 [28]
<./images/UC1.3.1.7.jpg, id=778, 309.155pt x 211.79124pt>
File: ./images/UC1.3.1.7.jpg Graphic file (type jpg)

<use ./images/UC1.3.1.7.jpg>
Package pdftex.def Info: ./images/UC1.3.1.7.jpg used on input line 544.
(pdftex.def)             Requested size: 231.86568pt x 158.84303pt.
File: ../../logo.jpg Graphic file (type jpg)
 <use ../../logo.jpg>
Package pdftex.def Info: ../../logo.jpg used on input line 568.
(pdftex.def)             Requested size: 56.90282pt x 56.90282pt.
 [29 <./images/UC1.3.1.7.jpg>] <./images/UC1.3.1.8.jpg, id=793, 381.425pt x 287
.0725pt>
File: ./images/UC1.3.1.8.jpg Graphic file (type jpg)

<use ./images/UC1.3.1.8.jpg>
Package pdftex.def Info: ./images/UC1.3.1.8.jpg used on input line 586.
(pdftex.def)             Requested size: 286.06804pt x 215.30383pt.
File: ../../logo.jpg Graphic file (type jpg)
 <use ../../logo.jpg>
Package pdftex.def Info: ../../logo.jpg used on input line 600.
(pdftex.def)             Requested size: 56.90282pt x 56.90282pt.
 [30 <./images/UC1.3.1.8.jpg>]
File: ../../logo.jpg Graphic file (type jpg)
<use ../../logo.jpg>
Package pdftex.def Info: ../../logo.jpg used on input line 642.
(pdftex.def)             Requested size: 56.90282pt x 56.90282pt.
 [31] <./images/UC1.3.2.jpg, id=818, 521.95pt x 349.305pt>
File: ./images/UC1.3.2.jpg Graphic file (type jpg)

<use ./images/UC1.3.2.jpg>
Package pdftex.def Info: ./images/UC1.3.2.jpg used on input line 668.
(pdftex.def)             Requested size: 391.46153pt x 261.9781pt.
File: ../../logo.jpg Graphic file (type jpg)
 <use ../../logo.jpg>
Package pdftex.def Info: ../../logo.jpg used on input line 677.
(pdftex.def)             Requested size: 56.90282pt x 56.90282pt.
 [32 <./images/UC1.3.2.jpg>]
<./images/UC1.3.2.1.jpg, id=833, 344.28625pt x 198.7425pt>
File: ./images/UC1.3.2.1.jpg Graphic file (type jpg)

<use ./images/UC1.3.2.1.jpg>
Package pdftex.def Info: ./images/UC1.3.2.1.jpg used on input line 690.
(pdftex.def)             Requested size: 258.21405pt x 149.0565pt.
File: ../../logo.jpg Graphic file (type jpg)
 <use ../../logo.jpg>
Package pdftex.def Info: ../../logo.jpg used on input line 714.
(pdftex.def)             Requested size: 56.90282pt x 56.90282pt.
 [33 <./images/UC1.3.2.1.jpg>] <./images/UC1.3.2.2.jpg, id=847, 356.33125pt x 2
37.88875pt>
File: ./images/UC1.3.2.2.jpg Graphic file (type jpg)

<use ./images/UC1.3.2.2.jpg>
Package pdftex.def Info: ./images/UC1.3.2.2.jpg used on input line 732.
(pdftex.def)             Requested size: 267.24777pt x 178.4161pt.
File: ../../logo.jpg Graphic file (type jpg)
 <use ../../logo.jpg>
Package pdftex.def Info: ../../logo.jpg used on input line 753.
(pdftex.def)             Requested size: 56.90282pt x 56.90282pt.
 [34 <./images/UC1.3.2.2.jpg>])
File: ../../logo.jpg Graphic file (type jpg)
 <use ../../logo.jpg>
Package pdftex.def Info: ../../logo.jpg used on input line 11.
(pdftex.def)             Requested size: 56.90282pt x 56.90282pt.
 [35] (./UC/UC1.14.tex)
File: ../../logo.jpg Graphic file (type jpg)
 <use ../../logo.jpg>
Package pdftex.def Info: ../../logo.jpg used on input line 13.
(pdftex.def)             Requested size: 56.90282pt x 56.90282pt.
 [36]
(./UC/UC1.5.tex)
File: ../../logo.jpg Graphic file (type jpg)
 <use ../../logo.jpg>
Package pdftex.def Info: ../../logo.jpg used on input line 15.
(pdftex.def)             Requested size: 56.90282pt x 56.90282pt.
 [37] (./UC/UC1.18.tex
<./images/UC1.18.jpg, id=894, 622.325pt x 280.04625pt>
File: ./images/UC1.18.jpg Graphic file (type jpg)

<use ./images/UC1.18.jpg>
Package pdftex.def Info: ./images/UC1.18.jpg used on input line 5.
(pdftex.def)             Requested size: 466.7426pt x 210.03415pt.

<./images/UC1.18.1.jpg, id=899, 454.69875pt x 350.30875pt>
File: ./images/UC1.18.1.jpg Graphic file (type jpg)

<use ./images/UC1.18.1.jpg>
Package pdftex.def Info: ./images/UC1.18.1.jpg used on input line 23.
(pdftex.def)             Requested size: 341.02322pt x 262.73091pt.
File: ../../logo.jpg Graphic file (type jpg)
 <use ../../logo.jpg>
Package pdftex.def Info: ../../logo.jpg used on input line 27.
(pdftex.def)             Requested size: 56.90282pt x 56.90282pt.
 [38 <./images/UC1.18.jpg>]
File: ../../logo.jpg Graphic file (type jpg)

<use ../../logo.jpg>
Package pdftex.def Info: ../../logo.jpg used on input line 49.
(pdftex.def)             Requested size: 56.90282pt x 56.90282pt.
 [39 <./images/UC1.18.1.jpg>]
<./images/UC1.18.1.6.jpg, id=930, 523.9575pt x 302.12875pt>
File: ./images/UC1.18.1.6.jpg Graphic file (type jpg)

<use ./images/UC1.18.1.6.jpg>
Package pdftex.def Info: ./images/UC1.18.1.6.jpg used on input line 81.
(pdftex.def)             Requested size: 392.96716pt x 226.596pt.
File: ../../logo.jpg Graphic file (type jpg)
 <use ../../logo.jpg>
Package pdftex.def Info: ../../logo.jpg used on input line 85.
(pdftex.def)             Requested size: 56.90282pt x 56.90282pt.
 [40]
File: ../../logo.jpg Graphic file (type jpg)
 <use ../../logo.jpg>
Package pdftex.def Info: ../../logo.jpg used on input line 110.
(pdftex.def)             Requested size: 56.90282pt x 56.90282pt.

[41 <./images/UC1.18.1.6.jpg>]
<./images/UC1.18.2.jpg, id=953, 479.7925pt x 303.1325pt>
File: ./images/UC1.18.2.jpg Graphic file (type jpg)

<use ./images/UC1.18.2.jpg>
Package pdftex.def Info: ./images/UC1.18.2.jpg used on input line 135.
(pdftex.def)             Requested size: 359.84348pt x 227.34882pt.
File: ../../logo.jpg Graphic file (type jpg)
 <use ../../logo.jpg>
Package pdftex.def Info: ../../logo.jpg used on input line 144.
(pdftex.def)             Requested size: 56.90282pt x 56.90282pt.
 [42 <./images/UC1.18.2.jpg>]
File: ../../logo.jpg Graphic file (type jpg)

<use ../../logo.jpg>
Package pdftex.def Info: ../../logo.jpg used on input line 188.
(pdftex.def)             Requested size: 56.90282pt x 56.90282pt.
 [43]
<./images/UC1.18.2.6.jpg, id=984, 496.85625pt x 296.10625pt>
File: ./images/UC1.18.2.6.jpg Graphic file (type jpg)

<use ./images/UC1.18.2.6.jpg>
Package pdftex.def Info: ./images/UC1.18.2.6.jpg used on input line 192.
(pdftex.def)             Requested size: 372.64127pt x 222.07913pt.
File: ../../logo.jpg Graphic file (type jpg)
 <use ../../logo.jpg>
Package pdftex.def Info: ../../logo.jpg used on input line 215.
(pdftex.def)             Requested size: 56.90282pt x 56.90282pt.
 [44 <./images/UC1.18.2.6.jpg>]
File: ../../logo.jpg Graphic file (type jpg)
 <use ../../logo.jpg>
Package pdftex.def Info: ../../logo.jpg used on input line 257.
(pdftex.def)             Requested size: 56.90282pt x 56.90282pt.
 [45])
File: ../../logo.jpg Graphic file (type jpg)
 <use ../../logo.jpg>
Package pdftex.def Info: ../../logo.jpg used on input line 17.
(pdftex.def)             Requested size: 56.90282pt x 56.90282pt.
 [46] (./UC/UC1.6.tex)
File: ../../logo.jpg Graphic file (type jpg)

<use ../../logo.jpg>
Package pdftex.def Info: ../../logo.jpg used on input line 19.
(pdftex.def)             Requested size: 56.90282pt x 56.90282pt.
 [47] (./UC/UC1.17.tex
<./images/UC1.17.jpg, id=1025, 549.05125pt x 558.085pt>
File: ./images/UC1.17.jpg Graphic file (type jpg)

<use ./images/UC1.17.jpg>
Package pdftex.def Info: ./images/UC1.17.jpg used on input line 5.
(pdftex.def)             Requested size: 329.43329pt x 334.85359pt.
File: ../../logo.jpg Graphic file (type jpg)
 <use ../../logo.jpg>
Package pdftex.def Info: ../../logo.jpg used on input line 30.
(pdftex.def)             Requested size: 56.90282pt x 56.90282pt.
 [48 <./images/UC1.17.jpg>]
<./images/UC1.17.4.jpg, id=1046, 618.31pt x 498.86375pt>
File: ./images/UC1.17.4.jpg Graphic file (type jpg)

<use ./images/UC1.17.4.jpg>
Package pdftex.def Info: ./images/UC1.17.4.jpg used on input line 48.
(pdftex.def)             Requested size: 463.73135pt x 374.1469pt.
File: ../../logo.jpg Graphic file (type jpg)
 <use ../../logo.jpg>
Package pdftex.def Info: ../../logo.jpg used on input line 52.
(pdftex.def)             Requested size: 56.90282pt x 56.90282pt.
 [49]
File: ../../logo.jpg Graphic file (type jpg)
 <use ../../logo.jpg>
Package pdftex.def Info: ../../logo.jpg used on input line 65.
(pdftex.def)             Requested size: 56.90282pt x 56.90282pt.

[50 <./images/UC1.17.4.jpg>]
<./images/UC1.17.4.1.jpg, id=1075, 329.23pt x 312.16624pt>
File: ./images/UC1.17.4.1.jpg Graphic file (type jpg)

<use ./images/UC1.17.4.1.jpg>
Package pdftex.def Info: ./images/UC1.17.4.1.jpg used on input line 75.
(pdftex.def)             Requested size: 246.92189pt x 234.1241pt.
File: ../../logo.jpg Graphic file (type jpg)
 <use ../../logo.jpg>
Package pdftex.def Info: ../../logo.jpg used on input line 97.
(pdftex.def)             Requested size: 56.90282pt x 56.90282pt.
 [51 <./images/UC1.17.4.1.jpg>] <./images/UC1.17.4.1.2.jpg, id=1092, 524.96124p
t x 389.455pt>
File: ./images/UC1.17.4.1.2.jpg Graphic file (type jpg)

<use ./images/UC1.17.4.1.2.jpg>
Package pdftex.def Info: ./images/UC1.17.4.1.2.jpg used on input line 101.
(pdftex.def)             Requested size: 393.71997pt x 292.09053pt.
File: ../../logo.jpg Graphic file (type jpg)
 <use ../../logo.jpg>
Package pdftex.def Info: ../../logo.jpg used on input line 120.
(pdftex.def)             Requested size: 56.90282pt x 56.90282pt.
 [52 <./images/UC1.17.4.1.2.jpg>]
File: ../../logo.jpg Graphic file (type jpg)
 <use ../../logo.jpg>
Package pdftex.def Info: ../../logo.jpg used on input line 171.
(pdftex.def)             Requested size: 56.90282pt x 56.90282pt.
 [53]
File: ../../logo.jpg Graphic file (type jpg)
 <use ../../logo.jpg>
Package pdftex.def Info: ../../logo.jpg used on input line 214.
(pdftex.def)             Requested size: 56.90282pt x 56.90282pt.
 [54])
File: ../../logo.jpg Graphic file (type jpg)

<use ../../logo.jpg>
Package pdftex.def Info: ../../logo.jpg used on input line 21.
(pdftex.def)             Requested size: 56.90282pt x 56.90282pt.
 [55] (./UC/UC1.7.tex
<./images/UC1.7.jpg, id=1137, 502.87875pt x 411.5375pt>
File: ./images/UC1.7.jpg Graphic file (type jpg)

<use ./images/UC1.7.jpg>
Package pdftex.def Info: ./images/UC1.7.jpg used on input line 5.
(pdftex.def)             Requested size: 377.15813pt x 308.65237pt.
File: ../../logo.jpg Graphic file (type jpg)
 <use ../../logo.jpg>
Package pdftex.def Info: ../../logo.jpg used on input line 29.
(pdftex.def)             Requested size: 56.90282pt x 56.90282pt.
 [56 <./images/UC1.7.jpg>]
File: ../../logo.jpg Graphic file (type jpg)

<use ../../logo.jpg>
Package pdftex.def Info: ../../logo.jpg used on input line 68.
(pdftex.def)             Requested size: 56.90282pt x 56.90282pt.
 [57]
File: ../../logo.jpg Graphic file (type jpg)
 <use ../../logo.jpg>
Package pdftex.def Info: ../../logo.jpg used on input line 116.
(pdftex.def)             Requested size: 56.90282pt x 56.90282pt.
 [58])
File: ../../logo.jpg Graphic file (type jpg)
 <use ../../logo.jpg>
Package pdftex.def Info: ../../logo.jpg used on input line 23.
(pdftex.def)             Requested size: 56.90282pt x 56.90282pt.

[59] (./UC/UC1.8.tex <./images/UC1.8.jpg, id=1201, 403.5075pt x 272.01625pt>
File: ./images/UC1.8.jpg Graphic file (type jpg)

<use ./images/UC1.8.jpg>
Package pdftex.def Info: ./images/UC1.8.jpg used on input line 5.
(pdftex.def)             Requested size: 302.62988pt x 204.01167pt.
File: ../../logo.jpg Graphic file (type jpg)
 <use ../../logo.jpg>
Package pdftex.def Info: ../../logo.jpg used on input line 40.
(pdftex.def)             Requested size: 56.90282pt x 56.90282pt.
 [60 <./images/UC1.8.jpg>])
File: ../../logo.jpg Graphic file (type jpg)

<use ../../logo.jpg>
Package pdftex.def Info: ../../logo.jpg used on input line 25.
(pdftex.def)             Requested size: 56.90282pt x 56.90282pt.
 [61] (./UC/UC1.9.tex
<./images/UC1.9.jpg, id=1225, 722.7pt x 372.39125pt>
File: ./images/UC1.9.jpg Graphic file (type jpg)
 <use ./images/UC1.9.jpg>
Package pdftex.def Info: ./images/UC1.9.jpg used on input line 5.
(pdftex.def)             Requested size: 433.62334pt x 223.43646pt.
File: ../../logo.jpg Graphic file (type jpg)

<use ../../logo.jpg>
Package pdftex.def Info: ../../logo.jpg used on input line 35.
(pdftex.def)             Requested size: 56.90282pt x 56.90282pt.
 [62 <./images/UC1.9.jpg>])
File: ../../logo.jpg Graphic file (type jpg)
 <use ../../logo.jpg>
Package pdftex.def Info: ../../logo.jpg used on input line 27.
(pdftex.def)             Requested size: 56.90282pt x 56.90282pt.
 [63]
(./UC/UC1.10.tex <./images/UC1.10.jpg, id=1256, 358.33875pt x 174.6525pt>
File: ./images/UC1.10.jpg Graphic file (type jpg)

<use ./images/UC1.10.jpg>
Package pdftex.def Info: ./images/UC1.10.jpg used on input line 5.
(pdftex.def)             Requested size: 268.7534pt x 130.98904pt.
)
File: ../../logo.jpg Graphic file (type jpg)
 <use ../../logo.jpg>
Package pdftex.def Info: ../../logo.jpg used on input line 29.
(pdftex.def)             Requested size: 56.90282pt x 56.90282pt.
 [64 <./images/UC1.10.jpg>]
File: ../../logo.jpg Graphic file (type jpg)

<use ../../logo.jpg>
Package pdftex.def Info: ../../logo.jpg used on input line 29.
(pdftex.def)             Requested size: 56.90282pt x 56.90282pt.
 [65] (./UC/UC1.11.tex
<./images/UC1.11.jpg, id=1277, 537.00626pt x 199.74625pt>
File: ./images/UC1.11.jpg Graphic file (type jpg)

<use ./images/UC1.11.jpg>
Package pdftex.def Info: ./images/UC1.11.jpg used on input line 5.
(pdftex.def)             Requested size: 402.75371pt x 149.80931pt.
)
File: ../../logo.jpg Graphic file (type jpg)
 <use ../../logo.jpg>
Package pdftex.def Info: ../../logo.jpg used on input line 31.
(pdftex.def)             Requested size: 56.90282pt x 56.90282pt.
 [66 <./images/UC1.11.jpg>]
File: ../../logo.jpg Graphic file (type jpg)

<use ../../logo.jpg>
Package pdftex.def Info: ../../logo.jpg used on input line 31.
(pdftex.def)             Requested size: 56.90282pt x 56.90282pt.
 [67] (./UC/UC1.12.tex)
File: ../../logo.jpg Graphic file (type jpg)
 <use ../../logo.jpg>
Package pdftex.def Info: ../../logo.jpg used on input line 33.
(pdftex.def)             Requested size: 56.90282pt x 56.90282pt.
 [68]
(./UC/UC1.13.tex)
File: ../../logo.jpg Graphic file (type jpg)
 <use ../../logo.jpg>
Package pdftex.def Info: ../../logo.jpg used on input line 35.
(pdftex.def)             Requested size: 56.90282pt x 56.90282pt.
 [69] (./UC/UC1.15.tex)
File: ../../logo.jpg Graphic file (type jpg)

<use ../../logo.jpg>
Package pdftex.def Info: ../../logo.jpg used on input line 37.
(pdftex.def)             Requested size: 56.90282pt x 56.90282pt.
 [70] (./UC/UC1.16.tex))
File: ../../logo.jpg Graphic file (type jpg)
 <use ../../logo.jpg>
Package pdftex.def Info: ../../logo.jpg used on input line 44.
(pdftex.def)             Requested size: 56.90282pt x 56.90282pt.
 [71]
(./parti/requisiti.tex (./parti/requisitiFunz.tex
Underfull \hbox (badness 1715) in paragraph at lines 29--29
\T1/cmr/m/n/12 edi-ta-re te-sto al-l'in-ter-no di un
 []


Underfull \hbox (badness 1052) in paragraph at lines 39--39
[]|\T1/cmr/m/n/12 L'utente pu mo-di-fi-ca-re la di-
 []


Underfull \hbox (badness 2005) in paragraph at lines 49--49
[]|\T1/cmr/m/n/12 L'utente de-ve es-se-re in gra-do
 []


Underfull \hbox (badness 10000) in paragraph at lines 61--62
[]|\T1/cmr/m/n/12 UC 1.3.5,
 []


Underfull \hbox (badness 10000) in paragraph at lines 61--62
\T1/cmr/m/n/12 1.3.5.1,
 []


Underfull \hbox (badness 10000) in paragraph at lines 61--62
\T1/cmr/m/n/12 1.3.5.1.1,
 []


Underfull \hbox (badness 10000) in paragraph at lines 61--62
\T1/cmr/m/n/12 1.3.5.1.3,
 []


Underfull \hbox (badness 2005) in paragraph at lines 63--63
[]|\T1/cmr/m/n/12 L'utente de-ve es-se-re in gra-do
 []


Underfull \hbox (badness 2020) in paragraph at lines 63--63
\T1/cmr/m/n/12 di in-se-ri-re un co-lo-re di sfon-
 []


Underfull \hbox (badness 10000) in paragraph at lines 63--64
[]|\T1/cmr/m/n/12 UC 1.3.5,
 []


Underfull \hbox (badness 10000) in paragraph at lines 63--64
\T1/cmr/m/n/12 1.3.5.1,
 []


Underfull \hbox (badness 10000) in paragraph at lines 63--64
\T1/cmr/m/n/12 1.3.5.1.2,
 []


Underfull \hbox (badness 10000) in paragraph at lines 63--64
\T1/cmr/m/n/12 1.3.5.1.3,
 []


Underfull \hbox (badness 2005) in paragraph at lines 67--67
[]|\T1/cmr/m/n/12 L'utente de-ve es-se-re in gra-do
 []


Underfull \hbox (badness 10000) in paragraph at lines 77--78
[]|\T1/cmr/m/n/12 UC 1.3.7,
 []


Underfull \hbox (badness 1210) in paragraph at lines 79--79
\T1/cmr/m/n/12 eli-mi-na-re un book-mark ad un
 []


Underfull \hbox (badness 10000) in paragraph at lines 79--80
[]|\T1/cmr/m/n/12 UC 1.3.7,
 []


Underfull \hbox (badness 2005) in paragraph at lines 89--89
[]|\T1/cmr/m/n/12 L'utente de-ve es-se-re in gra-do
 []


Underfull \hbox (badness 4001) in paragraph at lines 89--89
\T1/cmr/m/n/12 di mo-di-fi-ca-re da mo-bi-le una
 []


Underfull \hbox (badness 2005) in paragraph at lines 93--93
[]|\T1/cmr/m/n/12 L'utente de-ve es-se-re in gra-do
 []

File: ../../logo.jpg Graphic file (type jpg)
<use ../../logo.jpg>
Package pdftex.def Info: ../../logo.jpg used on input line 96.
(pdftex.def)             Requested size: 56.90282pt x 56.90282pt.
 [72]
Underfull \hbox (badness 2005) in paragraph at lines 97--97
[]|\T1/cmr/m/n/12 L'utente de-ve es-se-re in gra-do
 []


Underfull \hbox (badness 1132) in paragraph at lines 97--97
\T1/cmr/m/n/12 di im-po-sta-re un book-mark da
 []


Underfull \hbox (badness 4181) in paragraph at lines 97--97
\T1/cmr/m/n/12 mo-bi-le ad un fra-me di una
 []


Underfull \hbox (badness 5490) in paragraph at lines 113--113
[]|\T1/cmr/m/n/12 L'utente de-ve es-se-re in gra-
 []


Underfull \hbox (badness 2269) in paragraph at lines 113--113
\T1/cmr/m/n/12 do di eli-mi-na-re dal ser-ver le
 []


Underfull \hbox (badness 1975) in paragraph at lines 125--125
[]|\T1/cmr/m/n/12 L'utente de-ve po-ter ri-muo-ve-re
 []


Underfull \hbox (badness 2005) in paragraph at lines 127--127
[]|\T1/cmr/m/n/12 L'utente de-ve es-se-re in gra-do
 []


Underfull \hbox (badness 4441) in paragraph at lines 127--127
\T1/cmr/m/n/12 di ese-gui-re una pre-sen-ta-zio-ne
 []


Underfull \hbox (badness 2005) in paragraph at lines 129--129
[]|\T1/cmr/m/n/12 L'utente de-ve es-se-re in gra-do
 []


Underfull \hbox (badness 4441) in paragraph at lines 129--129
\T1/cmr/m/n/12 di ese-gui-re una pre-sen-ta-zio-ne
 []


Underfull \hbox (badness 2005) in paragraph at lines 131--131
[]|\T1/cmr/m/n/12 L'utente de-ve es-se-re in gra-do
 []


Underfull \hbox (badness 4699) in paragraph at lines 131--131
\T1/cmr/m/n/12 di ese-gui-re ma-nual-men-te una
 []

File: ../../logo.jpg Graphic file (type jpg)
<use ../../logo.jpg>
Package pdftex.def Info: ../../logo.jpg used on input line 136.
(pdftex.def)             Requested size: 56.90282pt x 56.90282pt.
 [73]
File: ../../logo.jpg Graphic file (type jpg)
 <use ../../logo.jpg>
Package pdftex.def Info: ../../logo.jpg used on input line 136.
(pdftex.def)             Requested size: 56.90282pt x 56.90282pt.
 [74]
Underfull \hbox (badness 5490) in paragraph at lines 147--147
[]|\T1/cmr/m/n/12 L'utente de-ve es-se-re in gra-
 []


Underfull \hbox (badness 1701) in paragraph at lines 147--147
\T1/cmr/m/n/12 do di so-spen-de-re e ri-pren-de-re
 []


Underfull \hbox (badness 10000) in paragraph at lines 147--148
[]|\T1/cmr/m/n/12 UC
 []


Underfull \hbox (badness 10000) in paragraph at lines 147--148
\T1/cmr/m/n/12 1.18.1.6.2,
 []


Underfull \hbox (badness 2005) in paragraph at lines 151--151
[]|\T1/cmr/m/n/12 L'utente de-ve es-se-re in gra-do
 []


Underfull \hbox (badness 2005) in paragraph at lines 153--153
[]|\T1/cmr/m/n/12 L'utente de-ve es-se-re in gra-do
 []


Underfull \hbox (badness 10000) in paragraph at lines 153--154
[]|\T1/cmr/m/n/12 UC 1.18.2,
 []


Underfull \hbox (badness 2005) in paragraph at lines 155--155
[]|\T1/cmr/m/n/12 L'utente de-ve es-se-re in gra-do
 []


Underfull \hbox (badness 5490) in paragraph at lines 157--157
[]|\T1/cmr/m/n/12 L'utente de-ve es-se-re in gra-
 []


Underfull \hbox (badness 4403) in paragraph at lines 157--157
\T1/cmr/m/n/12 do di so-spen-de-re e riav-via-re
 []


Underfull \hbox (badness 5637) in paragraph at lines 157--158
[]|\T1/cmr/m/n/12 UC 1.18.2.3,
 []


Underfull \hbox (badness 5490) in paragraph at lines 159--159
[]|\T1/cmr/m/n/12 L'utente de-ve es-se-re in gra-
 []


Underfull \hbox (badness 5490) in paragraph at lines 163--163
[]|\T1/cmr/m/n/12 L'utente de-ve es-se-re in gra-
 []


Underfull \hbox (badness 2229) in paragraph at lines 163--163
\T1/cmr/m/n/12 do di pas-sa-re da pre-sen-ta-zio-
 []


Underfull \hbox (badness 1661) in paragraph at lines 163--163
\T1/cmr/m/n/12 ne au-to-ma-ti-ca a pre-sen-ta-zio-ne
 []


Underfull \hbox (badness 2080) in paragraph at lines 167--167
\T1/cmr/m/n/12 se-re in gra-do di pas-sa-re nel-
 []


Underfull \hbox (badness 1199) in paragraph at lines 167--167
\T1/cmr/m/n/12 la mo-da-li-t per ge-sti-re al-cu-ne
 []


Underfull \hbox (badness 10000) in paragraph at lines 169--170
[]|\T1/cmr/m/n/12 UC 1.9.1,
 []


Underfull \hbox (badness 10000) in paragraph at lines 171--172
[]|\T1/cmr/m/n/12 UC 1.9.1,
 []


Underfull \hbox (badness 10000) in paragraph at lines 173--174
[]|\T1/cmr/m/n/12 UC 1.9.4,
 []


Underfull \hbox (badness 10000) in paragraph at lines 173--174
\T1/cmr/m/n/12 1.9.4.1,
 []

File: ../../logo.jpg Graphic file (type jpg)
<use ../../logo.jpg>
Package pdftex.def Info: ../../logo.jpg used on input line 176.
(pdftex.def)             Requested size: 56.90282pt x 56.90282pt.
 [75]
File: ../../logo.jpg Graphic file (type jpg)
 <use ../../logo.jpg>
Package pdftex.def Info: ../../logo.jpg used on input line 176.
(pdftex.def)             Requested size: 56.90282pt x 56.90282pt.
 [76]
Underfull \hbox (badness 10000) in paragraph at lines 177--178
[]|\T1/cmr/m/n/12 UC 1.9.6,
 []


Underfull \hbox (badness 10000) in paragraph at lines 185--186
[]|\T1/cmr/m/n/12 UC 1.9.6.5,
 []


Underfull \hbox (badness 10000) in paragraph at lines 185--186
\T1/cmr/m/n/12 1.9.6.5.1,
 []


Underfull \hbox (badness 10000) in paragraph at lines 185--186
\T1/cmr/m/n/12 1.9.6.5.2,
 []


Underfull \hbox (badness 10000) in paragraph at lines 189--190
[]|\T1/cmr/m/n/12 UC 1.9.7,
 []

File: ../../logo.jpg Graphic file (type jpg)
<use ../../logo.jpg>
Package pdftex.def Info: ../../logo.jpg used on input line 194.
(pdftex.def)             Requested size: 56.90282pt x 56.90282pt.
 [77]
File: ../../logo.jpg Graphic file (type jpg)
 <use ../../logo.jpg>
Package pdftex.def Info: ../../logo.jpg used on input line 194.
(pdftex.def)             Requested size: 56.90282pt x 56.90282pt.
 [78])
File: ../../logo.jpg Graphic file (type jpg)
 <use ../../logo.jpg>
Package pdftex.def Info: ../../logo.jpg used on input line 3.
(pdftex.def)             Requested size: 56.90282pt x 56.90282pt.

[79] (./parti/requisitiQual.tex
Underfull \hbox (badness 2512) in paragraph at lines 17--17
\T1/cmr/m/n/12 ne esau-sti-va del-le fun-zio-na-li-t
 []


Underfull \hbox (badness 2600) in paragraph at lines 19--19
[]|\T1/cmr/m/n/12 Sar for-ni-to un tu-to-rial in-te-
 []


Underfull \hbox (badness 2941) in paragraph at lines 19--19
\T1/cmr/m/n/12 rat-ti-vo per la crea-zio-ne del-le
 []

)
File: ../../logo.jpg Graphic file (type jpg)
 <use ../../logo.jpg>
Package pdftex.def Info: ../../logo.jpg used on input line 5.
(pdftex.def)             Requested size: 56.90282pt x 56.90282pt.
 [80] (./parti/verificaRequisiti.tex
Underfull \hbox (badness 1983) in paragraph at lines 25--25
\T1/cmr/m/n/12 seg-gna-re un book-mark ad un
 []

)) 
AED: lastpage setting LastPage
File: ../../logo.jpg Graphic file (type jpg)
<use ../../logo.jpg>
Package pdftex.def Info: ../../logo.jpg used on input line 46.
(pdftex.def)             Requested size: 56.90282pt x 56.90282pt.
 [81]
Package atveryend Info: Empty hook `BeforeClearDocument' on input line 46.
Package atveryend Info: Empty hook `AfterLastShipout' on input line 46.
 (./AnalisiDeiRequisiti_v.1.0.0.aux)
Package atveryend Info: Executing hook `AtVeryEndDocument' on input line 46.
Package atveryend Info: Empty hook `AtEndAfterFileList' on input line 46.


LaTeX Warning: There were undefined references.


LaTeX Warning: There were multiply-defined labels.

 ) 
Here is how much of TeX's memory you used:
 14432 strings out of 493117
 208091 string characters out of 6135433
 392021 words of memory out of 5000000
 17007 multiletter control sequences out of 15000+600000
 15438 words of font info for 37 fonts, out of 8000000 for 9000
 1141 hyphenation exceptions out of 8191
 51i,16n,47p,821b,810s stack positions out of 5000i,500n,10000p,200000b,80000s
{/usr/local/texlive/2014/texmf-dist/fonts/enc/dvips/cm-super/cm-super-t1.enc}
</usr/local/texlive/2014/texmf-dist/fonts/type1/public/amsfonts/cm/cmsy10.pfb><
/usr/local/texlive/2014/texmf-dist/fonts/type1/public/cm-super/sfbx1200.pfb></u
sr/local/texlive/2014/texmf-dist/fonts/type1/public/cm-super/sfbx1440.pfb></usr
/local/texlive/2014/texmf-dist/fonts/type1/public/cm-super/sfbx1728.pfb></usr/l
ocal/texlive/2014/texmf-dist/fonts/type1/public/cm-super/sfbx2488.pfb></usr/loc
al/texlive/2014/texmf-dist/fonts/type1/public/cm-super/sfrm0600.pfb></usr/local
/texlive/2014/texmf-dist/fonts/type1/public/cm-super/sfrm0800.pfb></usr/local/t
exlive/2014/texmf-dist/fonts/type1/public/cm-super/sfrm1200.pfb></usr/local/tex
live/2014/texmf-dist/fonts/type1/public/cm-super/sfti1200.pfb>
Output written on AnalisiDeiRequisiti_v.1.0.0.pdf (82 pages, 1210532 bytes).
PDF statistics:
 2010 PDF objects out of 2073 (max. 8388607)
 1868 compressed objects within 19 object streams
 539 named destinations out of 1000 (max. 500000)
 1338 words of extra memory for PDF output out of 10000 (max. 10000000)

