This is pdfTeX, Version 3.1415926-2.5-1.40.14 (TeX Live 2013/Debian) (format=pdflatex 2015.4.12)  22 AUG 2015 15:14
entering extended mode
 restricted \write18 enabled.
 %&-line parsing enabled.
**SpecificaTecnica_v.3.0.0.tex
(./SpecificaTecnica_v.3.0.0.tex
LaTeX2e <2011/06/27>
Babel <3.9h> and hyphenation patterns for 8 languages loaded.
(/usr/share/texlive/texmf-dist/tex/latex/base/article.cls
Document Class: article 2007/10/19 v1.4h Standard LaTeX document class
(/usr/share/texlive/texmf-dist/tex/latex/base/size12.clo
File: size12.clo 2007/10/19 v1.4h Standard LaTeX file (size option)
)
\c@part=\count79
\c@section=\count80
\c@subsection=\count81
\c@subsubsection=\count82
\c@paragraph=\count83
\c@subparagraph=\count84
\c@figure=\count85
\c@table=\count86
\abovecaptionskip=\skip41
\belowcaptionskip=\skip42
\bibindent=\dimen102
)
(../../Template/format.sty
(/usr/share/texlive/texmf-dist/tex/latex/base/inputenc.sty
Package: inputenc 2008/03/30 v1.1d Input encoding file
\inpenc@prehook=\toks14
\inpenc@posthook=\toks15

(/usr/share/texlive/texmf-dist/tex/latex/base/utf8.def
File: utf8.def 2008/04/05 v1.1m UTF-8 support for inputenc
Now handling font encoding OML ...
... no UTF-8 mapping file for font encoding OML
Now handling font encoding T1 ...
... processing UTF-8 mapping file for font encoding T1

(/usr/share/texlive/texmf-dist/tex/latex/base/t1enc.dfu
File: t1enc.dfu 2008/04/05 v1.1m UTF-8 support for inputenc
   defining Unicode char U+00A1 (decimal 161)
   defining Unicode char U+00A3 (decimal 163)
   defining Unicode char U+00AB (decimal 171)
   defining Unicode char U+00BB (decimal 187)
   defining Unicode char U+00BF (decimal 191)
   defining Unicode char U+00C0 (decimal 192)
   defining Unicode char U+00C1 (decimal 193)
   defining Unicode char U+00C2 (decimal 194)
   defining Unicode char U+00C3 (decimal 195)
   defining Unicode char U+00C4 (decimal 196)
   defining Unicode char U+00C5 (decimal 197)
   defining Unicode char U+00C6 (decimal 198)
   defining Unicode char U+00C7 (decimal 199)
   defining Unicode char U+00C8 (decimal 200)
   defining Unicode char U+00C9 (decimal 201)
   defining Unicode char U+00CA (decimal 202)
   defining Unicode char U+00CB (decimal 203)
   defining Unicode char U+00CC (decimal 204)
   defining Unicode char U+00CD (decimal 205)
   defining Unicode char U+00CE (decimal 206)
   defining Unicode char U+00CF (decimal 207)
   defining Unicode char U+00D0 (decimal 208)
   defining Unicode char U+00D1 (decimal 209)
   defining Unicode char U+00D2 (decimal 210)
   defining Unicode char U+00D3 (decimal 211)
   defining Unicode char U+00D4 (decimal 212)
   defining Unicode char U+00D5 (decimal 213)
   defining Unicode char U+00D6 (decimal 214)
   defining Unicode char U+00D8 (decimal 216)
   defining Unicode char U+00D9 (decimal 217)
   defining Unicode char U+00DA (decimal 218)
   defining Unicode char U+00DB (decimal 219)
   defining Unicode char U+00DC (decimal 220)
   defining Unicode char U+00DD (decimal 221)
   defining Unicode char U+00DE (decimal 222)
   defining Unicode char U+00DF (decimal 223)
   defining Unicode char U+00E0 (decimal 224)
   defining Unicode char U+00E1 (decimal 225)
   defining Unicode char U+00E2 (decimal 226)
   defining Unicode char U+00E3 (decimal 227)
   defining Unicode char U+00E4 (decimal 228)
   defining Unicode char U+00E5 (decimal 229)
   defining Unicode char U+00E6 (decimal 230)
   defining Unicode char U+00E7 (decimal 231)
   defining Unicode char U+00E8 (decimal 232)
   defining Unicode char U+00E9 (decimal 233)
   defining Unicode char U+00EA (decimal 234)
   defining Unicode char U+00EB (decimal 235)
   defining Unicode char U+00EC (decimal 236)
   defining Unicode char U+00ED (decimal 237)
   defining Unicode char U+00EE (decimal 238)
   defining Unicode char U+00EF (decimal 239)
   defining Unicode char U+00F0 (decimal 240)
   defining Unicode char U+00F1 (decimal 241)
   defining Unicode char U+00F2 (decimal 242)
   defining Unicode char U+00F3 (decimal 243)
   defining Unicode char U+00F4 (decimal 244)
   defining Unicode char U+00F5 (decimal 245)
   defining Unicode char U+00F6 (decimal 246)
   defining Unicode char U+00F8 (decimal 248)
   defining Unicode char U+00F9 (decimal 249)
   defining Unicode char U+00FA (decimal 250)
   defining Unicode char U+00FB (decimal 251)
   defining Unicode char U+00FC (decimal 252)
   defining Unicode char U+00FD (decimal 253)
   defining Unicode char U+00FE (decimal 254)
   defining Unicode char U+00FF (decimal 255)
   defining Unicode char U+0102 (decimal 258)
   defining Unicode char U+0103 (decimal 259)
   defining Unicode char U+0104 (decimal 260)
   defining Unicode char U+0105 (decimal 261)
   defining Unicode char U+0106 (decimal 262)
   defining Unicode char U+0107 (decimal 263)
   defining Unicode char U+010C (decimal 268)
   defining Unicode char U+010D (decimal 269)
   defining Unicode char U+010E (decimal 270)
   defining Unicode char U+010F (decimal 271)
   defining Unicode char U+0110 (decimal 272)
   defining Unicode char U+0111 (decimal 273)
   defining Unicode char U+0118 (decimal 280)
   defining Unicode char U+0119 (decimal 281)
   defining Unicode char U+011A (decimal 282)
   defining Unicode char U+011B (decimal 283)
   defining Unicode char U+011E (decimal 286)
   defining Unicode char U+011F (decimal 287)
   defining Unicode char U+0130 (decimal 304)
   defining Unicode char U+0131 (decimal 305)
   defining Unicode char U+0132 (decimal 306)
   defining Unicode char U+0133 (decimal 307)
   defining Unicode char U+0139 (decimal 313)
   defining Unicode char U+013A (decimal 314)
   defining Unicode char U+013D (decimal 317)
   defining Unicode char U+013E (decimal 318)
   defining Unicode char U+0141 (decimal 321)
   defining Unicode char U+0142 (decimal 322)
   defining Unicode char U+0143 (decimal 323)
   defining Unicode char U+0144 (decimal 324)
   defining Unicode char U+0147 (decimal 327)
   defining Unicode char U+0148 (decimal 328)
   defining Unicode char U+014A (decimal 330)
   defining Unicode char U+014B (decimal 331)
   defining Unicode char U+0150 (decimal 336)
   defining Unicode char U+0151 (decimal 337)
   defining Unicode char U+0152 (decimal 338)
   defining Unicode char U+0153 (decimal 339)
   defining Unicode char U+0154 (decimal 340)
   defining Unicode char U+0155 (decimal 341)
   defining Unicode char U+0158 (decimal 344)
   defining Unicode char U+0159 (decimal 345)
   defining Unicode char U+015A (decimal 346)
   defining Unicode char U+015B (decimal 347)
   defining Unicode char U+015E (decimal 350)
   defining Unicode char U+015F (decimal 351)
   defining Unicode char U+0160 (decimal 352)
   defining Unicode char U+0161 (decimal 353)
   defining Unicode char U+0162 (decimal 354)
   defining Unicode char U+0163 (decimal 355)
   defining Unicode char U+0164 (decimal 356)
   defining Unicode char U+0165 (decimal 357)
   defining Unicode char U+016E (decimal 366)
   defining Unicode char U+016F (decimal 367)
   defining Unicode char U+0170 (decimal 368)
   defining Unicode char U+0171 (decimal 369)
   defining Unicode char U+0178 (decimal 376)
   defining Unicode char U+0179 (decimal 377)
   defining Unicode char U+017A (decimal 378)
   defining Unicode char U+017B (decimal 379)
   defining Unicode char U+017C (decimal 380)
   defining Unicode char U+017D (decimal 381)
   defining Unicode char U+017E (decimal 382)
   defining Unicode char U+200C (decimal 8204)
   defining Unicode char U+2013 (decimal 8211)
   defining Unicode char U+2014 (decimal 8212)
   defining Unicode char U+2018 (decimal 8216)
   defining Unicode char U+2019 (decimal 8217)
   defining Unicode char U+201A (decimal 8218)
   defining Unicode char U+201C (decimal 8220)
   defining Unicode char U+201D (decimal 8221)
   defining Unicode char U+201E (decimal 8222)
   defining Unicode char U+2030 (decimal 8240)
   defining Unicode char U+2031 (decimal 8241)
   defining Unicode char U+2039 (decimal 8249)
   defining Unicode char U+203A (decimal 8250)
   defining Unicode char U+2423 (decimal 9251)
)
Now handling font encoding OT1 ...
... processing UTF-8 mapping file for font encoding OT1

(/usr/share/texlive/texmf-dist/tex/latex/base/ot1enc.dfu
File: ot1enc.dfu 2008/04/05 v1.1m UTF-8 support for inputenc
   defining Unicode char U+00A1 (decimal 161)
   defining Unicode char U+00A3 (decimal 163)
   defining Unicode char U+00B8 (decimal 184)
   defining Unicode char U+00BF (decimal 191)
   defining Unicode char U+00C5 (decimal 197)
   defining Unicode char U+00C6 (decimal 198)
   defining Unicode char U+00D8 (decimal 216)
   defining Unicode char U+00DF (decimal 223)
   defining Unicode char U+00E6 (decimal 230)
   defining Unicode char U+00EC (decimal 236)
   defining Unicode char U+00ED (decimal 237)
   defining Unicode char U+00EE (decimal 238)
   defining Unicode char U+00EF (decimal 239)
   defining Unicode char U+00F8 (decimal 248)
   defining Unicode char U+0131 (decimal 305)
   defining Unicode char U+0141 (decimal 321)
   defining Unicode char U+0142 (decimal 322)
   defining Unicode char U+0152 (decimal 338)
   defining Unicode char U+0153 (decimal 339)
   defining Unicode char U+2013 (decimal 8211)
   defining Unicode char U+2014 (decimal 8212)
   defining Unicode char U+2018 (decimal 8216)
   defining Unicode char U+2019 (decimal 8217)
   defining Unicode char U+201C (decimal 8220)
   defining Unicode char U+201D (decimal 8221)
)
Now handling font encoding OMS ...
... processing UTF-8 mapping file for font encoding OMS

(/usr/share/texlive/texmf-dist/tex/latex/base/omsenc.dfu
File: omsenc.dfu 2008/04/05 v1.1m UTF-8 support for inputenc
   defining Unicode char U+00A7 (decimal 167)
   defining Unicode char U+00B6 (decimal 182)
   defining Unicode char U+00B7 (decimal 183)
   defining Unicode char U+2020 (decimal 8224)
   defining Unicode char U+2021 (decimal 8225)
   defining Unicode char U+2022 (decimal 8226)
)
Now handling font encoding OMX ...
... no UTF-8 mapping file for font encoding OMX
Now handling font encoding U ...
... no UTF-8 mapping file for font encoding U
   defining Unicode char U+00A9 (decimal 169)
   defining Unicode char U+00AA (decimal 170)
   defining Unicode char U+00AE (decimal 174)
   defining Unicode char U+00BA (decimal 186)
   defining Unicode char U+02C6 (decimal 710)
   defining Unicode char U+02DC (decimal 732)
   defining Unicode char U+200C (decimal 8204)
   defining Unicode char U+2026 (decimal 8230)
   defining Unicode char U+2122 (decimal 8482)
   defining Unicode char U+2423 (decimal 9251)
))
(/usr/share/texlive/texmf-dist/tex/latex/geometry/geometry.sty
Package: geometry 2010/09/12 v5.6 Page Geometry

(/usr/share/texlive/texmf-dist/tex/latex/graphics/keyval.sty
Package: keyval 1999/03/16 v1.13 key=value parser (DPC)
\KV@toks@=\toks16
)
(/usr/share/texlive/texmf-dist/tex/generic/oberdiek/ifpdf.sty
Package: ifpdf 2011/01/30 v2.3 Provides the ifpdf switch (HO)
Package ifpdf Info: pdfTeX in PDF mode is detected.
)
(/usr/share/texlive/texmf-dist/tex/generic/oberdiek/ifvtex.sty
Package: ifvtex 2010/03/01 v1.5 Detect VTeX and its facilities (HO)
Package ifvtex Info: VTeX not detected.
)
(/usr/share/texlive/texmf-dist/tex/generic/ifxetex/ifxetex.sty
Package: ifxetex 2010/09/12 v0.6 Provides ifxetex conditional
)
\Gm@cnth=\count87
\Gm@cntv=\count88
\c@Gm@tempcnt=\count89
\Gm@bindingoffset=\dimen103
\Gm@wd@mp=\dimen104
\Gm@odd@mp=\dimen105
\Gm@even@mp=\dimen106
\Gm@layoutwidth=\dimen107
\Gm@layoutheight=\dimen108
\Gm@layouthoffset=\dimen109
\Gm@layoutvoffset=\dimen110
\Gm@dimlist=\toks17
)
(/usr/share/texlive/texmf-dist/tex/generic/babel/babel.sty
Package: babel 2013/12/03 3.9h The Babel package

(/usr/share/texlive/texmf-dist/tex/generic/babel-italian/italian.ldf
Language: italian 2013/11/22 v1.3f Italian support from the babel system

(/usr/share/texlive/texmf-dist/tex/generic/babel/babel.def
File: babel.def 2013/12/03 3.9h Babel common definitions
\babel@savecnt=\count90
\U@D=\dimen111
)
\it@lettering=\count91
Package babel Info: Making " an active character on input line 98.
\Virgola=\count92
))
(/usr/share/texmf/tex/latex/etoolbox/etoolbox.sty
Package: etoolbox 2011/01/03 v2.1 e-TeX tools for LaTeX

(/usr/share/texlive/texmf-dist/tex/latex/etex-pkg/etex.sty
Package: etex 1998/03/26 v2.0 eTeX basic definition package (PEB)
\et@xins=\count93
)
\etb@tempcnta=\count94
)
(/usr/share/texlive/texmf-dist/tex/latex/csquotes/csquotes.sty
Package: csquotes 2011/10/22 v5.1d context-sensitive quotations
\csq@reset=\count95
\csq@gtype=\count96
\csq@glevel=\count97
\csq@qlevel=\count98
\csq@maxlvl=\count99
\csq@tshold=\count100
\csq@ltx@everypar=\toks18

(/usr/share/texlive/texmf-dist/tex/latex/csquotes/csquotes.def
File: csquotes.def 2011/10/22 v5.1d csquotes generic definitions
)
Package csquotes Info: Trying to load configuration file 'csquotes.cfg'...
Package csquotes Info: ... configuration file loaded successfully.

(/usr/share/texlive/texmf-dist/tex/latex/csquotes/csquotes.cfg
File: csquotes.cfg 
)
Package csquotes Info: Option 'babel' depreciated.
(csquotes)             Using 'autostyle'.
Package csquotes Info: Enabling multilingual quotes.
)
(/usr/share/texlive/texmf-dist/tex/latex/base/fontenc.sty
Package: fontenc 2005/09/27 v1.99g Standard LaTeX package

(/usr/share/texlive/texmf-dist/tex/latex/base/t1enc.def
File: t1enc.def 2005/09/27 v1.99g Standard LaTeX file
LaTeX Font Info:    Redeclaring font encoding T1 on input line 43.
))
(/usr/share/texlive/texmf-dist/tex/latex/tools/tabularx.sty
Package: tabularx 1999/01/07 v2.07 `tabularx' package (DPC)

(/usr/share/texlive/texmf-dist/tex/latex/tools/array.sty
Package: array 2008/09/09 v2.4c Tabular extension package (FMi)
\col@sep=\dimen112
\extrarowheight=\dimen113
\NC@list=\toks19
\extratabsurround=\skip43
\backup@length=\skip44
)
\TX@col@width=\dimen114
\TX@old@table=\dimen115
\TX@old@col=\dimen116
\TX@target=\dimen117
\TX@delta=\dimen118
\TX@cols=\count101
\TX@ftn=\toks20
)
(/usr/share/texlive/texmf-dist/tex/latex/url/url.sty
\Urlmuskip=\muskip10
Package: url 2013/09/16  ver 3.4  Verb mode for urls, etc.
)
(/usr/share/texlive/texmf-dist/tex/latex/graphics/graphicx.sty
Package: graphicx 1999/02/16 v1.0f Enhanced LaTeX Graphics (DPC,SPQR)

(/usr/share/texlive/texmf-dist/tex/latex/graphics/graphics.sty
Package: graphics 2009/02/05 v1.0o Standard LaTeX Graphics (DPC,SPQR)

(/usr/share/texlive/texmf-dist/tex/latex/graphics/trig.sty
Package: trig 1999/03/16 v1.09 sin cos tan (DPC)
)
(/usr/share/texlive/texmf-dist/tex/latex/latexconfig/graphics.cfg
File: graphics.cfg 2010/04/23 v1.9 graphics configuration of TeX Live
)
Package graphics Info: Driver file: pdftex.def on input line 91.

(/usr/share/texlive/texmf-dist/tex/latex/pdftex-def/pdftex.def
File: pdftex.def 2011/05/27 v0.06d Graphics/color for pdfTeX

(/usr/share/texlive/texmf-dist/tex/generic/oberdiek/infwarerr.sty
Package: infwarerr 2010/04/08 v1.3 Providing info/warning/error messages (HO)
)
(/usr/share/texlive/texmf-dist/tex/generic/oberdiek/ltxcmds.sty
Package: ltxcmds 2011/11/09 v1.22 LaTeX kernel commands for general use (HO)
)
\Gread@gobject=\count102
))
\Gin@req@height=\dimen119
\Gin@req@width=\dimen120
)
(/usr/share/texlive/texmf-dist/tex/latex/hyperref/hyperref.sty
Package: hyperref 2012/11/06 v6.83m Hypertext links for LaTeX

(/usr/share/texlive/texmf-dist/tex/generic/oberdiek/hobsub-hyperref.sty
Package: hobsub-hyperref 2012/05/28 v1.13 Bundle oberdiek, subset hyperref (HO)


(/usr/share/texlive/texmf-dist/tex/generic/oberdiek/hobsub-generic.sty
Package: hobsub-generic 2012/05/28 v1.13 Bundle oberdiek, subset generic (HO)
Package: hobsub 2012/05/28 v1.13 Construct package bundles (HO)
Package hobsub Info: Skipping package `infwarerr' (already loaded).
Package hobsub Info: Skipping package `ltxcmds' (already loaded).
Package: ifluatex 2010/03/01 v1.3 Provides the ifluatex switch (HO)
Package ifluatex Info: LuaTeX not detected.
Package hobsub Info: Skipping package `ifvtex' (already loaded).
Package: intcalc 2007/09/27 v1.1 Expandable calculations with integers (HO)
Package hobsub Info: Skipping package `ifpdf' (already loaded).
Package: etexcmds 2011/02/16 v1.5 Avoid name clashes with e-TeX commands (HO)
Package etexcmds Info: Could not find \expanded.
(etexcmds)             That can mean that you are not using pdfTeX 1.50 or
(etexcmds)             that some package has redefined \expanded.
(etexcmds)             In the latter case, load this package earlier.
Package: kvsetkeys 2012/04/25 v1.16 Key value parser (HO)
Package: kvdefinekeys 2011/04/07 v1.3 Define keys (HO)
Package: pdftexcmds 2011/11/29 v0.20 Utility functions of pdfTeX for LuaTeX (HO
)
Package pdftexcmds Info: LuaTeX not detected.
Package pdftexcmds Info: \pdf@primitive is available.
Package pdftexcmds Info: \pdf@ifprimitive is available.
Package pdftexcmds Info: \pdfdraftmode found.
Package: pdfescape 2011/11/25 v1.13 Implements pdfTeX's escape features (HO)
Package: bigintcalc 2012/04/08 v1.3 Expandable calculations on big integers (HO
)
Package: bitset 2011/01/30 v1.1 Handle bit-vector datatype (HO)
Package: uniquecounter 2011/01/30 v1.2 Provide unlimited unique counter (HO)
)
Package hobsub Info: Skipping package `hobsub' (already loaded).
Package: letltxmacro 2010/09/02 v1.4 Let assignment for LaTeX macros (HO)
Package: hopatch 2012/05/28 v1.2 Wrapper for package hooks (HO)
Package: xcolor-patch 2011/01/30 xcolor patch
Package: atveryend 2011/06/30 v1.8 Hooks at the very end of document (HO)
Package: atbegshi 2011/10/05 v1.16 At begin shipout hook (HO)
Package: refcount 2011/10/16 v3.4 Data extraction from label references (HO)
Package: hycolor 2011/01/30 v1.7 Color options for hyperref/bookmark (HO)
)
(/usr/share/texlive/texmf-dist/tex/latex/oberdiek/auxhook.sty
Package: auxhook 2011/03/04 v1.3 Hooks for auxiliary files (HO)
)
(/usr/share/texlive/texmf-dist/tex/latex/oberdiek/kvoptions.sty
Package: kvoptions 2011/06/30 v3.11 Key value format for package options (HO)
)
\@linkdim=\dimen121
\Hy@linkcounter=\count103
\Hy@pagecounter=\count104

(/usr/share/texlive/texmf-dist/tex/latex/hyperref/pd1enc.def
File: pd1enc.def 2012/11/06 v6.83m Hyperref: PDFDocEncoding definition (HO)
Now handling font encoding PD1 ...
... no UTF-8 mapping file for font encoding PD1
)
\Hy@SavedSpaceFactor=\count105

(/usr/share/texlive/texmf-dist/tex/latex/latexconfig/hyperref.cfg
File: hyperref.cfg 2002/06/06 v1.2 hyperref configuration of TeXLive
)
Package hyperref Info: Option `colorlinks' set `true' on input line 4319.
Package hyperref Info: Hyper figures OFF on input line 4443.
Package hyperref Info: Link nesting OFF on input line 4448.
Package hyperref Info: Hyper index ON on input line 4451.
Package hyperref Info: Plain pages OFF on input line 4458.
Package hyperref Info: Backreferencing OFF on input line 4463.
Package hyperref Info: Implicit mode ON; LaTeX internals redefined.
Package hyperref Info: Bookmarks ON on input line 4688.
\c@Hy@tempcnt=\count106
LaTeX Info: Redefining \url on input line 5041.
\XeTeXLinkMargin=\dimen122
\Fld@menulength=\count107
\Field@Width=\dimen123
\Fld@charsize=\dimen124
Package hyperref Info: Hyper figures OFF on input line 6295.
Package hyperref Info: Link nesting OFF on input line 6300.
Package hyperref Info: Hyper index ON on input line 6303.
Package hyperref Info: backreferencing OFF on input line 6310.
Package hyperref Info: Link coloring ON on input line 6313.
Package hyperref Info: Link coloring with OCG OFF on input line 6320.
Package hyperref Info: PDF/A mode OFF on input line 6325.
LaTeX Info: Redefining \ref on input line 6365.
LaTeX Info: Redefining \pageref on input line 6369.
\Hy@abspage=\count108
\c@Item=\count109
\c@Hfootnote=\count110
)

Package hyperref Message: Driver (autodetected): hpdftex.

(/usr/share/texlive/texmf-dist/tex/latex/hyperref/hpdftex.def
File: hpdftex.def 2012/11/06 v6.83m Hyperref driver for pdfTeX
\Fld@listcount=\count111
\c@bookmark@seq@number=\count112

(/usr/share/texlive/texmf-dist/tex/latex/oberdiek/rerunfilecheck.sty
Package: rerunfilecheck 2011/04/15 v1.7 Rerun checks for auxiliary files (HO)
Package uniquecounter Info: New unique counter `rerunfilecheck' on input line 2
82.
)
\Hy@SectionHShift=\skip45
)
(/usr/share/texlive/texmf-dist/tex/latex/lastpage/lastpage.sty
Package: lastpage 2013/01/28 v1.2l Refers to last page's name (HMM; JPG)
)
(/usr/share/texlive/texmf-dist/tex/latex/fancyhdr/fancyhdr.sty
\fancy@headwidth=\skip46
\f@ncyO@elh=\skip47
\f@ncyO@erh=\skip48
\f@ncyO@olh=\skip49
\f@ncyO@orh=\skip50
\f@ncyO@elf=\skip51
\f@ncyO@erf=\skip52
\f@ncyO@olf=\skip53
\f@ncyO@orf=\skip54
)
(/usr/share/texlive/texmf-dist/tex/latex/listings/listings.sty
\lst@mode=\count113
\lst@gtempboxa=\box26
\lst@token=\toks21
\lst@length=\count114
\lst@currlwidth=\dimen125
\lst@column=\count115
\lst@pos=\count116
\lst@lostspace=\dimen126
\lst@width=\dimen127
\lst@newlines=\count117
\lst@lineno=\count118
\lst@maxwidth=\dimen128

(/usr/share/texlive/texmf-dist/tex/latex/listings/lstmisc.sty
File: lstmisc.sty 2013/08/26 1.5b (Carsten Heinz)
\c@lstnumber=\count119
\lst@skipnumbers=\count120
\lst@framebox=\box27
)
(/usr/share/texlive/texmf-dist/tex/latex/listings/listings.cfg
File: listings.cfg 2013/08/26 1.5b listings configuration
))
Package: listings 2013/08/26 1.5b (Carsten Heinz)

(/usr/share/texlive/texmf-dist/tex/latex/graphics/color.sty
Package: color 2005/11/14 v1.0j Standard LaTeX Color (DPC)

(/usr/share/texlive/texmf-dist/tex/latex/latexconfig/color.cfg
File: color.cfg 2007/01/18 v1.5 color configuration of teTeX/TeXLive
)
Package color Info: Driver file: pdftex.def on input line 130.
)
(/usr/share/texmf/tex/latex/xcolor/xcolor.sty
Package: xcolor 2007/01/21 v2.11 LaTeX color extensions (UK)

(/usr/share/texlive/texmf-dist/tex/latex/latexconfig/color.cfg
File: color.cfg 2007/01/18 v1.5 color configuration of teTeX/TeXLive
)
Package xcolor Info: Driver file: pdftex.def on input line 225.

(/usr/share/texlive/texmf-dist/tex/latex/colortbl/colortbl.sty
Package: colortbl 2012/02/13 v1.0a Color table columns (DPC)
\everycr=\toks22
\minrowclearance=\skip55
)
LaTeX Info: Redefining \color on input line 702.
\rownum=\count121
Package xcolor Info: Model `cmy' substituted by `cmy0' on input line 1337.
Package xcolor Info: Model `hsb' substituted by `rgb' on input line 1341.
Package xcolor Info: Model `RGB' extended on input line 1353.
Package xcolor Info: Model `HTML' substituted by `rgb' on input line 1355.
Package xcolor Info: Model `Hsb' substituted by `hsb' on input line 1356.
Package xcolor Info: Model `tHsb' substituted by `hsb' on input line 1357.
Package xcolor Info: Model `HSB' substituted by `hsb' on input line 1358.
Package xcolor Info: Model `Gray' substituted by `gray' on input line 1359.
Package xcolor Info: Model `wave' substituted by `hsb' on input line 1360.
)
(/usr/share/texlive/texmf-dist/tex/latex/booktabs/booktabs.sty
Package: booktabs 2005/04/14 v1.61803 publication quality tables
\heavyrulewidth=\dimen129
\lightrulewidth=\dimen130
\cmidrulewidth=\dimen131
\belowrulesep=\dimen132
\belowbottomsep=\dimen133
\aboverulesep=\dimen134
\abovetopsep=\dimen135
\cmidrulesep=\dimen136
\cmidrulekern=\dimen137
\defaultaddspace=\dimen138
\@cmidla=\count122
\@cmidlb=\count123
\@aboverulesep=\dimen139
\@belowrulesep=\dimen140
\@thisruleclass=\count124
\@lastruleclass=\count125
\@thisrulewidth=\dimen141
)
(/usr/share/texlive/texmf-dist/tex/latex/base/makeidx.sty
Package: makeidx 2000/03/29 v1.0m Standard LaTeX package
)
(/usr/share/texlive/texmf-dist/tex/latex/tools/longtable.sty
Package: longtable 2004/02/01 v4.11 Multi-page Table package (DPC)
\LTleft=\skip56
\LTright=\skip57
\LTpre=\skip58
\LTpost=\skip59
\LTchunksize=\count126
\LTcapwidth=\dimen142
\LT@head=\box28
\LT@firsthead=\box29
\LT@foot=\box30
\LT@lastfoot=\box31
\LT@cols=\count127
\LT@rows=\count128
\c@LT@tables=\count129
\c@LT@chunks=\count130
\LT@p@ftn=\toks23
)
(/usr/share/texlive/texmf-dist/tex/latex/multirow/multirow.sty
\bigstrutjot=\dimen143
)
(/usr/share/texlive/texmf-dist/tex/latex/tabu/tabu.sty
Package: tabu 2011/02/26 v2.8 - flexible LaTeX tabulars (FC)

(/usr/share/texlive/texmf-dist/tex/latex/varwidth/varwidth.sty
Package: varwidth 2009/03/30 ver 0.92;  Variable-width minipages
\@vwid@box=\box32
\sift@deathcycles=\count131
\@vwid@loff=\dimen144
\@vwid@roff=\dimen145
)
\c@taburow=\count132
\tabu@nbcols=\count133
\tabu@cnt=\count134
\tabu@Xcol=\count135
\tabu@alloc=\count136
\tabu@nested=\count137
\tabu@target=\dimen146
\tabu@spreadtarget=\dimen147
\tabu@naturalX=\dimen148
\tabucolX=\dimen149
\tabu@Xsum=\dimen150
\extrarowdepth=\dimen151
\abovetabulinesep=\dimen152
\belowtabulinesep=\dimen153
\tabustrutrule=\dimen154
\tabu@thebody=\toks24
\tabu@footnotes=\toks25
\tabu@box=\box33
\tabu@arstrutbox=\box34
\tabu@hleads=\box35
\tabu@vleads=\box36
\tabu@cellskip=\skip60
)
(/usr/share/texlive/texmf-dist/tex/latex/tools/xr.sty
Package: xr 1994/05/28 v5.02 eXternal References (DPC)
)
(/usr/share/texlive/texmf-dist/tex/latex/titlesec/titlesec.sty
Package: titlesec 2011/12/15 v2.10.0 Sectioning titles
\ttl@box=\box37
\beforetitleunit=\skip61
\aftertitleunit=\skip62
\ttl@plus=\dimen155
\ttl@minus=\dimen156
\ttl@toksa=\toks26
\titlewidth=\dimen157
\titlewidthlast=\dimen158
\titlewidthfirst=\dimen159
)
(/usr/share/texlive/texmf-dist/tex/latex/oberdiek/bookmark.sty
Package: bookmark 2011/12/02 v1.24 PDF bookmarks (HO)

(/usr/share/texlive/texmf-dist/tex/latex/oberdiek/bkm-pdftex.def
File: bkm-pdftex.def 2011/12/02 v1.24 bookmark driver for pdfTeX (HO)
\BKM@id=\count138
))
(/usr/share/texlive/texmf-dist/tex/latex/float/float.sty
Package: float 2001/11/08 v1.3d Float enhancements (AL)
\c@float@type=\count139
\float@exts=\toks27
\float@box=\box38
\@float@everytoks=\toks28
\@floatcapt=\box39
)
(/usr/share/texlive/texmf-dist/tex/latex/subfig/subfig.sty
Package: subfig 2005/06/28 ver: 1.3 subfig package

(/usr/share/texlive/texmf-dist/tex/latex/caption/caption.sty
Package: caption 2013/05/02 v3.3-89 Customizing captions (AR)

(/usr/share/texlive/texmf-dist/tex/latex/caption/caption3.sty
Package: caption3 2013/05/02 v1.6-88 caption3 kernel (AR)
Package caption3 Info: TeX engine: e-TeX on input line 57.
\captionmargin=\dimen160
\captionmargin@=\dimen161
\captionwidth=\dimen162
\caption@tempdima=\dimen163
\caption@indent=\dimen164
\caption@parindent=\dimen165
\caption@hangindent=\dimen166
)
\c@ContinuedFloat=\count140
Package caption Info: float package is loaded.
Package caption Info: hyperref package is loaded.
Package caption Info: listings package is loaded.
Package caption Info: longtable package is loaded.

(/usr/share/texlive/texmf-dist/tex/latex/caption/ltcaption.sty
Package: ltcaption 2013/02/03 v1.3-62 longtable captions (AR)
))
\c@KVtest=\count141
\sf@farskip=\skip63
\sf@captopadj=\dimen167
\sf@capskip=\skip64
\sf@nearskip=\skip65
\c@subfigure=\count142
\c@subfigure@save=\count143
\c@lofdepth=\count144
\c@subtable=\count145
\c@subtable@save=\count146
\c@lotdepth=\count147
\sf@top=\skip66
\sf@bottom=\skip67
)
(/usr/share/texlive/texmf-dist/tex/latex/yfonts/yfonts.sty
Package: yfonts 2003/01/08 v1.3 (WaS)
Now handling font encoding LY ...
... no UTF-8 mapping file for font encoding LY
Now handling font encoding LYG ...
... no UTF-8 mapping file for font encoding LYG
)
(/usr/share/texlive/texmf-dist/tex/latex/eurosym/eurosym.sty
Package: eurosym 1998/08/06 v1.1 European currency symbol ``Euro''
\@eurobox=\box40
)
(/usr/share/texlive/texmf-dist/tex/latex/oberdiek/pdflscape.sty
Package: pdflscape 2008/08/11 v0.10 Display of landscape pages in PDF (HO)

(/usr/share/texlive/texmf-dist/tex/latex/graphics/lscape.sty
Package: lscape 2000/10/22 v3.01 Landscape Pages (DPC)
)
Package pdflscape Info: Auto-detected driver: pdftex on input line 80.
)
(/usr/share/texlive/texmf-dist/tex/latex/mh/mathtools.sty
Package: mathtools 2013/02/12 v1.13 mathematical typesetting tools

(/usr/share/texlive/texmf-dist/tex/latex/tools/calc.sty
Package: calc 2007/08/22 v4.3 Infix arithmetic (KKT,FJ)
\calc@Acount=\count148
\calc@Bcount=\count149
\calc@Adimen=\dimen168
\calc@Bdimen=\dimen169
\calc@Askip=\skip68
\calc@Bskip=\skip69
LaTeX Info: Redefining \setlength on input line 76.
LaTeX Info: Redefining \addtolength on input line 77.
\calc@Ccount=\count150
\calc@Cskip=\skip70
)
(/usr/share/texlive/texmf-dist/tex/latex/mh/mhsetup.sty
Package: mhsetup 2010/01/21 v1.2a programming setup (MH)
)
(/usr/share/texlive/texmf-dist/tex/latex/amsmath/amsmath.sty
Package: amsmath 2013/01/14 v2.14 AMS math features
\@mathmargin=\skip71

For additional information on amsmath, use the `?' option.
(/usr/share/texlive/texmf-dist/tex/latex/amsmath/amstext.sty
Package: amstext 2000/06/29 v2.01

(/usr/share/texlive/texmf-dist/tex/latex/amsmath/amsgen.sty
File: amsgen.sty 1999/11/30 v2.0
\@emptytoks=\toks29
\ex@=\dimen170
))
(/usr/share/texlive/texmf-dist/tex/latex/amsmath/amsbsy.sty
Package: amsbsy 1999/11/29 v1.2d
\pmbraise@=\dimen171
)
(/usr/share/texlive/texmf-dist/tex/latex/amsmath/amsopn.sty
Package: amsopn 1999/12/14 v2.01 operator names
)
\inf@bad=\count151
LaTeX Info: Redefining \frac on input line 210.
\uproot@=\count152
\leftroot@=\count153
LaTeX Info: Redefining \overline on input line 306.
\classnum@=\count154
\DOTSCASE@=\count155
LaTeX Info: Redefining \ldots on input line 378.
LaTeX Info: Redefining \dots on input line 381.
LaTeX Info: Redefining \cdots on input line 466.
\Mathstrutbox@=\box41
\strutbox@=\box42
\big@size=\dimen172
LaTeX Font Info:    Redeclaring font encoding OML on input line 566.
LaTeX Font Info:    Redeclaring font encoding OMS on input line 567.
\macc@depth=\count156
\c@MaxMatrixCols=\count157
\dotsspace@=\muskip11
\c@parentequation=\count158
\dspbrk@lvl=\count159
\tag@help=\toks30
\row@=\count160
\column@=\count161
\maxfields@=\count162
\andhelp@=\toks31
\eqnshift@=\dimen173
\alignsep@=\dimen174
\tagshift@=\dimen175
\tagwidth@=\dimen176
\totwidth@=\dimen177
\lineht@=\dimen178
\@envbody=\toks32
\multlinegap=\skip72
\multlinetaggap=\skip73
\mathdisplay@stack=\toks33
LaTeX Info: Redefining \[ on input line 2665.
LaTeX Info: Redefining \] on input line 2666.
)
LaTeX Info: Thecontrolsequence`\['isalreadyrobust on input line 129.
LaTeX Info: Thecontrolsequence`\]'isalreadyrobust on input line 129.
\g_MT_multlinerow_int=\count163
\l_MT_multwidth_dim=\dimen179
\origjot=\skip74
\l_MT_shortvdotswithinadjustabove_dim=\dimen180
\l_MT_shortvdotswithinadjustbelow_dim=\dimen181
\l_MT_above_intertext_sep=\dimen182
\l_MT_below_intertext_sep=\dimen183
\l_MT_above_shortintertext_sep=\dimen184
\l_MT_below_shortintertext_sep=\dimen185
)
(/usr/share/texlive/texmf-dist/tex/latex/appendix/appendix.sty
Package: appendix 2009/09/02 v1.2b extra appendix facilities
\c@@pps=\count164
\c@@ppsavesec=\count165
\c@@ppsaveapp=\count166
)
(/usr/share/texlive/texmf-dist/tex/latex/listings/lstlang1.sty
File: lstlang1.sty 2013/08/26 1.5b listings language file
)
Package hyperref Info: Option `colorlinks' set `true' on input line 125.
\c@subsubsubsection=\count167

(/usr/share/texlive/texmf-dist/tex/latex/listings/lstlang1.sty
File: lstlang1.sty 2013/08/26 1.5b listings language file
)
(/usr/share/texlive/texmf-dist/tex/latex/listings/lstlang1.sty
File: lstlang1.sty 2013/08/26 1.5b listings language file
)
(/usr/share/texlive/texmf-dist/tex/latex/listings/lstmisc.sty
File: lstmisc.sty 2013/08/26 1.5b (Carsten Heinz)
))
Package csquotes Info: Checking for multilingual support...
Package csquotes Info: ... found 'babel' package.

(./SpecificaTecnica_v.3.0.0.aux)
\openout1 = `SpecificaTecnica_v.3.0.0.aux'.

LaTeX Font Info:    Checking defaults for OML/cmm/m/it on input line 36.
LaTeX Font Info:    ... okay on input line 36.
LaTeX Font Info:    Checking defaults for T1/cmr/m/n on input line 36.
LaTeX Font Info:    ... okay on input line 36.
LaTeX Font Info:    Checking defaults for OT1/cmr/m/n on input line 36.
LaTeX Font Info:    ... okay on input line 36.
LaTeX Font Info:    Checking defaults for OMS/cmsy/m/n on input line 36.
LaTeX Font Info:    ... okay on input line 36.
LaTeX Font Info:    Checking defaults for OMX/cmex/m/n on input line 36.
LaTeX Font Info:    ... okay on input line 36.
LaTeX Font Info:    Checking defaults for U/cmr/m/n on input line 36.
LaTeX Font Info:    ... okay on input line 36.
LaTeX Font Info:    Checking defaults for PD1/pdf/m/n on input line 36.
LaTeX Font Info:    ... okay on input line 36.
LaTeX Font Info:    Checking defaults for LY/yfrak/m/n on input line 36.
LaTeX Font Info:    ... okay on input line 36.
LaTeX Font Info:    Checking defaults for LYG/ygoth/m/n on input line 36.
LaTeX Font Info:    ... okay on input line 36.

*geometry* driver: auto-detecting
*geometry* detected driver: pdftex
*geometry* verbose mode - [ preamble ] result:
* driver: pdftex
* paper: a4paper
* layout: <same size as paper>
* layoutoffset:(h,v)=(0.0pt,0.0pt)
* modes: 
* h-part:(L,W,R)=(56.9055pt, 483.69687pt, 56.9055pt)
* v-part:(T,H,B)=(56.9055pt, 674.33032pt, 113.81102pt)
* \paperwidth=597.50787pt
* \paperheight=845.04684pt
* \textwidth=483.69687pt
* \textheight=674.33032pt
* \oddsidemargin=-15.36449pt
* \evensidemargin=-15.36449pt
* \topmargin=-52.36449pt
* \headheight=71.13188pt
* \headsep=25.0pt
* \topskip=12.0pt
* \footskip=30.0pt
* \marginparwidth=35.0pt
* \marginparsep=10.0pt
* \columnsep=10.0pt
* \skip\footins=10.8pt plus 4.0pt minus 2.0pt
* \hoffset=0.0pt
* \voffset=0.0pt
* \mag=1000
* \@twocolumnfalse
* \@twosidefalse
* \@mparswitchfalse
* \@reversemarginfalse
* (1in=72.27pt=25.4mm, 1cm=28.453pt)

LaTeX Info: Redefining \it@ocap on input line 36.
LaTeX Info: Redefining \it@ccap on input line 36.
(/usr/share/texlive/texmf-dist/tex/context/base/supp-pdf.mkii
[Loading MPS to PDF converter (version 2006.09.02).]
\scratchcounter=\count168
\scratchdimen=\dimen186
\scratchbox=\box43
\nofMPsegments=\count169
\nofMParguments=\count170
\everyMPshowfont=\toks34
\MPscratchCnt=\count171
\MPscratchDim=\dimen187
\MPnumerator=\count172
\makeMPintoPDFobject=\count173
\everyMPtoPDFconversion=\toks35
) (/usr/share/texlive/texmf-dist/tex/latex/oberdiek/epstopdf-base.sty
Package: epstopdf-base 2010/02/09 v2.5 Base part for package epstopdf

(/usr/share/texlive/texmf-dist/tex/latex/oberdiek/grfext.sty
Package: grfext 2010/08/19 v1.1 Manage graphics extensions (HO)
)
Package grfext Info: Graphics extension search list:
(grfext)             [.png,.pdf,.jpg,.mps,.jpeg,.jbig2,.jb2,.PNG,.PDF,.JPG,.JPE
G,.JBIG2,.JB2,.eps]
(grfext)             \AppendGraphicsExtensions on input line 452.

(/usr/share/texlive/texmf-dist/tex/latex/latexconfig/epstopdf-sys.cfg
File: epstopdf-sys.cfg 2010/07/13 v1.3 Configuration of (r)epstopdf for TeX Liv
e
))
\AtBeginShipoutBox=\box44
Package hyperref Info: Link coloring ON on input line 36.

(/usr/share/texlive/texmf-dist/tex/latex/hyperref/nameref.sty
Package: nameref 2012/10/27 v2.43 Cross-referencing by name of section

(/usr/share/texlive/texmf-dist/tex/generic/oberdiek/gettitlestring.sty
Package: gettitlestring 2010/12/03 v1.4 Cleanup title references (HO)
)
\c@section@level=\count174
)
LaTeX Info: Redefining \ref on input line 36.
LaTeX Info: Redefining \pageref on input line 36.
LaTeX Info: Redefining \nameref on input line 36.
Package lastpage Info: Please have a look at the pageslts package at
(lastpage)             http://www.ctan.org/tex-archive/ 
(lastpage)             macros/latex/contrib/pageslts/ 
(lastpage)             or
(lastpage)             http://www.ctan.org/tex-archive/ 
(lastpage)             install/macros/latex/contrib/pageslts.tds.zip
(lastpage)             ! on input line 36.
\c@lstlisting=\count175
Package caption Info: Begin \AtBeginDocument code.
Package caption Info: subfig package v1.3 is loaded.
Package caption Info: End \AtBeginDocument code.

(../../Template/firstpage.tex <../../logo.jpg, id=4, 572.1375pt x 572.1375pt>
File: ../../logo.jpg Graphic file (type jpg)

<use ../../logo.jpg>
Package pdftex.def Info: ../../logo.jpg used on input line 22.
(pdftex.def)             Requested size: 227.62pt x 227.62pt.

Overfull \hbox (5.58376pt too wide) in paragraph at lines 29--46
 [] 
 []

[1

{/var/lib/texmf/fonts/map/pdftex/updmap/pdftex.map} <../../logo.jpg>])
(./parti/registroMod.tex
Underfull \hbox (badness 10000) in paragraph at lines 1--3

 []

File: ../../logo.jpg Graphic file (type jpg)
<use ../../logo.jpg>
Package pdftex.def Info: ../../logo.jpg used on input line 52.
(pdftex.def)             Requested size: 56.90282pt x 56.90282pt.
pdfTeX warning (ext4): destination with the same identifier (name{page.1}) has 
been already used, duplicate ignored
<to be read again> 
                   \relax 
l.52 \end{longtable}
                     [1]
File: ../../logo.jpg Graphic file (type jpg)
 <use ../../logo.jpg>
Package pdftex.def Info: ../../logo.jpg used on input line 54.
(pdftex.def)             Requested size: 56.90282pt x 56.90282pt.
 [2]
Underfull \hbox (badness 10000) in paragraph at lines 55--57

 []


Underfull \hbox (badness 10000) in paragraph at lines 55--57

 []

)
File: ../../logo.jpg Graphic file (type jpg)
 <use ../../logo.jpg>
Package pdftex.def Info: ../../logo.jpg used on input line 40.
(pdftex.def)             Requested size: 56.90282pt x 56.90282pt.
 [3] (./SpecificaTecnica_v.3.0.0.toc
File: ../../logo.jpg Graphic file (type jpg)

<use ../../logo.jpg>
Package pdftex.def Info: ../../logo.jpg used on input line 44.
(pdftex.def)             Requested size: 56.90282pt x 56.90282pt.
 [4]
File: ../../logo.jpg Graphic file (type jpg)
 <use ../../logo.jpg>
Package pdftex.def Info: ../../logo.jpg used on input line 90.
(pdftex.def)             Requested size: 56.90282pt x 56.90282pt.
 [5])
\tf@toc=\write3
\openout3 = `SpecificaTecnica_v.3.0.0.toc'.

File: ../../logo.jpg Graphic file (type jpg)
 <use ../../logo.jpg>
Package pdftex.def Info: ../../logo.jpg used on input line 42.
(pdftex.def)             Requested size: 56.90282pt x 56.90282pt.

[6] (./SpecificaTecnica_v.3.0.0.lof)
\tf@lof=\write4
\openout4 = `SpecificaTecnica_v.3.0.0.lof'.

 (./SpecificaTecnica_v.3.0.0.lot)
\tf@lot=\write5
\openout5 = `SpecificaTecnica_v.3.0.0.lot'.

File: ../../logo.jpg Graphic file (type jpg)

<use ../../logo.jpg>
Package pdftex.def Info: ../../logo.jpg used on input line 45.
(pdftex.def)             Requested size: 56.90282pt x 56.90282pt.
 [7] (../../Template/sommario.tex)
File: ../../logo.jpg Graphic file (type jpg)
 <use ../../logo.jpg>
Package pdftex.def Info: ../../logo.jpg used on input line 47.
(pdftex.def)             Requested size: 56.90282pt x 56.90282pt.

[8] (./parti/introduzione.tex
LaTeX Font Info:    Try loading font information for OMS+cmr on input line 13.

(/usr/share/texlive/texmf-dist/tex/latex/base/omscmr.fd
File: omscmr.fd 1999/05/25 v2.5h Standard LaTeX font definitions
)
LaTeX Font Info:    Font shape `OMS/cmr/m/n' in size <12> not available
(Font)              Font shape `OMS/cmsy/m/n' tried instead on input line 13.
LaTeX Font Info:    Try loading font information for T1+cmtt on input line 14.

(/usr/share/texlive/texmf-dist/tex/latex/base/t1cmtt.fd
File: t1cmtt.fd 1999/05/25 v2.5h Standard LaTeX font definitions
)
File: ../../logo.jpg Graphic file (type jpg)
 <use ../../logo.jpg>
Package pdftex.def Info: ../../logo.jpg used on input line 30.
(pdftex.def)             Requested size: 56.90282pt x 56.90282pt.

[9])
File: ../../logo.jpg Graphic file (type jpg)
 <use ../../logo.jpg>
Package pdftex.def Info: ../../logo.jpg used on input line 49.
(pdftex.def)             Requested size: 56.90282pt x 56.90282pt.
 [10] (./parti/strumenti.tex
File: ../../logo.jpg Graphic file (type jpg)
 <use ../../logo.jpg>
Package pdftex.def Info: ../../logo.jpg used on input line 29.
(pdftex.def)             Requested size: 56.90282pt x 56.90282pt.

[11])
File: ../../logo.jpg Graphic file (type jpg)
 <use ../../logo.jpg>
Package pdftex.def Info: ../../logo.jpg used on input line 51.
(pdftex.def)             Requested size: 56.90282pt x 56.90282pt.
 [12] (./parti/pattern.tex
<./images/MVC.png, id=413, 680.5425pt x 578.16pt>
File: ./images/MVC.png Graphic file (type png)
 <use ./images/MVC.png>
Package pdftex.def Info: ./images/MVC.png used on input line 5.
(pdftex.def)             Requested size: 408.32864pt x 346.89867pt.

<./images/CommandPackagePattern.pdf, id=414, 1211.52625pt x 1076.02pt>
File: ./images/CommandPackagePattern.pdf Graphic file (type pdf)

<use ./images/CommandPackagePattern.pdf>
Package pdftex.def Info: ./images/CommandPackagePattern.pdf used on input line 
18.
(pdftex.def)             Requested size: 460.38477pt x 408.89186pt.

<./images/Command.pdf, id=415, 515.9275pt x 429.605pt>
File: ./images/Command.pdf Graphic file (type pdf)

<use ./images/Command.pdf>
Package pdftex.def Info: ./images/Command.pdf used on input line 24.
(pdftex.def)             Requested size: 257.96312pt x 214.80197pt.
File: ../../logo.jpg Graphic file (type jpg)
 <use ../../logo.jpg>
Package pdftex.def Info: ../../logo.jpg used on input line 27.
(pdftex.def)             Requested size: 56.90282pt x 56.90282pt.
 [13 <./images/MVC.png>]
File: ../../logo.jpg Graphic file (type jpg)

<use ../../logo.jpg>
Package pdftex.def Info: ../../logo.jpg used on input line 29.
(pdftex.def)             Requested size: 56.90282pt x 56.90282pt.
 [14 <./images/CommandPackagePattern.pdf>]
Overfull \hbox (1.49275pt too wide) in paragraph at lines 31--32
[]\T1/cmr/m/n/12 Tale ope-ra-zio-ne vie-ne rea-liz-za-ta at-tra-ver-so que-sta 
ca-te-na: Client->Invocatore->Ricevitore 
 []

)
Overfull \hbox (1.8038pt too wide) in paragraph at lines 40--53
\T1/cmr/m/n/12 Premi::Model::SlideShow::SlideShowActions::Command::AbstractComm
and e dà l'og-get-to crea-
 []

File: ../../logo.jpg Graphic file (type jpg)
<use ../../logo.jpg>
Package pdftex.def Info: ../../logo.jpg used on input line 53.
(pdftex.def)             Requested size: 56.90282pt x 56.90282pt.
 [15 <./images/Command.pdf>]
File: ../../logo.jpg Graphic file (type jpg)
 <use ../../logo.jpg>
Package pdftex.def Info: ../../logo.jpg used on input line 53.
(pdftex.def)             Requested size: 56.90282pt x 56.90282pt.
 [16]
(./parti/presentazione.tex
<./images/General.pdf, id=683, 1960.32375pt x 859.21pt>
File: ./images/General.pdf Graphic file (type pdf)

<use ./images/General.pdf>
Package pdftex.def Info: ./images/General.pdf used on input line 21.
(pdftex.def)             Requested size: 450.86499pt x 197.61414pt.
File: ../../logo.jpg Graphic file (type jpg)
 <use ../../logo.jpg>
Package pdftex.def Info: ../../logo.jpg used on input line 28.
(pdftex.def)             Requested size: 56.90282pt x 56.90282pt.
 [17 <./images/General.pdf>]
<./images/nodeAPI.pdf, id=891, 541.99957pt x 475.24512pt>
File: ./images/nodeAPI.pdf Graphic file (type pdf)

<use ./images/nodeAPI.pdf>
Package pdftex.def Info: ./images/nodeAPI.pdf used on input line 53.
(pdftex.def)             Requested size: 325.20224pt x 285.14926pt.
File: ../../logo.jpg Graphic file (type jpg)
 <use ../../logo.jpg>
Package pdftex.def Info: ../../logo.jpg used on input line 57.
(pdftex.def)             Requested size: 56.90282pt x 56.90282pt.
 [18]
File: ../../logo.jpg Graphic file (type jpg)
 <use ../../logo.jpg>
Package pdftex.def Info: ../../logo.jpg used on input line 96.
(pdftex.def)             Requested size: 56.90282pt x 56.90282pt.

[19 <./images/nodeAPI.pdf>]
Overfull \hbox (22.10219pt too wide) in paragraph at lines 128--129
[]\T1/cmr/bx/n/12 POST \T1/cmr/m/n/12 /pri-va-te/a-pi/-pre-sen-ta-tion-s/-new/[
newPresentationName]/[oldPresentationName] 
 []

File: ../../logo.jpg Graphic file (type jpg)
<use ../../logo.jpg>
Package pdftex.def Info: ../../logo.jpg used on input line 161.
(pdftex.def)             Requested size: 56.90282pt x 56.90282pt.
 [20]
Overfull \hbox (11.83244pt too wide) in paragraph at lines 171--172
[]\T1/cmr/bx/n/12 DELETE \T1/cmr/m/n/12 /pri-va-te/a-pi/-pre-sen-ta-tion-s/[pre
sentationName]/delete/[type/[id_element]] 
 []


Overfull \hbox (25.61783pt too wide) in paragraph at lines 173--174
[]\T1/cmr/bx/n/12 descrizione: \T1/cmr/m/n/12 eli-mi-na dal-la pre-sen-ta-zio-n
e con il ti-to-lo [pre-sen-ta-tion-Na-me] l'Elemento$[]$
 []


Overfull \hbox (1.86667pt too wide) in paragraph at lines 185--185
[]\T1/cmr/bx/n/12 descrizione: \T1/cmr/m/n/12 ri-tor-na il File$[]$ [ima-ge-na-
me] nel-la car-tel-la /u-ser-s/[username]/image 
 []


Overfull \hbox (2.5845pt too wide) in paragraph at lines 192--192
[]\T1/cmr/bx/n/12 descrizione: \T1/cmr/m/n/12 ri-tor-na il File$[]$ [au-dio-na-
me] nel-la car-tel-la /u-ser-s/[username]/audios 
 []


Overfull \hbox (0.62665pt too wide) in paragraph at lines 199--200
[]\T1/cmr/bx/n/12 descrizione: \T1/cmr/m/n/12 ri-tor-na il File$[]$ [vi-deo-na-
me] nel-la car-tel-la /u-ser-s/[username]/videos 
 []


Overfull \hbox (61.32016pt too wide) in paragraph at lines 221--222
[]\T1/cmr/bx/n/12 descrizione: \T1/cmr/m/n/12 eli-mi-na il File$[]$ im-ma-gi-ne
 [ima-ge-na-me] dal-la car-tel-la /u-ser-s/[username]/images 
 []

File: ../../logo.jpg Graphic file (type jpg)
<use ../../logo.jpg>
Package pdftex.def Info: ../../logo.jpg used on input line 238.
(pdftex.def)             Requested size: 56.90282pt x 56.90282pt.
 [21]
Overfull \hbox (35.86801pt too wide) in paragraph at lines 250--251
[]\T1/cmr/bx/n/12 descrizione: \T1/cmr/m/n/12 eli-mi-na il File$[]$ au-dio [au-
dio-na-me] dal-la car-tel-la /u-ser-s/[username]/audios 
 []


Overfull \hbox (32.93123pt too wide) in paragraph at lines 283--284
[]\T1/cmr/bx/n/12 descrizione: \T1/cmr/m/n/12 eli-mi-na il File$[]$ vi-deo [vi-
deo-na-me] dal-la car-tel-la /u-ser-s/[username]/videos 
 []

)
File: ../../logo.jpg Graphic file (type jpg)
 <use ../../logo.jpg>
Package pdftex.def Info: ../../logo.jpg used on input line 55.
(pdftex.def)             Requested size: 56.90282pt x 56.90282pt.
 [22] (./parti/componenti.tex) (./parti//MVC/model.tex
<./images/inserteditremove.pdf, id=946, 1315.91624pt x 809.0225pt>
File: ./images/inserteditremove.pdf Graphic file (type pdf)

<use ./images/inserteditremove.pdf>
Package pdftex.def Info: ./images/inserteditremove.pdf used on input line 23.
(pdftex.def)             Requested size: 394.77792pt x 242.70862pt.
File: ../../logo.jpg Graphic file (type jpg)
 <use ../../logo.jpg>
Package pdftex.def Info: ../../logo.jpg used on input line 27.
(pdftex.def)             Requested size: 56.90282pt x 56.90282pt.
 [23]
Overfull \hbox (0.11795pt too wide) in paragraph at lines 31--32
[]\T1/cmr/m/n/12 Model::-SlideShow::-SlideShowActions::-Command::-ConcreteEditS
izeCommand -> in-vo-ca il
 []


Overfull \hbox (6.80525pt too wide) in paragraph at lines 37--38
[]\T1/cmr/m/n/12 Model::-SlideShow::-SlideShowActions::-Command::-ConcreteEditB
ookmarkCommand -> ag-
 []


Overfull \hbox (2.39798pt too wide) in paragraph at lines 38--39
[]\T1/cmr/m/n/12 Model::-SlideShow::-SlideShowActions::-Command::-ConcretePorta
AvantiCommand -> in-vo-
 []

File: ../../logo.jpg Graphic file (type jpg)
<use ../../logo.jpg>
Package pdftex.def Info: ../../logo.jpg used on input line 39.
(pdftex.def)             Requested size: 56.90282pt x 56.90282pt.
 [24 <./images/inserteditremove.pdf>]
Overfull \hbox (1.91064pt too wide) in paragraph at lines 39--40
[]\T1/cmr/m/n/12 Model::-SlideShow::-SlideShowActions::-Command::-ConcretePorta
DietroCommand -> in-vo-
 []


Overfull \hbox (15.77252pt too wide) in paragraph at lines 41--42
[]\T1/cmr/m/n/12 Model::-SlideShow::-SlideShowActions::-Command::-ConcreteRemov
eFromMainPathCommand
 []


Overfull \hbox (11.20839pt too wide) in paragraph at lines 42--43
[]\T1/cmr/m/n/12 Model::-SlideShow::-SlideShowActions::-Command::-ConcreteNewCh
oicePathCommand -> in-
 []


Overfull \hbox (4.84746pt too wide) in paragraph at lines 43--44
[]\T1/cmr/m/n/12 Model::-SlideShow::-SlideShowActions::-Command::-ConcreteDelet
eChoicePathCommand ->
 []


Overfull \hbox (23.93442pt too wide) in paragraph at lines 45--46
[]\T1/cmr/m/n/12 Model::-SlideShow::-SlideShowActions::-Command::-ConcreteRemov
eFromChoicePathCommand
 []


Overfull \hbox (2.78958pt too wide) in paragraph at lines 47--48
[]\T1/cmr/m/n/12 Model::-SlideShow::-SlideShowActions::-Command::-ConcreteFrame
InsertCommand -> in-vo-
 []


Overfull \hbox (1.64542pt too wide) in paragraph at lines 48--49
[]\T1/cmr/m/n/12 Model::-SlideShow::-SlideShowActions::-Command::-ConcreteImage
InsertCommand -> in-vo-
 []


Overfull \hbox (1.6454pt too wide) in paragraph at lines 50--51
[]\T1/cmr/m/n/12 Model::-SlideShow::-SlideShowActions::-Command::-ConcreteAudio
InsertCommand -> in-vo-
 []


Overfull \hbox (4.0948pt too wide) in paragraph at lines 52--53
[]\T1/cmr/m/n/12 Model::-SlideShow::-SlideShowActions::-Command::-ConcreteBackg
roundInsertCommand ->
 []


Overfull \hbox (1.91066pt too wide) in paragraph at lines 54--55
[]\T1/cmr/m/n/12 Model::-SlideShow::-SlideShowActions::-Command::-ConcreteFrame
RemoveCommand -> in-
 []


Overfull \hbox (0.7665pt too wide) in paragraph at lines 55--56
[]\T1/cmr/m/n/12 Model::-SlideShow::-SlideShowActions::-Command::-ConcreteImage
RemoveCommand -> in-
 []

File: ../../logo.jpg Graphic file (type jpg)
<use ../../logo.jpg>
Package pdftex.def Info: ../../logo.jpg used on input line 56.
(pdftex.def)             Requested size: 56.90282pt x 56.90282pt.
 [25]
Overfull \hbox (0.76648pt too wide) in paragraph at lines 57--58
[]\T1/cmr/m/n/12 Model::-SlideShow::-SlideShowActions::-Command::-ConcreteAudio
RemoveCommand -> in-
 []

File: ../../logo.jpg Graphic file (type jpg)
<use ../../logo.jpg>
Package pdftex.def Info: ../../logo.jpg used on input line 77.
(pdftex.def)             Requested size: 56.90282pt x 56.90282pt.
 [26]
<./images/CommandPackage.pdf, id=1099, 1699.34875pt x 1168.365pt>
File: ./images/CommandPackage.pdf Graphic file (type pdf)

<use ./images/CommandPackage.pdf>
Package pdftex.def Info: ./images/CommandPackage.pdf used on input line 89.
(pdftex.def)             Requested size: 509.80856pt x 350.5122pt.

Overfull \hbox (26.1117pt too wide) in paragraph at lines 89--91
 [][] 
 []

File: ../../logo.jpg Graphic file (type jpg)
<use ../../logo.jpg>
Package pdftex.def Info: ../../logo.jpg used on input line 93.
(pdftex.def)             Requested size: 56.90282pt x 56.90282pt.
 [27]
Underfull \hbox (badness 10000) in paragraph at lines 98--99

 []

File: ../../logo.jpg Graphic file (type jpg)
<use ../../logo.jpg>
Package pdftex.def Info: ../../logo.jpg used on input line 105.
(pdftex.def)             Requested size: 56.90282pt x 56.90282pt.
 [28 <./images/CommandPackage.pdf>]
Underfull \hbox (badness 10000) in paragraph at lines 107--109

 []

File: ../../logo.jpg Graphic file (type jpg)
<use ../../logo.jpg>
Package pdftex.def Info: ../../logo.jpg used on input line 129.
(pdftex.def)             Requested size: 56.90282pt x 56.90282pt.
 [29]
Overfull \hbox (6.60524pt too wide) in paragraph at lines 155--156
[]\T1/cmr/m/n/12 Model::-SlideShow::-SlideShowActions::-InsertEditRemove <- in-
vo-ca il me-to-do in-sert-Text(...)
 []

File: ../../logo.jpg Graphic file (type jpg)
<use ../../logo.jpg>
Package pdftex.def Info: ../../logo.jpg used on input line 156.
(pdftex.def)             Requested size: 56.90282pt x 56.90282pt.
 [30]
File: ../../logo.jpg Graphic file (type jpg)
 <use ../../logo.jpg>
Package pdftex.def Info: ../../logo.jpg used on input line 185.
(pdftex.def)             Requested size: 56.90282pt x 56.90282pt.
 [31]
Overfull \hbox (7.33423pt too wide) in paragraph at lines 197--198
[]\T1/cmr/m/n/12 Model::-SlideShow::-SlideShowActions::-InsertEditRemove <- in-
vo-ca il me-to-do in-sertS-VG(...)
 []

File: ../../logo.jpg Graphic file (type jpg)
<use ../../logo.jpg>
Package pdftex.def Info: ../../logo.jpg used on input line 213.
(pdftex.def)             Requested size: 56.90282pt x 56.90282pt.
 [32]
Overfull \hbox (12.80095pt too wide) in paragraph at lines 226--227
[]\T1/cmr/m/n/12 Model::-SlideShow::-SlideShowActions::-InsertEditRemove <- in-
vo-ca il me-to-do in-sert-Vi-deo(...)
 []

File: ../../logo.jpg Graphic file (type jpg)
<use ../../logo.jpg>
Package pdftex.def Info: ../../logo.jpg used on input line 242.
(pdftex.def)             Requested size: 56.90282pt x 56.90282pt.
 [33]
Overfull \hbox (14.04512pt too wide) in paragraph at lines 254--255
[]\T1/cmr/m/n/12 Model::-SlideShow::-SlideShowActions::-InsertEditRemove <- in-
vo-ca il me-to-do re-mo-ve-Text(...)
 []

File: ../../logo.jpg Graphic file (type jpg)
<use ../../logo.jpg>
Package pdftex.def Info: ../../logo.jpg used on input line 270.
(pdftex.def)             Requested size: 56.90282pt x 56.90282pt.
 [34]
Overfull \hbox (8.10626pt too wide) in paragraph at lines 281--282
[]\T1/cmr/m/n/12 Model::-SlideShow::-SlideShowActions::-Command::-Invoker -> In
-vo-ker in-vo-ca il me-to-do doac-
 []


Overfull \hbox (8.10626pt too wide) in paragraph at lines 295--296
[]\T1/cmr/m/n/12 Model::-SlideShow::-SlideShowActions::-Command::-Invoker -> In
-vo-ker in-vo-ca il me-to-do doac-
 []


Overfull \hbox (14.77411pt too wide) in paragraph at lines 296--297
[]\T1/cmr/m/n/12 Model::-SlideShow::-SlideShowActions::-InsertEditRemove <- in-
vo-ca il me-to-do re-mo-ve-SVG(...)
 []

File: ../../logo.jpg Graphic file (type jpg)
<use ../../logo.jpg>
Package pdftex.def Info: ../../logo.jpg used on input line 298.
(pdftex.def)             Requested size: 56.90282pt x 56.90282pt.
 [35]
Overfull \hbox (8.10626pt too wide) in paragraph at lines 309--310
[]\T1/cmr/m/n/12 Model::-SlideShow::-SlideShowActions::-Command::-Invoker -> In
-vo-ker in-vo-ca il me-to-do doac-
 []


Overfull \hbox (8.10626pt too wide) in paragraph at lines 323--324
[]\T1/cmr/m/n/12 Model::-SlideShow::-SlideShowActions::-Command::-Invoker -> In
-vo-ker in-vo-ca il me-to-do doac-
 []

File: ../../logo.jpg Graphic file (type jpg)
<use ../../logo.jpg>
Package pdftex.def Info: ../../logo.jpg used on input line 326.
(pdftex.def)             Requested size: 56.90282pt x 56.90282pt.
 [36]
Overfull \hbox (8.10626pt too wide) in paragraph at lines 337--338
[]\T1/cmr/m/n/12 Model::-SlideShow::-SlideShowActions::-Command::-Invoker -> In
-vo-ker in-vo-ca il me-to-do doac-
 []


Overfull \hbox (8.10626pt too wide) in paragraph at lines 351--352
[]\T1/cmr/m/n/12 Model::-SlideShow::-SlideShowActions::-Command::-Invoker -> In
-vo-ker in-vo-ca il me-to-do doac-
 []

File: ../../logo.jpg Graphic file (type jpg)
<use ../../logo.jpg>
Package pdftex.def Info: ../../logo.jpg used on input line 353.
(pdftex.def)             Requested size: 56.90282pt x 56.90282pt.
 [37]
Overfull \hbox (8.10626pt too wide) in paragraph at lines 365--366
[]\T1/cmr/m/n/12 Model::-SlideShow::-SlideShowActions::-Command::-Invoker -> In
-vo-ker in-vo-ca il me-to-do doac-
 []


Overfull \hbox (8.10626pt too wide) in paragraph at lines 379--380
[]\T1/cmr/m/n/12 Model::-SlideShow::-SlideShowActions::-Command::-Invoker -> In
-vo-ker in-vo-ca il me-to-do doac-
 []

File: ../../logo.jpg Graphic file (type jpg)
<use ../../logo.jpg>
Package pdftex.def Info: ../../logo.jpg used on input line 381.
(pdftex.def)             Requested size: 56.90282pt x 56.90282pt.
 [38]
Overfull \hbox (8.10626pt too wide) in paragraph at lines 393--394
[]\T1/cmr/m/n/12 Model::-SlideShow::-SlideShowActions::-Command::-Invoker -> In
-vo-ker in-vo-ca il me-to-do doac-
 []


Overfull \hbox (8.10626pt too wide) in paragraph at lines 407--408
[]\T1/cmr/m/n/12 Model::-SlideShow::-SlideShowActions::-Command::-Invoker -> In
-vo-ker in-vo-ca il me-to-do doac-
 []

File: ../../logo.jpg Graphic file (type jpg)
<use ../../logo.jpg>
Package pdftex.def Info: ../../logo.jpg used on input line 409.
(pdftex.def)             Requested size: 56.90282pt x 56.90282pt.
 [39]
File: ../../logo.jpg Graphic file (type jpg)
 <use ../../logo.jpg>
Package pdftex.def Info: ../../logo.jpg used on input line 438.
(pdftex.def)             Requested size: 56.90282pt x 56.90282pt.
 [40]
File: ../../logo.jpg Graphic file (type jpg)
 <use ../../logo.jpg>
Package pdftex.def Info: ../../logo.jpg used on input line 468.
(pdftex.def)             Requested size: 56.90282pt x 56.90282pt.

[41]
File: ../../logo.jpg Graphic file (type jpg)
 <use ../../logo.jpg>
Package pdftex.def Info: ../../logo.jpg used on input line 498.
(pdftex.def)             Requested size: 56.90282pt x 56.90282pt.
 [42]
File: ../../logo.jpg Graphic file (type jpg)
 <use ../../logo.jpg>
Package pdftex.def Info: ../../logo.jpg used on input line 528.
(pdftex.def)             Requested size: 56.90282pt x 56.90282pt.
 [43]
Overfull \hbox (0.82497pt too wide) in paragraph at lines 542--543
\T1/cmr/m/n/12 me-From-Choi-ce-Pa-th(...)della clas-se sta-ti-ca per la mo-di-f
i-ca del-l'og-get-to re-la-ti-vo al Percorso$[]$
 []

File: ../../logo.jpg Graphic file (type jpg)
<use ../../logo.jpg>
Package pdftex.def Info: ../../logo.jpg used on input line 560.
(pdftex.def)             Requested size: 56.90282pt x 56.90282pt.
 [44]
<./images/slideshowelements.pdf, id=1448, 1677.26625pt x 572.1375pt>
File: ./images/slideshowelements.pdf Graphic file (type pdf)

<use ./images/slideshowelements.pdf>
Package pdftex.def Info: ./images/slideshowelements.pdf used on input line 568.

(pdftex.def)             Requested size: 469.63135pt x 160.1974pt.
pdfTeX warning (ext4): destination with the same identifier (name{subsubsubsect
ion.5.1.1}) has been already used, duplicate ignored
<to be read again> 
                   \relax 
l.580 \subsubsubsection{SlideShowElement}
                                         {
File: ../../logo.jpg Graphic file (type jpg)
 <use ../../logo.jpg>
Package pdftex.def Info: ../../logo.jpg used on input line 587.
(pdftex.def)             Requested size: 56.90282pt x 56.90282pt.
 [45 <./images/slideshowelements.pdf>]pdfTeX warning (ext4): destination with t
he same identifier (name{subsubsubsection.5.1.2}) has been already used, duplic
ate ignored
<to be read again> 
                   \relax 
l.601  \subsubsubsection{Text}
                              {pdfTeX warning (ext4): destination with the same
 identifier (name{subsubsubsection.5.1.3}) has been already used, duplicate ign
ored
<to be read again> 
                   \relax 
l.615 \subsubsubsection{Frame}
                              {
Overfull \hbox (2.70497pt too wide) in paragraph at lines 619--620
[]\T1/cmr/m/n/12 Model::-SlideShow::-SlideShowActions::-InsertEditRemove -> in-
vo-ca il co-strut-to-re di Frame$[]$
 []

File: ../../logo.jpg Graphic file (type jpg)
<use ../../logo.jpg>
Package pdftex.def Info: ../../logo.jpg used on input line 620.
(pdftex.def)             Requested size: 56.90282pt x 56.90282pt.
 [46]pdfTeX warning (ext4): destination with the same identifier (name{subsubsu
bsection.5.1.4}) has been already used, duplicate ignored
<to be read again> 
                   \relax 
l.630 \subsubsubsection{Image}
                              {pdfTeX warning (ext4): destination with the same
 identifier (name{subsubsubsection.5.1.5}) has been already used, duplicate ign
ored
<to be read again> 
                   \relax 
l.645 \subsubsubsection{SVG}
                            {
File: ../../logo.jpg Graphic file (type jpg)
 <use ../../logo.jpg>
Package pdftex.def Info: ../../logo.jpg used on input line 652.
(pdftex.def)             Requested size: 56.90282pt x 56.90282pt.
 [47]pdfTeX warning (ext4): destination with the same identifier (name{subsubsu
bsection.5.1.6}) has been already used, duplicate ignored
<to be read again> 
                   \relax 
l.660 \subsubsubsection{Audio}
                              {pdfTeX warning (ext4): destination with the same
 identifier (name{subsubsubsection.5.1.7}) has been already used, duplicate ign
ored
<to be read again> 
                   \relax 
l.675 \subsubsubsection{Video}
                              {
File: ../../logo.jpg Graphic file (type jpg)
 <use ../../logo.jpg>
Package pdftex.def Info: ../../logo.jpg used on input line 687.
(pdftex.def)             Requested size: 56.90282pt x 56.90282pt.
 [48]
<./images/serverRelation.pdf, id=1608, 559.78545pt x 267.51846pt>
File: ./images/serverRelation.pdf Graphic file (type pdf)

<use ./images/serverRelation.pdf>
Package pdftex.def Info: ./images/serverRelation.pdf used on input line 713.
(pdftex.def)             Requested size: 447.82896pt x 214.01505pt.
File: ../../logo.jpg Graphic file (type jpg)
 <use ../../logo.jpg>
Package pdftex.def Info: ../../logo.jpg used on input line 719.
(pdftex.def)             Requested size: 56.90282pt x 56.90282pt.
 [49 <./images/serverRelation.pdf>] <./images/accessControll.pdf, id=1630, 558.
94037pt x 394.4886pt>
File: ./images/accessControll.pdf Graphic file (type pdf)

<use ./images/accessControll.pdf>
Package pdftex.def Info: ./images/accessControll.pdf used on input line 730.
(pdftex.def)             Requested size: 335.3668pt x 236.69498pt.
pdfTeX warning (ext4): destination with the same identifier (name{subsubsubsect
ion.5.1.1}) has been already used, duplicate ignored
<to be read again> 
                   \relax 
l.743 		\subsubsubsection{Authentication}
                                         {
File: ../../logo.jpg Graphic file (type jpg)
 <use ../../logo.jpg>
Package pdftex.def Info: ../../logo.jpg used on input line 746.
(pdftex.def)             Requested size: 56.90282pt x 56.90282pt.
 [50 <./images/accessControll.pdf>]pdfTeX warning (ext4): destination with the 
same identifier (name{subsubsubsection.5.1.2}) has been already used, duplicate
 ignored
<to be read again> 
                   \relax 
l.752 		\subsubsubsection{Registration}
                                       {
<./images/Loader.pdf, id=1655, 306.83585pt x 132.7635pt>
File: ./images/Loader.pdf Graphic file (type pdf)

<use ./images/Loader.pdf>
Package pdftex.def Info: ./images/Loader.pdf used on input line 766.
(pdftex.def)             Requested size: 245.46901pt x 106.21092pt.
pdfTeX warning (ext4): destination with the same identifier (name{subsubsubsect
ion.5.1.1}) has been already used, duplicate ignored
<to be read again> 
                   \relax 
l.777 \subsubsubsection{Loader}
                               {
File: ../../logo.jpg Graphic file (type jpg)
 <use ../../logo.jpg>
Package pdftex.def Info: ../../logo.jpg used on input line 782.
(pdftex.def)             Requested size: 56.90282pt x 56.90282pt.
 [51 <./images/Loader.pdf>]pdfTeX warning (ext4): destination with the same ide
ntifier (name{subsubsubsection.5.1.2}) has been already used, duplicate ignored

<to be read again> 
                   \relax 
l.788 \subsubsubsection{FileServerRelation}
                                           {pdfTeX warning (ext4): destination 
with the same identifier (name{subsubsubsection.5.1.3}) has been already used, 
duplicate ignored
<to be read again> 
                   \relax 
l.799 \subsubsubsection{MongoRelation}
                                      {)
File: ../../logo.jpg Graphic file (type jpg)
 <use ../../logo.jpg>
Package pdftex.def Info: ../../logo.jpg used on input line 58.
(pdftex.def)             Requested size: 56.90282pt x 56.90282pt.
 [52]
(./parti//MVC/view.tex <./images/View.jpg, id=1684, 928.46875pt x 489.83pt>
File: ./images/View.jpg Graphic file (type jpg)

<use ./images/View.jpg>
Package pdftex.def Info: ./images/View.jpg used on input line 4.
(pdftex.def)             Requested size: 371.38092pt x 195.92853pt.
File: ../../logo.jpg Graphic file (type jpg)
 <use ../../logo.jpg>
Package pdftex.def Info: ../../logo.jpg used on input line 24.
(pdftex.def)             Requested size: 56.90282pt x 56.90282pt.
 [53 <./images/View.jpg>]
File: ../../logo.jpg Graphic file (type jpg)

<use ../../logo.jpg>
Package pdftex.def Info: ../../logo.jpg used on input line 44.
(pdftex.def)             Requested size: 56.90282pt x 56.90282pt.
 [54])
Underfull \hbox (badness 10000) in paragraph at lines 52--60

 []

File: ../../logo.jpg Graphic file (type jpg)
<use ../../logo.jpg>
Package pdftex.def Info: ../../logo.jpg used on input line 60.
(pdftex.def)             Requested size: 56.90282pt x 56.90282pt.
 [55] (./parti//MVC/control.tex
File: ../../logo.jpg Graphic file (type jpg)
 <use ../../logo.jpg>
Package pdftex.def Info: ../../logo.jpg used on input line 26.
(pdftex.def)             Requested size: 56.90282pt x 56.90282pt.

[56]
Overfull \hbox (3.36584pt too wide) in paragraph at lines 43--44
[]\T1/cmr/m/n/12 View::-Pages::-Edit::-[javascript_functions] <- Edit-Con-trol-
ler in-vo-ca le ap-pro-pria-te funzioni$[]$
 []

File: ../../logo.jpg Graphic file (type jpg)
<use ../../logo.jpg>
Package pdftex.def Info: ../../logo.jpg used on input line 51.
(pdftex.def)             Requested size: 56.90282pt x 56.90282pt.
 [57]
Overfull \hbox (3.89226pt too wide) in paragraph at lines 72--73
[]\T1/cmr/m/n/12 Controller::-Services::-Main <- Quan-do la view in-via una ri-
chie-sta di au-ten-ti-ca-zio-ne, Logout$[]$
 []

File: ../../logo.jpg Graphic file (type jpg)
<use ../../logo.jpg>
Package pdftex.def Info: ../../logo.jpg used on input line 81.
(pdftex.def)             Requested size: 56.90282pt x 56.90282pt.
 [58]
File: ../../logo.jpg Graphic file (type jpg)
 <use ../../logo.jpg>
Package pdftex.def Info: ../../logo.jpg used on input line 113.
(pdftex.def)             Requested size: 56.90282pt x 56.90282pt.
 [59]
Overfull \hbox (7.03159pt too wide) in paragraph at lines 126--127
[]\T1/cmr/m/n/12 Model::-serverRelation::-accessControl::-ChangePassword <- Mai
n ri-chia-ma Chan-ge-Pas-sword
 []

File: ../../logo.jpg Graphic file (type jpg)
<use ../../logo.jpg>
Package pdftex.def Info: ../../logo.jpg used on input line 144.
(pdftex.def)             Requested size: 56.90282pt x 56.90282pt.
 [60])
File: ../../logo.jpg Graphic file (type jpg)
 <use ../../logo.jpg>
Package pdftex.def Info: ../../logo.jpg used on input line 62.
(pdftex.def)             Requested size: 56.90282pt x 56.90282pt.
 [61]
(./parti/diagrammiAttivita.tex
<./images/AttivitaPrincipali.pdf, id=1751, 1577.895pt x 1162.3425pt>
File: ./images/AttivitaPrincipali.pdf Graphic file (type pdf)

<use ./images/AttivitaPrincipali.pdf>
Package pdftex.def Info: ./images/AttivitaPrincipali.pdf used on input line 7.
(pdftex.def)             Requested size: 473.37216pt x 348.70544pt.

<./images/CaricarePresentazione.pdf, id=1752, 703.62875pt x 666.49pt>
File: ./images/CaricarePresentazione.pdf Graphic file (type pdf)

<use ./images/CaricarePresentazione.pdf>
Package pdftex.def Info: ./images/CaricarePresentazione.pdf used on input line 
16.
(pdftex.def)             Requested size: 281.4465pt x 266.59128pt.
File: ../../logo.jpg Graphic file (type jpg)
 <use ../../logo.jpg>
Package pdftex.def Info: ../../logo.jpg used on input line 21.
(pdftex.def)             Requested size: 56.90282pt x 56.90282pt.
 [62 <./images/AttivitaPrincipali.pdf>]
<./images/CaricareFile.pdf, id=1884, 1063.975pt x 591.20876pt>
File: ./images/CaricareFile.pdf Graphic file (type pdf)

<use ./images/CaricareFile.pdf>
Package pdftex.def Info: ./images/CaricareFile.pdf used on input line 25.
(pdftex.def)             Requested size: 425.58246pt x 236.47931pt.

<./images/ModificarePresentazione.pdf, id=1885, 1359.0775pt x 682.55pt>
File: ./images/ModificarePresentazione.pdf Graphic file (type pdf)

<use ./images/ModificarePresentazione.pdf>
Package pdftex.def Info: ./images/ModificarePresentazione.pdf used on input lin
e 34.
(pdftex.def)             Requested size: 516.45482pt x 259.37169pt.

Overfull \hbox (32.75795pt too wide) in paragraph at lines 34--36
 [][] 
 []

File: ../../logo.jpg Graphic file (type jpg)
<use ../../logo.jpg>
Package pdftex.def Info: ../../logo.jpg used on input line 37.
(pdftex.def)             Requested size: 56.90282pt x 56.90282pt.
 [63 <./images/CaricarePresentazione.pdf> <./images/CaricareFile.pdf>]
<./images/ModificaPresentazioneMobile.pdf, id=1986, 654.445pt x 447.6725pt>
File: ./images/ModificaPresentazioneMobile.pdf Graphic file (type pdf)

<use ./images/ModificaPresentazioneMobile.pdf>
Package pdftex.def Info: ./images/ModificaPresentazioneMobile.pdf used on input
 line 43.
(pdftex.def)             Requested size: 261.77336pt x 179.06583pt.

<./images/GestireSfondo.pdf, id=1987, 584.1825pt x 847.165pt>
File: ./images/GestireSfondo.pdf Graphic file (type pdf)

<use ./images/GestireSfondo.pdf>
Package pdftex.def Info: ./images/GestireSfondo.pdf used on input line 52.
(pdftex.def)             Requested size: 233.66885pt x 338.85999pt.
File: ../../logo.jpg Graphic file (type jpg)
 <use ../../logo.jpg>
Package pdftex.def Info: ../../logo.jpg used on input line 55.
(pdftex.def)             Requested size: 56.90282pt x 56.90282pt.
 [64 <./images/ModificarePresentazione.pdf> <./images/ModificaPresentazioneMobi
le.pdf

pdfTeX warning: pdflatex (file ./images/ModificaPresentazioneMobile.pdf): PDF i
nclusion: multiple pdfs with page group included in a single page
>] <./images/InserireElemento.pdf, id=2100, 786.94pt x 519.9425pt>
File: ./images/InserireElemento.pdf Graphic file (type pdf)

<use ./images/InserireElemento.pdf>
Package pdftex.def Info: ./images/InserireElemento.pdf used on input line 61.
(pdftex.def)             Requested size: 314.77042pt x 207.97331pt.
File: ../../logo.jpg Graphic file (type jpg)
 <use ../../logo.jpg>
Package pdftex.def Info: ../../logo.jpg used on input line 66.
(pdftex.def)             Requested size: 56.90282pt x 56.90282pt.
 [65 <./images/GestireSfondo.pdf>]
<./images/ModificareElemento.pdf, id=2146, 662.475pt x 530.98375pt>
File: ./images/ModificareElemento.pdf Graphic file (type pdf)

<use ./images/ModificareElemento.pdf>
Package pdftex.def Info: ./images/ModificareElemento.pdf used on input line 70.

(pdftex.def)             Requested size: 264.9853pt x 212.38972pt.

<./images/ModificareFrame.pdf, id=2147, 1358.07375pt x 585.18625pt>
File: ./images/ModificareFrame.pdf Graphic file (type pdf)

<use ./images/ModificareFrame.pdf>
Package pdftex.def Info: ./images/ModificareFrame.pdf used on input line 79.
(pdftex.def)             Requested size: 516.0734pt x 222.37308pt.

Overfull \hbox (32.37653pt too wide) in paragraph at lines 79--81
 [][] 
 []

File: ../../logo.jpg Graphic file (type jpg)
<use ../../logo.jpg>
Package pdftex.def Info: ../../logo.jpg used on input line 84.
(pdftex.def)             Requested size: 56.90282pt x 56.90282pt.
 [66 <./images/InserireElemento.pdf> <./images/ModificareElemento.pdf>] <./imag
es/ModificareSVG.pdf, id=2238, 974.64125pt x 645.41125pt>
File: ./images/ModificareSVG.pdf Graphic file (type pdf)

<use ./images/ModificareSVG.pdf>
Package pdftex.def Info: ./images/ModificareSVG.pdf used on input line 88.
(pdftex.def)             Requested size: 389.8496pt x 258.15993pt.

<./images/ModificareTesto.pdf, id=2239, 1422.31375pt x 467.7475pt>
File: ./images/ModificareTesto.pdf Graphic file (type pdf)

<use ./images/ModificareTesto.pdf>
Package pdftex.def Info: ./images/ModificareTesto.pdf used on input line 97.
(pdftex.def)             Requested size: 497.81728pt x 163.71407pt.

Overfull \hbox (14.1204pt too wide) in paragraph at lines 97--99
 [][] 
 []

File: ../../logo.jpg Graphic file (type jpg)
<use ../../logo.jpg>
Package pdftex.def Info: ../../logo.jpg used on input line 100.
(pdftex.def)             Requested size: 56.90282pt x 56.90282pt.
 [67 <./images/ModificareFrame.pdf> <./images/ModificareSVG.pdf>])
File: ../../logo.jpg Graphic file (type jpg)
 <use ../../logo.jpg>
Package pdftex.def Info: ../../logo.jpg used on input line 64.
(pdftex.def)             Requested size: 56.90282pt x 56.90282pt.
 [68 <./images/ModificareTesto.pdf>]
(./parti/stime.tex)
File: ../../logo.jpg Graphic file (type jpg)
 <use ../../logo.jpg>
Package pdftex.def Info: ../../logo.jpg used on input line 66.
(pdftex.def)             Requested size: 56.90282pt x 56.90282pt.
 [69] (./parti/tracciamento.tex
(./parti/traccCompReq.tex
Underfull \hbox (badness 10000) in paragraph at lines 46--47
\T1/cmr/m/n/12 7.7.16, RF 7.7.28, RF
 []


Underfull \hbox (badness 3701) in paragraph at lines 46--47
\T1/cmr/m/n/12 RF 7.13, RF 7.19, RF
 []


Underfull \hbox (badness 4779) in paragraph at lines 48--49
[]|\T1/cmr/m/n/12 RF 7.1, RF 7.7.7, RF
 []


Underfull \hbox (badness 1490) in paragraph at lines 58--58
[]|\T1/cmr/m/n/12 - - - - >Con-cre-teAdd-To-Choi-ce-Pa-th-Com-
 []


Underfull \hbox (badness 10000) in paragraph at lines 118--119
\T1/cmr/m/n/12 7.7.19, RF 7.7.16, RF
 []


Underfull \hbox (badness 1210) in paragraph at lines 118--119
\T1/cmr/m/n/12 RF 7.40.4, RF 7.46, RF
 []


Underfull \hbox (badness 1742) in paragraph at lines 118--119
\T1/cmr/m/n/12 RF 7.7.1, RF 7.7.7, RF
 []

File: ../../logo.jpg Graphic file (type jpg)
<use ../../logo.jpg>
Package pdftex.def Info: ../../logo.jpg used on input line 127.
(pdftex.def)             Requested size: 56.90282pt x 56.90282pt.
 [70]
Underfull \hbox (badness 10000) in paragraph at lines 140--141
\T1/cmr/m/n/12 7.7.25, RF 7.7.16, RF
 []


Underfull \hbox (badness 10000) in paragraph at lines 140--141
\T1/cmr/m/n/12 7.7.28, RF 7.7.31, RF
 []


Underfull \hbox (badness 10000) in paragraph at lines 140--141
\T1/cmr/m/n/12 7.7.34, RF 7.7.37, RF
 []


Underfull \hbox (badness 2326) in paragraph at lines 140--141
\T1/cmr/m/n/12 7.19.10, RF 7.19.13, RF
 []


Underfull \hbox (badness 2326) in paragraph at lines 142--143
\T1/cmr/m/n/12 61.1.10, RF 61.1.13, RF
 []


Underfull \hbox (badness 10000) in paragraph at lines 142--143
\T1/cmr/m/n/12 61.1.16.4, RF 61.1.16.7,
 []


Underfull \hbox (badness 2913) in paragraph at lines 142--143
\T1/cmr/m/n/12 RF 61.1.16.10, RF 61.4,
 []

File: ../../logo.jpg Graphic file (type jpg)
<use ../../logo.jpg>
Package pdftex.def Info: ../../logo.jpg used on input line 152.
(pdftex.def)             Requested size: 56.90282pt x 56.90282pt.
 [71]
File: ../../logo.jpg Graphic file (type jpg)
 <use ../../logo.jpg>
Package pdftex.def Info: ../../logo.jpg used on input line 152.
(pdftex.def)             Requested size: 56.90282pt x 56.90282pt.
 [72])
File: ../../logo.jpg Graphic file (type jpg)
 <use ../../logo.jpg>
Package pdftex.def Info: ../../logo.jpg used on input line 3.
(pdftex.def)             Requested size: 56.90282pt x 56.90282pt.

[73] (./parti/traccReqComp.tex
Underfull \hbox (badness 10000) in paragraph at lines 14--15
[]|\T1/cmr/m/n/12 View::-Pages::-Index, Model::-serverRelation::-accessControl:
:-
 []


Underfull \hbox (badness 10000) in paragraph at lines 16--17
[]|\T1/cmr/m/n/12 View::-Pages::-Index, Model::-serverRelation::-accessControl:
:-
 []


Underfull \hbox (badness 10000) in paragraph at lines 18--19
[]|\T1/cmr/m/n/12 View::-Pages::-Index, Model::-serverRelation::-accessControl:
:-
 []


Underfull \hbox (badness 10000) in paragraph at lines 24--25
[]|\T1/cmr/m/n/12 View::-Pages::-Edit, Model::-SlideShow::-SlideShowActions::-
 []


Underfull \hbox (badness 10000) in paragraph at lines 24--25
\T1/cmr/m/n/12 InsertEditRemove, Model::-SlideShow::-SlideShowActions::-
 []


Underfull \hbox (badness 10000) in paragraph at lines 24--25
\T1/cmr/m/n/12 Command::-ConcreteFrameInsertCommand, Model::-SlideShow::-
 []


Underfull \hbox (badness 10000) in paragraph at lines 24--25
\T1/cmr/m/n/12 SlideShowElements::-Frame$[]$, Model::-serverRelation::-Loader,
 []


Underfull \hbox (badness 10000) in paragraph at lines 26--27
[]|\T1/cmr/m/n/12 View::-Pages::-Edit, Model::-SlideShow::-SlideShowActions::-
 []


Underfull \hbox (badness 10000) in paragraph at lines 26--27
\T1/cmr/m/n/12 InsertEditRemove, Model::-SlideShow::-SlideShowActions::-Command
::-
 []


Underfull \hbox (badness 10000) in paragraph at lines 32--33
[]|\T1/cmr/m/n/12 View::-Pages::-Edit, Model::-SlideShow::-SlideShowActions::-
 []


Underfull \hbox (badness 10000) in paragraph at lines 32--33
\T1/cmr/m/n/12 InsertEditRemove, Model::-SlideShow::-SlideShowActions::-Command
::-
 []


Underfull \hbox (badness 10000) in paragraph at lines 34--35
[]|\T1/cmr/m/n/12 View::-Pages::-Edit, Model::-SlideShow::-SlideShowActions::-C
ommand::-
 []


Underfull \hbox (badness 10000) in paragraph at lines 34--35
\T1/cmr/m/n/12 ConcreteEditColorCommand, Model::-SlideShow::-SlideShowActions::
-
 []


Underfull \hbox (badness 10000) in paragraph at lines 36--37
[]|\T1/cmr/m/n/12 View::-Pages::-Edit, Model::-SlideShow::-SlideShowActions::-
 []


Underfull \hbox (badness 10000) in paragraph at lines 36--37
\T1/cmr/m/n/12 InsertEditRemove, Model::-SlideShow::-SlideShowActions::-
 []


Underfull \hbox (badness 10000) in paragraph at lines 36--37
\T1/cmr/m/n/12 Command::-ConcreteImageInsertCommand, Model::-SlideShow::-
 []


Underfull \hbox (badness 10000) in paragraph at lines 36--37
\T1/cmr/m/n/12 SlideShowElements::-Image, Model::-serverRelation::-Loader,
 []


Underfull \hbox (badness 10000) in paragraph at lines 38--39
[]|\T1/cmr/m/n/12 View::-Pages::-Edit, Model::-SlideShow::-SlideShowActions::-C
ommand::-
 []


Underfull \hbox (badness 10000) in paragraph at lines 38--39
\T1/cmr/m/n/12 ConcreteEditSizeCommand, Model::-serverRelation::-Loader,
 []


Underfull \hbox (badness 10000) in paragraph at lines 40--41
[]|\T1/cmr/m/n/12 View::-Pages::-Edit, Model::-SlideShow::-SlideShowActions::-
 []


Underfull \hbox (badness 10000) in paragraph at lines 40--41
\T1/cmr/m/n/12 InsertEditRemove, Model::-SlideShow::-SlideShowActions::-
 []


Underfull \hbox (badness 10000) in paragraph at lines 40--41
\T1/cmr/m/n/12 Command::-ConcreteVideoInsertCommand, Model::-SlideShow::-
 []


Underfull \hbox (badness 10000) in paragraph at lines 40--41
\T1/cmr/m/n/12 SlideShowElements::-Image, Model::-serverRelation::-Loader, Mode
l::-
 []


Underfull \hbox (badness 10000) in paragraph at lines 40--41
\T1/cmr/m/n/12 Background, Model::-SlideShow::-SlideShowActions::-Command::-
 []


Underfull \hbox (badness 10000) in paragraph at lines 42--43
[]|\T1/cmr/m/n/12 View::-Pages::-Edit, Model::-SlideShow::-SlideShowActions::-C
ommand::-
 []


Underfull \hbox (badness 10000) in paragraph at lines 42--43
\T1/cmr/m/n/12 ConcreteEditSizeCommand, Model::-serverRelation::-Loader,
 []


Underfull \hbox (badness 10000) in paragraph at lines 44--45
[]|\T1/cmr/m/n/12 View::-Pages::-Edit, Model::-SlideShow::-SlideShowActions::-C
ommand::-
 []


Underfull \hbox (badness 10000) in paragraph at lines 44--45
\T1/cmr/m/n/12 ConcreteEditPositionCommand, Model::-serverRelation::-Loader,
 []


Underfull \hbox (badness 10000) in paragraph at lines 46--47
\T1/cmr/m/n/12 SlideShowActions::-Command::-concreteNewChoicePathCommand,
 []


Underfull \hbox (badness 10000) in paragraph at lines 46--47
\T1/cmr/m/n/12 Model::-SlideShow::-SlideShowActions::-Command::-
 []


Underfull \hbox (badness 10000) in paragraph at lines 48--49
[]|\T1/cmr/m/n/12 View::-Pages::-Edit, Model::-serverRelation::-Loader,
 []


Underfull \hbox (badness 10000) in paragraph at lines 48--49
\T1/cmr/m/n/12 Model::-SlideShow::-SlideShowActions::-Command::-
 []


Underfull \hbox (badness 10000) in paragraph at lines 56--57
[]|\T1/cmr/m/n/12 View::-Pages::-Edit, Model::-SlideShow::-SlideShowActions::-C
ommand::-
 []


Underfull \hbox (badness 10000) in paragraph at lines 56--57
\T1/cmr/m/n/12 ConcreteEditColorCommand, Model::-SlideShow::-SlideShowActions::
-
 []


Underfull \hbox (badness 10000) in paragraph at lines 58--59
[]|\T1/cmr/m/n/12 View::-Pages::-Edit, Model::-SlideShow::-SlideShowActions::-
 []


Underfull \hbox (badness 10000) in paragraph at lines 58--59
\T1/cmr/m/n/12 Command::-ConcreteEditBackgroundCommand,
 []


Underfull \hbox (badness 10000) in paragraph at lines 60--61
[]|\T1/cmr/m/n/12 Model::-SlideShow::-SlideShowActions::-Command::-
 []


Underfull \hbox (badness 10000) in paragraph at lines 60--61
\T1/cmr/m/n/12 ConcreteEditRotationCommand, Model::-serverRelation::-Loader,
 []


Underfull \hbox (badness 10000) in paragraph at lines 62--63
[]|\T1/cmr/m/n/12 View::-Pages::-Edit, Model::-SlideShow::-SlideShowActions::-
 []


Underfull \hbox (badness 10000) in paragraph at lines 62--63
\T1/cmr/m/n/12 InsertEditRemove, Model::-SlideShow::-SlideShowActions::-
 []


Underfull \hbox (badness 10000) in paragraph at lines 62--63
\T1/cmr/m/n/12 Command::-ConcreteFrameRemoveCommand,
 []


Underfull \hbox (badness 10000) in paragraph at lines 64--65
[]|\T1/cmr/m/n/12 View::-Pages::-Edit, Model::-SlideShow::-SlideShowActions::-
 []


Underfull \hbox (badness 10000) in paragraph at lines 64--65
\T1/cmr/m/n/12 InsertEditRemove, Model::-SlideShow::-SlideShowActions::-Command
::-
 []


Underfull \hbox (badness 10000) in paragraph at lines 64--65
\T1/cmr/m/n/12 ConcreteBackgroundInsertCommand, Model::-serverRelation::-Loader
,
 []


Underfull \hbox (badness 10000) in paragraph at lines 66--67
[]|\T1/cmr/m/n/12 View::-Pages::-Edit, Model::-SlideShow::-SlideShowActions::-
 []


Underfull \hbox (badness 10000) in paragraph at lines 66--67
\T1/cmr/m/n/12 Command::-ConcreteEditColorCommand, Model::-serverRelation::-
 []


Underfull \hbox (badness 10000) in paragraph at lines 66--67
\T1/cmr/m/n/12 Loader, Model::-SlideShow::-SlideShowActions::-InsertEditRemove,

 []


Underfull \hbox (badness 10000) in paragraph at lines 70--71
[]|\T1/cmr/m/n/12 View::-Pages::-Edit, Model::-serverRelation::-Loader,
 []


Underfull \hbox (badness 10000) in paragraph at lines 72--73
[]|\T1/cmr/m/n/12 View::-Pages::-Edit, Model::-serverRelation::-mongoRelation,
 []


Underfull \hbox (badness 10000) in paragraph at lines 72--73
\T1/cmr/m/n/12 Model::-SlideShow::-SlideShowActions::-Command::-
 []


Underfull \hbox (badness 10000) in paragraph at lines 76--77
[]|\T1/cmr/m/n/12 View::-Pages::-Edit, Model::-serverRelation::-mongoRelation,
 []


Underfull \hbox (badness 10000) in paragraph at lines 76--77
\T1/cmr/m/n/12 Model::-SlideShow::-SlideShowActions::-Command::-
 []


Underfull \hbox (badness 10000) in paragraph at lines 78--79
[]|\T1/cmr/m/n/12 Model::-SlideShow::-SlideShowActions::-Command::-
 []


Underfull \hbox (badness 10000) in paragraph at lines 80--81
[]|\T1/cmr/m/n/12 Model::-SlideShow::-SlideShowActions::-Command::-
 []

File: ../../logo.jpg Graphic file (type jpg)
<use ../../logo.jpg>
Package pdftex.def Info: ../../logo.jpg used on input line 87.
(pdftex.def)             Requested size: 56.90282pt x 56.90282pt.
 [74]
Underfull \hbox (badness 10000) in paragraph at lines 88--89
[]|\T1/cmr/m/n/12 Model::-SlideShow::-SlideShowActions::-InsertEditRemove,
 []


Underfull \hbox (badness 10000) in paragraph at lines 88--89
\T1/cmr/m/n/12 Model::-SlideShow::-SlideShowActions::-Command::-
 []


Underfull \hbox (badness 10000) in paragraph at lines 88--89
\T1/cmr/m/n/12 ConcreteSVGInsertCommand, Model::-serverRelation::-Loader,
 []


Underfull \hbox (badness 10000) in paragraph at lines 94--95
[]|\T1/cmr/m/n/12 Model::-SlideShow::-SlideShowActions::-Command::-
 []


Underfull \hbox (badness 10000) in paragraph at lines 94--95
\T1/cmr/m/n/12 ConcreteEditColorCommand, Model::-serverRelation::-Loader,
 []


Underfull \hbox (badness 10000) in paragraph at lines 96--97
[]|\T1/cmr/m/n/12 Model::-SlideShow::-SlideShowActions::-InsertEditRemove,
 []


Underfull \hbox (badness 10000) in paragraph at lines 96--97
\T1/cmr/m/n/12 Model::-SlideShow::-SlideShowActions::-Command::-
 []


Underfull \hbox (badness 10000) in paragraph at lines 96--97
\T1/cmr/m/n/12 Command::-ConcreteImageRemoveCommand, Model::-SlideShow::-
 []


Underfull \hbox (badness 10000) in paragraph at lines 96--97
\T1/cmr/m/n/12 SlideShowActions::-Command::-ConcreteSVGRemoveCommand,
 []


Underfull \hbox (badness 10000) in paragraph at lines 96--97
\T1/cmr/m/n/12 Model::-SlideShow::-SlideShowActions::-Command::-
 []


Underfull \hbox (badness 10000) in paragraph at lines 96--97
\T1/cmr/m/n/12 ConcreteVideoRemoveCommand, Model::-serverRelation::-
 []


Underfull \hbox (badness 10000) in paragraph at lines 96--97
\T1/cmr/m/n/12 Loader, Model::-SlideShow::-SlideShowActions::-Command::-
 []


Underfull \hbox (badness 10000) in paragraph at lines 96--97
\T1/cmr/m/n/12 ConcreteAudioRemoveCommand, Model::-SlideShow::-
 []


Underfull \hbox (badness 10000) in paragraph at lines 98--99
[]|\T1/cmr/m/n/12 Model::-SlideShow::-SlideShowActions::-Command::-
 []


Underfull \hbox (badness 10000) in paragraph at lines 98--99
\T1/cmr/m/n/12 ConcreteEditRotationCommand, Model::-serverRelation::-Loader,
 []


Underfull \hbox (badness 10000) in paragraph at lines 106--107
[]|\T1/cmr/m/n/12 Model::-SlideShow::-SlideShowActions::-Command::-
 []


Underfull \hbox (badness 10000) in paragraph at lines 108--109
[]|\T1/cmr/m/n/12 Model::-SlideShow::-SlideShowActions::-Command::-
 []

File: ../../logo.jpg Graphic file (type jpg)
<use ../../logo.jpg>
Package pdftex.def Info: ../../logo.jpg used on input line 127.
(pdftex.def)             Requested size: 56.90282pt x 56.90282pt.
 [75]
Underfull \hbox (badness 10000) in paragraph at lines 132--133
[]|\T1/cmr/m/n/12 View::-Pages::-Profile, Model::-serverRelation::-accessContro
l::-
 []


Underfull \hbox (badness 2096) in paragraph at lines 158--159
[]|\T1/cmr/m/n/12 View::-Pages::-Execution, Model::-SlideShow::-SlideShowElemen
ts::-Audio,
 []


Underfull \hbox (badness 10000) in paragraph at lines 160--160
[]|\T1/cmr/m/n/12 RF
 []


Underfull \hbox (badness 10000) in paragraph at lines 162--162
[]|\T1/cmr/m/n/12 RF
 []


Underfull \hbox (badness 10000) in paragraph at lines 164--164
[]|\T1/cmr/m/n/12 RF
 []


Underfull \hbox (badness 10000) in paragraph at lines 166--166
[]|\T1/cmr/m/n/12 RF
 []

File: ../../logo.jpg Graphic file (type jpg)
<use ../../logo.jpg>
Package pdftex.def Info: ../../logo.jpg used on input line 167.
(pdftex.def)             Requested size: 56.90282pt x 56.90282pt.
 [76]
Underfull \hbox (badness 10000) in paragraph at lines 178--178
[]|\T1/cmr/m/n/12 RF
 []


Underfull \hbox (badness 10000) in paragraph at lines 180--180
[]|\T1/cmr/m/n/12 RF
 []


Underfull \hbox (badness 10000) in paragraph at lines 182--182
[]|\T1/cmr/m/n/12 RF
 []


Underfull \hbox (badness 10000) in paragraph at lines 184--184
[]|\T1/cmr/m/n/12 RF
 []


Underfull \hbox (badness 10000) in paragraph at lines 190--191
[]|\T1/cmr/m/n/12 View::-Pages::-Home, Model::-serverRelation::-accessControl::
-
 []

File: ../../logo.jpg Graphic file (type jpg)
<use ../../logo.jpg>
Package pdftex.def Info: ../../logo.jpg used on input line 207.
(pdftex.def)             Requested size: 56.90282pt x 56.90282pt.
 [77]
Underfull \hbox (badness 10000) in paragraph at lines 216--216
[]|\T1/cmr/m/n/12 RF
 []


Underfull \hbox (badness 10000) in paragraph at lines 218--218
[]|\T1/cmr/m/n/12 RF
 []


Underfull \hbox (badness 10000) in paragraph at lines 220--220
[]|\T1/cmr/m/n/12 RF
 []


Underfull \hbox (badness 10000) in paragraph at lines 222--222
[]|\T1/cmr/m/n/12 RF
 []


Underfull \hbox (badness 10000) in paragraph at lines 224--224
[]|\T1/cmr/m/n/12 RF
 []


Underfull \hbox (badness 10000) in paragraph at lines 226--226
[]|\T1/cmr/m/n/12 RF
 []


Overfull \hbox (3.13533pt too wide) in paragraph at lines 226--226
\T1/cmr/m/n/12 70.10.1.4.10| 
 []


Underfull \hbox (badness 10000) in paragraph at lines 228--228
[]|\T1/cmr/m/n/12 RF
 []


Overfull \hbox (3.13533pt too wide) in paragraph at lines 228--228
\T1/cmr/m/n/12 70.10.1.4.13| 
 []


Underfull \hbox (badness 10000) in paragraph at lines 230--230
[]|\T1/cmr/m/n/12 RF
 []


Underfull \hbox (badness 10000) in paragraph at lines 236--236
[]|\T1/cmr/m/n/12 RF
 []


Underfull \hbox (badness 10000) in paragraph at lines 238--238
[]|\T1/cmr/m/n/12 RF
 []


Underfull \hbox (badness 10000) in paragraph at lines 240--240
[]|\T1/cmr/m/n/12 RF
 []


Underfull \hbox (badness 10000) in paragraph at lines 242--242
[]|\T1/cmr/m/n/12 RF
 []

File: ../../logo.jpg Graphic file (type jpg)
<use ../../logo.jpg>
Package pdftex.def Info: ../../logo.jpg used on input line 247.
(pdftex.def)             Requested size: 56.90282pt x 56.90282pt.
 [78]
File: ../../logo.jpg Graphic file (type jpg)
 <use ../../logo.jpg>
Package pdftex.def Info: ../../logo.jpg used on input line 250.
(pdftex.def)             Requested size: 56.90282pt x 56.90282pt.
 [79]))

AED: lastpage setting LastPage
File: ../../logo.jpg Graphic file (type jpg)
<use ../../logo.jpg>
Package pdftex.def Info: ../../logo.jpg used on input line 68.
(pdftex.def)             Requested size: 56.90282pt x 56.90282pt.
 [80]
Package atveryend Info: Empty hook `BeforeClearDocument' on input line 68.
Package atveryend Info: Empty hook `AfterLastShipout' on input line 68.
 (./SpecificaTecnica_v.3.0.0.aux)
Package atveryend Info: Executing hook `AtVeryEndDocument' on input line 68.
Package atveryend Info: Empty hook `AtEndAfterFileList' on input line 68.
 )
(\end occurred inside a group at level 1)

### simple group (level 1) entered at line 1 ({)
### bottom level 
Here is how much of TeX's memory you used:
 14030 strings out of 494969
 204727 string characters out of 6178806
 374759 words of memory out of 5000000
 16714 multiletter control sequences out of 15000+600000
 16527 words of font info for 39 fonts, out of 8000000 for 9000
 14 hyphenation exceptions out of 8191
 51i,16n,60p,818b,712s stack positions out of 5000i,500n,10000p,200000b,80000s
 </home/petrucci/.texmf-var/fonts/pk/ljfour/jknappen/ec/ecbx080
0.600pk> </home/petrucci/.texmf-var/fonts/pk/ljfour/jknappen/ec/ectt1200.600pk>
 </home/petrucci/.texmf-var/fonts/pk/ljfour/jknappen/ec/ecbx1440.600pk> </home/
petrucci/.texmf-var/fonts/pk/ljfour/jknappen/ec/ecrm0800.600pk> </home/petrucci
/.texmf-var/fonts/pk/ljfour/jknappen/ec/ecrm0600.600pk> </home/petrucci/.texmf-
var/fonts/pk/ljfour/jknappen/ec/ecbx1728.600pk> </home/petrucci/.texmf-var/font
s/pk/ljfour/jknappen/ec/ecti1200.600pk> </home/petrucci/.texmf-var/fonts/pk/ljf
our/jknappen/ec/ecbx1200.600pk> </home/petrucci/.texmf-var/fonts/pk/ljfour/jkna
ppen/ec/ecbx2488.600pk> </home/petrucci/.texmf-var/fonts/pk/ljfour/jknappen/ec/
ecrm1200.600pk></usr/share/texlive/texmf-dist/fonts/type1/public/amsfonts/cm/cm
sy10.pfb>
Output written on SpecificaTecnica_v.3.0.0.pdf (81 pages, 2383088 bytes).
PDF statistics:
 3266 PDF objects out of 3580 (max. 8388607)
 2066 compressed objects within 21 object streams
 223 named destinations out of 1000 (max. 500000)
 1089 words of extra memory for PDF output out of 10000 (max. 10000000)

