\BOOKMARK [1][-]{section.1}{Introduzione}{}% 1
\BOOKMARK [2][-]{subsection.1.1}{Scopo del documento}{section.1}% 2
\BOOKMARK [2][-]{subsection.1.2}{Glossario}{section.1}% 3
\BOOKMARK [1][-]{section.2}{Comunicazioni}{}% 4
\BOOKMARK [2][-]{subsection.2.1}{Interne}{section.2}% 5
\BOOKMARK [2][-]{subsection.2.2}{Esterne}{section.2}% 6
\BOOKMARK [1][-]{section.3}{Riunioni}{}% 7
\BOOKMARK [2][-]{subsection.3.1}{Interne}{section.3}% 8
\BOOKMARK [3][-]{subsubsection.3.1.1}{Casi Particolari}{subsection.3.1}% 9
\BOOKMARK [2][-]{subsection.3.2}{Esterne}{section.3}% 10
\BOOKMARK [2][-]{subsection.3.3}{Esito}{section.3}% 11
\BOOKMARK [1][-]{section.4}{???}{}% 12
\BOOKMARK [2][-]{subsection.4.1}{Gestione degli incarichi}{section.4}% 13
\BOOKMARK [1][-]{section.5}{Processi di ingegneria dei requisiti}{}% 14
\BOOKMARK [2][-]{subsection.5.1}{Fattibilit\340}{section.5}% 15
\BOOKMARK [2][-]{subsection.5.2}{Deduzione e analisi dei requisiti}{section.5}% 16
\BOOKMARK [3][-]{subsubsection.5.2.1}{Scoperta dei requisiti}{subsection.5.2}% 17
\BOOKMARK [3][-]{subsubsection.5.2.2}{Classificazone e priorit\340}{subsection.5.2}% 18
\BOOKMARK [3][-]{subsubsection.5.2.3}{Specifica}{subsection.5.2}% 19
\BOOKMARK [3][-]{subsubsection.5.2.4}{Verifica dei requisiti}{subsection.5.2}% 20
\BOOKMARK [2][-]{subsection.5.3}{Validazione dei requisiti}{section.5}% 21
\BOOKMARK [3][-]{subsubsection.5.3.1}{Interna}{subsection.5.3}% 22
\BOOKMARK [3][-]{subsubsection.5.3.2}{Esterna}{subsection.5.3}% 23
\BOOKMARK [2][-]{subsection.5.4}{Gestione delle modifiche ai requisiti}{section.5}% 24
\BOOKMARK [1][-]{section.6}{Ambiente di lavoro}{}% 25
\BOOKMARK [2][-]{subsection.6.1}{Sistemi Operativi}{section.6}% 26
\BOOKMARK [2][-]{subsection.6.2}{Coordinamento}{section.6}% 27
\BOOKMARK [3][-]{section*.1}{Software di gestione del progetto}{subsection.6.2}% 28
\BOOKMARK [3][-]{section*.1}{Versionamento}{subsection.6.2}% 29
\BOOKMARK [3][-]{section*.1}{Software di Integrazione Continua}{subsection.6.2}% 30
\BOOKMARK [3][-]{section*.1}{Condivisione dei file}{subsection.6.2}% 31
\BOOKMARK [3][-]{subsubsubsection.6.2.1}{Google Calendar}{subsection.6.2}% 32
\BOOKMARK [2][-]{subsection.6.3}{Strumenti per i documenti}{section.6}% 33
\BOOKMARK [3][-]{section*.2}{LATEX}{subsection.6.3}% 34
\BOOKMARK [3][-]{section*.2}{Controllo ortografico}{subsection.6.3}% 35
\BOOKMARK [3][-]{section*.2}{Grafici UML}{subsection.6.3}% 36
\BOOKMARK [3][-]{section*.2}{Ambiente di verifica}{subsection.6.3}% 37
\BOOKMARK [3][-]{section*.2}{Fogli di calcolo}{subsection.6.3}% 38
\BOOKMARK [3][-]{section*.2}{Codice}{subsection.6.3}% 39
\BOOKMARK [1][-]{section.7}{Protocollo per lo sviluppo dell'applicazione}{}% 40
\BOOKMARK [2][-]{subsection.7.1}{Creare un nuovo progetto}{section.7}% 41
\BOOKMARK [2][-]{subsection.7.2}{Creazione ticket}{section.7}% 42
\BOOKMARK [3][-]{subsubsection.7.2.1}{Ticket di pianificazione}{subsection.7.2}% 43
\BOOKMARK [3][-]{subsubsection.7.2.2}{Ticket di realizzazione e controllo}{subsection.7.2}% 44
\BOOKMARK [3][-]{subsubsection.7.2.3}{Ticket di verifica}{subsection.7.2}% 45
\BOOKMARK [3][-]{subsubsection.7.2.4}{Dipendenze temporali}{subsection.7.2}% 46
\BOOKMARK [2][-]{subsection.7.3}{Aggiornamento ticket}{section.7}% 47
\BOOKMARK [3][-]{subsubsection.7.3.1}{Ticket di pianificazione}{subsection.7.3}% 48
\BOOKMARK [3][-]{subsubsection.7.3.2}{Ticket di realizzazione e controllo}{subsection.7.3}% 49
\BOOKMARK [3][-]{subsubsection.7.3.3}{Ticket di verifica}{subsection.7.3}% 50
\BOOKMARK [2][-]{subsection.7.4}{Consigli di utilizzo}{section.7}% 51
\BOOKMARK [3][-]{subsubsection.7.4.1}{Pagina personale}{subsection.7.4}% 52
\BOOKMARK [3][-]{subsubsection.7.4.2}{Visualizzare segnalazioni}{subsection.7.4}% 53
\BOOKMARK [1][-]{section.8}{Documenti}{}% 54
\BOOKMARK [2][-]{subsection.8.1}{Contenuto e struttura dei documenti}{section.8}% 55
\BOOKMARK [2][-]{subsection.8.2}{Norme tipografiche}{section.8}% 56
\BOOKMARK [2][-]{subsection.8.3}{Formati di riferimento e altro}{section.8}% 57
\BOOKMARK [2][-]{subsection.8.4}{Immagini e tabelle}{section.8}% 58
\BOOKMARK [1][-]{section.9}{Glossario}{}% 59
