mktextfm ecrm1000
mktextfm ecbx1000
mktextfm ecbx0700
mktextfm ecti1000
mktextfm ecrm1440
mktextfm ecbx1440
mktextfm ecrm1200
mktextfm ecbx1200
mktextfm ecbi1000
mktextfm ecbi0700
mktextfm ectt1000
mktextfm ecsl1000
mktextfm ecrm1000
mktextfm ecbx1000
mktextfm ecbx0700
mktextfm ecti1000
mktextfm ecrm1440
mktextfm ecbx1440
mktextfm ecrm1200
mktextfm ecbx1200
mktextfm ecbi1000
mktextfm ecbi0700
mktextfm ectt1000
mktextfm ecsl1000
mktextfm ecrm1000
mktextfm ecbx1000
mktextfm ecbx0700
mktextfm ecti1000
mktextfm ecrm1440
mktextfm ecbx1440
mktextfm ecrm1200
mktextfm ecbx1200
mktextfm ecbi1000
mktextfm ecbi0700
mktextfm ectt1000
mktextfm ecsl1000
mktextfm ecrm1000
mktextfm ecbx1000
mktextfm ecbx0700
mktextfm ecti1000
mktextfm ecrm1440
mktextfm ecbx1440
mktextfm ecrm1200
mktextfm ecbx1200
mktextfm ecbi1000
mktextfm ecbi0700
mktextfm ectt1000
mktextfm ecsl1000
mktextfm ecrm1000
mktextfm ecbx1000
mktextfm ecbx0700
mktextfm ecti1000
mktextfm ecrm1440
mktextfm ecbx1440
mktextfm ecrm1200
mktextfm ecbx1200
mktextfm ecbi1000
mktextfm ecbi0700
mktextfm ectt1000
mktextfm ecsl1000
mktextfm ecrm1200
mktextfm ecrm1200
mktextfm ecrm2488
mktextfm ecbx2488
mktextfm ecbx1200
mktextfm ecti1200
mktextfm ecrm1728
mktextfm ecbx1728
mktextfm ectt1200
mktextfm ecrm0600
mktextfm ecrm1200
mktextfm ecrm2488
mktextfm ecbx2488
mktextfm ecbx1200
mktextfm ecti1200
mktextfm ecrm1728
mktextfm ecbx1728
mktextfm ectt1200
mktextfm ecrm0600
mktextfm ecrm1200
mktextfm ecrm2488
mktextfm ecbx2488
mktextfm ecbx1200
mktextfm ecti1200
mktextfm ecrm1728
mktextfm ecbx1728
mktextfm ectt1200
mktextfm ecrm0600
mktextfm ecrm1200
mktextfm ectt1200
mktextfm ecrm2488
mktextfm ecbx2488
mktextfm ecbx1200
mktextfm ecti1200
mktextfm ecrm1728
mktextfm ecbx1728
mktextfm ecrm0600
mktextfm ecrm1200
mktextfm ecrm2488
mktextfm ecbx2488
mktextfm ecbx1200
mktextfm ecti1200
mktextfm ecrm1728
mktextfm ecbx1728
mktextfm ectt1200
mktextfm ecrm0600
mktextfm ecrm1200
mktextfm ecrm2488
mktextfm ecbx2488
mktextfm ecbx1200
mktextfm ecti1200
mktextfm ecrm1728
mktextfm ecbx1728
mktextfm ectt1200
mktextfm ecrm0600
mktextfm ecrm1200
mktextfm ecrm2488
mktextfm ecbx2488
mktextfm ecbx1200
mktextfm ecti1200
mktextfm ecrm1728
mktextfm ecbx1728
mktextfm ecrm0600
mktextfm ecrm1200
mktextfm ecrm2488
mktextfm ecbx2488
mktextfm ecbx1200
mktextfm ecti1200
mktextfm ecrm1728
mktextfm ecbx1728
mktextfm ecrm0600
mktextfm ecrm1200
mktextfm ecrm2488
mktextfm ecbx2488
mktextfm ecbx1200
mktextfm ecti1200
mktextfm ecrm1728
mktextfm ecbx1728
mktextfm ecrm0600
mktextfm ecrm1200
mktextfm ecrm2488
mktextfm ecbx2488
mktextfm ecbx1200
mktextfm ecti1200
mktextfm ecrm1728
mktextfm ecbx1728
mktextfm ecrm0600
mktextfm ecrm1200
mktextfm ecrm2488
mktextfm ecbx2488
mktextfm ecbx1200
mktextfm ecti1200
mktextfm ecrm1728
mktextfm ecbx1728
mktextfm ecrm0600
mktextfm ecrm1200
mktextfm ecrm2488
mktextfm ecbx2488
mktextfm ecbx1200
mktextfm ecti1200
mktextfm ecrm1728
mktextfm ecbx1728
mktextfm ecrm0600
mktextfm ecrm1200
mktextfm ecrm2488
mktextfm ecbx2488
mktextfm ecbx1200
mktextfm ecti1200
mktextfm ecrm1728
mktextfm ecbx1728
mktextfm ecrm0600
mktextfm ecrm1200
mktextfm ecrm2488
mktextfm ecbx2488
mktextfm ecbx1200
mktextfm ecti1200
mktextfm ecrm1728
mktextfm ecbx1728
mktextfm ecrm0600
mktextfm ecrm1440
mktextfm ecbx1440
mktextfm ecrm1200
mktextfm ecrm2488
mktextfm ecbx2488
mktextfm ecbx1200
mktextfm ecti1200
mktextfm ecrm1728
mktextfm ecbx1728
mktextfm ecrm0600
mktextfm ecrm1200
mktextfm ecrm2488
mktextfm ecbx2488
mktextfm ecbx1200
mktextfm ecti1200
mktextfm ecrm1728
mktextfm ecbx1728
mktextfm ecrm0600
mktextfm ecrm1200
mktextfm ecrm2488
mktextfm ecbx2488
mktextfm ecbx1200
mktextfm ecti1200
mktextfm ecrm1728
mktextfm ecbx1728
mktextfm ecrm0600
