This is pdfTeX, Version 3.14159265-2.6-1.40.15 (MiKTeX 2.9 64-bit) (preloaded format=pdflatex 2015.5.20)  4 JUN 2015 13:24
entering extended mode
**SpecificaTecnica_v.1.0.0.tex
(SpecificaTecnica_v.1.0.0.tex
LaTeX2e <2014/05/01>
Babel <3.9l> and hyphenation patterns for 68 languages loaded.
("C:\Program Files\MiKTeX 2.9\tex\latex\base\article.cls"
Document Class: article 2014/09/29 v1.4h Standard LaTeX document class
("C:\Program Files\MiKTeX 2.9\tex\latex\base\size12.clo"
File: size12.clo 2014/09/29 v1.4h Standard LaTeX file (size option)
)
\c@part=\count79
\c@section=\count80
\c@subsection=\count81
\c@subsubsection=\count82
\c@paragraph=\count83
\c@subparagraph=\count84
\c@figure=\count85
\c@table=\count86
\abovecaptionskip=\skip41
\belowcaptionskip=\skip42
\bibindent=\dimen102
)
(../../Template/format.sty
("C:\Program Files\MiKTeX 2.9\tex\latex\base\inputenc.sty"
Package: inputenc 2014/04/30 v1.2b Input encoding file
\inpenc@prehook=\toks14
\inpenc@posthook=\toks15

("C:\Program Files\MiKTeX 2.9\tex\latex\base\utf8.def"
File: utf8.def 2014/09/29 v1.1m UTF-8 support for inputenc
Now handling font encoding OML ...
... no UTF-8 mapping file for font encoding OML
Now handling font encoding T1 ...
... processing UTF-8 mapping file for font encoding T1

("C:\Program Files\MiKTeX 2.9\tex\latex\base\t1enc.dfu"
File: t1enc.dfu 2014/09/29 v1.1m UTF-8 support for inputenc
   defining Unicode char U+00A1 (decimal 161)
   defining Unicode char U+00A3 (decimal 163)
   defining Unicode char U+00AB (decimal 171)
   defining Unicode char U+00BB (decimal 187)
   defining Unicode char U+00BF (decimal 191)
   defining Unicode char U+00C0 (decimal 192)
   defining Unicode char U+00C1 (decimal 193)
   defining Unicode char U+00C2 (decimal 194)
   defining Unicode char U+00C3 (decimal 195)
   defining Unicode char U+00C4 (decimal 196)
   defining Unicode char U+00C5 (decimal 197)
   defining Unicode char U+00C6 (decimal 198)
   defining Unicode char U+00C7 (decimal 199)
   defining Unicode char U+00C8 (decimal 200)
   defining Unicode char U+00C9 (decimal 201)
   defining Unicode char U+00CA (decimal 202)
   defining Unicode char U+00CB (decimal 203)
   defining Unicode char U+00CC (decimal 204)
   defining Unicode char U+00CD (decimal 205)
   defining Unicode char U+00CE (decimal 206)
   defining Unicode char U+00CF (decimal 207)
   defining Unicode char U+00D0 (decimal 208)
   defining Unicode char U+00D1 (decimal 209)
   defining Unicode char U+00D2 (decimal 210)
   defining Unicode char U+00D3 (decimal 211)
   defining Unicode char U+00D4 (decimal 212)
   defining Unicode char U+00D5 (decimal 213)
   defining Unicode char U+00D6 (decimal 214)
   defining Unicode char U+00D8 (decimal 216)
   defining Unicode char U+00D9 (decimal 217)
   defining Unicode char U+00DA (decimal 218)
   defining Unicode char U+00DB (decimal 219)
   defining Unicode char U+00DC (decimal 220)
   defining Unicode char U+00DD (decimal 221)
   defining Unicode char U+00DE (decimal 222)
   defining Unicode char U+00DF (decimal 223)
   defining Unicode char U+00E0 (decimal 224)
   defining Unicode char U+00E1 (decimal 225)
   defining Unicode char U+00E2 (decimal 226)
   defining Unicode char U+00E3 (decimal 227)
   defining Unicode char U+00E4 (decimal 228)
   defining Unicode char U+00E5 (decimal 229)
   defining Unicode char U+00E6 (decimal 230)
   defining Unicode char U+00E7 (decimal 231)
   defining Unicode char U+00E8 (decimal 232)
   defining Unicode char U+00E9 (decimal 233)
   defining Unicode char U+00EA (decimal 234)
   defining Unicode char U+00EB (decimal 235)
   defining Unicode char U+00EC (decimal 236)
   defining Unicode char U+00ED (decimal 237)
   defining Unicode char U+00EE (decimal 238)
   defining Unicode char U+00EF (decimal 239)
   defining Unicode char U+00F0 (decimal 240)
   defining Unicode char U+00F1 (decimal 241)
   defining Unicode char U+00F2 (decimal 242)
   defining Unicode char U+00F3 (decimal 243)
   defining Unicode char U+00F4 (decimal 244)
   defining Unicode char U+00F5 (decimal 245)
   defining Unicode char U+00F6 (decimal 246)
   defining Unicode char U+00F8 (decimal 248)
   defining Unicode char U+00F9 (decimal 249)
   defining Unicode char U+00FA (decimal 250)
   defining Unicode char U+00FB (decimal 251)
   defining Unicode char U+00FC (decimal 252)
   defining Unicode char U+00FD (decimal 253)
   defining Unicode char U+00FE (decimal 254)
   defining Unicode char U+00FF (decimal 255)
   defining Unicode char U+0102 (decimal 258)
   defining Unicode char U+0103 (decimal 259)
   defining Unicode char U+0104 (decimal 260)
   defining Unicode char U+0105 (decimal 261)
   defining Unicode char U+0106 (decimal 262)
   defining Unicode char U+0107 (decimal 263)
   defining Unicode char U+010C (decimal 268)
   defining Unicode char U+010D (decimal 269)
   defining Unicode char U+010E (decimal 270)
   defining Unicode char U+010F (decimal 271)
   defining Unicode char U+0110 (decimal 272)
   defining Unicode char U+0111 (decimal 273)
   defining Unicode char U+0118 (decimal 280)
   defining Unicode char U+0119 (decimal 281)
   defining Unicode char U+011A (decimal 282)
   defining Unicode char U+011B (decimal 283)
   defining Unicode char U+011E (decimal 286)
   defining Unicode char U+011F (decimal 287)
   defining Unicode char U+0130 (decimal 304)
   defining Unicode char U+0131 (decimal 305)
   defining Unicode char U+0132 (decimal 306)
   defining Unicode char U+0133 (decimal 307)
   defining Unicode char U+0139 (decimal 313)
   defining Unicode char U+013A (decimal 314)
   defining Unicode char U+013D (decimal 317)
   defining Unicode char U+013E (decimal 318)
   defining Unicode char U+0141 (decimal 321)
   defining Unicode char U+0142 (decimal 322)
   defining Unicode char U+0143 (decimal 323)
   defining Unicode char U+0144 (decimal 324)
   defining Unicode char U+0147 (decimal 327)
   defining Unicode char U+0148 (decimal 328)
   defining Unicode char U+014A (decimal 330)
   defining Unicode char U+014B (decimal 331)
   defining Unicode char U+0150 (decimal 336)
   defining Unicode char U+0151 (decimal 337)
   defining Unicode char U+0152 (decimal 338)
   defining Unicode char U+0153 (decimal 339)
   defining Unicode char U+0154 (decimal 340)
   defining Unicode char U+0155 (decimal 341)
   defining Unicode char U+0158 (decimal 344)
   defining Unicode char U+0159 (decimal 345)
   defining Unicode char U+015A (decimal 346)
   defining Unicode char U+015B (decimal 347)
   defining Unicode char U+015E (decimal 350)
   defining Unicode char U+015F (decimal 351)
   defining Unicode char U+0160 (decimal 352)
   defining Unicode char U+0161 (decimal 353)
   defining Unicode char U+0162 (decimal 354)
   defining Unicode char U+0163 (decimal 355)
   defining Unicode char U+0164 (decimal 356)
   defining Unicode char U+0165 (decimal 357)
   defining Unicode char U+016E (decimal 366)
   defining Unicode char U+016F (decimal 367)
   defining Unicode char U+0170 (decimal 368)
   defining Unicode char U+0171 (decimal 369)
   defining Unicode char U+0178 (decimal 376)
   defining Unicode char U+0179 (decimal 377)
   defining Unicode char U+017A (decimal 378)
   defining Unicode char U+017B (decimal 379)
   defining Unicode char U+017C (decimal 380)
   defining Unicode char U+017D (decimal 381)
   defining Unicode char U+017E (decimal 382)
   defining Unicode char U+200C (decimal 8204)
   defining Unicode char U+2013 (decimal 8211)
   defining Unicode char U+2014 (decimal 8212)
   defining Unicode char U+2018 (decimal 8216)
   defining Unicode char U+2019 (decimal 8217)
   defining Unicode char U+201A (decimal 8218)
   defining Unicode char U+201C (decimal 8220)
   defining Unicode char U+201D (decimal 8221)
   defining Unicode char U+201E (decimal 8222)
   defining Unicode char U+2030 (decimal 8240)
   defining Unicode char U+2031 (decimal 8241)
   defining Unicode char U+2039 (decimal 8249)
   defining Unicode char U+203A (decimal 8250)
   defining Unicode char U+2423 (decimal 9251)
)
Now handling font encoding OT1 ...
... processing UTF-8 mapping file for font encoding OT1

("C:\Program Files\MiKTeX 2.9\tex\latex\base\ot1enc.dfu"
File: ot1enc.dfu 2014/09/29 v1.1m UTF-8 support for inputenc
   defining Unicode char U+00A1 (decimal 161)
   defining Unicode char U+00A3 (decimal 163)
   defining Unicode char U+00B8 (decimal 184)
   defining Unicode char U+00BF (decimal 191)
   defining Unicode char U+00C5 (decimal 197)
   defining Unicode char U+00C6 (decimal 198)
   defining Unicode char U+00D8 (decimal 216)
   defining Unicode char U+00DF (decimal 223)
   defining Unicode char U+00E6 (decimal 230)
   defining Unicode char U+00EC (decimal 236)
   defining Unicode char U+00ED (decimal 237)
   defining Unicode char U+00EE (decimal 238)
   defining Unicode char U+00EF (decimal 239)
   defining Unicode char U+00F8 (decimal 248)
   defining Unicode char U+0131 (decimal 305)
   defining Unicode char U+0141 (decimal 321)
   defining Unicode char U+0142 (decimal 322)
   defining Unicode char U+0152 (decimal 338)
   defining Unicode char U+0153 (decimal 339)
   defining Unicode char U+2013 (decimal 8211)
   defining Unicode char U+2014 (decimal 8212)
   defining Unicode char U+2018 (decimal 8216)
   defining Unicode char U+2019 (decimal 8217)
   defining Unicode char U+201C (decimal 8220)
   defining Unicode char U+201D (decimal 8221)
)
Now handling font encoding OMS ...
... processing UTF-8 mapping file for font encoding OMS

("C:\Program Files\MiKTeX 2.9\tex\latex\base\omsenc.dfu"
File: omsenc.dfu 2014/09/29 v1.1m UTF-8 support for inputenc
   defining Unicode char U+00A7 (decimal 167)
   defining Unicode char U+00B6 (decimal 182)
   defining Unicode char U+00B7 (decimal 183)
   defining Unicode char U+2020 (decimal 8224)
   defining Unicode char U+2021 (decimal 8225)
   defining Unicode char U+2022 (decimal 8226)
)
Now handling font encoding OMX ...
... no UTF-8 mapping file for font encoding OMX
Now handling font encoding U ...
... no UTF-8 mapping file for font encoding U
   defining Unicode char U+00A9 (decimal 169)
   defining Unicode char U+00AA (decimal 170)
   defining Unicode char U+00AE (decimal 174)
   defining Unicode char U+00BA (decimal 186)
   defining Unicode char U+02C6 (decimal 710)
   defining Unicode char U+02DC (decimal 732)
   defining Unicode char U+200C (decimal 8204)
   defining Unicode char U+2026 (decimal 8230)
   defining Unicode char U+2122 (decimal 8482)
   defining Unicode char U+2423 (decimal 9251)
))
("C:\Program Files\MiKTeX 2.9\tex\latex\geometry\geometry.sty"
Package: geometry 2010/09/12 v5.6 Page Geometry

("C:\Program Files\MiKTeX 2.9\tex\latex\graphics\keyval.sty"
Package: keyval 2014/10/28 v1.15 key=value parser (DPC)
\KV@toks@=\toks16
)
("C:\Program Files\MiKTeX 2.9\tex\generic\oberdiek\ifpdf.sty"
Package: ifpdf 2011/01/30 v2.3 Provides the ifpdf switch (HO)
Package ifpdf Info: pdfTeX in PDF mode is detected.
)
("C:\Program Files\MiKTeX 2.9\tex\generic\oberdiek\ifvtex.sty"
Package: ifvtex 2010/03/01 v1.5 Detect VTeX and its facilities (HO)
Package ifvtex Info: VTeX not detected.
)
("C:\Program Files\MiKTeX 2.9\tex\generic\ifxetex\ifxetex.sty"
Package: ifxetex 2010/09/12 v0.6 Provides ifxetex conditional
)
\Gm@cnth=\count87
\Gm@cntv=\count88
\c@Gm@tempcnt=\count89
\Gm@bindingoffset=\dimen103
\Gm@wd@mp=\dimen104
\Gm@odd@mp=\dimen105
\Gm@even@mp=\dimen106
\Gm@layoutwidth=\dimen107
\Gm@layoutheight=\dimen108
\Gm@layouthoffset=\dimen109
\Gm@layoutvoffset=\dimen110
\Gm@dimlist=\toks17

("C:\Program Files\MiKTeX 2.9\tex\latex\geometry\geometry.cfg"))
("C:\Program Files\MiKTeX 2.9\tex\latex\babel\babel.sty"
Package: babel 2014/09/25 3.9l The Babel package

*************************************
* Local config file bblopts.cfg used
*
("C:\Program Files\MiKTeX 2.9\tex\latex\00miktex\bblopts.cfg"
File: bblopts.cfg 2006/07/31 v1.0 MiKTeX 'babel' configuration
)
("C:\Program Files\MiKTeX 2.9\tex\latex\babel-italian\italian.ldf"
Language: italian 2014/03/29 v1.3k Italian support from the babel system

("C:\Program Files\MiKTeX 2.9\tex\latex\babel\babel.def"
File: babel.def 2014/09/25 3.9l Babel common definitions
\babel@savecnt=\count90
\U@D=\dimen111
)
\it@lettering=\count91
\it@doublequoteactive=\count92
\it@ISOcompliance=\count93
\Virgola=\count94
))
("C:\Program Files\MiKTeX 2.9\tex\latex\etoolbox\etoolbox.sty"
Package: etoolbox 2015/03/10 v2.1b e-TeX tools for LaTeX (JAW)

("C:\Program Files\MiKTeX 2.9\tex\latex\misc\etex.sty"
Package: etex 2015/03/02 v2.1 eTeX basic definition package (PEB,DPC)
\et@xins=\count95
)
\etb@tempcnta=\count96
)
("C:\Program Files\MiKTeX 2.9\tex\latex\csquotes\csquotes.sty"
Package: csquotes 2011/10/22 v5.1d context-sensitive quotations
\csq@reset=\count97
\csq@gtype=\count98
\csq@glevel=\count99
\csq@qlevel=\count100
\csq@maxlvl=\count101
\csq@tshold=\count102
\csq@ltx@everypar=\toks18

("C:\Program Files\MiKTeX 2.9\tex\latex\csquotes\csquotes.def"
File: csquotes.def 2011/10/22 v5.1d csquotes generic definitions
)
Package csquotes Info: Trying to load configuration file 'csquotes.cfg'...
Package csquotes Info: ... configuration file loaded successfully.

("C:\Program Files\MiKTeX 2.9\tex\latex\csquotes\csquotes.cfg"
File: csquotes.cfg 
)
Package csquotes Info: Option 'babel' depreciated.
(csquotes)             Using 'autostyle'.
Package csquotes Info: Enabling multilingual quotes.
)
("C:\Program Files\MiKTeX 2.9\tex\latex\base\fontenc.sty"
Package: fontenc 2005/09/27 v1.99g Standard LaTeX package

("C:\Program Files\MiKTeX 2.9\tex\latex\base\t1enc.def"
File: t1enc.def 2005/09/27 v1.99g Standard LaTeX file
LaTeX Font Info:    Redeclaring font encoding T1 on input line 43.
))
("C:\Program Files\MiKTeX 2.9\tex\latex\tools\tabularx.sty"
Package: tabularx 2014/10/28 v2.10 `tabularx' package (DPC)

("C:\Program Files\MiKTeX 2.9\tex\latex\tools\array.sty"
Package: array 2014/10/28 v2.4c Tabular extension package (FMi)
\col@sep=\dimen112
\extrarowheight=\dimen113
\NC@list=\toks19
\extratabsurround=\skip43
\backup@length=\skip44
)
\TX@col@width=\dimen114
\TX@old@table=\dimen115
\TX@old@col=\dimen116
\TX@target=\dimen117
\TX@delta=\dimen118
\TX@cols=\count103
\TX@ftn=\toks20
)
("C:\Program Files\MiKTeX 2.9\tex\latex\url\url.sty"
\Urlmuskip=\muskip10
Package: url 2013/09/16  ver 3.4  Verb mode for urls, etc.
)
("C:\Program Files\MiKTeX 2.9\tex\latex\graphics\graphicx.sty"
Package: graphicx 2014/10/28 v1.0g Enhanced LaTeX Graphics (DPC,SPQR)

("C:\Program Files\MiKTeX 2.9\tex\latex\graphics\graphics.sty"
Package: graphics 2014/10/28 v1.0p Standard LaTeX Graphics (DPC,SPQR)

("C:\Program Files\MiKTeX 2.9\tex\latex\graphics\trig.sty"
Package: trig 1999/03/16 v1.09 sin cos tan (DPC)
)
("C:\Program Files\MiKTeX 2.9\tex\latex\00miktex\graphics.cfg"
File: graphics.cfg 2007/01/18 v1.5 graphics configuration of teTeX/TeXLive
)
Package graphics Info: Driver file: pdftex.def on input line 91.

("C:\Program Files\MiKTeX 2.9\tex\latex\pdftex-def\pdftex.def"
File: pdftex.def 2011/05/27 v0.06d Graphics/color for pdfTeX

("C:\Program Files\MiKTeX 2.9\tex\generic\oberdiek\infwarerr.sty"
Package: infwarerr 2010/04/08 v1.3 Providing info/warning/error messages (HO)
)
("C:\Program Files\MiKTeX 2.9\tex\generic\oberdiek\ltxcmds.sty"
Package: ltxcmds 2011/11/09 v1.22 LaTeX kernel commands for general use (HO)
)
\Gread@gobject=\count104
))
\Gin@req@height=\dimen119
\Gin@req@width=\dimen120
)
("C:\Program Files\MiKTeX 2.9\tex\latex\hyperref\hyperref.sty"
Package: hyperref 2012/11/06 v6.83m Hypertext links for LaTeX

("C:\Program Files\MiKTeX 2.9\tex\generic\oberdiek\hobsub-hyperref.sty"
Package: hobsub-hyperref 2012/04/25 v1.12 Bundle oberdiek, subset hyperref (HO)


("C:\Program Files\MiKTeX 2.9\tex\generic\oberdiek\hobsub-generic.sty"
Package: hobsub-generic 2012/04/25 v1.12 Bundle oberdiek, subset generic (HO)
Package: hobsub 2012/04/25 v1.12 Construct package bundles (HO)
Package hobsub Info: Skipping package `infwarerr' (already loaded).
Package hobsub Info: Skipping package `ltxcmds' (already loaded).
Package: ifluatex 2010/03/01 v1.3 Provides the ifluatex switch (HO)
Package ifluatex Info: LuaTeX not detected.
Package hobsub Info: Skipping package `ifvtex' (already loaded).
Package: intcalc 2007/09/27 v1.1 Expandable calculations with integers (HO)
Package hobsub Info: Skipping package `ifpdf' (already loaded).
Package: etexcmds 2011/02/16 v1.5 Avoid name clashes with e-TeX commands (HO)
Package etexcmds Info: Could not find \expanded.
(etexcmds)             That can mean that you are not using pdfTeX 1.50 or
(etexcmds)             that some package has redefined \expanded.
(etexcmds)             In the latter case, load this package earlier.
Package: kvsetkeys 2012/04/25 v1.16 Key value parser (HO)
Package: kvdefinekeys 2011/04/07 v1.3 Define keys (HO)
Package: pdftexcmds 2011/11/29 v0.20 Utility functions of pdfTeX for LuaTeX (HO
)
Package pdftexcmds Info: LuaTeX not detected.
Package pdftexcmds Info: \pdf@primitive is available.
Package pdftexcmds Info: \pdf@ifprimitive is available.
Package pdftexcmds Info: \pdfdraftmode found.
Package: pdfescape 2011/11/25 v1.13 Implements pdfTeX's escape features (HO)
Package: bigintcalc 2012/04/08 v1.3 Expandable calculations on big integers (HO
)
Package: bitset 2011/01/30 v1.1 Handle bit-vector datatype (HO)
Package: uniquecounter 2011/01/30 v1.2 Provide unlimited unique counter (HO)
)
Package hobsub Info: Skipping package `hobsub' (already loaded).
Package: letltxmacro 2010/09/02 v1.4 Let assignment for LaTeX macros (HO)
Package: hopatch 2011/06/24 v1.1 Wrapper for package hooks (HO)
Package: xcolor-patch 2011/01/30 xcolor patch
Package: atveryend 2011/06/30 v1.8 Hooks at the very end of document (HO)
Package: atbegshi 2011/10/05 v1.16 At begin shipout hook (HO)
Package: refcount 2011/10/16 v3.4 Data extraction from label references (HO)
Package: hycolor 2011/01/30 v1.7 Color options for hyperref/bookmark (HO)
)
("C:\Program Files\MiKTeX 2.9\tex\latex\oberdiek\auxhook.sty"
Package: auxhook 2011/03/04 v1.3 Hooks for auxiliary files (HO)
)
("C:\Program Files\MiKTeX 2.9\tex\latex\oberdiek\kvoptions.sty"
Package: kvoptions 2011/06/30 v3.11 Key value format for package options (HO)
)
\@linkdim=\dimen121
\Hy@linkcounter=\count105
\Hy@pagecounter=\count106

("C:\Program Files\MiKTeX 2.9\tex\latex\hyperref\pd1enc.def"
File: pd1enc.def 2012/11/06 v6.83m Hyperref: PDFDocEncoding definition (HO)
Now handling font encoding PD1 ...
... no UTF-8 mapping file for font encoding PD1
)
\Hy@SavedSpaceFactor=\count107

("C:\Program Files\MiKTeX 2.9\tex\latex\00miktex\hyperref.cfg"
File: hyperref.cfg 2002/06/06 v1.2 hyperref configuration of TeXLive
)
Package hyperref Info: Option `colorlinks' set `true' on input line 4319.
Package hyperref Info: Hyper figures OFF on input line 4443.
Package hyperref Info: Link nesting OFF on input line 4448.
Package hyperref Info: Hyper index ON on input line 4451.
Package hyperref Info: Plain pages OFF on input line 4458.
Package hyperref Info: Backreferencing OFF on input line 4463.
Package hyperref Info: Implicit mode ON; LaTeX internals redefined.
Package hyperref Info: Bookmarks ON on input line 4688.
\c@Hy@tempcnt=\count108
LaTeX Info: Redefining \url on input line 5041.
\XeTeXLinkMargin=\dimen122
\Fld@menulength=\count109
\Field@Width=\dimen123
\Fld@charsize=\dimen124
Package hyperref Info: Hyper figures OFF on input line 6295.
Package hyperref Info: Link nesting OFF on input line 6300.
Package hyperref Info: Hyper index ON on input line 6303.
Package hyperref Info: backreferencing OFF on input line 6310.
Package hyperref Info: Link coloring ON on input line 6313.
Package hyperref Info: Link coloring with OCG OFF on input line 6320.
Package hyperref Info: PDF/A mode OFF on input line 6325.
LaTeX Info: Redefining \ref on input line 6365.
LaTeX Info: Redefining \pageref on input line 6369.
\Hy@abspage=\count110
\c@Item=\count111
\c@Hfootnote=\count112
)

Package hyperref Message: Driver (autodetected): hpdftex.

("C:\Program Files\MiKTeX 2.9\tex\latex\hyperref\hpdftex.def"
File: hpdftex.def 2012/11/06 v6.83m Hyperref driver for pdfTeX
\Fld@listcount=\count113
\c@bookmark@seq@number=\count114

("C:\Program Files\MiKTeX 2.9\tex\latex\oberdiek\rerunfilecheck.sty"
Package: rerunfilecheck 2011/04/15 v1.7 Rerun checks for auxiliary files (HO)
Package uniquecounter Info: New unique counter `rerunfilecheck' on input line 2
82.
)
\Hy@SectionHShift=\skip45
)
("C:\Program Files\MiKTeX 2.9\tex\latex\lastpage\lastpage.sty"
Package: lastpage 2013/01/28 v1.2l Refers to last page's name (HMM; JPG)
)
("C:\Program Files\MiKTeX 2.9\tex\latex\fancyhdr\fancyhdr.sty"
\fancy@headwidth=\skip46
\f@ncyO@elh=\skip47
\f@ncyO@erh=\skip48
\f@ncyO@olh=\skip49
\f@ncyO@orh=\skip50
\f@ncyO@elf=\skip51
\f@ncyO@erf=\skip52
\f@ncyO@olf=\skip53
\f@ncyO@orf=\skip54
)
("C:\Program Files\MiKTeX 2.9\tex\latex\listings\listings.sty"
\lst@mode=\count115
\lst@gtempboxa=\box26
\lst@token=\toks21
\lst@length=\count116
\lst@currlwidth=\dimen125
\lst@column=\count117
\lst@pos=\count118
\lst@lostspace=\dimen126
\lst@width=\dimen127
\lst@newlines=\count119
\lst@lineno=\count120
\lst@maxwidth=\dimen128

("C:\Program Files\MiKTeX 2.9\tex\latex\listings\lstmisc.sty"
File: lstmisc.sty 2014/09/06 1.5e (Carsten Heinz)
\c@lstnumber=\count121
\lst@skipnumbers=\count122
\lst@framebox=\box27
)
("C:\Program Files\MiKTeX 2.9\tex\latex\listings\listings.cfg"
File: listings.cfg 2014/09/06 1.5e listings configuration
))
Package: listings 2014/09/06 1.5e (Carsten Heinz)

("C:\Program Files\MiKTeX 2.9\tex\latex\graphics\color.sty"
Package: color 2014/10/28 v1.1a Standard LaTeX Color (DPC)

("C:\Program Files\MiKTeX 2.9\tex\latex\00miktex\color.cfg"
File: color.cfg 2007/01/18 v1.5 color configuration of teTeX/TeXLive
)
Package color Info: Driver file: pdftex.def on input line 137.
)
("C:\Program Files\MiKTeX 2.9\tex\latex\xcolor\xcolor.sty"
Package: xcolor 2007/01/21 v2.11 LaTeX color extensions (UK)

("C:\Program Files\MiKTeX 2.9\tex\latex\00miktex\color.cfg"
File: color.cfg 2007/01/18 v1.5 color configuration of teTeX/TeXLive
)
Package xcolor Info: Driver file: pdftex.def on input line 225.

("C:\Program Files\MiKTeX 2.9\tex\latex\colortbl\colortbl.sty"
Package: colortbl 2012/02/13 v1.0a Color table columns (DPC)
\everycr=\toks22
\minrowclearance=\skip55
)
LaTeX Info: Redefining \color on input line 702.
\rownum=\count123
Package xcolor Info: Model `cmy' substituted by `cmy0' on input line 1337.
Package xcolor Info: Model `hsb' substituted by `rgb' on input line 1341.
Package xcolor Info: Model `RGB' extended on input line 1353.
Package xcolor Info: Model `HTML' substituted by `rgb' on input line 1355.
Package xcolor Info: Model `Hsb' substituted by `hsb' on input line 1356.
Package xcolor Info: Model `tHsb' substituted by `hsb' on input line 1357.
Package xcolor Info: Model `HSB' substituted by `hsb' on input line 1358.
Package xcolor Info: Model `Gray' substituted by `gray' on input line 1359.
Package xcolor Info: Model `wave' substituted by `hsb' on input line 1360.
)
("C:\Program Files\MiKTeX 2.9\tex\latex\booktabs\booktabs.sty"
Package: booktabs 2005/04/14 v1.61803 publication quality tables
\heavyrulewidth=\dimen129
\lightrulewidth=\dimen130
\cmidrulewidth=\dimen131
\belowrulesep=\dimen132
\belowbottomsep=\dimen133
\aboverulesep=\dimen134
\abovetopsep=\dimen135
\cmidrulesep=\dimen136
\cmidrulekern=\dimen137
\defaultaddspace=\dimen138
\@cmidla=\count124
\@cmidlb=\count125
\@aboverulesep=\dimen139
\@belowrulesep=\dimen140
\@thisruleclass=\count126
\@lastruleclass=\count127
\@thisrulewidth=\dimen141
)
("C:\Program Files\MiKTeX 2.9\tex\latex\base\makeidx.sty"
Package: makeidx 2014/09/29 v1.0m Standard LaTeX package
)
("C:\Program Files\MiKTeX 2.9\tex\latex\tools\longtable.sty"
Package: longtable 2014/10/28 v4.11 Multi-page Table package (DPC)
\LTleft=\skip56
\LTright=\skip57
\LTpre=\skip58
\LTpost=\skip59
\LTchunksize=\count128
\LTcapwidth=\dimen142
\LT@head=\box28
\LT@firsthead=\box29
\LT@foot=\box30
\LT@lastfoot=\box31
\LT@cols=\count129
\LT@rows=\count130
\c@LT@tables=\count131
\c@LT@chunks=\count132
\LT@p@ftn=\toks23
)
("C:\Program Files\MiKTeX 2.9\tex\latex\multirow\multirow.sty"
\bigstrutjot=\dimen143
)
("C:\Program Files\MiKTeX 2.9\tex\latex\tabu\tabu.sty"
Package: tabu 2011/02/26 v2.8 - flexible LaTeX tabulars (FC)

("C:\Program Files\MiKTeX 2.9\tex\latex\ltxmisc\varwidth.sty"
Package: varwidth 2009/03/30 ver 0.92;  Variable-width minipages
\@vwid@box=\box32
\sift@deathcycles=\count133
\@vwid@loff=\dimen144
\@vwid@roff=\dimen145
)
\c@taburow=\count134
\tabu@nbcols=\count135
\tabu@cnt=\count136
\tabu@Xcol=\count137
\tabu@alloc=\count138
\tabu@nested=\count139
\tabu@target=\dimen146
\tabu@spreadtarget=\dimen147
\tabu@naturalX=\dimen148
\tabucolX=\dimen149
\tabu@Xsum=\dimen150
\extrarowdepth=\dimen151
\abovetabulinesep=\dimen152
\belowtabulinesep=\dimen153
\tabustrutrule=\dimen154
\tabu@thebody=\toks24
\tabu@footnotes=\toks25
\tabu@box=\box33
\tabu@arstrutbox=\box34
\tabu@hleads=\box35
\tabu@vleads=\box36
\tabu@cellskip=\skip60
)
("C:\Program Files\MiKTeX 2.9\tex\latex\tools\xr.sty"
Package: xr 1994/05/28 v5.02 eXternal References (DPC)
)
("C:\Program Files\MiKTeX 2.9\tex\latex\titlesec\titlesec.sty"
Package: titlesec 2011/12/15 v2.10.0 Sectioning titles
\ttl@box=\box37
\beforetitleunit=\skip61
\aftertitleunit=\skip62
\ttl@plus=\dimen155
\ttl@minus=\dimen156
\ttl@toksa=\toks26
\titlewidth=\dimen157
\titlewidthlast=\dimen158
\titlewidthfirst=\dimen159
)
("C:\Program Files\MiKTeX 2.9\tex\latex\oberdiek\bookmark.sty"
Package: bookmark 2011/12/02 v1.24 PDF bookmarks (HO)

("C:\Program Files\MiKTeX 2.9\tex\latex\oberdiek\bkm-pdftex.def"
File: bkm-pdftex.def 2011/12/02 v1.24 bookmark driver for pdfTeX (HO)
\BKM@id=\count140
))
("C:\Program Files\MiKTeX 2.9\tex\latex\float\float.sty"
Package: float 2001/11/08 v1.3d Float enhancements (AL)
\c@float@type=\count141
\float@exts=\toks27
\float@box=\box38
\@float@everytoks=\toks28
\@floatcapt=\box39
)
("C:\Program Files\MiKTeX 2.9\tex\latex\subfig\subfig.sty"
Package: subfig 2005/06/28 ver: 1.3 subfig package

("C:\Program Files\MiKTeX 2.9\tex\latex\caption\caption.sty"
Package: caption 2013/05/02 v3.3-89 Customizing captions (AR)

("C:\Program Files\MiKTeX 2.9\tex\latex\caption\caption3.sty"
Package: caption3 2013/05/02 v1.6-88 caption3 kernel (AR)
Package caption3 Info: TeX engine: e-TeX on input line 57.
\captionmargin=\dimen160
\captionmargin@=\dimen161
\captionwidth=\dimen162
\caption@tempdima=\dimen163
\caption@indent=\dimen164
\caption@parindent=\dimen165
\caption@hangindent=\dimen166
)
\c@ContinuedFloat=\count142
Package caption Info: float package is loaded.
Package caption Info: hyperref package is loaded.
Package caption Info: listings package is loaded.
Package caption Info: longtable package is loaded.

("C:\Program Files\MiKTeX 2.9\tex\latex\caption\ltcaption.sty"
Package: ltcaption 2013/02/03 v1.3-62 longtable captions (AR)
))
\c@KVtest=\count143
\sf@farskip=\skip63
\sf@captopadj=\dimen167
\sf@capskip=\skip64
\sf@nearskip=\skip65
\c@subfigure=\count144
\c@subfigure@save=\count145
\c@lofdepth=\count146
\c@subtable=\count147
\c@subtable@save=\count148
\c@lotdepth=\count149
\sf@top=\skip66
\sf@bottom=\skip67
)
("C:\Program Files\MiKTeX 2.9\tex\latex\yfonts\yfonts.sty"
Package: yfonts 2003/01/08 v1.3 (WaS)
Now handling font encoding LY ...
... no UTF-8 mapping file for font encoding LY
Now handling font encoding LYG ...
... no UTF-8 mapping file for font encoding LYG
)
("C:\Program Files\MiKTeX 2.9\tex\latex\eurosym\eurosym.sty"
Package: eurosym 1998/08/06 v1.1 European currency symbol ``Euro''
\@eurobox=\box40
)
("C:\Program Files\MiKTeX 2.9\tex\latex\oberdiek\pdflscape.sty"
Package: pdflscape 2008/08/11 v0.10 Display of landscape pages in PDF (HO)

("C:\Program Files\MiKTeX 2.9\tex\latex\graphics\lscape.sty"
Package: lscape 2000/10/22 v3.01 Landscape Pages (DPC)
)
Package pdflscape Info: Auto-detected driver: pdftex on input line 80.
)
("C:\Program Files\MiKTeX 2.9\tex\latex\mathtools\mathtools.sty"
Package: mathtools 2014/07/16 v1.15 mathematical typesetting tools

("C:\Program Files\MiKTeX 2.9\tex\latex\tools\calc.sty"
Package: calc 2014/10/28 v4.3 Infix arithmetic (KKT,FJ)
\calc@Acount=\count150
\calc@Bcount=\count151
\calc@Adimen=\dimen168
\calc@Bdimen=\dimen169
\calc@Askip=\skip68
\calc@Bskip=\skip69
LaTeX Info: Redefining \setlength on input line 75.
LaTeX Info: Redefining \addtolength on input line 76.
\calc@Ccount=\count152
\calc@Cskip=\skip70
)
("C:\Program Files\MiKTeX 2.9\tex\latex\mathtools\mhsetup.sty"
Package: mhsetup 2010/01/21 v1.2a programming setup (MH)
)
("C:\Program Files\MiKTeX 2.9\tex\latex\amsmath\amsmath.sty"
Package: amsmath 2013/01/14 v2.14 AMS math features
\@mathmargin=\skip71

For additional information on amsmath, use the `?' option.
("C:\Program Files\MiKTeX 2.9\tex\latex\amsmath\amstext.sty"
Package: amstext 2000/06/29 v2.01

("C:\Program Files\MiKTeX 2.9\tex\latex\amsmath\amsgen.sty"
File: amsgen.sty 1999/11/30 v2.0
\@emptytoks=\toks29
\ex@=\dimen170
))
("C:\Program Files\MiKTeX 2.9\tex\latex\amsmath\amsbsy.sty"
Package: amsbsy 1999/11/29 v1.2d
\pmbraise@=\dimen171
)
("C:\Program Files\MiKTeX 2.9\tex\latex\amsmath\amsopn.sty"
Package: amsopn 1999/12/14 v2.01 operator names
)
\inf@bad=\count153
LaTeX Info: Redefining \frac on input line 210.
\uproot@=\count154
\leftroot@=\count155
LaTeX Info: Redefining \overline on input line 306.
\classnum@=\count156
\DOTSCASE@=\count157
LaTeX Info: Redefining \ldots on input line 378.
LaTeX Info: Redefining \dots on input line 381.
LaTeX Info: Redefining \cdots on input line 466.
\Mathstrutbox@=\box41
\strutbox@=\box42
\big@size=\dimen172
LaTeX Font Info:    Redeclaring font encoding OML on input line 566.
LaTeX Font Info:    Redeclaring font encoding OMS on input line 567.
\macc@depth=\count158
\c@MaxMatrixCols=\count159
\dotsspace@=\muskip11
\c@parentequation=\count160
\dspbrk@lvl=\count161
\tag@help=\toks30
\row@=\count162
\column@=\count163
\maxfields@=\count164
\andhelp@=\toks31
\eqnshift@=\dimen173
\alignsep@=\dimen174
\tagshift@=\dimen175
\tagwidth@=\dimen176
\totwidth@=\dimen177
\lineht@=\dimen178
\@envbody=\toks32
\multlinegap=\skip72
\multlinetaggap=\skip73
\mathdisplay@stack=\toks33
LaTeX Info: Redefining \[ on input line 2665.
LaTeX Info: Redefining \] on input line 2666.
)
LaTeX Info: Thecontrolsequence`\['isalreadyrobust on input line 129.
LaTeX Info: Thecontrolsequence`\]'isalreadyrobust on input line 129.
\g_MT_multlinerow_int=\count165
\l_MT_multwidth_dim=\dimen179
\origjot=\skip74
\l_MT_shortvdotswithinadjustabove_dim=\dimen180
\l_MT_shortvdotswithinadjustbelow_dim=\dimen181
\l_MT_above_intertext_sep=\dimen182
\l_MT_below_intertext_sep=\dimen183
\l_MT_above_shortintertext_sep=\dimen184
\l_MT_below_shortintertext_sep=\dimen185
)
("C:\Program Files\MiKTeX 2.9\tex\latex\appendix\appendix.sty"
Package: appendix 2009/09/02 v1.2b extra appendix facilities
\c@@pps=\count166
\c@@ppsavesec=\count167
\c@@ppsaveapp=\count168
)
("C:\Program Files\MiKTeX 2.9\tex\latex\listings\lstlang1.sty"
File: lstlang1.sty 2014/09/06 1.5e listings language file
)
Package hyperref Info: Option `colorlinks' set `true' on input line 125.
\c@subsubsubsection=\count169

("C:\Program Files\MiKTeX 2.9\tex\latex\listings\lstlang1.sty"
File: lstlang1.sty 2014/09/06 1.5e listings language file
)
("C:\Program Files\MiKTeX 2.9\tex\latex\listings\lstlang1.sty"
File: lstlang1.sty 2014/09/06 1.5e listings language file
)
("C:\Program Files\MiKTeX 2.9\tex\latex\listings\lstmisc.sty"
File: lstmisc.sty 2014/09/06 1.5e (Carsten Heinz)
))
Package csquotes Info: Checking for multilingual support...
Package csquotes Info: ... found 'babel' package.

(SpecificaTecnica_v.1.0.0.aux)
LaTeX Font Info:    Checking defaults for OML/cmm/m/it on input line 36.
LaTeX Font Info:    ... okay on input line 36.
LaTeX Font Info:    Checking defaults for T1/cmr/m/n on input line 36.
LaTeX Font Info:    ... okay on input line 36.
LaTeX Font Info:    Checking defaults for OT1/cmr/m/n on input line 36.
LaTeX Font Info:    ... okay on input line 36.
LaTeX Font Info:    Checking defaults for OMS/cmsy/m/n on input line 36.
LaTeX Font Info:    ... okay on input line 36.
LaTeX Font Info:    Checking defaults for OMX/cmex/m/n on input line 36.
LaTeX Font Info:    ... okay on input line 36.
LaTeX Font Info:    Checking defaults for U/cmr/m/n on input line 36.
LaTeX Font Info:    ... okay on input line 36.
LaTeX Font Info:    Checking defaults for PD1/pdf/m/n on input line 36.
LaTeX Font Info:    ... okay on input line 36.
LaTeX Font Info:    Checking defaults for LY/yfrak/m/n on input line 36.
LaTeX Font Info:    ... okay on input line 36.
LaTeX Font Info:    Checking defaults for LYG/ygoth/m/n on input line 36.
LaTeX Font Info:    ... okay on input line 36.

*geometry* driver: auto-detecting
*geometry* detected driver: pdftex
*geometry* verbose mode - [ preamble ] result:
* driver: pdftex
* paper: a4paper
* layout: <same size as paper>
* layoutoffset:(h,v)=(0.0pt,0.0pt)
* modes: 
* h-part:(L,W,R)=(56.9055pt, 483.69687pt, 56.9055pt)
* v-part:(T,H,B)=(56.9055pt, 674.33032pt, 113.81102pt)
* \paperwidth=597.50787pt
* \paperheight=845.04684pt
* \textwidth=483.69687pt
* \textheight=674.33032pt
* \oddsidemargin=-15.36449pt
* \evensidemargin=-15.36449pt
* \topmargin=-52.36449pt
* \headheight=71.13188pt
* \headsep=25.0pt
* \topskip=12.0pt
* \footskip=30.0pt
* \marginparwidth=35.0pt
* \marginparsep=10.0pt
* \columnsep=10.0pt
* \skip\footins=10.8pt plus 4.0pt minus 2.0pt
* \hoffset=0.0pt
* \voffset=0.0pt
* \mag=1000
* \@twocolumnfalse
* \@twosidefalse
* \@mparswitchfalse
* \@reversemarginfalse
* (1in=72.27pt=25.4mm, 1cm=28.453pt)

LaTeX Info: Redefining \it@ocap on input line 36.
LaTeX Info: Redefining \it@ccap on input line 36.
("C:\Program Files\MiKTeX 2.9\tex\context\base\supp-pdf.mkii"
[Loading MPS to PDF converter (version 2006.09.02).]
\scratchcounter=\count170
\scratchdimen=\dimen186
\scratchbox=\box43
\nofMPsegments=\count171
\nofMParguments=\count172
\everyMPshowfont=\toks34
\MPscratchCnt=\count173
\MPscratchDim=\dimen187
\MPnumerator=\count174
\makeMPintoPDFobject=\count175
\everyMPtoPDFconversion=\toks35
)
\AtBeginShipoutBox=\box44
Package hyperref Info: Link coloring ON on input line 36.
 ("C:\Program Files\MiKTeX 2.9\tex\latex\hyperref\nameref.sty"
Package: nameref 2012/10/27 v2.43 Cross-referencing by name of section

("C:\Program Files\MiKTeX 2.9\tex\generic\oberdiek\gettitlestring.sty"
Package: gettitlestring 2010/12/03 v1.4 Cleanup title references (HO)
)
\c@section@level=\count176
)
LaTeX Info: Redefining \ref on input line 36.
LaTeX Info: Redefining \pageref on input line 36.
LaTeX Info: Redefining \nameref on input line 36.
Package lastpage Info: Please have a look at the pageslts package at
(lastpage)             http://www.ctan.org/tex-archive/ 
(lastpage)             macros/latex/contrib/pageslts/ 
(lastpage)             or
(lastpage)             http://www.ctan.org/tex-archive/ 
(lastpage)             install/macros/latex/contrib/pageslts.tds.zip
(lastpage)             ! on input line 36.
\c@lstlisting=\count177
Package caption Info: Begin \AtBeginDocument code.
Package caption Info: subfig package v1.3 is loaded.
Package caption Info: End \AtBeginDocument code.

(../../Template/firstpage.tex <../../logo.jpg, id=3, 572.1375pt x 572.1375pt>
File: ../../logo.jpg Graphic file (type jpg)

<use ../../logo.jpg>
Package pdftex.def Info: ../../logo.jpg used on input line 22.
(pdftex.def)             Requested size: 227.62pt x 227.62pt.
 [1

{C:/ProgramData/MiKTeX/2.9/pdftex/config/pdftex.map} <../../logo.jpg>]) (parti/
registroMod.tex
Underfull \hbox (badness 10000) in paragraph at lines 1--3

 []

File: ../../logo.jpg Graphic file (type jpg)
<use ../../logo.jpg>
Package pdftex.def Info: ../../logo.jpg used on input line 34.
(pdftex.def)             Requested size: 56.90282pt x 56.90282pt.
pdfTeX warning (ext4): destination with the same identifier (name{page.1}) has 
been already used, duplicate ignored
<to be read again> 
                   \relax 
l.34 \newpage
              [1]
Underfull \hbox (badness 10000) in paragraph at lines 35--37

 []


Underfull \hbox (badness 10000) in paragraph at lines 35--37

 []

)
File: ../../logo.jpg Graphic file (type jpg)
 <use ../../logo.jpg>
Package pdftex.def Info: ../../logo.jpg used on input line 40.
(pdftex.def)             Requested size: 56.90282pt x 56.90282pt.
 [2] (SpecificaTecnica_v.1.0.0.toc
File: ../../logo.jpg Graphic file (type jpg)
 <use ../../logo.jpg>
Package pdftex.def Info: ../../logo.jpg used on input line 44.
(pdftex.def)             Requested size: 56.90282pt x 56.90282pt.

[3]
File: ../../logo.jpg Graphic file (type jpg)
 <use ../../logo.jpg>
Package pdftex.def Info: ../../logo.jpg used on input line 90.
(pdftex.def)             Requested size: 56.90282pt x 56.90282pt.
 [4])
\tf@toc=\write3
File: ../../logo.jpg Graphic file (type jpg)
 <use ../../logo.jpg>
Package pdftex.def Info: ../../logo.jpg used on input line 42.
(pdftex.def)             Requested size: 56.90282pt x 56.90282pt.
 [5]
(SpecificaTecnica_v.1.0.0.lof)
\tf@lof=\write4
 (SpecificaTecnica_v.1.0.0.lot)
\tf@lot=\write5
File: ../../logo.jpg Graphic file (type jpg)

<use ../../logo.jpg>
Package pdftex.def Info: ../../logo.jpg used on input line 45.
(pdftex.def)             Requested size: 56.90282pt x 56.90282pt.
 [6] (../../Template/sommario.tex)
File: ../../logo.jpg Graphic file (type jpg)
 <use ../../logo.jpg>
Package pdftex.def Info: ../../logo.jpg used on input line 47.
(pdftex.def)             Requested size: 56.90282pt x 56.90282pt.

[7] (parti/introduzione.tex
LaTeX Font Info:    Try loading font information for OMS+cmr on input line 13.

("C:\Program Files\MiKTeX 2.9\tex\latex\base\omscmr.fd"
File: omscmr.fd 2014/09/29 v2.5h Standard LaTeX font definitions
)
LaTeX Font Info:    Font shape `OMS/cmr/m/n' in size <12> not available
(Font)              Font shape `OMS/cmsy/m/n' tried instead on input line 13.
LaTeX Font Info:    Try loading font information for T1+cmtt on input line 14.

("C:\Program Files\MiKTeX 2.9\tex\latex\base\t1cmtt.fd"
File: t1cmtt.fd 2014/09/29 v2.5h Standard LaTeX font definitions
)
File: ../../logo.jpg Graphic file (type jpg)
 <use ../../logo.jpg>
Package pdftex.def Info: ../../logo.jpg used on input line 30.
(pdftex.def)             Requested size: 56.90282pt x 56.90282pt.

[8])
File: ../../logo.jpg Graphic file (type jpg)
 <use ../../logo.jpg>
Package pdftex.def Info: ../../logo.jpg used on input line 49.
(pdftex.def)             Requested size: 56.90282pt x 56.90282pt.
 [9] (parti/strumenti.tex
File: ../../logo.jpg Graphic file (type jpg)
 <use ../../logo.jpg>
Package pdftex.def Info: ../../logo.jpg used on input line 28.
(pdftex.def)             Requested size: 56.90282pt x 56.90282pt.

[10]
File: ../../logo.jpg Graphic file (type jpg)
 <use ../../logo.jpg>
Package pdftex.def Info: ../../logo.jpg used on input line 46.
(pdftex.def)             Requested size: 56.90282pt x 56.90282pt.
 [11])
File: ../../logo.jpg Graphic file (type jpg)
 <use ../../logo.jpg>
Package pdftex.def Info: ../../logo.jpg used on input line 51.
(pdftex.def)             Requested size: 56.90282pt x 56.90282pt.
 [12] (parti/pattern.tex
<./images/MVP.png, id=398, 411.78844pt x 277.78781pt>
File: ./images/MVP.png Graphic file (type png)
 <use ./images/MVP.png>
Package pdftex.def Info: ./images/MVP.png used on input line 5.
(pdftex.def)             Requested size: 247.07495pt x 166.67395pt.

<./images/Command.pdf, id=399, 515.9275pt x 429.605pt>
File: ./images/Command.pdf Graphic file (type pdf)

<use ./images/Command.pdf>
Package pdftex.def Info: ./images/Command.pdf used on input line 18.
(pdftex.def)             Requested size: 257.96312pt x 214.80197pt.
File: ../../logo.jpg Graphic file (type jpg)
 <use ../../logo.jpg>
Package pdftex.def Info: ../../logo.jpg used on input line 24.
(pdftex.def)             Requested size: 56.90282pt x 56.90282pt.
 [13 <./images/MVP.png> <./images/Command.pdf>]
Overfull \hbox (1.49275pt too wide) in paragraph at lines 25--26
[]\T1/cmr/m/n/12 Tale ope-ra-zio-ne vie-ne rea-liz-za-ta at-tra-ver-so que-sta 
ca-te-na: Client->Invocatore->Ricevitore 
 []


Overfull \hbox (1.8038pt too wide) in paragraph at lines 34--38
\T1/cmr/m/n/12 Premi::Model::SlideShow::SlideShowActions::Command::AbstractComm
and e dà l'og-get-to crea-
 []


LaTeX Warning: File `./images/{Observer}.pdf' not found on input line 41.


! Package pdftex.def Error: File `./images/Observer.pdf' not found.

See the pdftex.def package documentation for explanation.
Type  H <return>  for immediate help.
 ...                                              
                                                  
l.41 ...egraphics[scale=0.6]{\imgs {Observer}.pdf}
                                                  
Using draft setting for this image.
Try typing  <return>  to proceed.
If that doesn't work, type  X <return>  to quit.

File: ../../logo.jpg Graphic file (type jpg)
<use ../../logo.jpg>
Package pdftex.def Info: ../../logo.jpg used on input line 50.
(pdftex.def)             Requested size: 56.90282pt x 56.90282pt.
 [14]
<./images/SequenceObserver.pdf, id=447, 721.69624pt x 560.0925pt>
File: ./images/SequenceObserver.pdf Graphic file (type pdf)

<use ./images/SequenceObserver.pdf>
Package pdftex.def Info: ./images/SequenceObserver.pdf used on input line 57.
(pdftex.def)             Requested size: 433.02109pt x 336.05809pt.

Overfull \hbox (29.84018pt too wide) in paragraph at lines 53--60
\T1/cmr/m/n/12 ri-tor-na-no l'e-le-men-to pre-sen-te nel cam-po pre-sen-ta-zio-
ne di Mo-del::ServerRelations::Loader::Costruttore
 []

)
File: ../../logo.jpg Graphic file (type jpg)
 <use ../../logo.jpg>
Package pdftex.def Info: ../../logo.jpg used on input line 53.
(pdftex.def)             Requested size: 56.90282pt x 56.90282pt.
 [15 <./images/SequenceObserver.pdf>]
(parti/presentazione.tex
<./images/General.pdf, id=502, 2105.8675pt x 910.40125pt>
File: ./images/General.pdf Graphic file (type pdf)

<use ./images/General.pdf>
Package pdftex.def Info: ./images/General.pdf used on input line 21.
(pdftex.def)             Requested size: 526.46559pt x 227.59975pt.

Overfull \hbox (42.76872pt too wide) in paragraph at lines 21--23
 [][] 
 []

<./images/nodeAPI.pdf, id=503, 861.2175pt x 530.98375pt>
File: ./images/nodeAPI.pdf Graphic file (type pdf)

<use ./images/nodeAPI.pdf>
Package pdftex.def Info: ./images/nodeAPI.pdf used on input line 38.
(pdftex.def)             Requested size: 516.73448pt x 318.5927pt.

Overfull \hbox (33.03761pt too wide) in paragraph at lines 38--40
 [][] 
 []

File: ../../logo.jpg Graphic file (type jpg)
<use ../../logo.jpg>
Package pdftex.def Info: ../../logo.jpg used on input line 44.
(pdftex.def)             Requested size: 56.90282pt x 56.90282pt.
 [16]
Overfull \vbox (2.6102pt too high) has occurred while \output is active []

File: ../../logo.jpg Graphic file (type jpg)

<use ../../logo.jpg>
Package pdftex.def Info: ../../logo.jpg used on input line 44.
(pdftex.def)             Requested size: 56.90282pt x 56.90282pt.
 [17 <./images/General.pdf> <./images/nodeAPI.pdf>])
File: ../../logo.jpg Graphic file (type jpg)

<use ../../logo.jpg>
Package pdftex.def Info: ../../logo.jpg used on input line 55.
(pdftex.def)             Requested size: 56.90282pt x 56.90282pt.
 [18] (parti/componenti.tex) (parti//MVC/model.tex
Underfull \hbox (badness 10000) in paragraph at lines 11--14

 []


Underfull \hbox (badness 10000) in paragraph at lines 15--18

 []

<./images/inserteditremove.pdf, id=764, 1392.20125pt x 594.22pt>
File: ./images/inserteditremove.pdf Graphic file (type pdf)

<use ./images/inserteditremove.pdf>
Package pdftex.def Info: ./images/inserteditremove.pdf used on input line 23.
(pdftex.def)             Requested size: 417.6636pt x 178.26736pt.
File: ../../logo.jpg Graphic file (type jpg)
 <use ../../logo.jpg>
Package pdftex.def Info: ../../logo.jpg used on input line 27.
(pdftex.def)             Requested size: 56.90282pt x 56.90282pt.
 [19]
Overfull \hbox (0.11795pt too wide) in paragraph at lines 35--36
[]\T1/cmr/m/n/12 Model::SlideShow::SlideShowActions::Command::ConcreteEditSizeC
ommand -> in-vo-ca il
 []

File: ../../logo.jpg Graphic file (type jpg)
<use ../../logo.jpg>
Package pdftex.def Info: ../../logo.jpg used on input line 44.
(pdftex.def)             Requested size: 56.90282pt x 56.90282pt.
 [20 <./images/inserteditremove.pdf>]
Underfull \hbox (badness 10000) in paragraph at lines 50--52

 []


Overfull \hbox (2.78958pt too wide) in paragraph at lines 57--58
[]\T1/cmr/m/n/12 Model::SlideShow::SlideShowActions::Command::ConcreteFrameInse
rtCommand -> in-vo-
 []


Overfull \hbox (1.64542pt too wide) in paragraph at lines 58--59
[]\T1/cmr/m/n/12 Model::SlideShow::SlideShowActions::Command::ConcreteImageInse
rtCommand -> in-vo-
 []


Overfull \hbox (1.6454pt too wide) in paragraph at lines 60--61
[]\T1/cmr/m/n/12 Model::SlideShow::SlideShowActions::Command::ConcreteAudioInse
rtCommand -> in-vo-
 []


Overfull \hbox (4.0948pt too wide) in paragraph at lines 62--63
[]\T1/cmr/m/n/12 Model::SlideShow::SlideShowActions::Command::ConcreteBackgroun
dInsertCommand ->
 []

File: ../../logo.jpg Graphic file (type jpg)
<use ../../logo.jpg>
Package pdftex.def Info: ../../logo.jpg used on input line 66.
(pdftex.def)             Requested size: 56.90282pt x 56.90282pt.
 [21]
Underfull \hbox (badness 10000) in paragraph at lines 72--74

 []


Overfull \hbox (1.91066pt too wide) in paragraph at lines 80--81
[]\T1/cmr/m/n/12 Model::SlideShow::SlideShowActions::Command::ConcreteFrameRemo
veCommand -> in-
 []


Overfull \hbox (0.7665pt too wide) in paragraph at lines 81--82
[]\T1/cmr/m/n/12 Model::SlideShow::SlideShowActions::Command::ConcreteImageRemo
veCommand -> in-
 []


Overfull \hbox (0.76648pt too wide) in paragraph at lines 83--84
[]\T1/cmr/m/n/12 Model::SlideShow::SlideShowActions::Command::ConcreteAudioRemo
veCommand -> in-
 []


Overfull \hbox (5.50005pt too wide) in paragraph at lines 85--86
[]\T1/cmr/m/n/12 Model::SlideShow::SlideShowActions::Command::ConcreteBackgroun
dRemoveCommand -
 []

File: ../../logo.jpg Graphic file (type jpg)
<use ../../logo.jpg>
Package pdftex.def Info: ../../logo.jpg used on input line 88.
(pdftex.def)             Requested size: 56.90282pt x 56.90282pt.
 [22]
Underfull \hbox (badness 10000) in paragraph at lines 101--104

 []

<./images/CommandPackage.pdf, id=884, 1699.34875pt x 1168.365pt>
File: ./images/CommandPackage.pdf Graphic file (type pdf)

<use ./images/CommandPackage.pdf>
Package pdftex.def Info: ./images/CommandPackage.pdf used on input line 108.
(pdftex.def)             Requested size: 509.80856pt x 350.5122pt.

Overfull \hbox (26.1117pt too wide) in paragraph at lines 108--110
 [][] 
 []

File: ../../logo.jpg Graphic file (type jpg)
<use ../../logo.jpg>
Package pdftex.def Info: ../../logo.jpg used on input line 112.
(pdftex.def)             Requested size: 56.90282pt x 56.90282pt.
 [23]
Underfull \hbox (badness 10000) in paragraph at lines 112--114

 []

pdfTeX warning (ext4): destination with the same identifier (name{subsubsubsect
ion.5.1.1}) has been already used, duplicate ignored
<to be read again> 
                   \relax 
l.114 	\subsubsubsection{Invoker}
                                 {
File: ../../logo.jpg Graphic file (type jpg)
 <use ../../logo.jpg>
Package pdftex.def Info: ../../logo.jpg used on input line 117.
(pdftex.def)             Requested size: 56.90282pt x 56.90282pt.
 [24 <./images/CommandPackage.pdf>]
Underfull \hbox (badness 10000) in paragraph at lines 123--125

 []

pdfTeX warning (ext4): destination with the same identifier (name{subsubsubsect
ion.5.1.2}) has been already used, duplicate ignored
<to be read again> 
                   \relax 
l.125 	\subsubsubsection{AbstractCommand}
                                         {
File: ../../logo.jpg Graphic file (type jpg)
 <use ../../logo.jpg>
Package pdftex.def Info: ../../logo.jpg used on input line 143.
(pdftex.def)             Requested size: 56.90282pt x 56.90282pt.
 [25]
Overfull \hbox (2.23692pt too wide) in paragraph at lines 147--148
[]\T1/cmr/m/n/12 Model::SlideShow::SlideShowActions::Command::ConcreteBackgroun
dRemoveCommand; 
 []

pdfTeX warning (ext4): destination with the same identifier (name{subsubsubsect
ion.5.1.3}) has been already used, duplicate ignored
<to be read again> 
                   \relax 
l.157 ...bsubsubsection{ConcreteTextInsertCommand}
                                                  {
File: ../../logo.jpg Graphic file (type jpg)
 <use ../../logo.jpg>
Package pdftex.def Info: ../../logo.jpg used on input line 176.
(pdftex.def)             Requested size: 56.90282pt x 56.90282pt.

[26]
File: ../../logo.jpg Graphic file (type jpg)
 <use ../../logo.jpg>
Package pdftex.def Info: ../../logo.jpg used on input line 207.
(pdftex.def)             Requested size: 56.90282pt x 56.90282pt.
 [27]
File: ../../logo.jpg Graphic file (type jpg)
 <use ../../logo.jpg>
Package pdftex.def Info: ../../logo.jpg used on input line 242.
(pdftex.def)             Requested size: 56.90282pt x 56.90282pt.
 [28]
Overfull \hbox (0.50122pt too wide) in paragraph at lines 255--256
[]\T1/cmr/m/n/12 Model::SlideShow::SlideShowActions::InsertEditRemove::Remover 
<- in-vo-ca il me-to-do re-
 []


Overfull \hbox (0.50122pt too wide) in paragraph at lines 268--269
[]\T1/cmr/m/n/12 Model::SlideShow::SlideShowActions::InsertEditRemove::Remover 
<- in-vo-ca il me-to-do re-
 []

File: ../../logo.jpg Graphic file (type jpg)
<use ../../logo.jpg>
Package pdftex.def Info: ../../logo.jpg used on input line 272.
(pdftex.def)             Requested size: 56.90282pt x 56.90282pt.
 [29]
Overfull \hbox (8.10626pt too wide) in paragraph at lines 280--281
[]\T1/cmr/m/n/12 Model::SlideShow::SlideShowActions::Command::Invoker -> In-vo-
ker in-vo-ca il me-to-do doac-
 []


Overfull \hbox (0.50122pt too wide) in paragraph at lines 281--282
[]\T1/cmr/m/n/12 Model::SlideShow::SlideShowActions::InsertEditRemove::Remover 
<- in-vo-ca il me-to-do re-
 []


Overfull \hbox (8.10626pt too wide) in paragraph at lines 293--294
[]\T1/cmr/m/n/12 Model::SlideShow::SlideShowActions::Command::Invoker -> In-vo-
ker in-vo-ca il me-to-do doac-
 []


Overfull \hbox (0.50122pt too wide) in paragraph at lines 294--295
[]\T1/cmr/m/n/12 Model::SlideShow::SlideShowActions::InsertEditRemove::Remover 
<- in-vo-ca il me-to-do re-
 []


Overfull \hbox (8.10626pt too wide) in paragraph at lines 306--307
[]\T1/cmr/m/n/12 Model::SlideShow::SlideShowActions::Command::Invoker -> In-vo-
ker in-vo-ca il me-to-do doac-
 []

File: ../../logo.jpg Graphic file (type jpg)
<use ../../logo.jpg>
Package pdftex.def Info: ../../logo.jpg used on input line 307.
(pdftex.def)             Requested size: 56.90282pt x 56.90282pt.
 [30]
Overfull \hbox (0.50122pt too wide) in paragraph at lines 307--308
[]\T1/cmr/m/n/12 Model::SlideShow::SlideShowActions::InsertEditRemove::Remover 
<- in-vo-ca il me-to-do re-
 []


Overfull \hbox (8.10626pt too wide) in paragraph at lines 319--320
[]\T1/cmr/m/n/12 Model::SlideShow::SlideShowActions::Command::Invoker -> In-vo-
ker in-vo-ca il me-to-do doac-
 []


Overfull \hbox (0.50122pt too wide) in paragraph at lines 320--321
[]\T1/cmr/m/n/12 Model::SlideShow::SlideShowActions::InsertEditRemove::Remover 
<- in-vo-ca il me-to-do re-
 []


Overfull \hbox (8.10626pt too wide) in paragraph at lines 332--333
[]\T1/cmr/m/n/12 Model::SlideShow::SlideShowActions::Command::Invoker -> In-vo-
ker in-vo-ca il me-to-do doac-
 []


Overfull \hbox (0.50122pt too wide) in paragraph at lines 333--334
[]\T1/cmr/m/n/12 Model::SlideShow::SlideShowActions::InsertEditRemove::Remover 
<- in-vo-ca il me-to-do re-
 []

File: ../../logo.jpg Graphic file (type jpg)
<use ../../logo.jpg>
Package pdftex.def Info: ../../logo.jpg used on input line 337.
(pdftex.def)             Requested size: 56.90282pt x 56.90282pt.
 [31]
Overfull \hbox (8.10626pt too wide) in paragraph at lines 345--346
[]\T1/cmr/m/n/12 Model::SlideShow::SlideShowActions::Command::Invoker -> In-vo-
ker in-vo-ca il me-to-do doac-
 []


Overfull \hbox (8.10626pt too wide) in paragraph at lines 358--359
[]\T1/cmr/m/n/12 Model::SlideShow::SlideShowActions::Command::Invoker -> In-vo-
ker in-vo-ca il me-to-do doac-
 []

File: ../../logo.jpg Graphic file (type jpg)
<use ../../logo.jpg>
Package pdftex.def Info: ../../logo.jpg used on input line 371.
(pdftex.def)             Requested size: 56.90282pt x 56.90282pt.
 [32]
Overfull \hbox (8.10626pt too wide) in paragraph at lines 371--372
[]\T1/cmr/m/n/12 Model::SlideShow::SlideShowActions::Command::Invoker -> In-vo-
ker in-vo-ca il me-to-do doac-
 []


Overfull \hbox (8.10626pt too wide) in paragraph at lines 384--385
[]\T1/cmr/m/n/12 Model::SlideShow::SlideShowActions::Command::Invoker -> In-vo-
ker in-vo-ca il me-to-do doac-
 []


Overfull \hbox (8.10626pt too wide) in paragraph at lines 397--398
[]\T1/cmr/m/n/12 Model::SlideShow::SlideShowActions::Command::Invoker -> In-vo-
ker in-vo-ca il me-to-do doac-
 []

File: ../../logo.jpg Graphic file (type jpg)
<use ../../logo.jpg>
Package pdftex.def Info: ../../logo.jpg used on input line 399.
(pdftex.def)             Requested size: 56.90282pt x 56.90282pt.
 [33]
Overfull \hbox (8.10626pt too wide) in paragraph at lines 410--411
[]\T1/cmr/m/n/12 Model::SlideShow::SlideShowActions::Command::Invoker -> In-vo-
ker in-vo-ca il me-to-do doac-
 []

<./images/slideshowelements.pdf, id=1180, 1677.26625pt x 572.1375pt>
File: ./images/slideshowelements.pdf Graphic file (type pdf)

<use ./images/slideshowelements.pdf>
Package pdftex.def Info: ./images/slideshowelements.pdf used on input line 423.

(pdftex.def)             Requested size: 469.63135pt x 160.1974pt.
File: ../../logo.jpg Graphic file (type jpg)
 <use ../../logo.jpg>
Package pdftex.def Info: ../../logo.jpg used on input line 429.
(pdftex.def)             Requested size: 56.90282pt x 56.90282pt.
 [34 <./images/slideshowelements.pdf>]pdfTeX warning (ext4): destination with t
he same identifier (name{subsubsubsection.5.1.1}) has been already used, duplic
ate ignored
<to be read again> 
                   \relax 
l.435     \subsubsubsection{SlideShowElement}
                                             {pdfTeX warning (ext4): destinatio
n with the same identifier (name{subsubsubsection.5.1.2}) has been already used
, duplicate ignored
<to be read again> 
                   \relax 
l.455      \subsubsubsection{Text}
                                  {
File: ../../logo.jpg Graphic file (type jpg)
 <use ../../logo.jpg>
Package pdftex.def Info: ../../logo.jpg used on input line 458.
(pdftex.def)             Requested size: 56.90282pt x 56.90282pt.
 [35]
Overfull \hbox (17.05562pt too wide) in paragraph at lines 460--461
\T1/cmr/m/n/12 Text dal cam-po da-ti pre-sen-ta-zio-ne al-l'in-ter-no di Mo-del
::ServerRelations::Loader::Costruttore,
 []

pdfTeX warning (ext4): destination with the same identifier (name{subsubsubsect
ion.5.1.3}) has been already used, duplicate ignored
<to be read again> 
                   \relax 
l.469            \subsubsubsection{Frame}
                                         {
Overfull \hbox (25.70073pt too wide) in paragraph at lines 474--475
\T1/cmr/m/n/12 Fra-me dal cam-po da-ti pre-sen-ta-zio-ne al-l'in-ter-no di Mo-d
el::ServerRelations::Loader::Costruttore,
 []

pdfTeX warning (ext4): destination with the same identifier (name{subsubsubsect
ion.5.1.4}) has been already used, duplicate ignored
<to be read again> 
                   \relax 
l.483                     \subsubsubsection{Image}
                                                  {
File: ../../logo.jpg Graphic file (type jpg)
 <use ../../logo.jpg>
Package pdftex.def Info: ../../logo.jpg used on input line 487.
(pdftex.def)             Requested size: 56.90282pt x 56.90282pt.

[36]
Overfull \hbox (24.55656pt too wide) in paragraph at lines 488--489
\T1/cmr/m/n/12 Ima-ge dal cam-po da-ti pre-sen-ta-zio-ne al-l'in-ter-no di Mo-d
el::ServerRelations::Loader::Costruttore,
 []

pdfTeX warning (ext4): destination with the same identifier (name{subsubsubsect
ion.5.1.5}) has been already used, duplicate ignored
<to be read again> 
                   \relax 
l.497                     \subsubsubsection{SVG}
                                                {
Overfull \hbox (17.78331pt too wide) in paragraph at lines 502--503
\T1/cmr/m/n/12 SVG dal cam-po da-ti pre-sen-ta-zio-ne al-l'in-ter-no di Mo-del:
:ServerRelations::Loader::Costruttore,
 []

pdfTeX warning (ext4): destination with the same identifier (name{subsubsubsect
ion.5.1.6}) has been already used, duplicate ignored
<to be read again> 
                   \relax 
l.511                     \subsubsubsection{Audio}
                                                  {
File: ../../logo.jpg Graphic file (type jpg)
 <use ../../logo.jpg>
Package pdftex.def Info: ../../logo.jpg used on input line 515.
(pdftex.def)             Requested size: 56.90282pt x 56.90282pt.

[37]
Overfull \hbox (24.55655pt too wide) in paragraph at lines 516--517
\T1/cmr/m/n/12 Au-dio dal cam-po da-ti pre-sen-ta-zio-ne al-l'in-ter-no di Mo-d
el::ServerRelations::Loader::Costruttore,
 []

pdfTeX warning (ext4): destination with the same identifier (name{subsubsubsect
ion.5.1.7}) has been already used, duplicate ignored
<to be read again> 
                   \relax 
l.525                     \subsubsubsection{Video}
                                                  {
Overfull \hbox (23.25133pt too wide) in paragraph at lines 530--531
\T1/cmr/m/n/12 Vi-deo dal cam-po da-ti pre-sen-ta-zio-ne al-l'in-ter-no di Mo-d
el::ServerRelations::Loader::Costruttore,
 []

File: ../../logo.jpg Graphic file (type jpg)
<use ../../logo.jpg>
Package pdftex.def Info: ../../logo.jpg used on input line 542.
(pdftex.def)             Requested size: 56.90282pt x 56.90282pt.
 [38]
Overfull \hbox (23.25133pt too wide) in paragraph at lines 544--545
\T1/cmr/m/n/12 Vi-deo dal cam-po da-ti pre-sen-ta-zio-ne al-l'in-ter-no di Mo-d
el::ServerRelations::Loader::Costruttore,
 []

<./images/ServerRelations.pdf, id=1346, 886.31125pt x 474.77374pt>
File: ./images/ServerRelations.pdf Graphic file (type pdf)

<use ./images/ServerRelations.pdf>
Package pdftex.def Info: ./images/ServerRelations.pdf used on input line 559.
(pdftex.def)             Requested size: 531.79085pt x 284.86644pt.

Overfull \hbox (48.09398pt too wide) in paragraph at lines 559--561
 [][] 
 []


Underfull \hbox (badness 10000) in paragraph at lines 563--566

 []

File: ../../logo.jpg Graphic file (type jpg)
<use ../../logo.jpg>
Package pdftex.def Info: ../../logo.jpg used on input line 566.
(pdftex.def)             Requested size: 56.90282pt x 56.90282pt.
 [39 <./images/ServerRelations.pdf>]
<./images/loader.pdf, id=1416, 1193.45876pt x 842.14626pt>
File: ./images/loader.pdf Graphic file (type pdf)

<use ./images/loader.pdf>
Package pdftex.def Info: ./images/loader.pdf used on input line 571.
(pdftex.def)             Requested size: 477.37505pt x 336.85254pt.

Underfull \hbox (badness 10000) in paragraph at lines 575--577

 []

pdfTeX warning (ext4): destination with the same identifier (name{subsubsubsect
ion.5.1.1}) has been already used, duplicate ignored
<to be read again> 
                   \relax 
l.578 \subsubsubsection{Costruttore}
                                    {
File: ../../logo.jpg Graphic file (type jpg)
 <use ../../logo.jpg>
Package pdftex.def Info: ../../logo.jpg used on input line 581.
(pdftex.def)             Requested size: 56.90282pt x 56.90282pt.
 [40 <./images/loader.pdf>]
Underfull \hbox (badness 10000) in paragraph at lines 588--591

 []

pdfTeX warning (ext4): destination with the same identifier (name{subsubsubsect
ion.5.1.1}) has been already used, duplicate ignored
<to be read again> 
                   \relax 
l.591         \subsubsubsection{Autenticazione}
                                               {pdfTeX warning (ext4): destinat
ion with the same identifier (name{subsubsubsection.5.1.2}) has been already us
ed, duplicate ignored
<to be read again> 
                   \relax 
l.599         \subsubsubsection{Registrazione}
                                              {
<./images/ClassDiagram1.pdf, id=1479, 1342.01375pt x 649.42625pt>
File: ./images/ClassDiagram1.pdf Graphic file (type pdf)

<use ./images/ClassDiagram1.pdf>
Package pdftex.def Info: ./images/ClassDiagram1.pdf used on input line 613.
(pdftex.def)             Requested size: 536.79599pt x 259.7659pt.

Overfull \hbox (53.09912pt too wide) in paragraph at lines 613--615
 [][] 
 []

File: ../../logo.jpg Graphic file (type jpg)
<use ../../logo.jpg>
Package pdftex.def Info: ../../logo.jpg used on input line 617.
(pdftex.def)             Requested size: 56.90282pt x 56.90282pt.
 [41]
Underfull \hbox (badness 10000) in paragraph at lines 617--619

 []

pdfTeX warning (ext4): destination with the same identifier (name{subsubsubsect
ion.5.1.1}) has been already used, duplicate ignored
<to be read again> 
                   \relax 
l.620        \subsubsubsection{Observer}
                                        {pdfTeX warning (ext4): destination wit
h the same identifier (name{subsubsubsection.5.1.2}) has been already used, dup
licate ignored
<to be read again> 
                   \relax 
l.629 ...      \subsubsubsection{ConcreteObserver}
                                                  {pdfTeX warning (ext4): desti
nation with the same identifier (name{subsubsubsection.5.1.3}) has been already
 used, duplicate ignored
<to be read again> 
                   \relax 
l.637              \subsubsubsection{Subject}
                                             {
File: ../../logo.jpg Graphic file (type jpg)
 <use ../../logo.jpg>
Package pdftex.def Info: ../../logo.jpg used on input line 640.
(pdftex.def)             Requested size: 56.90282pt x 56.90282pt.
 [42 <./images/ClassDiagram1.pdf>]pdfTeX warning (ext4): destination with the s
ame identifier (name{subsubsubsection.5.1.4}) has been already used, duplicate 
ignored
<to be read again> 
                   \relax 
l.645              \subsubsubsection{SubjectAudio}
                                                  {pdfTeX warning (ext4): desti
nation with the same identifier (name{subsubsubsection.5.1.5}) has been already
 used, duplicate ignored
<to be read again> 
                   \relax 
l.653             \subsubsubsection{SubjectVideo}
                                                 {pdfTeX warning (ext4): destin
ation with the same identifier (name{subsubsubsection.5.1.6}) has been already 
used, duplicate ignored
<to be read again> 
                   \relax 
l.661             \subsubsubsection{SubjectText}
                                                {pdfTeX warning (ext4): destina
tion with the same identifier (name{subsubsubsection.5.1.7}) has been already u
sed, duplicate ignored
<to be read again> 
                   \relax 
l.669             \subsubsubsection{SubjectFrame}
                                                 {pdfTeX warning (ext4): destin
ation with the same identifier (name{subsubsubsection.5.1.8}) has been already 
used, duplicate ignored
<to be read again> 
                   \relax 
l.677             \subsubsubsection{SubjectImg}
                                               {
File: ../../logo.jpg Graphic file (type jpg)
 <use ../../logo.jpg>
Package pdftex.def Info: ../../logo.jpg used on input line 682.
(pdftex.def)             Requested size: 56.90282pt x 56.90282pt.
 [43]pdfTeX warning (ext4): destination with the same identifier (name{subsubsu
bsection.5.1.9}) has been already used, duplicate ignored
<to be read again> 
                   \relax 
l.685             \subsubsubsection{SubjectSVG}
                                               {pdfTeX warning (ext4): destinat
ion with the same identifier (name{subsubsubsection.5.1.10}) has been already u
sed, duplicate ignored
<to be read again> 
                   \relax 
l.693 ...     \subsubsubsection{SubjectBackground}
                                                  {
Underfull \hbox (badness 10000) in paragraph at lines 704--705

 []


Underfull \hbox (badness 10000) in paragraph at lines 707--708

 []

pdfTeX warning (ext4): destination with the same identifier (name{subsubsubsect
ion.5.1.1}) has been already used, duplicate ignored
<to be read again> 
                   \relax 
l.718 			\subsubsubsection{FileManager}
                                       {
File: ../../logo.jpg Graphic file (type jpg)
 <use ../../logo.jpg>
Package pdftex.def Info: ../../logo.jpg used on input line 721.
(pdftex.def)             Requested size: 56.90282pt x 56.90282pt.
 [44]pdfTeX warning (ext4): destination with the same identifier (name{subsubsu
bsection.5.1.1}) has been already used, duplicate ignored
<to be read again> 
                   \relax 
l.739 				\subsubsubsection{GestoreManifest}
                                            {)
File: ../../logo.jpg Graphic file (type jpg)
 <use ../../logo.jpg>
Package pdftex.def Info: ../../logo.jpg used on input line 58.
(pdftex.def)             Requested size: 56.90282pt x 56.90282pt.
 [45]
(parti//MVC/control.tex
Underfull \hbox (badness 10000) in paragraph at lines 2--4

 []


Overfull \hbox (3.9296pt too wide) in paragraph at lines 11--12
[]\T1/cmr/m/n/12 Model::SlideShow::SlideShowActions::Command::ConcreteFrameInse
rtCommand <- Edit-
 []


Overfull \hbox (2.78543pt too wide) in paragraph at lines 12--13
[]\T1/cmr/m/n/12 Model::SlideShow::SlideShowActions::Command::ConcreteImageInse
rtCommand <- Edit-
 []


Overfull \hbox (2.78542pt too wide) in paragraph at lines 14--15
[]\T1/cmr/m/n/12 Model::SlideShow::SlideShowActions::Command::ConcreteAudioInse
rtCommand <- Edit-
 []


Overfull \hbox (0.50127pt too wide) in paragraph at lines 15--16
[]\T1/cmr/m/n/12 Model::SlideShow::SlideShowActions::Command::ConcreteVideoInse
rtCommand <- Edit-
 []


Overfull \hbox (4.0948pt too wide) in paragraph at lines 16--17
[]\T1/cmr/m/n/12 Model::SlideShow::SlideShowActions::Command::ConcreteBackgroun
dInsertCommand <-
 []


Overfull \hbox (5.82637pt too wide) in paragraph at lines 17--18
[]\T1/cmr/m/n/12 Model::SlideShow::SlideShowActions::Command::ConcreteTextRemov
eCommand <- Edit-
 []


Overfull \hbox (14.47148pt too wide) in paragraph at lines 18--19
[]\T1/cmr/m/n/12 Model::SlideShow::SlideShowActions::Command::ConcreteFrameRemo
veCommand <- Edit-
 []


Overfull \hbox (13.32732pt too wide) in paragraph at lines 19--20
[]\T1/cmr/m/n/12 Model::SlideShow::SlideShowActions::Command::ConcreteImageRemo
veCommand <- Edit-
 []


Overfull \hbox (6.55536pt too wide) in paragraph at lines 20--21
[]\T1/cmr/m/n/12 Model::SlideShow::SlideShowActions::Command::ConcreteSVGRemove
Command <- Edit-
 []


Overfull \hbox (13.3273pt too wide) in paragraph at lines 21--22
[]\T1/cmr/m/n/12 Model::SlideShow::SlideShowActions::Command::ConcreteAudioRemo
veCommand <- Edit-
 []


Overfull \hbox (11.04315pt too wide) in paragraph at lines 22--23
[]\T1/cmr/m/n/12 Model::SlideShow::SlideShowActions::Command::ConcreteVideoRemo
veCommand <- Edit-
 []


Overfull \hbox (14.63669pt too wide) in paragraph at lines 23--24
[]\T1/cmr/m/n/12 Model::SlideShow::SlideShowActions::Command::ConcreteBackgroun
dRemoveCommand <-
 []

File: ../../logo.jpg Graphic file (type jpg)
<use ../../logo.jpg>
Package pdftex.def Info: ../../logo.jpg used on input line 24.
(pdftex.def)             Requested size: 56.90282pt x 56.90282pt.
 [46]
Overfull \hbox (2.39803pt too wide) in paragraph at lines 24--25
[]\T1/cmr/m/n/12 Model::SlideShow::SlideShowActions::Command::ConcreteEditSizeC
ommand <- Edit-Pre-
 []


Overfull \hbox (6.05264pt too wide) in paragraph at lines 25--26
[]\T1/cmr/m/n/12 Model::SlideShow::SlideShowActions::Command::ConcreteEditPosit
ionCommand <- Edit-
 []


Overfull \hbox (9.5768pt too wide) in paragraph at lines 26--27
[]\T1/cmr/m/n/12 Model::SlideShow::SlideShowActions::Command::ConcreteEditRotat
ionCommand <- Edit-
 []


Overfull \hbox (5.49588pt too wide) in paragraph at lines 29--30
[]\T1/cmr/m/n/12 Model::SlideShow::SlideShowActions::Command::ConcreteEditFontC
ommand <- Edit-Pre-
 []


Overfull \hbox (5.50006pt too wide) in paragraph at lines 30--31
[]\T1/cmr/m/n/12 Model::SlideShow::SlideShowActions::Command::ConcreteEditConte
ntCommand <- Edit-
 []


Overfull \hbox (2.75482pt too wide) in paragraph at lines 31--32
[]\T1/cmr/m/n/12 Model::SlideShow::SlideShowActions::Command::Invoker <- Edit-P
re-sen-ter co-strui-sce l'og-
 []


Overfull \hbox (18.01926pt too wide) in paragraph at lines 39--43
\T1/cmr/m/n/12 del::SlideShow::SlideShowActions::Command::AbstractCommand e lo 
dà in pa-sto a Mo-del::Invoker.
 []


Underfull \hbox (badness 10000) in paragraph at lines 39--43

 []

File: ../../logo.jpg Graphic file (type jpg)
<use ../../logo.jpg>
Package pdftex.def Info: ../../logo.jpg used on input line 43.
(pdftex.def)             Requested size: 56.90282pt x 56.90282pt.
 [47]
Underfull \hbox (badness 10000) in paragraph at lines 52--54

 []


Underfull \hbox (badness 10000) in paragraph at lines 61--63

 []

File: ../../logo.jpg Graphic file (type jpg)
<use ../../logo.jpg>
Package pdftex.def Info: ../../logo.jpg used on input line 67.
(pdftex.def)             Requested size: 56.90282pt x 56.90282pt.
 [48]
Underfull \hbox (badness 10000) in paragraph at lines 71--73

 []


Underfull \hbox (badness 10000) in paragraph at lines 82--85

 []

)
File: ../../logo.jpg Graphic file (type jpg)
 <use ../../logo.jpg>
Package pdftex.def Info: ../../logo.jpg used on input line 60.
(pdftex.def)             Requested size: 56.90282pt x 56.90282pt.
 [49] (parti//MVC/view.tex
Underfull \hbox (badness 10000) in paragraph at lines 8--10

 []


Underfull \hbox (badness 10000) in paragraph at lines 20--22

 []

File: ../../logo.jpg Graphic file (type jpg)
<use ../../logo.jpg>
Package pdftex.def Info: ../../logo.jpg used on input line 30.
(pdftex.def)             Requested size: 56.90282pt x 56.90282pt.
 [50]
Underfull \hbox (badness 10000) in paragraph at lines 35--37

 []


Underfull \hbox (badness 10000) in paragraph at lines 44--46

 []


Underfull \hbox (badness 10000) in paragraph at lines 44--46

 []

File: ../../logo.jpg Graphic file (type jpg)
<use ../../logo.jpg>
Package pdftex.def Info: ../../logo.jpg used on input line 55.
(pdftex.def)             Requested size: 56.90282pt x 56.90282pt.
 [51]
Underfull \hbox (badness 10000) in paragraph at lines 56--58

 []


Overfull \hbox (8.70807pt too wide) in paragraph at lines 59--62
\T1/cmr/m/n/12 press.js uti-liz-za-to; uti-liz-za i me-to-di mes-si a di-spo-si
-zio-ne del-la clas-se Pre-sen-ter::ExecutionPresenter
 []


Underfull \hbox (badness 10000) in paragraph at lines 67--69

 []


Underfull \hbox (badness 10000) in paragraph at lines 70--72

 []

File: ../../logo.jpg Graphic file (type jpg)
<use ../../logo.jpg>
Package pdftex.def Info: ../../logo.jpg used on input line 78.
(pdftex.def)             Requested size: 56.90282pt x 56.90282pt.
 [52]
File: ../../logo.jpg Graphic file (type jpg)
 <use ../../logo.jpg>
Package pdftex.def Info: ../../logo.jpg used on input line 100.
(pdftex.def)             Requested size: 56.90282pt x 56.90282pt.
 [53])
File: ../../logo.jpg Graphic file (type jpg)
 <use ../../logo.jpg>
Package pdftex.def Info: ../../logo.jpg used on input line 62.
(pdftex.def)             Requested size: 56.90282pt x 56.90282pt.

[54] (parti/diagrammiAttivita.tex
<./images/AttivitaPrincipali.pdf, id=1685, 1577.895pt x 1162.3425pt>
File: ./images/AttivitaPrincipali.pdf Graphic file (type pdf)

<use ./images/AttivitaPrincipali.pdf>
Package pdftex.def Info: ./images/AttivitaPrincipali.pdf used on input line 7.
(pdftex.def)             Requested size: 473.37216pt x 348.70544pt.

<./images/CaricarePresentazione.pdf, id=1686, 703.62875pt x 666.49pt>
File: ./images/CaricarePresentazione.pdf Graphic file (type pdf)

<use ./images/CaricarePresentazione.pdf>
Package pdftex.def Info: ./images/CaricarePresentazione.pdf used on input line 
16.
(pdftex.def)             Requested size: 281.4465pt x 266.59128pt.
File: ../../logo.jpg Graphic file (type jpg)
 <use ../../logo.jpg>
Package pdftex.def Info: ../../logo.jpg used on input line 21.
(pdftex.def)             Requested size: 56.90282pt x 56.90282pt.
 [55 <./images/AttivitaPrincipali.pdf>]
<./images/CaricareFile.pdf, id=1817, 1063.975pt x 591.20876pt>
File: ./images/CaricareFile.pdf Graphic file (type pdf)

<use ./images/CaricareFile.pdf>
Package pdftex.def Info: ./images/CaricareFile.pdf used on input line 25.
(pdftex.def)             Requested size: 425.58246pt x 236.47931pt.

<./images/ModificarePresentazione.pdf, id=1818, 1359.0775pt x 682.55pt>
File: ./images/ModificarePresentazione.pdf Graphic file (type pdf)

<use ./images/ModificarePresentazione.pdf>
Package pdftex.def Info: ./images/ModificarePresentazione.pdf used on input lin
e 34.
(pdftex.def)             Requested size: 516.45482pt x 259.37169pt.

Overfull \hbox (32.75795pt too wide) in paragraph at lines 34--36
 [][] 
 []

File: ../../logo.jpg Graphic file (type jpg)
<use ../../logo.jpg>
Package pdftex.def Info: ../../logo.jpg used on input line 37.
(pdftex.def)             Requested size: 56.90282pt x 56.90282pt.
 [56 <./images/CaricarePresentazione.pdf> <./images/CaricareFile.pdf>]
<./images/ModificaPresentazioneMobile.pdf, id=1919, 654.445pt x 447.6725pt>
File: ./images/ModificaPresentazioneMobile.pdf Graphic file (type pdf)

<use ./images/ModificaPresentazioneMobile.pdf>
Package pdftex.def Info: ./images/ModificaPresentazioneMobile.pdf used on input
 line 43.
(pdftex.def)             Requested size: 261.77336pt x 179.06583pt.

<./images/GestireSfondo.pdf, id=1920, 584.1825pt x 847.165pt>
File: ./images/GestireSfondo.pdf Graphic file (type pdf)

<use ./images/GestireSfondo.pdf>
Package pdftex.def Info: ./images/GestireSfondo.pdf used on input line 52.
(pdftex.def)             Requested size: 233.66885pt x 338.85999pt.
File: ../../logo.jpg Graphic file (type jpg)
 <use ../../logo.jpg>
Package pdftex.def Info: ../../logo.jpg used on input line 55.
(pdftex.def)             Requested size: 56.90282pt x 56.90282pt.
 [57 <./images/ModificarePresentazione.pdf> <./images/ModificaPresentazioneMobi
le.pdf

pdfTeX warning: pdflatex.exe (file ./images/ModificaPresentazioneMobile.pdf): P
DF inclusion: multiple pdfs with page group included in a single page
>] <./images/InserireElemento.pdf, id=2032, 786.94pt x 519.9425pt>
File: ./images/InserireElemento.pdf Graphic file (type pdf)

<use ./images/InserireElemento.pdf>
Package pdftex.def Info: ./images/InserireElemento.pdf used on input line 61.
(pdftex.def)             Requested size: 314.77042pt x 207.97331pt.
File: ../../logo.jpg Graphic file (type jpg)
 <use ../../logo.jpg>
Package pdftex.def Info: ../../logo.jpg used on input line 66.
(pdftex.def)             Requested size: 56.90282pt x 56.90282pt.
 [58 <./images/GestireSfondo.pdf>]
<./images/ModificareElemento.pdf, id=2078, 662.475pt x 530.98375pt>
File: ./images/ModificareElemento.pdf Graphic file (type pdf)

<use ./images/ModificareElemento.pdf>
Package pdftex.def Info: ./images/ModificareElemento.pdf used on input line 70.

(pdftex.def)             Requested size: 264.9853pt x 212.38972pt.

<./images/ModificareFrame.pdf, id=2079, 1358.07375pt x 585.18625pt>
File: ./images/ModificareFrame.pdf Graphic file (type pdf)

<use ./images/ModificareFrame.pdf>
Package pdftex.def Info: ./images/ModificareFrame.pdf used on input line 79.
(pdftex.def)             Requested size: 516.0734pt x 222.37308pt.

Overfull \hbox (32.37653pt too wide) in paragraph at lines 79--81
 [][] 
 []

File: ../../logo.jpg Graphic file (type jpg)
<use ../../logo.jpg>
Package pdftex.def Info: ../../logo.jpg used on input line 84.
(pdftex.def)             Requested size: 56.90282pt x 56.90282pt.
 [59 <./images/InserireElemento.pdf> <./images/ModificareElemento.pdf>] <./imag
es/ModificareSVG.pdf, id=2168, 974.64125pt x 645.41125pt>
File: ./images/ModificareSVG.pdf Graphic file (type pdf)

<use ./images/ModificareSVG.pdf>
Package pdftex.def Info: ./images/ModificareSVG.pdf used on input line 88.
(pdftex.def)             Requested size: 389.8496pt x 258.15993pt.

<./images/ModificareTesto.pdf, id=2169, 1422.31375pt x 467.7475pt>
File: ./images/ModificareTesto.pdf Graphic file (type pdf)

<use ./images/ModificareTesto.pdf>
Package pdftex.def Info: ./images/ModificareTesto.pdf used on input line 97.
(pdftex.def)             Requested size: 497.81728pt x 163.71407pt.

Overfull \hbox (14.1204pt too wide) in paragraph at lines 97--99
 [][] 
 []

File: ../../logo.jpg Graphic file (type jpg)
<use ../../logo.jpg>
Package pdftex.def Info: ../../logo.jpg used on input line 100.
(pdftex.def)             Requested size: 56.90282pt x 56.90282pt.
 [60 <./images/ModificareFrame.pdf> <./images/ModificareSVG.pdf>])
File: ../../logo.jpg Graphic file (type jpg)
 <use ../../logo.jpg>
Package pdftex.def Info: ../../logo.jpg used on input line 64.
(pdftex.def)             Requested size: 56.90282pt x 56.90282pt.
 [61 <./images/ModificareTesto.pdf>]
(parti/stime.tex)
File: ../../logo.jpg Graphic file (type jpg)
 <use ../../logo.jpg>
Package pdftex.def Info: ../../logo.jpg used on input line 66.
(pdftex.def)             Requested size: 56.90282pt x 56.90282pt.
 [62] (parti/tracciamento.tex
(parti/traccCompReq.tex
File: ../../logo.jpg Graphic file (type jpg)
 <use ../../logo.jpg>
Package pdftex.def Info: ../../logo.jpg used on input line 127.
(pdftex.def)             Requested size: 56.90282pt x 56.90282pt.
 [63]
File: ../../logo.jpg Graphic file (type jpg)
 <use ../../logo.jpg>
Package pdftex.def Info: ../../logo.jpg used on input line 162.
(pdftex.def)             Requested size: 56.90282pt x 56.90282pt.
 [64]
File: ../../logo.jpg Graphic file (type jpg)

<use ../../logo.jpg>
Package pdftex.def Info: ../../logo.jpg used on input line 162.
(pdftex.def)             Requested size: 56.90282pt x 56.90282pt.
 [65])
File: ../../logo.jpg Graphic file (type jpg)
 <use ../../logo.jpg>
Package pdftex.def Info: ../../logo.jpg used on input line 4.
(pdftex.def)             Requested size: 56.90282pt x 56.90282pt.
 [66] (parti/traccReqComp.tex
Underfull \hbox (badness 10000) in paragraph at lines 8--9
[]|\T1/cmr/m/n/12 View::Pages::-IndexPage, Model::ServerRelations::AccessContro
l::-
 []


Underfull \hbox (badness 10000) in paragraph at lines 10--11
[]|\T1/cmr/m/n/12 View::Pages::-IndexPage, Model::ServerRelations::AccessContro
l::-
 []


Underfull \hbox (badness 10000) in paragraph at lines 12--13
[]|\T1/cmr/m/n/12 View::Pages::-IndexPage, Model::ServerRelations::AccessContro
l::-
 []


Underfull \hbox (badness 10000) in paragraph at lines 14--15
[]|\T1/cmr/m/n/12 View::Pages::-IndexPage, Model::ServerRelations::AccessContro
l::-
 []


Underfull \hbox (badness 10000) in paragraph at lines 16--17
[]|\T1/cmr/m/n/12 View::Pages::-IndexPage, Model::ServerRelations::AccessContro
l::-
 []


Underfull \hbox (badness 10000) in paragraph at lines 18--19
[]|\T1/cmr/m/n/12 View::Pages::-IndexPage, Model::ServerRelations::AccessContro
l::-
 []


Underfull \hbox (badness 10000) in paragraph at lines 22--23
[]|\T1/cmr/m/n/12 View::Pages::-Home, View::Pages::-EditDesktop,
 []


Overfull \hbox (36.96312pt too wide) in paragraph at lines 24--25
[]|\T1/cmr/m/n/12 View::Pages::-EditDesktop, Model::SlideShow::SlideShowActions
::InsertEditRemove::-
 []


Underfull \hbox (badness 10000) in paragraph at lines 24--25
\T1/cmr/m/n/12 Inserter, Model::SlideShow::SlideShowActions::Command::-
 []


Overfull \hbox (36.96312pt too wide) in paragraph at lines 26--27
[]|\T1/cmr/m/n/12 View::Pages::-EditDesktop, Model::SlideShow::SlideShowActions
::InsertEditRemove::-
 []


Underfull \hbox (badness 10000) in paragraph at lines 26--27
\T1/cmr/m/n/12 Inserter, Model::SlideShow::SlideShowActions::Command::-
 []


Overfull \hbox (36.96312pt too wide) in paragraph at lines 32--33
[]|\T1/cmr/m/n/12 View::Pages::-EditDesktop, Model::SlideShow::SlideShowActions
::InsertEditRemove::-
 []


Underfull \hbox (badness 10000) in paragraph at lines 32--33
\T1/cmr/m/n/12 Inserter, Model::SlideShow::SlideShowActions::Command::-
 []


Overfull \hbox (13.94246pt too wide) in paragraph at lines 34--35
\T1/cmr/m/n/12 ConcreteEditColorCommand, Model::SlideShow::SlideShowActions::Co
mmand::-
 []


Underfull \hbox (badness 10000) in paragraph at lines 34--35
\T1/cmr/m/n/12 ConcreteEditFontCommand, Presenter::-EditPresenter,
 []


Overfull \hbox (36.96312pt too wide) in paragraph at lines 36--37
[]|\T1/cmr/m/n/12 View::Pages::-EditDesktop, Model::SlideShow::SlideShowActions
::InsertEditRemove::-
 []


Underfull \hbox (badness 10000) in paragraph at lines 36--37
\T1/cmr/m/n/12 Inserter, Model::SlideShow::SlideShowActions::Command::-
 []


Underfull \hbox (badness 10000) in paragraph at lines 38--39
\T1/cmr/m/n/12 ConcreteEditSizeCommand, Presenter::-EditPresenter,
 []


Overfull \hbox (36.96312pt too wide) in paragraph at lines 40--41
[]|\T1/cmr/m/n/12 View::Pages::-EditDesktop, Model::SlideShow::SlideShowActions
::InsertEditRemove::-
 []


Underfull \hbox (badness 10000) in paragraph at lines 40--41
\T1/cmr/m/n/12 Inserter, Model::SlideShow::SlideShowActions::Command::-
 []


Overfull \hbox (24.28021pt too wide) in paragraph at lines 40--41
\T1/cmr/m/n/12 ConcreteAudioInsertCommand, Model::SlideShow::SlideShowActions::
Command::-
 []


Underfull \hbox (badness 10000) in paragraph at lines 42--43
\T1/cmr/m/n/12 ConcreteEditSizeCommand, Presenter::-EditPresenter,
 []


Underfull \hbox (badness 10000) in paragraph at lines 44--45
\T1/cmr/m/n/12 ConcreteEditPositionCommand, Presenter::-EditPresenter,
 []


Underfull \hbox (badness 10000) in paragraph at lines 56--57
\T1/cmr/m/n/12 ConcreteEditColorCommand, Presenter::-EditPresenter,
 []


Underfull \hbox (badness 10000) in paragraph at lines 58--59
\T1/cmr/m/n/12 ConcreteEditBackgroundCommand, Presenter::-EditPresenter,
 []


Underfull \hbox (badness 10000) in paragraph at lines 60--61
[]|\T1/cmr/m/n/12 Model::SlideShow::SlideShowActions::Command::-
 []


Overfull \hbox (70.61191pt too wide) in paragraph at lines 60--61
\T1/cmr/m/n/12 ConcreteEditRotationCommand, Model::SlideShow::SlideShowActions:
:InsertEditRemove::-
 []


Overfull \hbox (36.96312pt too wide) in paragraph at lines 62--63
[]|\T1/cmr/m/n/12 View::Pages::-EditDesktop, Model::SlideShow::SlideShowActions
::InsertEditRemove::-
 []


Underfull \hbox (badness 10000) in paragraph at lines 62--63
\T1/cmr/m/n/12 Remover, Model::SlideShow::SlideShowActions::Command::-
 []


Overfull \hbox (36.96312pt too wide) in paragraph at lines 64--65
[]|\T1/cmr/m/n/12 View::Pages::-EditDesktop, Model::SlideShow::SlideShowActions
::InsertEditRemove::-
 []


Underfull \hbox (badness 10000) in paragraph at lines 64--65
\T1/cmr/m/n/12 Inserter, Model::SlideShow::SlideShowActions::Command::-
 []


Underfull \hbox (badness 10000) in paragraph at lines 66--67
\T1/cmr/m/n/12 ConcreteEditColorCommand, Presenter::-EditPresenter,
 []

File: ../../logo.jpg Graphic file (type jpg)
<use ../../logo.jpg>
Package pdftex.def Info: ../../logo.jpg used on input line 87.
(pdftex.def)             Requested size: 56.90282pt x 56.90282pt.
 [67]
Overfull \hbox (36.96312pt too wide) in paragraph at lines 88--89
[]|\T1/cmr/m/n/12 View::Pages::-EditDesktop, Model::SlideShow::SlideShowActions
::InsertEditRemove::-
 []


Underfull \hbox (badness 10000) in paragraph at lines 88--89
\T1/cmr/m/n/12 Inserter, Model::SlideShow::SlideShowActions::Command::-
 []


Underfull \hbox (badness 10000) in paragraph at lines 94--95
\T1/cmr/m/n/12 ConcreteEditColorCommand, Presenter::-EditPresenter,
 []


Underfull \hbox (badness 10000) in paragraph at lines 96--97
[]|\T1/cmr/m/n/12 Model::SlideShow::SlideShowActions::InsertEditRemove::-
 []


Underfull \hbox (badness 10000) in paragraph at lines 96--97
\T1/cmr/m/n/12 Remover, Model::SlideShow::SlideShowActions::Command::-
 []


Overfull \hbox (27.32117pt too wide) in paragraph at lines 96--97
\T1/cmr/m/n/12 ConcreteTextRemoveCommand, Model::SlideShow::SlideShowActions::C
ommand::-
 []


Overfull \hbox (34.82211pt too wide) in paragraph at lines 96--97
\T1/cmr/m/n/12 ConcreteImageRemoveCommand, Model::SlideShow::SlideShowActions::
Command::-
 []


Overfull \hbox (28.05016pt too wide) in paragraph at lines 96--97
\T1/cmr/m/n/12 ConcreteSVGRemoveCommand, Model::SlideShow::SlideShowActions::Co
mmand::-
 []


Overfull \hbox (34.8221pt too wide) in paragraph at lines 96--97
\T1/cmr/m/n/12 ConcreteAudioRemoveCommand, Model::SlideShow::SlideShowActions::
Command::-
 []


Underfull \hbox (badness 10000) in paragraph at lines 98--99
[]|\T1/cmr/m/n/12 Model::SlideShow::SlideShowActions::Command::-
 []


Overfull \hbox (70.61191pt too wide) in paragraph at lines 98--99
\T1/cmr/m/n/12 ConcreteEditRotationCommand, Model::SlideShow::SlideShowActions:
:InsertEditRemove::-
 []


Underfull \hbox (badness 10000) in paragraph at lines 112--113
[]|\T1/cmr/m/n/12 View::Pages::-Profile, Presenter::-ProfilePresenter,
 []


Underfull \hbox (badness 10000) in paragraph at lines 114--115
[]|\T1/cmr/m/n/12 View::Pages::-Profile, Presenter::-ProfilePresenter,
 []


Underfull \hbox (badness 10000) in paragraph at lines 116--117
[]|\T1/cmr/m/n/12 View::Pages::-Profile, Presenter::-ProfilePresenter,
 []

File: ../../logo.jpg Graphic file (type jpg)
<use ../../logo.jpg>
Package pdftex.def Info: ../../logo.jpg used on input line 127.
(pdftex.def)             Requested size: 56.90282pt x 56.90282pt.
 [68]
Underfull \hbox (badness 10000) in paragraph at lines 136--137
[]|\T1/cmr/m/n/12 View::Pages::-Home, Presenter::-HomePresenter,
 []


Underfull \hbox (badness 4492) in paragraph at lines 140--141
[]|\T1/cmr/m/n/12 Presenter::-EditPresenter, Model::SlideShow::SlideShowActions
::Command::-
 []


Underfull \hbox (badness 4492) in paragraph at lines 142--143
[]|\T1/cmr/m/n/12 Presenter::-EditPresenter, Model::SlideShow::SlideShowActions
::Command::-
 []


Underfull \hbox (badness 10000) in paragraph at lines 144--145
[]|\T1/cmr/m/n/12 View::Pages::-Manifest, View::Pages::-Execution,
 []


Underfull \hbox (badness 10000) in paragraph at lines 160--160
[]|\T1/cmr/m/n/12 RF
 []


Underfull \hbox (badness 10000) in paragraph at lines 162--162
[]|\T1/cmr/m/n/12 RF
 []


Underfull \hbox (badness 10000) in paragraph at lines 164--164
[]|\T1/cmr/m/n/12 RF
 []


Underfull \hbox (badness 10000) in paragraph at lines 166--166
[]|\T1/cmr/m/n/12 RF
 []

File: ../../logo.jpg Graphic file (type jpg)
<use ../../logo.jpg>
Package pdftex.def Info: ../../logo.jpg used on input line 167.
(pdftex.def)             Requested size: 56.90282pt x 56.90282pt.
 [69]
Underfull \hbox (badness 10000) in paragraph at lines 178--178
[]|\T1/cmr/m/n/12 RF
 []


Underfull \hbox (badness 10000) in paragraph at lines 180--180
[]|\T1/cmr/m/n/12 RF
 []


Underfull \hbox (badness 10000) in paragraph at lines 182--182
[]|\T1/cmr/m/n/12 RF
 []


Underfull \hbox (badness 10000) in paragraph at lines 184--184
[]|\T1/cmr/m/n/12 RF
 []


Underfull \hbox (badness 10000) in paragraph at lines 190--191
[]|\T1/cmr/m/n/12 View::Pages::-Home, Model::ServerRelations::AccessControl::-
 []


Underfull \hbox (badness 10000) in paragraph at lines 190--191
\T1/cmr/m/n/12 Autenticazione, Presenter::-EditPresenter, Presenter::-HomePrese
nter,
 []

File: ../../logo.jpg Graphic file (type jpg)
<use ../../logo.jpg>
Package pdftex.def Info: ../../logo.jpg used on input line 207.
(pdftex.def)             Requested size: 56.90282pt x 56.90282pt.
 [70]
Underfull \hbox (badness 10000) in paragraph at lines 216--216
[]|\T1/cmr/m/n/12 RF
 []


Underfull \hbox (badness 10000) in paragraph at lines 218--218
[]|\T1/cmr/m/n/12 RF
 []


Underfull \hbox (badness 10000) in paragraph at lines 220--220
[]|\T1/cmr/m/n/12 RF
 []


Underfull \hbox (badness 10000) in paragraph at lines 222--222
[]|\T1/cmr/m/n/12 RF
 []


Underfull \hbox (badness 10000) in paragraph at lines 224--224
[]|\T1/cmr/m/n/12 RF
 []


Underfull \hbox (badness 10000) in paragraph at lines 226--226
[]|\T1/cmr/m/n/12 RF
 []


Overfull \hbox (3.13533pt too wide) in paragraph at lines 226--226
\T1/cmr/m/n/12 70.10.1.4.10| 
 []


Underfull \hbox (badness 10000) in paragraph at lines 228--228
[]|\T1/cmr/m/n/12 RF
 []


Overfull \hbox (3.13533pt too wide) in paragraph at lines 228--228
\T1/cmr/m/n/12 70.10.1.4.13| 
 []


Underfull \hbox (badness 10000) in paragraph at lines 230--230
[]|\T1/cmr/m/n/12 RF
 []


Underfull \hbox (badness 10000) in paragraph at lines 236--236
[]|\T1/cmr/m/n/12 RF
 []


Underfull \hbox (badness 10000) in paragraph at lines 238--238
[]|\T1/cmr/m/n/12 RF
 []


Underfull \hbox (badness 10000) in paragraph at lines 240--240
[]|\T1/cmr/m/n/12 RF
 []


Underfull \hbox (badness 10000) in paragraph at lines 242--242
[]|\T1/cmr/m/n/12 RF
 []

File: ../../logo.jpg Graphic file (type jpg)
<use ../../logo.jpg>
Package pdftex.def Info: ../../logo.jpg used on input line 250.
(pdftex.def)             Requested size: 56.90282pt x 56.90282pt.
 [71])) 
AED: lastpage setting LastPage
File: ../../logo.jpg Graphic file (type jpg)
<use ../../logo.jpg>
Package pdftex.def Info: ../../logo.jpg used on input line 68.
(pdftex.def)             Requested size: 56.90282pt x 56.90282pt.
 [72]
Package atveryend Info: Empty hook `BeforeClearDocument' on input line 68.
Package atveryend Info: Empty hook `AfterLastShipout' on input line 68.
 (SpecificaTecnica_v.1.0.0.aux)
Package atveryend Info: Executing hook `AtVeryEndDocument' on input line 68.
Package atveryend Info: Empty hook `AtEndAfterFileList' on input line 68.
 )
(\end occurred inside a group at level 2)

### simple group (level 2) entered at line 1 ({)
### simple group (level 1) entered at line 1 ({)
### bottom level 
Here is how much of TeX's memory you used:
 13901 strings out of 493698
 202114 string characters out of 3144409
 377832 words of memory out of 3000000
 16713 multiletter control sequences out of 15000+200000
 15751 words of font info for 38 fonts, out of 3000000 for 9000
 1025 hyphenation exceptions out of 8191
 51i,16n,60p,885b,728s stack positions out of 5000i,500n,10000p,200000b,50000s
{C:/Program Files/MiKTeX 2.9/fonts/enc/dvips/cm-super/cm-super-
t1.enc}<C:/Program Files/MiKTeX 2.9/fonts/type1/public/amsfonts/cm/cmsy10.pfb><
C:/Program Files/MiKTeX 2.9/fonts/type1/public/cm-super/sfbx1200.pfb><C:/Progra
m Files/MiKTeX 2.9/fonts/type1/public/cm-super/sfbx1440.pfb><C:/Program Files/M
iKTeX 2.9/fonts/type1/public/cm-super/sfbx1728.pfb><C:/Program Files/MiKTeX 2.9
/fonts/type1/public/cm-super/sfbx2488.pfb><C:/Program Files/MiKTeX 2.9/fonts/ty
pe1/public/cm-super/sfrm0600.pfb><C:/Program Files/MiKTeX 2.9/fonts/type1/publi
c/cm-super/sfrm0800.pfb><C:/Program Files/MiKTeX 2.9/fonts/type1/public/cm-supe
r/sfrm1200.pfb><C:/Program Files/MiKTeX 2.9/fonts/type1/public/cm-super/sfti120
0.pfb><C:/Program Files/MiKTeX 2.9/fonts/type1/public/cm-super/sftt1200.pfb>
Output written on SpecificaTecnica_v.1.0.0.pdf (73 pages, 2749673 bytes).
PDF statistics:
 2836 PDF objects out of 2984 (max. 8388607)
 199 named destinations out of 1000 (max. 500000)
 1100 words of extra memory for PDF output out of 10000 (max. 10000000)

